[  0%] Copying manpage zstdgrep.1
[  0%] Copying manpage zstdless.1
[  0%] Copying manpage zstd.1
[  0%] Built target zstdgrep.1
[  0%] Built target zstdless.1
[  0%] Built target zstd.1
[  0%] Creating unzstd.1 symlink
[  1%] Creating zstdcat.1 symlink
[  1%] Built target unzstd.1
[  1%] Built target zstdcat.1
[  1%] Building C object _deps/zstd-build/lib/CMakeFiles/libzstd_shared.dir/__/__/__/lib/common/debug.c.o
[  2%] Building C object _deps/zstd-build/lib/CMakeFiles/libzstd_shared.dir/__/__/__/lib/common/entropy_common.c.o
[  2%] Building C object _deps/zstd-build/lib/CMakeFiles/libzstd_shared.dir/__/__/__/lib/common/error_private.c.o
[  2%] Building C object _deps/zstd-build/lib/CMakeFiles/libzstd_shared.dir/__/__/__/lib/common/fse_decompress.c.o
[  3%] Building C object _deps/zstd-build/lib/CMakeFiles/libzstd_shared.dir/__/__/__/lib/common/pool.c.o
[  3%] Building C object _deps/zstd-build/lib/CMakeFiles/libzstd_shared.dir/__/__/__/lib/common/threading.c.o
[  3%] Building C object _deps/zstd-build/lib/CMakeFiles/libzstd_shared.dir/__/__/__/lib/common/xxhash.c.o
[  4%] Building C object _deps/zstd-build/lib/CMakeFiles/libzstd_shared.dir/__/__/__/lib/common/zstd_common.c.o
[  4%] Building C object _deps/zstd-build/lib/CMakeFiles/libzstd_shared.dir/__/__/__/lib/compress/fse_compress.c.o
[  4%] Building C object _deps/zstd-build/lib/CMakeFiles/libzstd_shared.dir/__/__/__/lib/compress/hist.c.o
[  4%] Building C object _deps/zstd-build/lib/CMakeFiles/libzstd_shared.dir/__/__/__/lib/compress/huf_compress.c.o
[  5%] Building C object _deps/zstd-build/lib/CMakeFiles/libzstd_shared.dir/__/__/__/lib/compress/zstd_compress.c.o
[  6%] Building C object _deps/zstd-build/lib/CMakeFiles/libzstd_shared.dir/__/__/__/lib/compress/zstd_compress_literals.c.o
[  6%] Building C object _deps/zstd-build/lib/CMakeFiles/libzstd_shared.dir/__/__/__/lib/compress/zstd_compress_sequences.c.o
[ 16%] Built target libzstd_static
[ 17%] Building C object _deps/zstd-build/lib/CMakeFiles/libzstd_shared.dir/__/__/__/lib/compress/zstd_compress_superblock.c.o
[ 17%] Building C object _deps/zstd-build/lib/CMakeFiles/libzstd_shared.dir/__/__/__/lib/compress/zstd_double_fast.c.o
[ 17%] Building C object _deps/zstd-build/lib/CMakeFiles/libzstd_shared.dir/__/__/__/lib/compress/zstd_fast.c.o
[ 18%] Building C object _deps/zstd-build/lib/CMakeFiles/libzstd_shared.dir/__/__/__/lib/compress/zstd_lazy.c.o
[ 18%] Building C object _deps/zstd-build/lib/CMakeFiles/libzstd_shared.dir/__/__/__/lib/compress/zstd_ldm.c.o
[ 18%] Building C object _deps/zstd-build/lib/CMakeFiles/libzstd_shared.dir/__/__/__/lib/compress/zstd_opt.c.o
[ 19%] Building C object _deps/zstd-build/lib/CMakeFiles/libzstd_shared.dir/__/__/__/lib/compress/zstdmt_compress.c.o
[ 19%] Building C object _deps/zstd-build/lib/CMakeFiles/libzstd_shared.dir/__/__/__/lib/decompress/huf_decompress.c.o
[ 19%] Building C object _deps/zstd-build/lib/CMakeFiles/libzstd_shared.dir/__/__/__/lib/decompress/huf_decompress_amd64.S.o
[ 19%] Building C object _deps/zstd-build/lib/CMakeFiles/libzstd_shared.dir/__/__/__/lib/decompress/zstd_ddict.c.o
[ 20%] Building C object _deps/zstd-build/lib/CMakeFiles/libzstd_shared.dir/__/__/__/lib/decompress/zstd_decompress.c.o
[ 20%] Building C object _deps/zstd-build/lib/CMakeFiles/libzstd_shared.dir/__/__/__/lib/decompress/zstd_decompress_block.c.o
[ 20%] Building CUDA object CMakeFiles/cuda_zstd_static.dir/src/cuda_zstd_manager.cu.o
[ 20%] Building C object _deps/zstd-build/lib/CMakeFiles/libzstd_shared.dir/__/__/__/lib/dictBuilder/cover.c.o
[ 21%] Building C object _deps/zstd-build/lib/CMakeFiles/libzstd_shared.dir/__/__/__/lib/dictBuilder/divsufsort.c.o
[ 21%] Building C object _deps/zstd-build/lib/CMakeFiles/libzstd_shared.dir/__/__/__/lib/dictBuilder/fastcover.c.o
[ 21%] Building C object _deps/zstd-build/lib/CMakeFiles/libzstd_shared.dir/__/__/__/lib/dictBuilder/zdict.c.o
[ 22%] Building C object _deps/zstd-build/lib/CMakeFiles/libzstd_shared.dir/__/__/__/lib/legacy/zstd_v01.c.o
[ 22%] Building C object _deps/zstd-build/lib/CMakeFiles/libzstd_shared.dir/__/__/__/lib/legacy/zstd_v02.c.o
[ 22%] Building C object _deps/zstd-build/lib/CMakeFiles/libzstd_shared.dir/__/__/__/lib/legacy/zstd_v03.c.o
[ 22%] Building C object _deps/zstd-build/lib/CMakeFiles/libzstd_shared.dir/__/__/__/lib/legacy/zstd_v04.c.o
[ 23%] Building C object _deps/zstd-build/lib/CMakeFiles/libzstd_shared.dir/__/__/__/lib/legacy/zstd_v05.c.o
[ 23%] Building C object _deps/zstd-build/lib/CMakeFiles/libzstd_shared.dir/__/__/__/lib/legacy/zstd_v06.c.o
[ 23%] Building C object _deps/zstd-build/lib/CMakeFiles/libzstd_shared.dir/__/__/__/lib/legacy/zstd_v07.c.o
[ 24%] Building CXX object CMakeFiles/cuda_zstd_shared.dir/src/cuda_zstd_c_api.cpp.o
[ 25%] Building C object _deps/zstd-build/programs/CMakeFiles/zstd.dir/__/__/__/programs/zstdcli.c.o
[ 25%] Building C object _deps/zstd-build/programs/CMakeFiles/zstd-frugal.dir/__/__/__/programs/zstdcli.c.o
[ 25%] Building C object _deps/zstd-build/programs/CMakeFiles/zstd.dir/__/__/__/programs/util.c.o
[ 25%] Building C object _deps/zstd-build/programs/CMakeFiles/zstd-frugal.dir/__/__/__/programs/util.c.o
[ 26%] Building C object _deps/zstd-build/programs/CMakeFiles/zstd-frugal.dir/__/__/__/programs/timefn.c.o
[ 26%] Building CXX object CMakeFiles/cuda_zstd_shared.dir/src/cuda_zstd_types.cpp.o
[ 27%] Linking C shared library libzstd.so
[ 27%] Building C object _deps/zstd-build/programs/CMakeFiles/zstd-frugal.dir/__/__/__/programs/fileio.c.o
[ 27%] Building C object _deps/zstd-build/programs/CMakeFiles/zstd.dir/__/__/__/programs/timefn.c.o
[ 28%] Building C object _deps/zstd-build/programs/CMakeFiles/zstd.dir/__/__/__/programs/fileio.c.o
[ 28%] Building C object _deps/zstd-build/programs/CMakeFiles/zstd-frugal.dir/__/__/__/programs/fileio_asyncio.c.o
[ 28%] Building CUDA object CMakeFiles/cuda_zstd_shared.dir/src/cuda_zstd_manager.cu.o
[ 29%] Building CUDA object CMakeFiles/cuda_zstd_shared.dir/src/cuda_zstd_lz77.cu.o
[ 29%] Building C object _deps/zstd-build/programs/CMakeFiles/zstd.dir/__/__/__/programs/fileio_asyncio.c.o
[ 29%] Built target libzstd_shared
[ 29%] Building CUDA object CMakeFiles/cuda_zstd_shared.dir/src/cuda_zstd_fse.cu.o
[ 29%] Building CUDA object CMakeFiles/cuda_zstd_shared.dir/src/cuda_zstd_huffman.cu.o
[ 30%] Linking C executable zstd-frugal
[ 30%] Building C object _deps/zstd-build/programs/CMakeFiles/zstd.dir/__/__/__/programs/benchfn.c.o
[ 30%] Built target zstd-frugal
[ 31%] Building C object _deps/zstd-build/programs/CMakeFiles/zstd.dir/__/__/__/programs/benchzstd.c.o
[ 31%] Building C object _deps/zstd-build/programs/CMakeFiles/zstd.dir/__/__/__/programs/datagen.c.o
[ 31%] Building C object _deps/zstd-build/programs/CMakeFiles/zstd.dir/__/__/__/programs/dibio.c.o
[ 32%] Building C object _deps/zstd-build/programs/CMakeFiles/zstd.dir/__/__/__/programs/zstdcli_trace.c.o
[ 32%] Building CUDA object CMakeFiles/cuda_zstd_shared.dir/src/cuda_zstd_dictionary.cu.o
[ 33%] Building CUDA object CMakeFiles/cuda_zstd_shared.dir/src/cuda_zstd_sequence.cu.o
[ 33%] Linking C executable zstd
[ 33%] Built target zstd
[ 33%] Building CUDA object CMakeFiles/cuda_zstd_shared.dir/src/cuda_zstd_hash.cu.o
[ 33%] Building CUDA object CMakeFiles/cuda_zstd_shared.dir/src/cuda_zstd_xxhash.cu.o
[ 34%] Building CXX object CMakeFiles/cuda_zstd_shared.dir/src/cuda_zstd_nvcomp.cpp.o
[ 34%] Building CUDA object CMakeFiles/cuda_zstd_shared.dir/src/cuda_zstd_utils.cu.o
[ 34%] Building CXX object CMakeFiles/cuda_zstd_shared.dir/src/cuda_zstd_utils.cpp.o
[ 35%] Building CUDA object CMakeFiles/cuda_zstd_shared.dir/src/cuda_zstd_memory_pool_complex.cu.o
[ 35%] Building CXX object CMakeFiles/cuda_zstd_shared.dir/src/cuda_zstd_stacktrace.cpp.o
[ 35%] Building CUDA object CMakeFiles/cuda_zstd_shared.dir/src/cuda_zstd_debug.cu.o
[ 36%] Building CUDA object CMakeFiles/cuda_zstd_shared.dir/src/cuda_zstd_adaptive.cu.o
[ 36%] Building CXX object CMakeFiles/cuda_zstd_shared.dir/src/cuda_zstd_stream_pool.cpp.o
[ 36%] Building CUDA object CMakeFiles/cuda_zstd_shared.dir/src/workspace_manager.cu.o
[ 36%] Building CXX object CMakeFiles/cuda_zstd_shared.dir/src/error_context.cpp.o
[ 37%] Building CUDA object CMakeFiles/cuda_zstd_shared.dir/src/lz77_parallel.cu.o
[ 37%] Creating zstdcat symlink
[ 37%] Built target zstdcat
[ 37%] Creating unzstd symlink
[ 37%] Built target unzstd
[ 38%] Creating zstdmt symlink
[ 38%] Built target zstdmt
/mnt/d/Research Experiments/TDPE_and_GPU_loading/NVComp with ZSTD/src/cuda_zstd_manager.cu(804): error: class "cuda_zstd::CompressionConfig" has no member "chunk_size"
      size_t chunk_size = config.chunk_size;
                                 ^

/mnt/d/Research Experiments/TDPE_and_GPU_loading/NVComp with ZSTD/src/cuda_zstd_manager.cu(813): error: "total" has already been declared in the current scope
      size_t total = 0;
             ^

2 errors detected in the compilation of "/mnt/d/Research Experiments/TDPE_and_GPU_loading/NVComp with ZSTD/src/cuda_zstd_manager.cu".
make[2]: *** [CMakeFiles/cuda_zstd_static.dir/build.make:105: CMakeFiles/cuda_zstd_static.dir/src/cuda_zstd_manager.cu.o] Error 2
make[1]: *** [CMakeFiles/Makefile2:279: CMakeFiles/cuda_zstd_static.dir/all] Error 2
make[1]: *** Waiting for unfinished jobs....
/mnt/d/Research Experiments/TDPE_and_GPU_loading/NVComp with ZSTD/src/cuda_zstd_manager.cu(804): error: class "cuda_zstd::CompressionConfig" has no member "chunk_size"
      size_t chunk_size = config.chunk_size;
                                 ^

/mnt/d/Research Experiments/TDPE_and_GPU_loading/NVComp with ZSTD/src/cuda_zstd_manager.cu(813): error: "total" has already been declared in the current scope
      size_t total = 0;
             ^

2 errors detected in the compilation of "/mnt/d/Research Experiments/TDPE_and_GPU_loading/NVComp with ZSTD/src/cuda_zstd_manager.cu".
make[2]: *** [CMakeFiles/cuda_zstd_shared.dir/build.make:105: CMakeFiles/cuda_zstd_shared.dir/src/cuda_zstd_manager.cu.o] Error 2
make[2]: *** Waiting for unfinished jobs....
/mnt/d/Research Experiments/TDPE_and_GPU_loading/NVComp with ZSTD/src/cuda_zstd_utils.cu(24): warning #177-D: variable "cuda_zstd::utils::SCAN_THREADS" was declared but never referenced
  constexpr u32 SCAN_THREADS = 256;
                ^

Remark: The warnings can be suppressed with "-diag-suppress <warning-number>"

/mnt/d/Research Experiments/TDPE_and_GPU_loading/NVComp with ZSTD/src/cuda_zstd_utils.cu(24): warning #177-D: variable "cuda_zstd::utils::SCAN_THREADS" was declared but never referenced
  constexpr u32 SCAN_THREADS = 256;
                ^

Remark: The warnings can be suppressed with "-diag-suppress <warning-number>"

/mnt/d/Research Experiments/TDPE_and_GPU_loading/NVComp with ZSTD/src/cuda_zstd_utils.cu(24): warning #177-D: variable "cuda_zstd::utils::SCAN_THREADS" was declared but never referenced
  constexpr u32 SCAN_THREADS = 256;
                ^

Remark: The warnings can be suppressed with "-diag-suppress <warning-number>"

/mnt/d/Research Experiments/TDPE_and_GPU_loading/NVComp with ZSTD/src/cuda_zstd_utils.cu(24): warning #177-D: variable "cuda_zstd::utils::SCAN_THREADS" was declared but never referenced
  constexpr u32 SCAN_THREADS = 256;
                ^

Remark: The warnings can be suppressed with "-diag-suppress <warning-number>"

/mnt/d/Research Experiments/TDPE_and_GPU_loading/NVComp with ZSTD/src/cuda_zstd_utils.cu(24): warning #177-D: variable "cuda_zstd::utils::SCAN_THREADS" was declared but never referenced
  constexpr u32 SCAN_THREADS = 256;
                ^

Remark: The warnings can be suppressed with "-diag-suppress <warning-number>"

make[1]: *** [CMakeFiles/Makefile2:305: CMakeFiles/cuda_zstd_shared.dir/all] Error 2
make: *** [Makefile:146: all] Error 2
