========================================
CUDA ZSTD Correctness Tests
========================================
Using CUDA device: NVIDIA GeForce RTX 5080 Laptop GPU
Compute capability: 12.0
Total memory: 16302 MB

[TEST] Identity Property: decompress(compress(data)) == data
[DEBUG] compress: ENTRY at TOP. Size=4096
[DEBUG] compress: ENTRY. num_blocks=1, size=4096
[BACKTRACK] NumSeqs: 24
[BACKTRACK] Seq[0]: Lit=376 Match=128 Off=256
[BACKTRACK] Seq[1]: Lit=1 Match=128 Off=256
[DEBUG] compress: Block 0, NumSeq=24, NumLit=1024
[DEBUG] compress_literals: NumLit=1024, HeaderLen=2, Bytes: 04 40 00
[DEBUG] encode_sequences_raw: NumSeq=24, HeaderSize=2, Bytes: 18 FF 00
[DEBUG] compress: Block 0 Output Readback: 04 40 00 1F 3E (Ptr: 0x90c139600)
[PERF] Phase 1 (LZ77): 868 ms, Phase 2 (Encode): 4 ms
[DEBUG] compress: Phase 3 Block 0 Source: 04 40 00 1F 3E (Ptr: 0x90c139600)
[DEBUG] compress: Phase 3 Block 0 Dest: 04 40 00 1F 3E
[DEBUG] decompress: Block header parsed. size=1316, compressed=1, last=1, header_size=3
[DEBUG] decompress: calling decompress_block at offset 10
[DEBUG] decompress_literals: input_size=1316, header: 04 40 00 1F 3E
[DEBUG] decompress_literals: type=0
[DEBUG] decompress_block: Calling decompress_sequences, offset=1026, size=290
[DEBUG] decompress_sequences: input_size=290, header bytes: 18 FF 78 01 00
[DEBUG] decompress_sequences: Parsed num_sequences=24, offset=1
[DEBUG] decompress_sequences: fse_modes=0xFF, offset=2
[DEBUG] decompress: decompress_block DONE. decompressed_size=4096
  [INFO] ✓ Identity property holds
  [PASS] Identity Property

[TEST] Various Input Sizes Round-trip
  [INFO] Debugging specific size: 8192
  [INFO] Testing 1 different sizes
[DEBUG] compress: ENTRY at TOP. Size=8192
[DEBUG] compress: ENTRY. num_blocks=1, size=8192
[BACKTRACK] NumSeqs: 59
[BACKTRACK] Seq[0]: Lit=351 Match=128 Off=256
[BACKTRACK] Seq[1]: Lit=203 Match=128 Off=512
[DEBUG] compress: Block 0, NumSeq=59, NumLit=727
[DEBUG] compress_literals: NumLit=727, HeaderLen=2, Bytes: 74 2D 00
[DEBUG] encode_sequences_raw: NumSeq=59, HeaderSize=2, Bytes: 3B FF 00
[DEBUG] compress: Block 0 Output Readback: 74 2D 00 01 02 (Ptr: 0x902f72600)
[PERF] Phase 1 (LZ77): 50 ms, Phase 2 (Encode): 3 ms
[DEBUG] compress: Phase 3 Block 0 Source: 74 2D 00 01 02 (Ptr: 0x902f72600)
[DEBUG] compress: Phase 3 Block 0 Dest: 74 2D 00 01 02
[DEBUG] decompress: Block header parsed. size=1439, compressed=1, last=1, header_size=3
[DEBUG] decompress: calling decompress_block at offset 10
[DEBUG] decompress_literals: input_size=1439, header: 74 2D 00 01 02
[DEBUG] decompress_literals: type=0
[DEBUG] decompress_block: Calling decompress_sequences, offset=729, size=710
[DEBUG] decompress_sequences: input_size=710, header bytes: 3B FF 5F 01 00
[DEBUG] decompress_sequences: Parsed num_sequences=59, offset=1
[DEBUG] decompress_sequences: fse_modes=0xFF, offset=2
[DEBUG] decompress: decompress_block DONE. decompressed_size=8192
  [PASS] Size 8192
  [INFO] Passed: 1/1
  [PASS] Various Sizes Round-trip

[TEST] Random Inputs Round-trip (1000 tests)
[DEBUG] compress: ENTRY at TOP. Size=25641
[DEBUG] compress: ENTRY. num_blocks=1, size=25641
[BACKTRACK] NumSeqs: 4
[BACKTRACK] Seq[0]: Lit=5168 Match=3 Off=2196
[BACKTRACK] Seq[1]: Lit=3214 Match=3 Off=7165
[DEBUG] compress: Block 0, NumSeq=4, NumLit=25632
[DEBUG] compress_literals: NumLit=25632, HeaderLen=3, Bytes: 08 42 06
[DEBUG] encode_sequences_raw: NumSeq=4, HeaderSize=2, Bytes: 04 FF 00
[DEBUG] compress: Block 0 Output Readback: 08 42 06 8C 97 (Ptr: 0x903265680)
[PERF] Phase 1 (LZ77): 175 ms, Phase 2 (Encode): 3 ms
[DEBUG] compress: Phase 3 Block 0 Source: 08 42 06 8C 97 (Ptr: 0x903265680)
[DEBUG] compress: Phase 3 Block 0 Dest: 8C 97 B7 D8 9A
[DEBUG] decompress: Block header parsed. size=25641, compressed=0, last=1, header_size=3
[DEBUG] compress: ENTRY at TOP. Size=25090
[DEBUG] compress: ENTRY. num_blocks=1, size=25090
[BACKTRACK] NumSeqs: 4
[BACKTRACK] Seq[0]: Lit=4438 Match=3 Off=674
[BACKTRACK] Seq[1]: Lit=951 Match=3 Off=3458
[DEBUG] compress: Block 0, NumSeq=4, NumLit=25081
[DEBUG] compress_literals: NumLit=25081, HeaderLen=3, Bytes: 98 1F 06
[DEBUG] encode_sequences_raw: NumSeq=4, HeaderSize=2, Bytes: 04 FF 00
[DEBUG] compress: Block 0 Output Readback: 98 1F 06 6A FF (Ptr: 0x90365dd00)
[PERF] Phase 1 (LZ77): 150 ms, Phase 2 (Encode): 2 ms
[DEBUG] compress: Phase 3 Block 0 Source: 98 1F 06 6A FF (Ptr: 0x90365dd00)
[DEBUG] compress: Phase 3 Block 0 Dest: 6A FF B8 EE 00
[DEBUG] decompress: Block header parsed. size=25090, compressed=0, last=1, header_size=3
[DEBUG] compress: ENTRY at TOP. Size=12490
[DEBUG] compress: ENTRY. num_blocks=1, size=12490
[BACKTRACK] NumSeqs: 1
[BACKTRACK] Seq[0]: Lit=12490 Match=0 Off=0
[DEBUG] compress: Block 0, NumSeq=1, NumLit=12490
[DEBUG] compress_literals: NumLit=12490, HeaderLen=3, Bytes: A8 0C 03
[DEBUG] encode_sequences_raw: NumSeq=1, HeaderSize=2, Bytes: 01 FF 00
[DEBUG] compress: Block 0 Output Readback: A8 0C 03 6F 2F (Ptr: 0x9037ae600)
[PERF] Phase 1 (LZ77): 75 ms, Phase 2 (Encode): 2 ms
[DEBUG] compress: Phase 3 Block 0 Source: A8 0C 03 6F 2F (Ptr: 0x9037ae600)
[DEBUG] compress: Phase 3 Block 0 Dest: 6F 2F 06 EE 8C
[DEBUG] decompress: Block header parsed. size=12490, compressed=0, last=1, header_size=3
[DEBUG] compress: ENTRY at TOP. Size=15355
[DEBUG] compress: ENTRY. num_blocks=1, size=15355
[BACKTRACK] NumSeqs: 3
[BACKTRACK] Seq[0]: Lit=3880 Match=3 Off=1179
[BACKTRACK] Seq[1]: Lit=322 Match=3 Off=3025
[DEBUG] compress: Block 0, NumSeq=3, NumLit=15349
[DEBUG] compress_literals: NumLit=15349, HeaderLen=3, Bytes: 58 BF 03
[DEBUG] encode_sequences_raw: NumSeq=3, HeaderSize=2, Bytes: 03 FF 00
[DEBUG] compress: Block 0 Output Readback: 58 BF 03 8D 12 (Ptr: 0x903bd6180)
[PERF] Phase 1 (LZ77): 93 ms, Phase 2 (Encode): 2 ms
[DEBUG] compress: Phase 3 Block 0 Source: 58 BF 03 8D 12 (Ptr: 0x903bd6180)
[DEBUG] compress: Phase 3 Block 0 Dest: 8D 12 B5 D7 4A
[DEBUG] decompress: Block header parsed. size=15355, compressed=0, last=1, header_size=3
[DEBUG] compress: ENTRY at TOP. Size=31193
[DEBUG] compress: ENTRY. num_blocks=1, size=31193
[BACKTRACK] NumSeqs: 5
[BACKTRACK] Seq[0]: Lit=4002 Match=3 Off=1299
[BACKTRACK] Seq[1]: Lit=6925 Match=3 Off=7414
[DEBUG] compress: Block 0, NumSeq=5, NumLit=31181
[DEBUG] compress_literals: NumLit=31181, HeaderLen=3, Bytes: D8 9C 07
[DEBUG] encode_sequences_raw: NumSeq=5, HeaderSize=2, Bytes: 05 FF 00
[DEBUG] compress: Block 0 Output Readback: D8 9C 07 F7 E6 (Ptr: 0x9040b2880)
[PERF] Phase 1 (LZ77): 196 ms, Phase 2 (Encode): 3 ms
[DEBUG] compress: Phase 3 Block 0 Source: D8 9C 07 F7 E6 (Ptr: 0x9040b2880)
[DEBUG] compress: Phase 3 Block 0 Dest: F7 E6 8C 2C F9
[DEBUG] decompress: Block header parsed. size=31193, compressed=0, last=1, header_size=3
[DEBUG] compress: ENTRY at TOP. Size=61513
[DEBUG] compress: ENTRY. num_blocks=1, size=61513
[BACKTRACK] NumSeqs: 19
[BACKTRACK] Seq[0]: Lit=5994 Match=3 Off=5109
[BACKTRACK] Seq[1]: Lit=6369 Match=3 Off=10729
[DEBUG] compress: Block 0, NumSeq=19, NumLit=61459
[DEBUG] compress_literals: NumLit=61459, HeaderLen=3, Bytes: 38 01 0F
[DEBUG] encode_sequences_raw: NumSeq=19, HeaderSize=2, Bytes: 13 FF 00
[DEBUG] compress: Block 0 Output Readback: 38 01 0F 38 0E (Ptr: 0x904458980)
[PERF] Phase 1 (LZ77): 404 ms, Phase 2 (Encode): 2 ms
[DEBUG] compress: Phase 3 Block 0 Source: 38 01 0F 38 0E (Ptr: 0x904458980)
[DEBUG] compress: Phase 3 Block 0 Dest: 38 0E DE D4 34
[DEBUG] decompress: Block header parsed. size=61513, compressed=0, last=1, header_size=3
[DEBUG] compress: ENTRY at TOP. Size=23425
[DEBUG] compress: ENTRY. num_blocks=1, size=23425
[BACKTRACK] NumSeqs: 4
[BACKTRACK] Seq[0]: Lit=2410 Match=3 Off=990
[BACKTRACK] Seq[1]: Lit=979 Match=3 Off=650
[DEBUG] compress: Block 0, NumSeq=4, NumLit=23416
[DEBUG] compress_literals: NumLit=23416, HeaderLen=3, Bytes: 88 B7 05
[DEBUG] encode_sequences_raw: NumSeq=4, HeaderSize=2, Bytes: 04 FF 00
[DEBUG] compress: Block 0 Output Readback: 88 B7 05 E4 F2 (Ptr: 0x904646a80)
[PERF] Phase 1 (LZ77): 151 ms, Phase 2 (Encode): 3 ms
[DEBUG] compress: Phase 3 Block 0 Source: 88 B7 05 E4 F2 (Ptr: 0x904646a80)
[DEBUG] compress: Phase 3 Block 0 Dest: E4 F2 54 35 D2
[DEBUG] decompress: Block header parsed. size=23425, compressed=0, last=1, header_size=3
[DEBUG] compress: ENTRY at TOP. Size=18049
[DEBUG] compress: ENTRY. num_blocks=1, size=18049
[BACKTRACK] NumSeqs: 4
[BACKTRACK] Seq[0]: Lit=4054 Match=3 Off=1572
[BACKTRACK] Seq[1]: Lit=1050 Match=3 Off=4551
[DEBUG] compress: Block 0, NumSeq=4, NumLit=18040
[DEBUG] compress_literals: NumLit=18040, HeaderLen=3, Bytes: 88 67 04
[DEBUG] encode_sequences_raw: NumSeq=4, HeaderSize=2, Bytes: 04 FF 00
[DEBUG] compress: Block 0 Output Readback: 88 67 04 13 3A (Ptr: 0x9047fbd80)
[PERF] Phase 1 (LZ77): 128 ms, Phase 2 (Encode): 17 ms
[DEBUG] compress: Phase 3 Block 0 Source: 88 67 04 13 3A (Ptr: 0x9047fbd80)
[DEBUG] compress: Phase 3 Block 0 Dest: 13 3A C7 51 70
[DEBUG] decompress: Block header parsed. size=18049, compressed=0, last=1, header_size=3
[DEBUG] compress: ENTRY at TOP. Size=64904
[DEBUG] compress: ENTRY. num_blocks=1, size=64904
[BACKTRACK] NumSeqs: 17
[BACKTRACK] Seq[0]: Lit=774 Match=3 Off=770
[BACKTRACK] Seq[1]: Lit=13592 Match=3 Off=7821
[DEBUG] compress: Block 0, NumSeq=17, NumLit=64856
[DEBUG] compress_literals: NumLit=64856, HeaderLen=3, Bytes: 88 D5 0F
[DEBUG] encode_sequences_raw: NumSeq=17, HeaderSize=2, Bytes: 11 FF 00
[DEBUG] compress: Block 0 Output Readback: 88 D5 0F DF 02 (Ptr: 0x904e87c80)
[PERF] Phase 1 (LZ77): 414 ms, Phase 2 (Encode): 3 ms
[DEBUG] compress: Phase 3 Block 0 Source: 88 D5 0F DF 02 (Ptr: 0x904e87c80)
[DEBUG] compress: Phase 3 Block 0 Dest: DF 02 F7 3D DE
[DEBUG] decompress: Block header parsed. size=64904, compressed=0, last=1, header_size=3
[DEBUG] compress: ENTRY at TOP. Size=35955
[DEBUG] compress: ENTRY. num_blocks=1, size=35955
[BACKTRACK] NumSeqs: 8
[BACKTRACK] Seq[0]: Lit=2506 Match=3 Off=745
[BACKTRACK] Seq[1]: Lit=6524 Match=3 Off=3743
[DEBUG] compress: Block 0, NumSeq=8, NumLit=35934
[DEBUG] compress_literals: NumLit=35934, HeaderLen=3, Bytes: E8 C5 08
[DEBUG] encode_sequences_raw: NumSeq=8, HeaderSize=2, Bytes: 08 FF 00
[DEBUG] compress: Block 0 Output Readback: E8 C5 08 02 5D (Ptr: 0x904ef4d80)
[PERF] Phase 1 (LZ77): 236 ms, Phase 2 (Encode): 3 ms
[DEBUG] compress: Phase 3 Block 0 Source: E8 C5 08 02 5D (Ptr: 0x904ef4d80)
[DEBUG] compress: Phase 3 Block 0 Dest: 02 5D 80 7F 7E
[DEBUG] decompress: Block header parsed. size=35955, compressed=0, last=1, header_size=3
[DEBUG] compress: ENTRY at TOP. Size=24815
[DEBUG] compress: ENTRY. num_blocks=1, size=24815
[BACKTRACK] NumSeqs: 3
[BACKTRACK] Seq[0]: Lit=4920 Match=3 Off=4507
[BACKTRACK] Seq[1]: Lit=6640 Match=3 Off=1033
[DEBUG] compress: Block 0, NumSeq=3, NumLit=24809
[DEBUG] compress_literals: NumLit=24809, HeaderLen=3, Bytes: 98 0E 06
[DEBUG] encode_sequences_raw: NumSeq=3, HeaderSize=2, Bytes: 03 FF 00
[DEBUG] compress: Block 0 Output Readback: 98 0E 06 C5 4C (Ptr: 0x905259d00)
[PERF] Phase 1 (LZ77): 145 ms, Phase 2 (Encode): 2 ms
[DEBUG] compress: Phase 3 Block 0 Source: 98 0E 06 C5 4C (Ptr: 0x905259d00)
[DEBUG] compress: Phase 3 Block 0 Dest: C5 4C 05 7E A2
[DEBUG] decompress: Block header parsed. size=24815, compressed=0, last=1, header_size=3
[DEBUG] compress: ENTRY at TOP. Size=12766
[DEBUG] compress: ENTRY. num_blocks=1, size=12766
[BACKTRACK] NumSeqs: 2
[BACKTRACK] Seq[0]: Lit=5491 Match=3 Off=4049
[BACKTRACK] Seq[1]: Lit=7272 Match=0 Off=0
[DEBUG] compress: Block 0, NumSeq=2, NumLit=12763
[DEBUG] compress_literals: NumLit=12763, HeaderLen=3, Bytes: B8 1D 03
[DEBUG] encode_sequences_raw: NumSeq=2, HeaderSize=2, Bytes: 02 FF 00
[DEBUG] compress: Block 0 Output Readback: B8 1D 03 2E 11 (Ptr: 0x9055b2080)
[PERF] Phase 1 (LZ77): 78 ms, Phase 2 (Encode): 2 ms
[DEBUG] compress: Phase 3 Block 0 Source: B8 1D 03 2E 11 (Ptr: 0x9055b2080)
[DEBUG] compress: Phase 3 Block 0 Dest: 2E 11 04 AA 76
[DEBUG] decompress: Block header parsed. size=12766, compressed=0, last=1, header_size=3
[DEBUG] compress: ENTRY at TOP. Size=35603
[DEBUG] compress: ENTRY. num_blocks=1, size=35603
[BACKTRACK] NumSeqs: 8
[BACKTRACK] Seq[0]: Lit=2368 Match=3 Off=642
[BACKTRACK] Seq[1]: Lit=1959 Match=3 Off=2084
[DEBUG] compress: Block 0, NumSeq=8, NumLit=35582
[DEBUG] compress_literals: NumLit=35582, HeaderLen=3, Bytes: E8 AF 08
[DEBUG] encode_sequences_raw: NumSeq=8, HeaderSize=2, Bytes: 08 FF 00
[DEBUG] compress: Block 0 Output Readback: E8 AF 08 27 72 (Ptr: 0x9058eff80)
[PERF] Phase 1 (LZ77): 201 ms, Phase 2 (Encode): 3 ms
[DEBUG] compress: Phase 3 Block 0 Source: E8 AF 08 27 72 (Ptr: 0x9058eff80)
[DEBUG] compress: Phase 3 Block 0 Dest: 27 72 BD DF 43
[DEBUG] decompress: Block header parsed. size=35603, compressed=0, last=1, header_size=3
[DEBUG] compress: ENTRY at TOP. Size=49507
[DEBUG] compress: ENTRY. num_blocks=1, size=49507
[BACKTRACK] NumSeqs: 7
[BACKTRACK] Seq[0]: Lit=10651 Match=3 Off=2043
[BACKTRACK] Seq[1]: Lit=3735 Match=3 Off=12308
[DEBUG] compress: Block 0, NumSeq=7, NumLit=49489
[DEBUG] compress_literals: NumLit=49489, HeaderLen=3, Bytes: 18 15 0C
[DEBUG] encode_sequences_raw: NumSeq=7, HeaderSize=2, Bytes: 07 FF 00
[DEBUG] compress: Block 0 Output Readback: 18 15 0C C7 9B (Ptr: 0x905db1900)
[PERF] Phase 1 (LZ77): 293 ms, Phase 2 (Encode): 3 ms
[DEBUG] compress: Phase 3 Block 0 Source: 18 15 0C C7 9B (Ptr: 0x905db1900)
[DEBUG] compress: Phase 3 Block 0 Dest: C7 9B 3C DC D3
[DEBUG] decompress: Block header parsed. size=49507, compressed=0, last=1, header_size=3
[DEBUG] compress: ENTRY at TOP. Size=11508
[DEBUG] compress: ENTRY. num_blocks=1, size=11508
[BACKTRACK] NumSeqs: 3
[BACKTRACK] Seq[0]: Lit=3148 Match=3 Off=824
[BACKTRACK] Seq[1]: Lit=696 Match=3 Off=2535
[DEBUG] compress: Block 0, NumSeq=3, NumLit=11502
[DEBUG] compress_literals: NumLit=11502, HeaderLen=3, Bytes: E8 CE 02
[DEBUG] encode_sequences_raw: NumSeq=3, HeaderSize=2, Bytes: 03 FF 00
[DEBUG] compress: Block 0 Output Readback: E8 CE 02 83 EC (Ptr: 0x905da0a00)
[PERF] Phase 1 (LZ77): 69 ms, Phase 2 (Encode): 3 ms
[DEBUG] compress: Phase 3 Block 0 Source: E8 CE 02 83 EC (Ptr: 0x905da0a00)
[DEBUG] compress: Phase 3 Block 0 Dest: 83 EC C5 A8 DE
[DEBUG] decompress: Block header parsed. size=11508, compressed=0, last=1, header_size=3
[DEBUG] compress: ENTRY at TOP. Size=37121
[DEBUG] compress: ENTRY. num_blocks=1, size=37121
[BACKTRACK] NumSeqs: 6
[BACKTRACK] Seq[0]: Lit=13004 Match=3 Off=5961
[BACKTRACK] Seq[1]: Lit=173 Match=3 Off=2775
[DEBUG] compress: Block 0, NumSeq=6, NumLit=37106
[DEBUG] compress_literals: NumLit=37106, HeaderLen=3, Bytes: 28 0F 09
[DEBUG] encode_sequences_raw: NumSeq=6, HeaderSize=2, Bytes: 06 FF 00
[DEBUG] compress: Block 0 Output Readback: 28 0F 09 D9 D0 (Ptr: 0x906305400)
[PERF] Phase 1 (LZ77): 223 ms, Phase 2 (Encode): 5 ms
[DEBUG] compress: Phase 3 Block 0 Source: 28 0F 09 D9 D0 (Ptr: 0x906305400)
[DEBUG] compress: Phase 3 Block 0 Dest: D9 D0 2D 97 0D
[DEBUG] decompress: Block header parsed. size=37121, compressed=0, last=1, header_size=3
[DEBUG] compress: ENTRY at TOP. Size=2607
[DEBUG] compress: ENTRY. num_blocks=1, size=2607
[BACKTRACK] NumSeqs: 1
[BACKTRACK] Seq[0]: Lit=2607 Match=0 Off=0
[DEBUG] compress: Block 0, NumSeq=1, NumLit=2607
[DEBUG] compress_literals: NumLit=2607, HeaderLen=2, Bytes: F4 A2 00
[DEBUG] encode_sequences_raw: NumSeq=1, HeaderSize=2, Bytes: 01 FF 00
[DEBUG] compress: Block 0 Output Readback: F4 A2 39 53 85 (Ptr: 0x906324c80)
[PERF] Phase 1 (LZ77): 17 ms, Phase 2 (Encode): 3 ms
[DEBUG] compress: Phase 3 Block 0 Source: F4 A2 39 53 85 (Ptr: 0x906324c80)
[DEBUG] compress: Phase 3 Block 0 Dest: 39 53 85 0E 8C
[DEBUG] decompress: Block header parsed. size=2607, compressed=0, last=1, header_size=3
[DEBUG] compress: ENTRY at TOP. Size=49232
[DEBUG] compress: ENTRY. num_blocks=1, size=49232
[BACKTRACK] NumSeqs: 11
[BACKTRACK] Seq[0]: Lit=11768 Match=3 Off=2596
[BACKTRACK] Seq[1]: Lit=834 Match=3 Off=6233
[DEBUG] compress: Block 0, NumSeq=11, NumLit=49202
[DEBUG] compress_literals: NumLit=49202, HeaderLen=3, Bytes: 28 03 0C
[DEBUG] encode_sequences_raw: NumSeq=11, HeaderSize=2, Bytes: 0B FF 00
[DEBUG] compress: Block 0 Output Readback: 28 03 0C 4B 2E (Ptr: 0x9069ada00)
[PERF] Phase 1 (LZ77): 305 ms, Phase 2 (Encode): 4 ms
[DEBUG] compress: Phase 3 Block 0 Source: 28 03 0C 4B 2E (Ptr: 0x9069ada00)
[DEBUG] compress: Phase 3 Block 0 Dest: 4B 2E 87 D8 31
[DEBUG] decompress: Block header parsed. size=49232, compressed=0, last=1, header_size=3
[DEBUG] compress: ENTRY at TOP. Size=53328
[DEBUG] compress: ENTRY. num_blocks=1, size=53328
[BACKTRACK] NumSeqs: 18
[BACKTRACK] Seq[0]: Lit=7688 Match=3 Off=5564
[BACKTRACK] Seq[1]: Lit=475 Match=3 Off=865
[DEBUG] compress: Block 0, NumSeq=18, NumLit=53277
[DEBUG] compress_literals: NumLit=53277, HeaderLen=3, Bytes: D8 01 0D
[DEBUG] encode_sequences_raw: NumSeq=18, HeaderSize=2, Bytes: 12 FF 00
[DEBUG] compress: Block 0 Output Readback: D8 01 0D A6 13 (Ptr: 0x906be6a00)
[PERF] Phase 1 (LZ77): 338 ms, Phase 2 (Encode): 3 ms
[DEBUG] compress: Phase 3 Block 0 Source: D8 01 0D A6 13 (Ptr: 0x906be6a00)
[DEBUG] compress: Phase 3 Block 0 Dest: A6 13 81 6E E0
[DEBUG] decompress: Block header parsed. size=53328, compressed=0, last=1, header_size=3
[DEBUG] compress: ENTRY at TOP. Size=28993
[DEBUG] compress: ENTRY. num_blocks=1, size=28993
[BACKTRACK] NumSeqs: 5
[BACKTRACK] Seq[0]: Lit=8385 Match=3 Off=5368
[BACKTRACK] Seq[1]: Lit=2583 Match=3 Off=5429
[DEBUG] compress: Block 0, NumSeq=5, NumLit=28981
[DEBUG] compress_literals: NumLit=28981, HeaderLen=3, Bytes: 58 13 07
[DEBUG] encode_sequences_raw: NumSeq=5, HeaderSize=2, Bytes: 05 FF 00
[DEBUG] compress: Block 0 Output Readback: 58 13 07 18 6E (Ptr: 0x906e94200)
[PERF] Phase 1 (LZ77): 172 ms, Phase 2 (Encode): 3 ms
[DEBUG] compress: Phase 3 Block 0 Source: 58 13 07 18 6E (Ptr: 0x906e94200)
[DEBUG] compress: Phase 3 Block 0 Dest: 18 6E C2 69 3F
[DEBUG] decompress: Block header parsed. size=28993, compressed=0, last=1, header_size=3
[DEBUG] compress: ENTRY at TOP. Size=46812
[DEBUG] compress: ENTRY. num_blocks=1, size=46812
[BACKTRACK] NumSeqs: 12
[BACKTRACK] Seq[0]: Lit=11042 Match=3 Off=3143
[BACKTRACK] Seq[1]: Lit=486 Match=3 Off=8258
[DEBUG] compress: Block 0, NumSeq=12, NumLit=46779
[DEBUG] compress_literals: NumLit=46779, HeaderLen=3, Bytes: B8 6B 0B
[DEBUG] encode_sequences_raw: NumSeq=12, HeaderSize=2, Bytes: 0C FF 00
[DEBUG] compress: Block 0 Output Readback: B8 6B 0B 96 E3 (Ptr: 0x90738bd80)
[PERF] Phase 1 (LZ77): 275 ms, Phase 2 (Encode): 3 ms
[DEBUG] compress: Phase 3 Block 0 Source: B8 6B 0B 96 E3 (Ptr: 0x90738bd80)
[DEBUG] compress: Phase 3 Block 0 Dest: 96 E3 E5 F4 E4
[DEBUG] decompress: Block header parsed. size=46812, compressed=0, last=1, header_size=3
[DEBUG] compress: ENTRY at TOP. Size=40313
[DEBUG] compress: ENTRY. num_blocks=1, size=40313
[BACKTRACK] NumSeqs: 14
[BACKTRACK] Seq[0]: Lit=6669 Match=3 Off=1780
[BACKTRACK] Seq[1]: Lit=5671 Match=3 Off=10920
[DEBUG] compress: Block 0, NumSeq=14, NumLit=40274
[DEBUG] compress_literals: NumLit=40274, HeaderLen=3, Bytes: 28 D5 09
[DEBUG] encode_sequences_raw: NumSeq=14, HeaderSize=2, Bytes: 0E FF 00
[DEBUG] compress: Block 0 Output Readback: 28 D5 09 0C CC (Ptr: 0x907531700)
[PERF] Phase 1 (LZ77): 231 ms, Phase 2 (Encode): 2 ms
[DEBUG] compress: Phase 3 Block 0 Source: 28 D5 09 0C CC (Ptr: 0x907531700)
[DEBUG] compress: Phase 3 Block 0 Dest: 0C CC 4A AE B8
[DEBUG] decompress: Block header parsed. size=40313, compressed=0, last=1, header_size=3
[DEBUG] compress: ENTRY at TOP. Size=63904
[DEBUG] compress: ENTRY. num_blocks=1, size=63904
[BACKTRACK] NumSeqs: 22
[BACKTRACK] Seq[0]: Lit=5921 Match=3 Off=585
[BACKTRACK] Seq[1]: Lit=4824 Match=3 Off=24
[DEBUG] compress: Block 0, NumSeq=22, NumLit=63841
[DEBUG] compress_literals: NumLit=63841, HeaderLen=3, Bytes: 18 96 0F
[DEBUG] encode_sequences_raw: NumSeq=22, HeaderSize=2, Bytes: 16 FF 00
[DEBUG] compress: Block 0 Output Readback: 18 96 0F 35 B3 (Ptr: 0x907a79b00)
[PERF] Phase 1 (LZ77): 388 ms, Phase 2 (Encode): 3 ms
[DEBUG] compress: Phase 3 Block 0 Source: 18 96 0F 35 B3 (Ptr: 0x907a79b00)
[DEBUG] compress: Phase 3 Block 0 Dest: 35 B3 7B BB 6B
[DEBUG] decompress: Block header parsed. size=63904, compressed=0, last=1, header_size=3
[DEBUG] compress: ENTRY at TOP. Size=29161
[DEBUG] compress: ENTRY. num_blocks=1, size=29161
[BACKTRACK] NumSeqs: 7
[BACKTRACK] Seq[0]: Lit=638 Match=3 Off=212
[BACKTRACK] Seq[1]: Lit=2242 Match=3 Off=1754
[DEBUG] compress: Block 0, NumSeq=7, NumLit=29143
[DEBUG] compress_literals: NumLit=29143, HeaderLen=3, Bytes: 78 1D 07
[DEBUG] encode_sequences_raw: NumSeq=7, HeaderSize=2, Bytes: 07 FF 00
[DEBUG] compress: Block 0 Output Readback: 78 1D 07 84 AB (Ptr: 0x907a96600)
[PERF] Phase 1 (LZ77): 633 ms, Phase 2 (Encode): 3 ms
[DEBUG] compress: Phase 3 Block 0 Source: 78 1D 07 84 AB (Ptr: 0x907a96600)
[DEBUG] compress: Phase 3 Block 0 Dest: 84 AB F2 2F C3
[DEBUG] decompress: Block header parsed. size=29161, compressed=0, last=1, header_size=3
[DEBUG] compress: ENTRY at TOP. Size=37656
[DEBUG] compress: ENTRY. num_blocks=1, size=37656
[BACKTRACK] NumSeqs: 10
[BACKTRACK] Seq[0]: Lit=10688 Match=3 Off=10177
[BACKTRACK] Seq[1]: Lit=1150 Match=3 Off=3863
[DEBUG] compress: Block 0, NumSeq=10, NumLit=37629
[DEBUG] compress_literals: NumLit=37629, HeaderLen=3, Bytes: D8 2F 09
[DEBUG] encode_sequences_raw: NumSeq=10, HeaderSize=2, Bytes: 0A FF 00
[DEBUG] compress: Block 0 Output Readback: D8 2F 09 F5 4B (Ptr: 0x907f0c780)
[PERF] Phase 1 (LZ77): 225 ms, Phase 2 (Encode): 3 ms
[DEBUG] compress: Phase 3 Block 0 Source: D8 2F 09 F5 4B (Ptr: 0x907f0c780)
[DEBUG] compress: Phase 3 Block 0 Dest: F5 4B B3 0D FF
[DEBUG] decompress: Block header parsed. size=37656, compressed=0, last=1, header_size=3
[DEBUG] compress: ENTRY at TOP. Size=11076
[DEBUG] compress: ENTRY. num_blocks=1, size=11076
[BACKTRACK] NumSeqs: 2
[BACKTRACK] Seq[0]: Lit=2865 Match=3 Off=1918
[BACKTRACK] Seq[1]: Lit=8208 Match=0 Off=0
[DEBUG] compress: Block 0, NumSeq=2, NumLit=11073
[DEBUG] compress_literals: NumLit=11073, HeaderLen=3, Bytes: 18 B4 02
[DEBUG] encode_sequences_raw: NumSeq=2, HeaderSize=2, Bytes: 02 FF 00
[DEBUG] compress: Block 0 Output Readback: 18 B4 02 DE B2 (Ptr: 0x907f9ac00)
[PERF] Phase 1 (LZ77): 71 ms, Phase 2 (Encode): 3 ms
[DEBUG] compress: Phase 3 Block 0 Source: 18 B4 02 DE B2 (Ptr: 0x907f9ac00)
[DEBUG] compress: Phase 3 Block 0 Dest: DE B2 95 6E 47
[DEBUG] decompress: Block header parsed. size=11076, compressed=0, last=1, header_size=3
[DEBUG] compress: ENTRY at TOP. Size=38318
[DEBUG] compress: ENTRY. num_blocks=1, size=38318
[BACKTRACK] NumSeqs: 7
[BACKTRACK] Seq[0]: Lit=12970 Match=3 Off=11564
[BACKTRACK] Seq[1]: Lit=1974 Match=3 Off=10061
[DEBUG] compress: Block 0, NumSeq=7, NumLit=38300
[DEBUG] compress_literals: NumLit=38300, HeaderLen=3, Bytes: C8 59 09
[DEBUG] encode_sequences_raw: NumSeq=7, HeaderSize=2, Bytes: 07 FF 00
[DEBUG] compress: Block 0 Output Readback: C8 59 09 4E B6 (Ptr: 0x908515c00)
[PERF] Phase 1 (LZ77): 249 ms, Phase 2 (Encode): 25 ms
[DEBUG] compress: Phase 3 Block 0 Source: C8 59 09 4E B6 (Ptr: 0x908515c00)
[DEBUG] compress: Phase 3 Block 0 Dest: 4E B6 84 4B C4
[DEBUG] decompress: Block header parsed. size=38318, compressed=0, last=1, header_size=3
[DEBUG] compress: ENTRY at TOP. Size=26076
[DEBUG] compress: ENTRY. num_blocks=1, size=26076
[BACKTRACK] NumSeqs: 4
[BACKTRACK] Seq[0]: Lit=5690 Match=3 Off=1355
[BACKTRACK] Seq[1]: Lit=34 Match=3 Off=1657
[DEBUG] compress: Block 0, NumSeq=4, NumLit=26067
[DEBUG] compress_literals: NumLit=26067, HeaderLen=3, Bytes: 38 5D 06
[DEBUG] encode_sequences_raw: NumSeq=4, HeaderSize=2, Bytes: 04 FF 00
[DEBUG] compress: Block 0 Output Readback: 38 5D 06 6C 7B (Ptr: 0x90886b480)
[PERF] Phase 1 (LZ77): 166 ms, Phase 2 (Encode): 2 ms
[DEBUG] compress: Phase 3 Block 0 Source: 38 5D 06 6C 7B (Ptr: 0x90886b480)
[DEBUG] compress: Phase 3 Block 0 Dest: 6C 7B D0 EA BC
[DEBUG] decompress: Block header parsed. size=26076, compressed=0, last=1, header_size=3
[DEBUG] compress: ENTRY at TOP. Size=64062
[DEBUG] compress: ENTRY. num_blocks=1, size=64062
[BACKTRACK] NumSeqs: 15
[BACKTRACK] Seq[0]: Lit=6118 Match=3 Off=4255
[BACKTRACK] Seq[1]: Lit=3378 Match=3 Off=7780
[DEBUG] compress: Block 0, NumSeq=15, NumLit=64020
[DEBUG] compress_literals: NumLit=64020, HeaderLen=3, Bytes: 48 A1 0F
[DEBUG] encode_sequences_raw: NumSeq=15, HeaderSize=2, Bytes: 0F FF 00
[DEBUG] compress: Block 0 Output Readback: 48 A1 0F BA 2B (Ptr: 0x908c7be00)
[PERF] Phase 1 (LZ77): 400 ms, Phase 2 (Encode): 3 ms
[DEBUG] compress: Phase 3 Block 0 Source: 48 A1 0F BA 2B (Ptr: 0x908c7be00)
[DEBUG] compress: Phase 3 Block 0 Dest: BA 2B 8F 49 1F
[DEBUG] decompress: Block header parsed. size=64062, compressed=0, last=1, header_size=3
[DEBUG] compress: ENTRY at TOP. Size=15024
[DEBUG] compress: ENTRY. num_blocks=1, size=15024
[BACKTRACK] NumSeqs: 2
[BACKTRACK] Seq[0]: Lit=6930 Match=3 Off=412
[BACKTRACK] Seq[1]: Lit=8091 Match=0 Off=0
[DEBUG] compress: Block 0, NumSeq=2, NumLit=15021
[DEBUG] compress_literals: NumLit=15021, HeaderLen=3, Bytes: D8 AA 03
[DEBUG] encode_sequences_raw: NumSeq=2, HeaderSize=2, Bytes: 02 FF 00
[DEBUG] compress: Block 0 Output Readback: D8 AA 03 DD CC (Ptr: 0x908dd1980)
[PERF] Phase 1 (LZ77): 95 ms, Phase 2 (Encode): 2 ms
[DEBUG] compress: Phase 3 Block 0 Source: D8 AA 03 DD CC (Ptr: 0x908dd1980)
[DEBUG] compress: Phase 3 Block 0 Dest: DD CC 48 58 12
[DEBUG] decompress: Block header parsed. size=15024, compressed=0, last=1, header_size=3
[DEBUG] compress: ENTRY at TOP. Size=15242
[DEBUG] compress: ENTRY. num_blocks=1, size=15242
[BACKTRACK] NumSeqs: 1
[BACKTRACK] Seq[0]: Lit=15242 Match=0 Off=0
[DEBUG] compress: Block 0, NumSeq=1, NumLit=15242
[DEBUG] compress_literals: NumLit=15242, HeaderLen=3, Bytes: A8 B8 03
[DEBUG] encode_sequences_raw: NumSeq=1, HeaderSize=2, Bytes: 01 FF 00
[DEBUG] compress: Block 0 Output Readback: A8 B8 03 A4 EA (Ptr: 0x908fd4b00)
[PERF] Phase 1 (LZ77): 168 ms, Phase 2 (Encode): 3 ms
[DEBUG] compress: Phase 3 Block 0 Source: A8 B8 03 A4 EA (Ptr: 0x908fd4b00)
[DEBUG] compress: Phase 3 Block 0 Dest: A4 EA 61 37 A9
[DEBUG] decompress: Block header parsed. size=15242, compressed=0, last=1, header_size=3
[DEBUG] compress: ENTRY at TOP. Size=37903
[DEBUG] compress: ENTRY. num_blocks=1, size=37903
[BACKTRACK] NumSeqs: 6
[BACKTRACK] Seq[0]: Lit=12739 Match=3 Off=10181
[BACKTRACK] Seq[1]: Lit=343 Match=3 Off=8523
[DEBUG] compress: Block 0, NumSeq=6, NumLit=37888
[DEBUG] compress_literals: NumLit=37888, HeaderLen=3, Bytes: 08 40 09
[DEBUG] encode_sequences_raw: NumSeq=6, HeaderSize=2, Bytes: 06 FF 00
[DEBUG] compress: Block 0 Output Readback: 08 40 09 49 07 (Ptr: 0x90950ff80)
[PERF] Phase 1 (LZ77): 255 ms, Phase 2 (Encode): 3 ms
[DEBUG] compress: Phase 3 Block 0 Source: 08 40 09 49 07 (Ptr: 0x90950ff80)
[DEBUG] compress: Phase 3 Block 0 Dest: 49 07 F5 52 C5
[DEBUG] decompress: Block header parsed. size=37903, compressed=0, last=1, header_size=3
[DEBUG] compress: ENTRY at TOP. Size=18679
[DEBUG] compress: ENTRY. num_blocks=1, size=18679
[BACKTRACK] NumSeqs: 2
[BACKTRACK] Seq[0]: Lit=2154 Match=3 Off=978
[BACKTRACK] Seq[1]: Lit=16522 Match=0 Off=0
[DEBUG] compress: Block 0, NumSeq=2, NumLit=18676
[DEBUG] compress_literals: NumLit=18676, HeaderLen=3, Bytes: 48 8F 04
[DEBUG] encode_sequences_raw: NumSeq=2, HeaderSize=2, Bytes: 02 FF 00
[DEBUG] compress: Block 0 Output Readback: 48 8F 04 DB 0F (Ptr: 0x909604600)
[PERF] Phase 1 (LZ77): 126 ms, Phase 2 (Encode): 3 ms
[DEBUG] compress: Phase 3 Block 0 Source: 48 8F 04 DB 0F (Ptr: 0x909604600)
[DEBUG] compress: Phase 3 Block 0 Dest: DB 0F 5F 6B 8E
[DEBUG] decompress: Block header parsed. size=18679, compressed=0, last=1, header_size=3
[DEBUG] compress: ENTRY at TOP. Size=50220
[DEBUG] compress: ENTRY. num_blocks=1, size=50220
[BACKTRACK] NumSeqs: 13
[BACKTRACK] Seq[0]: Lit=11901 Match=3 Off=986
[BACKTRACK] Seq[1]: Lit=4346 Match=3 Off=14164
[DEBUG] compress: Block 0, NumSeq=13, NumLit=50184
[DEBUG] compress_literals: NumLit=50184, HeaderLen=3, Bytes: 88 40 0C
[DEBUG] encode_sequences_raw: NumSeq=13, HeaderSize=2, Bytes: 0D FF 00
[DEBUG] compress: Block 0 Output Readback: 88 40 0C 3F B0 (Ptr: 0x909bbb680)
[PERF] Phase 1 (LZ77): 288 ms, Phase 2 (Encode): 2 ms
[DEBUG] compress: Phase 3 Block 0 Source: 88 40 0C 3F B0 (Ptr: 0x909bbb680)
[DEBUG] compress: Phase 3 Block 0 Dest: 3F B0 73 AB 69
[DEBUG] decompress: Block header parsed. size=50220, compressed=0, last=1, header_size=3
[DEBUG] compress: ENTRY at TOP. Size=9350
[DEBUG] compress: ENTRY. num_blocks=1, size=9350
[BACKTRACK] NumSeqs: 2
[BACKTRACK] Seq[0]: Lit=2151 Match=3 Off=1765
[BACKTRACK] Seq[1]: Lit=7196 Match=0 Off=0
[DEBUG] compress: Block 0, NumSeq=2, NumLit=9347
[DEBUG] compress_literals: NumLit=9347, HeaderLen=3, Bytes: 38 48 02
[DEBUG] encode_sequences_raw: NumSeq=2, HeaderSize=2, Bytes: 02 FF 00
[DEBUG] compress: Block 0 Output Readback: 38 48 02 09 32 (Ptr: 0x909b82b80)
[PERF] Phase 1 (LZ77): 56 ms, Phase 2 (Encode): 3 ms
[DEBUG] compress: Phase 3 Block 0 Source: 38 48 02 09 32 (Ptr: 0x909b82b80)
[DEBUG] compress: Phase 3 Block 0 Dest: 09 32 C7 6C 17
[DEBUG] decompress: Block header parsed. size=9350, compressed=0, last=1, header_size=3
[DEBUG] compress: ENTRY at TOP. Size=40283
[DEBUG] compress: ENTRY. num_blocks=1, size=40283
[BACKTRACK] NumSeqs: 15
[BACKTRACK] Seq[0]: Lit=11824 Match=3 Off=10032
[BACKTRACK] Seq[1]: Lit=1484 Match=3 Off=12307
[DEBUG] compress: Block 0, NumSeq=15, NumLit=40241
[DEBUG] compress_literals: NumLit=40241, HeaderLen=3, Bytes: 18 D3 09
[DEBUG] encode_sequences_raw: NumSeq=15, HeaderSize=2, Bytes: 0F FF 00
[DEBUG] compress: Block 0 Output Readback: 18 D3 09 75 73 (Ptr: 0x90a131000)
[PERF] Phase 1 (LZ77): 231 ms, Phase 2 (Encode): 2 ms
[DEBUG] compress: Phase 3 Block 0 Source: 18 D3 09 75 73 (Ptr: 0x90a131000)
[DEBUG] compress: Phase 3 Block 0 Dest: 75 73 4E AD 3B
[DEBUG] decompress: Block header parsed. size=40283, compressed=0, last=1, header_size=3
[DEBUG] compress: ENTRY at TOP. Size=43451
[DEBUG] compress: ENTRY. num_blocks=1, size=43451
[BACKTRACK] NumSeqs: 12
[BACKTRACK] Seq[0]: Lit=6217 Match=3 Off=5458
[BACKTRACK] Seq[1]: Lit=5535 Match=3 Off=10725
[DEBUG] compress: Block 0, NumSeq=12, NumLit=43418
[DEBUG] compress_literals: NumLit=43418, HeaderLen=3, Bytes: A8 99 0A
[DEBUG] encode_sequences_raw: NumSeq=12, HeaderSize=2, Bytes: 0C FF 00
[DEBUG] compress: Block 0 Output Readback: A8 99 0A BA 16 (Ptr: 0x90a55d180)
[PERF] Phase 1 (LZ77): 259 ms, Phase 2 (Encode): 3 ms
[DEBUG] compress: Phase 3 Block 0 Source: A8 99 0A BA 16 (Ptr: 0x90a55d180)
[DEBUG] compress: Phase 3 Block 0 Dest: BA 16 9A B7 F3
[DEBUG] decompress: Block header parsed. size=43451, compressed=0, last=1, header_size=3
[DEBUG] compress: ENTRY at TOP. Size=18971
[DEBUG] compress: ENTRY. num_blocks=1, size=18971
[BACKTRACK] NumSeqs: 2
[BACKTRACK] Seq[0]: Lit=5497 Match=3 Off=3079
[BACKTRACK] Seq[1]: Lit=13471 Match=0 Off=0
[DEBUG] compress: Block 0, NumSeq=2, NumLit=18968
[DEBUG] compress_literals: NumLit=18968, HeaderLen=3, Bytes: 88 A1 04
[DEBUG] encode_sequences_raw: NumSeq=2, HeaderSize=2, Bytes: 02 FF 00
[DEBUG] compress: Block 0 Output Readback: 88 A1 04 F1 23 (Ptr: 0x90a608700)
[PERF] Phase 1 (LZ77): 112 ms, Phase 2 (Encode): 2 ms
[DEBUG] compress: Phase 3 Block 0 Source: 88 A1 04 F1 23 (Ptr: 0x90a608700)
[DEBUG] compress: Phase 3 Block 0 Dest: F1 23 76 86 31
[DEBUG] decompress: Block header parsed. size=18971, compressed=0, last=1, header_size=3
[DEBUG] compress: ENTRY at TOP. Size=34107
[DEBUG] compress: ENTRY. num_blocks=1, size=34107
[BACKTRACK] NumSeqs: 5
[BACKTRACK] Seq[0]: Lit=6758 Match=3 Off=2070
[BACKTRACK] Seq[1]: Lit=467 Match=3 Off=6751
[DEBUG] compress: Block 0, NumSeq=5, NumLit=34095
[DEBUG] compress_literals: NumLit=34095, HeaderLen=3, Bytes: F8 52 08
[DEBUG] encode_sequences_raw: NumSeq=5, HeaderSize=2, Bytes: 05 FF 00
[DEBUG] compress: Block 0 Output Readback: F8 52 08 62 E5 (Ptr: 0x90aadb100)
[PERF] Phase 1 (LZ77): 202 ms, Phase 2 (Encode): 2 ms
[DEBUG] compress: Phase 3 Block 0 Source: F8 52 08 62 E5 (Ptr: 0x90aadb100)
[DEBUG] compress: Phase 3 Block 0 Dest: 62 E5 DC E9 F1
[DEBUG] decompress: Block header parsed. size=34107, compressed=0, last=1, header_size=3
[DEBUG] compress: ENTRY at TOP. Size=29963
[DEBUG] compress: ENTRY. num_blocks=1, size=29963
[BACKTRACK] NumSeqs: 3
[BACKTRACK] Seq[0]: Lit=4286 Match=3 Off=510
[BACKTRACK] Seq[1]: Lit=10091 Match=3 Off=13781
[DEBUG] compress: Block 0, NumSeq=3, NumLit=29957
[DEBUG] compress_literals: NumLit=29957, HeaderLen=3, Bytes: 58 50 07
[DEBUG] encode_sequences_raw: NumSeq=3, HeaderSize=2, Bytes: 03 FF 00
[DEBUG] compress: Block 0 Output Readback: 58 50 07 8C 01 (Ptr: 0x90aca1880)
[PERF] Phase 1 (LZ77): 171 ms, Phase 2 (Encode): 2 ms
[DEBUG] compress: Phase 3 Block 0 Source: 58 50 07 8C 01 (Ptr: 0x90aca1880)
[DEBUG] compress: Phase 3 Block 0 Dest: 8C 01 CC CF D2
[DEBUG] decompress: Block header parsed. size=29963, compressed=0, last=1, header_size=3
[DEBUG] compress: ENTRY at TOP. Size=8660
[DEBUG] compress: ENTRY. num_blocks=1, size=8660
[BACKTRACK] NumSeqs: 1
[BACKTRACK] Seq[0]: Lit=8660 Match=0 Off=0
[DEBUG] compress: Block 0, NumSeq=1, NumLit=8660
[DEBUG] compress_literals: NumLit=8660, HeaderLen=3, Bytes: 48 1D 02
[DEBUG] encode_sequences_raw: NumSeq=1, HeaderSize=2, Bytes: 01 FF 00
[DEBUG] compress: Block 0 Output Readback: 48 1D 02 68 A4 (Ptr: 0x90af79000)
[PERF] Phase 1 (LZ77): 54 ms, Phase 2 (Encode): 2 ms
[DEBUG] compress: Phase 3 Block 0 Source: 48 1D 02 68 A4 (Ptr: 0x90af79000)
[DEBUG] compress: Phase 3 Block 0 Dest: 68 A4 0E 1C C9
[DEBUG] decompress: Block header parsed. size=8660, compressed=0, last=1, header_size=3
[DEBUG] compress: ENTRY at TOP. Size=37846
[DEBUG] compress: ENTRY. num_blocks=1, size=37846
[BACKTRACK] NumSeqs: 8
[BACKTRACK] Seq[0]: Lit=7505 Match=3 Off=6219
[BACKTRACK] Seq[1]: Lit=7167 Match=3 Off=8680
[DEBUG] compress: Block 0, NumSeq=8, NumLit=37825
[DEBUG] compress_literals: NumLit=37825, HeaderLen=3, Bytes: 18 3C 09
[DEBUG] encode_sequences_raw: NumSeq=8, HeaderSize=2, Bytes: 08 FF 00
[DEBUG] compress: Block 0 Output Readback: 18 3C 09 40 AE (Ptr: 0x90b30f200)
[PERF] Phase 1 (LZ77): 319 ms, Phase 2 (Encode): 10 ms
[DEBUG] compress: Phase 3 Block 0 Source: 18 3C 09 40 AE (Ptr: 0x90b30f200)
[DEBUG] compress: Phase 3 Block 0 Dest: 40 AE 0B 52 AD
[DEBUG] decompress: Block header parsed. size=37846, compressed=0, last=1, header_size=3
[DEBUG] compress: ENTRY at TOP. Size=22743
[DEBUG] compress: ENTRY. num_blocks=1, size=22743
[BACKTRACK] NumSeqs: 3
[BACKTRACK] Seq[0]: Lit=6612 Match=3 Off=5007
[BACKTRACK] Seq[1]: Lit=4409 Match=3 Off=8726
[DEBUG] compress: Block 0, NumSeq=3, NumLit=22737
[DEBUG] compress_literals: NumLit=22737, HeaderLen=3, Bytes: 18 8D 05
[DEBUG] encode_sequences_raw: NumSeq=3, HeaderSize=2, Bytes: 03 FF 00
[DEBUG] compress: Block 0 Output Readback: 18 8D 05 5F CB (Ptr: 0x90b63cf00)
[PERF] Phase 1 (LZ77): 137 ms, Phase 2 (Encode): 3 ms
[DEBUG] compress: Phase 3 Block 0 Source: 18 8D 05 5F CB (Ptr: 0x90b63cf00)
[DEBUG] compress: Phase 3 Block 0 Dest: 5F CB F3 2E BB
[DEBUG] decompress: Block header parsed. size=22743, compressed=0, last=1, header_size=3
[DEBUG] compress: ENTRY at TOP. Size=44436
[DEBUG] compress: ENTRY. num_blocks=1, size=44436
[BACKTRACK] NumSeqs: 17
[BACKTRACK] Seq[0]: Lit=1350 Match=3 Off=515
[BACKTRACK] Seq[1]: Lit=6209 Match=3 Off=328
[DEBUG] compress: Block 0, NumSeq=17, NumLit=44388
[DEBUG] compress_literals: NumLit=44388, HeaderLen=3, Bytes: 48 D6 0A
[DEBUG] encode_sequences_raw: NumSeq=17, HeaderSize=2, Bytes: 11 FF 00
[DEBUG] compress: Block 0 Output Readback: 48 D6 0A 1D 7F (Ptr: 0x916b6ae00)
[PERF] Phase 1 (LZ77): 281 ms, Phase 2 (Encode): 3 ms
[DEBUG] compress: Phase 3 Block 0 Source: 48 D6 0A 1D 7F (Ptr: 0x916b6ae00)
[DEBUG] compress: Phase 3 Block 0 Dest: 1D 7F 9B 1A 22
[DEBUG] decompress: Block header parsed. size=44436, compressed=0, last=1, header_size=3
[DEBUG] compress: ENTRY at TOP. Size=17743
[DEBUG] compress: ENTRY. num_blocks=1, size=17743
[BACKTRACK] NumSeqs: 2
[BACKTRACK] Seq[0]: Lit=5907 Match=3 Off=3982
[BACKTRACK] Seq[1]: Lit=11833 Match=0 Off=0
[DEBUG] compress: Block 0, NumSeq=2, NumLit=17740
[DEBUG] compress_literals: NumLit=17740, HeaderLen=3, Bytes: C8 54 04
[DEBUG] encode_sequences_raw: NumSeq=2, HeaderSize=2, Bytes: 02 FF 00
[DEBUG] compress: Block 0 Output Readback: C8 54 04 D5 6E (Ptr: 0x9169f7680)
[PERF] Phase 1 (LZ77): 118 ms, Phase 2 (Encode): 3 ms
[DEBUG] compress: Phase 3 Block 0 Source: C8 54 04 D5 6E (Ptr: 0x9169f7680)
[DEBUG] compress: Phase 3 Block 0 Dest: D5 6E 1A 08 BE
[DEBUG] decompress: Block header parsed. size=17743, compressed=0, last=1, header_size=3
[DEBUG] compress: ENTRY at TOP. Size=7832
[DEBUG] compress: ENTRY. num_blocks=1, size=7832
[BACKTRACK] NumSeqs: 1
[BACKTRACK] Seq[0]: Lit=7832 Match=0 Off=0
[DEBUG] compress: Block 0, NumSeq=1, NumLit=7832
[DEBUG] compress_literals: NumLit=7832, HeaderLen=3, Bytes: 88 E9 01
[DEBUG] encode_sequences_raw: NumSeq=1, HeaderSize=2, Bytes: 01 FF 00
[DEBUG] compress: Block 0 Output Readback: 88 E9 01 FD 4D (Ptr: 0x916b6d700)
[PERF] Phase 1 (LZ77): 53 ms, Phase 2 (Encode): 4 ms
[DEBUG] compress: Phase 3 Block 0 Source: 88 E9 01 FD 4D (Ptr: 0x916b6d700)
[DEBUG] compress: Phase 3 Block 0 Dest: FD 4D 8C AB 48
[DEBUG] decompress: Block header parsed. size=7832, compressed=0, last=1, header_size=3
[DEBUG] compress: ENTRY at TOP. Size=48142
[DEBUG] compress: ENTRY. num_blocks=1, size=48142
[BACKTRACK] NumSeqs: 13
[BACKTRACK] Seq[0]: Lit=5643 Match=3 Off=390
[BACKTRACK] Seq[1]: Lit=3515 Match=3 Off=361
[DEBUG] compress: Block 0, NumSeq=13, NumLit=48106
[DEBUG] compress_literals: NumLit=48106, HeaderLen=3, Bytes: A8 BE 0B
[DEBUG] encode_sequences_raw: NumSeq=13, HeaderSize=2, Bytes: 0D FF 00
[DEBUG] compress: Block 0 Output Readback: A8 BE 0B C8 42 (Ptr: 0x916f9e780)
[PERF] Phase 1 (LZ77): 316 ms, Phase 2 (Encode): 4 ms
[DEBUG] compress: Phase 3 Block 0 Source: A8 BE 0B C8 42 (Ptr: 0x916f9e780)
[DEBUG] compress: Phase 3 Block 0 Dest: C8 42 A2 AF 3F
[DEBUG] decompress: Block header parsed. size=48142, compressed=0, last=1, header_size=3
[DEBUG] compress: ENTRY at TOP. Size=21414
[DEBUG] compress: ENTRY. num_blocks=1, size=21414
[BACKTRACK] NumSeqs: 2
[BACKTRACK] Seq[0]: Lit=8861 Match=3 Off=7287
[BACKTRACK] Seq[1]: Lit=12550 Match=0 Off=0
[DEBUG] compress: Block 0, NumSeq=2, NumLit=21411
[DEBUG] compress_literals: NumLit=21411, HeaderLen=3, Bytes: 38 3A 05
[DEBUG] encode_sequences_raw: NumSeq=2, HeaderSize=2, Bytes: 02 FF 00
[DEBUG] compress: Block 0 Output Readback: 38 3A 05 1D DA (Ptr: 0x91722a980)
[PERF] Phase 1 (LZ77): 137 ms, Phase 2 (Encode): 2 ms
[DEBUG] compress: Phase 3 Block 0 Source: 38 3A 05 1D DA (Ptr: 0x91722a980)
[DEBUG] compress: Phase 3 Block 0 Dest: 1D DA F9 E8 BA
[DEBUG] decompress: Block header parsed. size=21414, compressed=0, last=1, header_size=3
[DEBUG] compress: ENTRY at TOP. Size=19801
[DEBUG] compress: ENTRY. num_blocks=1, size=19801
[BACKTRACK] NumSeqs: 2
[BACKTRACK] Seq[0]: Lit=8357 Match=3 Off=5814
[BACKTRACK] Seq[1]: Lit=11441 Match=0 Off=0
[DEBUG] compress: Block 0, NumSeq=2, NumLit=19798
[DEBUG] compress_literals: NumLit=19798, HeaderLen=3, Bytes: 68 D5 04
[DEBUG] encode_sequences_raw: NumSeq=2, HeaderSize=2, Bytes: 02 FF 00
[DEBUG] compress: Block 0 Output Readback: 68 D5 04 04 6D (Ptr: 0x917414000)
[PERF] Phase 1 (LZ77): 132 ms, Phase 2 (Encode): 4 ms
[DEBUG] compress: Phase 3 Block 0 Source: 68 D5 04 04 6D (Ptr: 0x917414000)
[DEBUG] compress: Phase 3 Block 0 Dest: 04 6D E4 44 48
[DEBUG] decompress: Block header parsed. size=19801, compressed=0, last=1, header_size=3
[DEBUG] compress: ENTRY at TOP. Size=27514
[DEBUG] compress: ENTRY. num_blocks=1, size=27514
[BACKTRACK] NumSeqs: 1
[BACKTRACK] Seq[0]: Lit=27514 Match=0 Off=0
[DEBUG] compress: Block 0, NumSeq=1, NumLit=27514
[DEBUG] compress_literals: NumLit=27514, HeaderLen=3, Bytes: A8 B7 06
[DEBUG] encode_sequences_raw: NumSeq=1, HeaderSize=2, Bytes: 01 FF 00
[DEBUG] compress: Block 0 Output Readback: A8 B7 06 4D 79 (Ptr: 0x91787f500)
[PERF] Phase 1 (LZ77): 170 ms, Phase 2 (Encode): 4 ms
[DEBUG] compress: Phase 3 Block 0 Source: A8 B7 06 4D 79 (Ptr: 0x91787f500)
[DEBUG] compress: Phase 3 Block 0 Dest: 4D 79 3F C2 ED
[DEBUG] decompress: Block header parsed. size=27514, compressed=0, last=1, header_size=3
[DEBUG] compress: ENTRY at TOP. Size=46112
[DEBUG] compress: ENTRY. num_blocks=1, size=46112
[BACKTRACK] NumSeqs: 15
[BACKTRACK] Seq[0]: Lit=3036 Match=3 Off=2743
[BACKTRACK] Seq[1]: Lit=9969 Match=3 Off=1828
[DEBUG] compress: Block 0, NumSeq=15, NumLit=46070
[DEBUG] compress_literals: NumLit=46070, HeaderLen=3, Bytes: 68 3F 0B
[DEBUG] encode_sequences_raw: NumSeq=15, HeaderSize=2, Bytes: 0F FF 00
[DEBUG] compress: Block 0 Output Readback: 68 3F 0B 7E 21 (Ptr: 0x917b82180)
[PERF] Phase 1 (LZ77): 411 ms, Phase 2 (Encode): 3 ms
[DEBUG] compress: Phase 3 Block 0 Source: 68 3F 0B 7E 21 (Ptr: 0x917b82180)
[DEBUG] compress: Phase 3 Block 0 Dest: 7E 21 3A 13 41
[DEBUG] decompress: Block header parsed. size=46112, compressed=0, last=1, header_size=3
[DEBUG] compress: ENTRY at TOP. Size=30213
[DEBUG] compress: ENTRY. num_blocks=1, size=30213
[BACKTRACK] NumSeqs: 6
[BACKTRACK] Seq[0]: Lit=8728 Match=3 Off=3863
[BACKTRACK] Seq[1]: Lit=1821 Match=3 Off=7782
[DEBUG] compress: Block 0, NumSeq=6, NumLit=30198
[DEBUG] compress_literals: NumLit=30198, HeaderLen=3, Bytes: 68 5F 07
[DEBUG] encode_sequences_raw: NumSeq=6, HeaderSize=2, Bytes: 06 FF 00
[DEBUG] compress: Block 0 Output Readback: 68 5F 07 AC 53 (Ptr: 0x917ea5100)
[PERF] Phase 1 (LZ77): 202 ms, Phase 2 (Encode): 4 ms
[DEBUG] compress: Phase 3 Block 0 Source: 68 5F 07 AC 53 (Ptr: 0x917ea5100)
[DEBUG] compress: Phase 3 Block 0 Dest: AC 53 0B 82 57
[DEBUG] decompress: Block header parsed. size=30213, compressed=0, last=1, header_size=3
[DEBUG] compress: ENTRY at TOP. Size=25683
[DEBUG] compress: ENTRY. num_blocks=1, size=25683
[BACKTRACK] NumSeqs: 2
[BACKTRACK] Seq[0]: Lit=7891 Match=3 Off=3657
[BACKTRACK] Seq[1]: Lit=17789 Match=0 Off=0
[DEBUG] compress: Block 0, NumSeq=2, NumLit=25680
[DEBUG] compress_literals: NumLit=25680, HeaderLen=3, Bytes: 08 45 06
[DEBUG] encode_sequences_raw: NumSeq=2, HeaderSize=2, Bytes: 02 FF 00
[DEBUG] compress: Block 0 Output Readback: 08 45 06 D2 D2 (Ptr: 0x918265e80)
[PERF] Phase 1 (LZ77): 172 ms, Phase 2 (Encode): 5 ms
[DEBUG] compress: Phase 3 Block 0 Source: 08 45 06 D2 D2 (Ptr: 0x918265e80)
[DEBUG] compress: Phase 3 Block 0 Dest: D2 D2 06 25 35
[DEBUG] decompress: Block header parsed. size=25683, compressed=0, last=1, header_size=3
[DEBUG] compress: ENTRY at TOP. Size=9395
[DEBUG] compress: ENTRY. num_blocks=1, size=9395
[BACKTRACK] NumSeqs: 2
[BACKTRACK] Seq[0]: Lit=2182 Match=3 Off=1538
[BACKTRACK] Seq[1]: Lit=7210 Match=0 Off=0
[DEBUG] compress: Block 0, NumSeq=2, NumLit=9392
[DEBUG] compress_literals: NumLit=9392, HeaderLen=3, Bytes: 08 4B 02
[DEBUG] encode_sequences_raw: NumSeq=2, HeaderSize=2, Bytes: 02 FF 00
[DEBUG] compress: Block 0 Output Readback: 08 4B 02 D8 AD (Ptr: 0x918383400)
[PERF] Phase 1 (LZ77): 63 ms, Phase 2 (Encode): 2 ms
[DEBUG] compress: Phase 3 Block 0 Source: 08 4B 02 D8 AD (Ptr: 0x918383400)
[DEBUG] compress: Phase 3 Block 0 Dest: D8 AD 8F D8 74
[DEBUG] decompress: Block header parsed. size=9395, compressed=0, last=1, header_size=3
[DEBUG] compress: ENTRY at TOP. Size=52763
[DEBUG] compress: ENTRY. num_blocks=1, size=52763
[BACKTRACK] NumSeqs: 7
[BACKTRACK] Seq[0]: Lit=15138 Match=3 Off=12374
[BACKTRACK] Seq[1]: Lit=904 Match=3 Off=7322
[DEBUG] compress: Block 0, NumSeq=7, NumLit=52745
[DEBUG] compress_literals: NumLit=52745, HeaderLen=3, Bytes: 98 E0 0C
[DEBUG] encode_sequences_raw: NumSeq=7, HeaderSize=2, Bytes: 07 FF 00
[DEBUG] compress: Block 0 Output Readback: 98 E0 0C 6B 31 (Ptr: 0x9189deb00)
[PERF] Phase 1 (LZ77): 350 ms, Phase 2 (Encode): 3 ms
[DEBUG] compress: Phase 3 Block 0 Source: 98 E0 0C 6B 31 (Ptr: 0x9189deb00)
[DEBUG] compress: Phase 3 Block 0 Dest: 6B 31 5C 00 2F
[DEBUG] decompress: Block header parsed. size=52763, compressed=0, last=1, header_size=3
[DEBUG] compress: ENTRY at TOP. Size=20501
[DEBUG] compress: ENTRY. num_blocks=1, size=20501
[BACKTRACK] NumSeqs: 4
[BACKTRACK] Seq[0]: Lit=2818 Match=3 Off=2676
[BACKTRACK] Seq[1]: Lit=2528 Match=3 Off=4438
[DEBUG] compress: Block 0, NumSeq=4, NumLit=20492
[DEBUG] compress_literals: NumLit=20492, HeaderLen=3, Bytes: C8 00 05
[DEBUG] encode_sequences_raw: NumSeq=4, HeaderSize=2, Bytes: 04 FF 00
[DEBUG] compress: Block 0 Output Readback: C8 00 05 17 B1 (Ptr: 0x918a1dc80)
[PERF] Phase 1 (LZ77): 128 ms, Phase 2 (Encode): 3 ms
[DEBUG] compress: Phase 3 Block 0 Source: C8 00 05 17 B1 (Ptr: 0x918a1dc80)
[DEBUG] compress: Phase 3 Block 0 Dest: 17 B1 F8 FA 7B
[DEBUG] decompress: Block header parsed. size=20501, compressed=0, last=1, header_size=3
[DEBUG] compress: ENTRY at TOP. Size=63026
[DEBUG] compress: ENTRY. num_blocks=1, size=63026
[BACKTRACK] NumSeqs: 19
[BACKTRACK] Seq[0]: Lit=12462 Match=3 Off=522
[BACKTRACK] Seq[1]: Lit=6016 Match=3 Off=502
[DEBUG] compress: Block 0, NumSeq=19, NumLit=62972
[DEBUG] compress_literals: NumLit=62972, HeaderLen=3, Bytes: C8 5F 0F
[DEBUG] encode_sequences_raw: NumSeq=19, HeaderSize=2, Bytes: 13 FF 00
[DEBUG] compress: Block 0 Output Readback: C8 5F 0F FB 18 (Ptr: 0x91906d980)
[PERF] Phase 1 (LZ77): 428 ms, Phase 2 (Encode): 2 ms
[DEBUG] compress: Phase 3 Block 0 Source: C8 5F 0F FB 18 (Ptr: 0x91906d980)
[DEBUG] compress: Phase 3 Block 0 Dest: FB 18 55 D4 AC
[DEBUG] decompress: Block header parsed. size=63026, compressed=0, last=1, header_size=3
[DEBUG] compress: ENTRY at TOP. Size=47281
[DEBUG] compress: ENTRY. num_blocks=1, size=47281
[BACKTRACK] NumSeqs: 16
[BACKTRACK] Seq[0]: Lit=10452 Match=3 Off=8984
[BACKTRACK] Seq[1]: Lit=1912 Match=3 Off=2928
[DEBUG] compress: Block 0, NumSeq=16, NumLit=47236
[DEBUG] compress_literals: NumLit=47236, HeaderLen=3, Bytes: 48 88 0B
[DEBUG] encode_sequences_raw: NumSeq=16, HeaderSize=2, Bytes: 10 FF 00
[DEBUG] compress: Block 0 Output Readback: 48 88 0B 16 9C (Ptr: 0x919192800)
[PERF] Phase 1 (LZ77): 473 ms, Phase 2 (Encode): 3 ms
[DEBUG] compress: Phase 3 Block 0 Source: 48 88 0B 16 9C (Ptr: 0x919192800)
[DEBUG] compress: Phase 3 Block 0 Dest: 16 9C 3B A8 69
[DEBUG] decompress: Block header parsed. size=47281, compressed=0, last=1, header_size=3
[DEBUG] compress: ENTRY at TOP. Size=33333
[DEBUG] compress: ENTRY. num_blocks=1, size=33333
[BACKTRACK] NumSeqs: 8
[BACKTRACK] Seq[0]: Lit=6237 Match=3 Off=3546
[BACKTRACK] Seq[1]: Lit=472 Match=3 Off=1544
[DEBUG] compress: Block 0, NumSeq=8, NumLit=33312
[DEBUG] compress_literals: NumLit=33312, HeaderLen=3, Bytes: 08 22 08
[DEBUG] encode_sequences_raw: NumSeq=8, HeaderSize=2, Bytes: 08 FF 00
[DEBUG] compress: Block 0 Output Readback: 08 22 08 5D D5 (Ptr: 0x9194d0580)
[PERF] Phase 1 (LZ77): 289 ms, Phase 2 (Encode): 3 ms
[DEBUG] compress: Phase 3 Block 0 Source: 08 22 08 5D D5 (Ptr: 0x9194d0580)
[DEBUG] compress: Phase 3 Block 0 Dest: 5D D5 73 E4 7E
[DEBUG] decompress: Block header parsed. size=33333, compressed=0, last=1, header_size=3
[DEBUG] compress: ENTRY at TOP. Size=27559
[DEBUG] compress: ENTRY. num_blocks=1, size=27559
[BACKTRACK] NumSeqs: 7
[BACKTRACK] Seq[0]: Lit=8764 Match=3 Off=6371
[BACKTRACK] Seq[1]: Lit=1292 Match=3 Off=7890
[DEBUG] compress: Block 0, NumSeq=7, NumLit=27541
[DEBUG] compress_literals: NumLit=27541, HeaderLen=3, Bytes: 58 B9 06
[DEBUG] encode_sequences_raw: NumSeq=7, HeaderSize=2, Bytes: 07 FF 00
[DEBUG] compress: Block 0 Output Readback: 58 B9 06 EC CD (Ptr: 0x919880180)
[PERF] Phase 1 (LZ77): 172 ms, Phase 2 (Encode): 2 ms
[DEBUG] compress: Phase 3 Block 0 Source: 58 B9 06 EC CD (Ptr: 0x919880180)
[DEBUG] compress: Phase 3 Block 0 Dest: EC CD 28 A3 DD
[DEBUG] decompress: Block header parsed. size=27559, compressed=0, last=1, header_size=3
[DEBUG] compress: ENTRY at TOP. Size=17345
[DEBUG] compress: ENTRY. num_blocks=1, size=17345
[BACKTRACK] NumSeqs: 4
[BACKTRACK] Seq[0]: Lit=4255 Match=3 Off=2470
[BACKTRACK] Seq[1]: Lit=871 Match=3 Off=73
[DEBUG] compress: Block 0, NumSeq=4, NumLit=17336
[DEBUG] compress_literals: NumLit=17336, HeaderLen=3, Bytes: 88 3B 04
[DEBUG] encode_sequences_raw: NumSeq=4, HeaderSize=2, Bytes: 04 FF 00
[DEBUG] compress: Block 0 Output Readback: 88 3B 04 4D C6 (Ptr: 0x9199f2080)
[PERF] Phase 1 (LZ77): 112 ms, Phase 2 (Encode): 4 ms
[DEBUG] compress: Phase 3 Block 0 Source: 88 3B 04 4D C6 (Ptr: 0x9199f2080)
[DEBUG] compress: Phase 3 Block 0 Dest: 4D C6 2F BA 52
[DEBUG] decompress: Block header parsed. size=17345, compressed=0, last=1, header_size=3
[DEBUG] compress: ENTRY at TOP. Size=59095
[DEBUG] compress: ENTRY. num_blocks=1, size=59095
[BACKTRACK] NumSeqs: 22
[BACKTRACK] Seq[0]: Lit=2603 Match=3 Off=1403
[BACKTRACK] Seq[1]: Lit=1094 Match=3 Off=33
[DEBUG] compress: Block 0, NumSeq=22, NumLit=59032
[DEBUG] compress_literals: NumLit=59032, HeaderLen=3, Bytes: 88 69 0E
[DEBUG] encode_sequences_raw: NumSeq=22, HeaderSize=2, Bytes: 16 FF 00
[DEBUG] compress: Block 0 Output Readback: 88 69 0E D3 DC (Ptr: 0x91a036d00)
[PERF] Phase 1 (LZ77): 379 ms, Phase 2 (Encode): 4 ms
[DEBUG] compress: Phase 3 Block 0 Source: 88 69 0E D3 DC (Ptr: 0x91a036d00)
[DEBUG] compress: Phase 3 Block 0 Dest: D3 DC 2E 11 E0
[DEBUG] decompress: Block header parsed. size=59095, compressed=0, last=1, header_size=3
[DEBUG] compress: ENTRY at TOP. Size=6002
[DEBUG] compress: ENTRY. num_blocks=1, size=6002
[BACKTRACK] NumSeqs: 1
[BACKTRACK] Seq[0]: Lit=6002 Match=0 Off=0
[DEBUG] compress: Block 0, NumSeq=1, NumLit=6002
[DEBUG] compress_literals: NumLit=6002, HeaderLen=3, Bytes: 28 77 01
[DEBUG] encode_sequences_raw: NumSeq=1, HeaderSize=2, Bytes: 01 FF 00
[DEBUG] compress: Block 0 Output Readback: 28 77 01 08 8A (Ptr: 0x919f54080)
[PERF] Phase 1 (LZ77): 37 ms, Phase 2 (Encode): 3 ms
[DEBUG] compress: Phase 3 Block 0 Source: 28 77 01 08 8A (Ptr: 0x919f54080)
[DEBUG] compress: Phase 3 Block 0 Dest: 08 8A 7D 77 D8
[DEBUG] decompress: Block header parsed. size=6002, compressed=0, last=1, header_size=3
[DEBUG] compress: ENTRY at TOP. Size=30649
[DEBUG] compress: ENTRY. num_blocks=1, size=30649
[BACKTRACK] NumSeqs: 4
[BACKTRACK] Seq[0]: Lit=4780 Match=3 Off=3122
[BACKTRACK] Seq[1]: Lit=3429 Match=3 Off=1762
[DEBUG] compress: Block 0, NumSeq=4, NumLit=30640
[DEBUG] compress_literals: NumLit=30640, HeaderLen=3, Bytes: 08 7B 07
[DEBUG] encode_sequences_raw: NumSeq=4, HeaderSize=2, Bytes: 04 FF 00
[DEBUG] compress: Block 0 Output Readback: 08 7B 07 8D 7C (Ptr: 0x91a4aaf80)
[PERF] Phase 1 (LZ77): 201 ms, Phase 2 (Encode): 2 ms
[DEBUG] compress: Phase 3 Block 0 Source: 08 7B 07 8D 7C (Ptr: 0x91a4aaf80)
[DEBUG] compress: Phase 3 Block 0 Dest: 8D 7C 65 04 0C
[DEBUG] decompress: Block header parsed. size=30649, compressed=0, last=1, header_size=3
[DEBUG] compress: ENTRY at TOP. Size=61781
[DEBUG] compress: ENTRY. num_blocks=1, size=61781
[BACKTRACK] NumSeqs: 21
[BACKTRACK] Seq[0]: Lit=4742 Match=3 Off=2336
[BACKTRACK] Seq[1]: Lit=894 Match=3 Off=2207
[DEBUG] compress: Block 0, NumSeq=21, NumLit=61721
[DEBUG] compress_literals: NumLit=61721, HeaderLen=3, Bytes: 98 11 0F
[DEBUG] encode_sequences_raw: NumSeq=21, HeaderSize=2, Bytes: 15 FF 00
[DEBUG] compress: Block 0 Output Readback: 98 11 0F 61 C5 (Ptr: 0x91a85c380)
[PERF] Phase 1 (LZ77): 404 ms, Phase 2 (Encode): 9 ms
[DEBUG] compress: Phase 3 Block 0 Source: 98 11 0F 61 C5 (Ptr: 0x91a85c380)
[DEBUG] compress: Phase 3 Block 0 Dest: 61 C5 91 8D 98
[DEBUG] decompress: Block header parsed. size=61781, compressed=0, last=1, header_size=3
[DEBUG] compress: ENTRY at TOP. Size=30196
[DEBUG] compress: ENTRY. num_blocks=1, size=30196
[BACKTRACK] NumSeqs: 6
[BACKTRACK] Seq[0]: Lit=11703 Match=3 Off=4383
[BACKTRACK] Seq[1]: Lit=320 Match=3 Off=10830
[DEBUG] compress: Block 0, NumSeq=6, NumLit=30181
[DEBUG] compress_literals: NumLit=30181, HeaderLen=3, Bytes: 58 5E 07
[DEBUG] encode_sequences_raw: NumSeq=6, HeaderSize=2, Bytes: 06 FF 00
[DEBUG] compress: Block 0 Output Readback: 58 5E 07 37 DE (Ptr: 0x91aaa4b00)
[PERF] Phase 1 (LZ77): 172 ms, Phase 2 (Encode): 4 ms
[DEBUG] compress: Phase 3 Block 0 Source: 58 5E 07 37 DE (Ptr: 0x91aaa4b00)
[DEBUG] compress: Phase 3 Block 0 Dest: 37 DE 08 AA 49
[DEBUG] decompress: Block header parsed. size=30196, compressed=0, last=1, header_size=3
[DEBUG] compress: ENTRY at TOP. Size=29751
[DEBUG] compress: ENTRY. num_blocks=1, size=29751
[BACKTRACK] NumSeqs: 4
[BACKTRACK] Seq[0]: Lit=9729 Match=3 Off=6429
[BACKTRACK] Seq[1]: Lit=97 Match=3 Off=1931
[DEBUG] compress: Block 0, NumSeq=4, NumLit=29742
[DEBUG] compress_literals: NumLit=29742, HeaderLen=3, Bytes: E8 42 07
[DEBUG] encode_sequences_raw: NumSeq=4, HeaderSize=2, Bytes: 04 FF 00
[DEBUG] compress: Block 0 Output Readback: E8 42 07 27 32 (Ptr: 0x91ac9e780)
[PERF] Phase 1 (LZ77): 189 ms, Phase 2 (Encode): 3 ms
[DEBUG] compress: Phase 3 Block 0 Source: E8 42 07 27 32 (Ptr: 0x91ac9e780)
[DEBUG] compress: Phase 3 Block 0 Dest: 27 32 22 45 5C
[DEBUG] decompress: Block header parsed. size=29751, compressed=0, last=1, header_size=3
[DEBUG] compress: ENTRY at TOP. Size=10720
[DEBUG] compress: ENTRY. num_blocks=1, size=10720
[BACKTRACK] NumSeqs: 1
[BACKTRACK] Seq[0]: Lit=10720 Match=0 Off=0
[DEBUG] compress: Block 0, NumSeq=1, NumLit=10720
[DEBUG] compress_literals: NumLit=10720, HeaderLen=3, Bytes: 08 9E 02
[DEBUG] encode_sequences_raw: NumSeq=1, HeaderSize=2, Bytes: 01 FF 00
[DEBUG] compress: Block 0 Output Readback: 08 9E 02 8B C0 (Ptr: 0x91af95900)
[PERF] Phase 1 (LZ77): 71 ms, Phase 2 (Encode): 3 ms
[DEBUG] compress: Phase 3 Block 0 Source: 08 9E 02 8B C0 (Ptr: 0x91af95900)
[DEBUG] compress: Phase 3 Block 0 Dest: 8B C0 DB F3 AF
[DEBUG] decompress: Block header parsed. size=10720, compressed=0, last=1, header_size=3
[DEBUG] compress: ENTRY at TOP. Size=25046
[DEBUG] compress: ENTRY. num_blocks=1, size=25046
[BACKTRACK] NumSeqs: 2
[BACKTRACK] Seq[0]: Lit=6372 Match=3 Off=1636
[BACKTRACK] Seq[1]: Lit=18671 Match=0 Off=0
[DEBUG] compress: Block 0, NumSeq=2, NumLit=25043
[DEBUG] compress_literals: NumLit=25043, HeaderLen=3, Bytes: 38 1D 06
[DEBUG] encode_sequences_raw: NumSeq=2, HeaderSize=2, Bytes: 02 FF 00
[DEBUG] compress: Block 0 Output Readback: 38 1D 06 42 67 (Ptr: 0x91b45d000)
[PERF] Phase 1 (LZ77): 153 ms, Phase 2 (Encode): 2 ms
[DEBUG] compress: Phase 3 Block 0 Source: 38 1D 06 42 67 (Ptr: 0x91b45d000)
[DEBUG] compress: Phase 3 Block 0 Dest: 42 67 0B C5 94
[DEBUG] decompress: Block header parsed. size=25046, compressed=0, last=1, header_size=3
[DEBUG] compress: ENTRY at TOP. Size=47215
[DEBUG] compress: ENTRY. num_blocks=1, size=47215
[BACKTRACK] NumSeqs: 19
[BACKTRACK] Seq[0]: Lit=227 Match=3 Off=122
[BACKTRACK] Seq[1]: Lit=11269 Match=3 Off=3834
[DEBUG] compress: Block 0, NumSeq=19, NumLit=47161
[DEBUG] compress_literals: NumLit=47161, HeaderLen=3, Bytes: 98 83 0B
[DEBUG] encode_sequences_raw: NumSeq=19, HeaderSize=2, Bytes: 13 FF 00
[DEBUG] compress: Block 0 Output Readback: 98 83 0B 4B 66 (Ptr: 0x91b791880)
[PERF] Phase 1 (LZ77): 302 ms, Phase 2 (Encode): 4 ms
[DEBUG] compress: Phase 3 Block 0 Source: 98 83 0B 4B 66 (Ptr: 0x91b791880)
[DEBUG] compress: Phase 3 Block 0 Dest: 4B 66 CF 98 59
[DEBUG] decompress: Block header parsed. size=47215, compressed=0, last=1, header_size=3
[DEBUG] compress: ENTRY at TOP. Size=37573
[DEBUG] compress: ENTRY. num_blocks=1, size=37573
[BACKTRACK] NumSeqs: 6
[BACKTRACK] Seq[0]: Lit=14826 Match=3 Off=13707
[BACKTRACK] Seq[1]: Lit=1222 Match=3 Off=11711
[DEBUG] compress: Block 0, NumSeq=6, NumLit=37558
[DEBUG] compress_literals: NumLit=37558, HeaderLen=3, Bytes: 68 2B 09
[DEBUG] encode_sequences_raw: NumSeq=6, HeaderSize=2, Bytes: 06 FF 00
[DEBUG] compress: Block 0 Output Readback: 68 2B 09 ED A8 (Ptr: 0x91bb0b780)
[PERF] Phase 1 (LZ77): 239 ms, Phase 2 (Encode): 2 ms
[DEBUG] compress: Phase 3 Block 0 Source: 68 2B 09 ED A8 (Ptr: 0x91bb0b780)
[DEBUG] compress: Phase 3 Block 0 Dest: ED A8 DF 15 95
[DEBUG] decompress: Block header parsed. size=37573, compressed=0, last=1, header_size=3
[DEBUG] compress: ENTRY at TOP. Size=6091
[DEBUG] compress: ENTRY. num_blocks=1, size=6091
[BACKTRACK] NumSeqs: 1
[BACKTRACK] Seq[0]: Lit=6091 Match=0 Off=0
[DEBUG] compress: Block 0, NumSeq=1, NumLit=6091
[DEBUG] compress_literals: NumLit=6091, HeaderLen=3, Bytes: B8 7C 01
[DEBUG] encode_sequences_raw: NumSeq=1, HeaderSize=2, Bytes: 01 FF 00
[DEBUG] compress: Block 0 Output Readback: B8 7C 01 2F C2 (Ptr: 0x91bb55500)
[PERF] Phase 1 (LZ77): 46 ms, Phase 2 (Encode): 3 ms
[DEBUG] compress: Phase 3 Block 0 Source: B8 7C 01 2F C2 (Ptr: 0x91bb55500)
[DEBUG] compress: Phase 3 Block 0 Dest: 2F C2 62 19 D4
[DEBUG] decompress: Block header parsed. size=6091, compressed=0, last=1, header_size=3
[DEBUG] compress: ENTRY at TOP. Size=10217
[DEBUG] compress: ENTRY. num_blocks=1, size=10217
[BACKTRACK] NumSeqs: 3
[BACKTRACK] Seq[0]: Lit=2309 Match=3 Off=346
[BACKTRACK] Seq[1]: Lit=1488 Match=3 Off=50
[DEBUG] compress: Block 0, NumSeq=3, NumLit=10211
[DEBUG] compress_literals: NumLit=10211, HeaderLen=3, Bytes: 38 7E 02
[DEBUG] encode_sequences_raw: NumSeq=3, HeaderSize=2, Bytes: 03 FF 00
[DEBUG] compress: Block 0 Output Readback: 38 7E 02 1B FF (Ptr: 0x91bf8ec00)
[PERF] Phase 1 (LZ77): 67 ms, Phase 2 (Encode): 4 ms
[DEBUG] compress: Phase 3 Block 0 Source: 38 7E 02 1B FF (Ptr: 0x91bf8ec00)
[DEBUG] compress: Phase 3 Block 0 Dest: 1B FF AF 69 88
[DEBUG] decompress: Block header parsed. size=10217, compressed=0, last=1, header_size=3
[DEBUG] compress: ENTRY at TOP. Size=53437
[DEBUG] compress: ENTRY. num_blocks=1, size=53437
[BACKTRACK] NumSeqs: 22
[BACKTRACK] Seq[0]: Lit=10858 Match=3 Off=2399
[BACKTRACK] Seq[1]: Lit=614 Match=3 Off=11244
[DEBUG] compress: Block 0, NumSeq=22, NumLit=53374
[DEBUG] compress_literals: NumLit=53374, HeaderLen=3, Bytes: E8 07 0D
[DEBUG] encode_sequences_raw: NumSeq=22, HeaderSize=2, Bytes: 16 FF 00
[DEBUG] compress: Block 0 Output Readback: E8 07 0D A4 4E (Ptr: 0x91c3e8080)
[PERF] Phase 1 (LZ77): 342 ms, Phase 2 (Encode): 2 ms
[DEBUG] compress: Phase 3 Block 0 Source: E8 07 0D A4 4E (Ptr: 0x91c3e8080)
[DEBUG] compress: Phase 3 Block 0 Dest: A4 4E 89 9B 83
[DEBUG] decompress: Block header parsed. size=53437, compressed=0, last=1, header_size=3
[DEBUG] compress: ENTRY at TOP. Size=7272
[DEBUG] compress: ENTRY. num_blocks=1, size=7272
[BACKTRACK] NumSeqs: 1
[BACKTRACK] Seq[0]: Lit=7272 Match=0 Off=0
[DEBUG] compress: Block 0, NumSeq=1, NumLit=7272
[DEBUG] compress_literals: NumLit=7272, HeaderLen=3, Bytes: 88 C6 01
[DEBUG] encode_sequences_raw: NumSeq=1, HeaderSize=2, Bytes: 01 FF 00
[DEBUG] compress: Block 0 Output Readback: 88 C6 01 33 6B (Ptr: 0x91c565c00)
[PERF] Phase 1 (LZ77): 49 ms, Phase 2 (Encode): 2 ms
[DEBUG] compress: Phase 3 Block 0 Source: 88 C6 01 33 6B (Ptr: 0x91c565c00)
[DEBUG] compress: Phase 3 Block 0 Dest: 33 6B C8 EE DC
[DEBUG] decompress: Block header parsed. size=7272, compressed=0, last=1, header_size=3
[DEBUG] compress: ENTRY at TOP. Size=7961
[DEBUG] compress: ENTRY. num_blocks=1, size=7961
[BACKTRACK] NumSeqs: 1
[BACKTRACK] Seq[0]: Lit=7961 Match=0 Off=0
[DEBUG] compress: Block 0, NumSeq=1, NumLit=7961
[DEBUG] compress_literals: NumLit=7961, HeaderLen=3, Bytes: 98 F1 01
[DEBUG] encode_sequences_raw: NumSeq=1, HeaderSize=2, Bytes: 01 FF 00
[DEBUG] compress: Block 0 Output Readback: 98 F1 01 91 B6 (Ptr: 0x91c96f400)
[PERF] Phase 1 (LZ77): 54 ms, Phase 2 (Encode): 2 ms
[DEBUG] compress: Phase 3 Block 0 Source: 98 F1 01 91 B6 (Ptr: 0x91c96f400)
[DEBUG] compress: Phase 3 Block 0 Dest: 91 B6 10 C1 E3
[DEBUG] decompress: Block header parsed. size=7961, compressed=0, last=1, header_size=3
[DEBUG] compress: ENTRY at TOP. Size=5161
[DEBUG] compress: ENTRY. num_blocks=1, size=5161
[BACKTRACK] NumSeqs: 1
[BACKTRACK] Seq[0]: Lit=5161 Match=0 Off=0
[DEBUG] compress: Block 0, NumSeq=1, NumLit=5161
[DEBUG] compress_literals: NumLit=5161, HeaderLen=3, Bytes: 98 42 01
[DEBUG] encode_sequences_raw: NumSeq=1, HeaderSize=2, Bytes: 01 FF 00
[DEBUG] compress: Block 0 Output Readback: 98 42 01 4F 84 (Ptr: 0x91cb48680)
[PERF] Phase 1 (LZ77): 35 ms, Phase 2 (Encode): 2 ms
[DEBUG] compress: Phase 3 Block 0 Source: 98 42 01 4F 84 (Ptr: 0x91cb48680)
[DEBUG] compress: Phase 3 Block 0 Dest: 4F 84 D1 06 55
[DEBUG] decompress: Block header parsed. size=5161, compressed=0, last=1, header_size=3
[DEBUG] compress: ENTRY at TOP. Size=13232
[DEBUG] compress: ENTRY. num_blocks=1, size=13232
[BACKTRACK] NumSeqs: 1
[BACKTRACK] Seq[0]: Lit=13232 Match=0 Off=0
[DEBUG] compress: Block 0, NumSeq=1, NumLit=13232
[DEBUG] compress_literals: NumLit=13232, HeaderLen=3, Bytes: 08 3B 03
[DEBUG] encode_sequences_raw: NumSeq=1, HeaderSize=2, Bytes: 01 FF 00
[DEBUG] compress: Block 0 Output Readback: 08 3B 03 EB 08 (Ptr: 0x91cfb8a80)
[PERF] Phase 1 (LZ77): 90 ms, Phase 2 (Encode): 2 ms
[DEBUG] compress: Phase 3 Block 0 Source: 08 3B 03 EB 08 (Ptr: 0x91cfb8a80)
[DEBUG] compress: Phase 3 Block 0 Dest: EB 08 A4 5A C0
[DEBUG] decompress: Block header parsed. size=13232, compressed=0, last=1, header_size=3
[DEBUG] compress: ENTRY at TOP. Size=28918
[DEBUG] compress: ENTRY. num_blocks=1, size=28918
[BACKTRACK] NumSeqs: 2
[BACKTRACK] Seq[0]: Lit=8223 Match=3 Off=1914
[BACKTRACK] Seq[1]: Lit=20692 Match=0 Off=0
[DEBUG] compress: Block 0, NumSeq=2, NumLit=28915
[DEBUG] compress_literals: NumLit=28915, HeaderLen=3, Bytes: 38 0F 07
[DEBUG] encode_sequences_raw: NumSeq=2, HeaderSize=2, Bytes: 02 FF 00
[DEBUG] compress: Block 0 Output Readback: 38 0F 07 0C E3 (Ptr: 0x91d292e00)
[PERF] Phase 1 (LZ77): 192 ms, Phase 2 (Encode): 2 ms
[DEBUG] compress: Phase 3 Block 0 Source: 38 0F 07 0C E3 (Ptr: 0x91d292e00)
[DEBUG] compress: Phase 3 Block 0 Dest: 0C E3 AE 92 CC
[DEBUG] decompress: Block header parsed. size=28918, compressed=0, last=1, header_size=3
[DEBUG] compress: ENTRY at TOP. Size=20322
[DEBUG] compress: ENTRY. num_blocks=1, size=20322
[BACKTRACK] NumSeqs: 3
[BACKTRACK] Seq[0]: Lit=6239 Match=3 Off=4904
[BACKTRACK] Seq[1]: Lit=2736 Match=3 Off=3410
[DEBUG] compress: Block 0, NumSeq=3, NumLit=20316
[DEBUG] compress_literals: NumLit=20316, HeaderLen=3, Bytes: C8 F5 04
[DEBUG] encode_sequences_raw: NumSeq=3, HeaderSize=2, Bytes: 03 FF 00
[DEBUG] compress: Block 0 Output Readback: C8 F5 04 80 66 (Ptr: 0x91d61b700)
[PERF] Phase 1 (LZ77): 138 ms, Phase 2 (Encode): 3 ms
[DEBUG] compress: Phase 3 Block 0 Source: C8 F5 04 80 66 (Ptr: 0x91d61b700)
[DEBUG] compress: Phase 3 Block 0 Dest: 80 66 77 76 80
[DEBUG] decompress: Block header parsed. size=20322, compressed=0, last=1, header_size=3
[DEBUG] compress: ENTRY at TOP. Size=16764
[DEBUG] compress: ENTRY. num_blocks=1, size=16764
[BACKTRACK] NumSeqs: 1
[BACKTRACK] Seq[0]: Lit=16764 Match=0 Off=0
[DEBUG] compress: Block 0, NumSeq=1, NumLit=16764
[DEBUG] compress_literals: NumLit=16764, HeaderLen=3, Bytes: C8 17 04
[DEBUG] encode_sequences_raw: NumSeq=1, HeaderSize=2, Bytes: 01 FF 00
[DEBUG] compress: Block 0 Output Readback: C8 17 04 85 AD (Ptr: 0x91d7e9b00)
[PERF] Phase 1 (LZ77): 114 ms, Phase 2 (Encode): 2 ms
[DEBUG] compress: Phase 3 Block 0 Source: C8 17 04 85 AD (Ptr: 0x91d7e9b00)
[DEBUG] compress: Phase 3 Block 0 Dest: 85 AD B3 87 45
[DEBUG] decompress: Block header parsed. size=16764, compressed=0, last=1, header_size=3
[DEBUG] compress: ENTRY at TOP. Size=46452
[DEBUG] compress: ENTRY. num_blocks=1, size=46452
[BACKTRACK] NumSeqs: 5
[BACKTRACK] Seq[0]: Lit=17699 Match=3 Off=6759
[BACKTRACK] Seq[1]: Lit=929 Match=3 Off=8484
[DEBUG] compress: Block 0, NumSeq=5, NumLit=46440
[DEBUG] compress_literals: NumLit=46440, HeaderLen=3, Bytes: 88 56 0B
[DEBUG] encode_sequences_raw: NumSeq=5, HeaderSize=2, Bytes: 05 FF 00
[DEBUG] compress: Block 0 Output Readback: 88 56 0B 5A 7A (Ptr: 0x91dd86e80)
[PERF] Phase 1 (LZ77): 304 ms, Phase 2 (Encode): 3 ms
[DEBUG] compress: Phase 3 Block 0 Source: 88 56 0B 5A 7A (Ptr: 0x91dd86e80)
[DEBUG] compress: Phase 3 Block 0 Dest: 5A 7A 57 D2 EE
[DEBUG] decompress: Block header parsed. size=46452, compressed=0, last=1, header_size=3
[DEBUG] compress: ENTRY at TOP. Size=3946
[DEBUG] compress: ENTRY. num_blocks=1, size=3946
[BACKTRACK] NumSeqs: 1
[BACKTRACK] Seq[0]: Lit=3946 Match=0 Off=0
[DEBUG] compress: Block 0, NumSeq=1, NumLit=3946
[DEBUG] compress_literals: NumLit=3946, HeaderLen=2, Bytes: A4 F6 00
[DEBUG] encode_sequences_raw: NumSeq=1, HeaderSize=2, Bytes: 01 FF 00
[DEBUG] compress: Block 0 Output Readback: A4 F6 46 16 A3 (Ptr: 0x91dd37780)
[PERF] Phase 1 (LZ77): 27 ms, Phase 2 (Encode): 3 ms
[DEBUG] compress: Phase 3 Block 0 Source: A4 F6 46 16 A3 (Ptr: 0x91dd37780)
[DEBUG] compress: Phase 3 Block 0 Dest: 46 16 A3 66 9F
[DEBUG] decompress: Block header parsed. size=3946, compressed=0, last=1, header_size=3
[DEBUG] compress: ENTRY at TOP. Size=53917
[DEBUG] compress: ENTRY. num_blocks=1, size=53917
[BACKTRACK] NumSeqs: 18
[BACKTRACK] Seq[0]: Lit=10313 Match=3 Off=9409
[BACKTRACK] Seq[1]: Lit=4224 Match=3 Off=7254
[DEBUG] compress: Block 0, NumSeq=18, NumLit=53866
[DEBUG] compress_literals: NumLit=53866, HeaderLen=3, Bytes: A8 26 0D
[DEBUG] encode_sequences_raw: NumSeq=18, HeaderSize=2, Bytes: 12 FF 00
[DEBUG] compress: Block 0 Output Readback: A8 26 0D 41 90 (Ptr: 0x91e3eeb80)
[PERF] Phase 1 (LZ77): 357 ms, Phase 2 (Encode): 3 ms
[DEBUG] compress: Phase 3 Block 0 Source: A8 26 0D 41 90 (Ptr: 0x91e3eeb80)
[DEBUG] compress: Phase 3 Block 0 Dest: 41 90 AF D5 A9
[DEBUG] decompress: Block header parsed. size=53917, compressed=0, last=1, header_size=3
[DEBUG] compress: ENTRY at TOP. Size=33315
[DEBUG] compress: ENTRY. num_blocks=1, size=33315
[BACKTRACK] NumSeqs: 7
[BACKTRACK] Seq[0]: Lit=8058 Match=3 Off=2961
[BACKTRACK] Seq[1]: Lit=6304 Match=3 Off=4237
[DEBUG] compress: Block 0, NumSeq=7, NumLit=33297
[DEBUG] compress_literals: NumLit=33297, HeaderLen=3, Bytes: 18 21 08
[DEBUG] encode_sequences_raw: NumSeq=7, HeaderSize=2, Bytes: 07 FF 00
[DEBUG] compress: Block 0 Output Readback: 18 21 08 0B 8F (Ptr: 0x91e6d0400)
[PERF] Phase 1 (LZ77): 213 ms, Phase 2 (Encode): 2 ms
[DEBUG] compress: Phase 3 Block 0 Source: 18 21 08 0B 8F (Ptr: 0x91e6d0400)
[DEBUG] compress: Phase 3 Block 0 Dest: 0B 8F 5E 7A 3E
[DEBUG] decompress: Block header parsed. size=33315, compressed=0, last=1, header_size=3
[DEBUG] compress: ENTRY at TOP. Size=15495
[DEBUG] compress: ENTRY. num_blocks=1, size=15495
[BACKTRACK] NumSeqs: 1
[BACKTRACK] Seq[0]: Lit=15495 Match=0 Off=0
[DEBUG] compress: Block 0, NumSeq=1, NumLit=15495
[DEBUG] compress_literals: NumLit=15495, HeaderLen=3, Bytes: 78 C8 03
[DEBUG] encode_sequences_raw: NumSeq=1, HeaderSize=2, Bytes: 01 FF 00
[DEBUG] compress: Block 0 Output Readback: 78 C8 03 9E E6 (Ptr: 0x91e7d8380)
[PERF] Phase 1 (LZ77): 108 ms, Phase 2 (Encode): 2 ms
[DEBUG] compress: Phase 3 Block 0 Source: 78 C8 03 9E E6 (Ptr: 0x91e7d8380)
[DEBUG] compress: Phase 3 Block 0 Dest: 9E E6 82 88 4C
[DEBUG] decompress: Block header parsed. size=15495, compressed=0, last=1, header_size=3
[DEBUG] compress: ENTRY at TOP. Size=20127
[DEBUG] compress: ENTRY. num_blocks=1, size=20127
[BACKTRACK] NumSeqs: 4
[BACKTRACK] Seq[0]: Lit=4434 Match=3 Off=3907
[BACKTRACK] Seq[1]: Lit=3220 Match=3 Off=997
[DEBUG] compress: Block 0, NumSeq=4, NumLit=20118
[DEBUG] compress_literals: NumLit=20118, HeaderLen=3, Bytes: 68 E9 04
[DEBUG] encode_sequences_raw: NumSeq=4, HeaderSize=2, Bytes: 04 FF 00
[DEBUG] compress: Block 0 Output Readback: 68 E9 04 33 FE (Ptr: 0x91ec18780)
[PERF] Phase 1 (LZ77): 128 ms, Phase 2 (Encode): 2 ms
[DEBUG] compress: Phase 3 Block 0 Source: 68 E9 04 33 FE (Ptr: 0x91ec18780)
[DEBUG] compress: Phase 3 Block 0 Dest: 33 FE 35 E9 27
[DEBUG] decompress: Block header parsed. size=20127, compressed=0, last=1, header_size=3
[DEBUG] compress: ENTRY at TOP. Size=541
[DEBUG] compress: ENTRY. num_blocks=1, size=541
[BACKTRACK] NumSeqs: 1
[BACKTRACK] Seq[0]: Lit=541 Match=0 Off=0
[DEBUG] compress: Block 0, NumSeq=1, NumLit=541
[DEBUG] compress_literals: NumLit=541, HeaderLen=2, Bytes: D4 21 00
[DEBUG] encode_sequences_raw: NumSeq=1, HeaderSize=2, Bytes: 01 FF 00
[DEBUG] compress: Block 0 Output Readback: D4 21 A8 E8 F4 (Ptr: 0x91ed07f00)
[PERF] Phase 1 (LZ77): 5 ms, Phase 2 (Encode): 2 ms
[DEBUG] compress: Phase 3 Block 0 Source: D4 21 A8 E8 F4 (Ptr: 0x91ed07f00)
[DEBUG] compress: Phase 3 Block 0 Dest: A8 E8 F4 45 F8
[DEBUG] decompress: Block header parsed. size=541, compressed=0, last=1, header_size=3
[DEBUG] compress: ENTRY at TOP. Size=45560
[DEBUG] compress: ENTRY. num_blocks=1, size=45560
[BACKTRACK] NumSeqs: 6
[BACKTRACK] Seq[0]: Lit=12077 Match=3 Off=3031
[BACKTRACK] Seq[1]: Lit=5534 Match=3 Off=11343
[DEBUG] compress: Block 0, NumSeq=6, NumLit=45545
[DEBUG] compress_literals: NumLit=45545, HeaderLen=3, Bytes: 98 1E 0B
[DEBUG] encode_sequences_raw: NumSeq=6, HeaderSize=2, Bytes: 06 FF 00
[DEBUG] compress: Block 0 Output Readback: 98 1E 0B A5 9B (Ptr: 0x91f37a700)
[PERF] Phase 1 (LZ77): 308 ms, Phase 2 (Encode): 1 ms
[DEBUG] compress: Phase 3 Block 0 Source: 98 1E 0B A5 9B (Ptr: 0x91f37a700)
[DEBUG] compress: Phase 3 Block 0 Dest: A5 9B 81 E8 87
[DEBUG] decompress: Block header parsed. size=45560, compressed=0, last=1, header_size=3
[DEBUG] compress: ENTRY at TOP. Size=41947
[DEBUG] compress: ENTRY. num_blocks=1, size=41947
[BACKTRACK] NumSeqs: 5
[BACKTRACK] Seq[0]: Lit=8965 Match=3 Off=7296
[BACKTRACK] Seq[1]: Lit=6980 Match=3 Off=7331
[DEBUG] compress: Block 0, NumSeq=5, NumLit=41935
[DEBUG] compress_literals: NumLit=41935, HeaderLen=3, Bytes: F8 3C 0A
[DEBUG] encode_sequences_raw: NumSeq=5, HeaderSize=2, Bytes: 05 FF 00
[DEBUG] compress: Block 0 Output Readback: F8 3C 0A 7F 63 (Ptr: 0x91f548280)
[PERF] Phase 1 (LZ77): 271 ms, Phase 2 (Encode): 3 ms
[DEBUG] compress: Phase 3 Block 0 Source: F8 3C 0A 7F 63 (Ptr: 0x91f548280)
[DEBUG] compress: Phase 3 Block 0 Dest: 7F 63 41 AD 42
[DEBUG] decompress: Block header parsed. size=41947, compressed=0, last=1, header_size=3
[DEBUG] compress: ENTRY at TOP. Size=10322
[DEBUG] compress: ENTRY. num_blocks=1, size=10322
[BACKTRACK] NumSeqs: 1
[BACKTRACK] Seq[0]: Lit=10322 Match=0 Off=0
[DEBUG] compress: Block 0, NumSeq=1, NumLit=10322
[DEBUG] compress_literals: NumLit=10322, HeaderLen=3, Bytes: 28 85 02
[DEBUG] encode_sequences_raw: NumSeq=1, HeaderSize=2, Bytes: 01 FF 00
[DEBUG] compress: Block 0 Output Readback: 28 85 02 27 D1 (Ptr: 0x91f790280)
[PERF] Phase 1 (LZ77): 74 ms, Phase 2 (Encode): 4 ms
[DEBUG] compress: Phase 3 Block 0 Source: 28 85 02 27 D1 (Ptr: 0x91f790280)
[DEBUG] compress: Phase 3 Block 0 Dest: 27 D1 28 28 FC
[DEBUG] decompress: Block header parsed. size=10322, compressed=0, last=1, header_size=3
[DEBUG] compress: ENTRY at TOP. Size=16746
[DEBUG] compress: ENTRY. num_blocks=1, size=16746
[BACKTRACK] NumSeqs: 1
[BACKTRACK] Seq[0]: Lit=16746 Match=0 Off=0
[DEBUG] compress: Block 0, NumSeq=1, NumLit=16746
[DEBUG] compress_literals: NumLit=16746, HeaderLen=3, Bytes: A8 16 04
[DEBUG] encode_sequences_raw: NumSeq=1, HeaderSize=2, Bytes: 01 FF 00
[DEBUG] compress: Block 0 Output Readback: A8 16 04 33 FD (Ptr: 0x91fbe9980)
[PERF] Phase 1 (LZ77): 108 ms, Phase 2 (Encode): 2 ms
[DEBUG] compress: Phase 3 Block 0 Source: A8 16 04 33 FD (Ptr: 0x91fbe9980)
[DEBUG] compress: Phase 3 Block 0 Dest: 33 FD 54 7A 4B
[DEBUG] decompress: Block header parsed. size=16746, compressed=0, last=1, header_size=3
[DEBUG] compress: ENTRY at TOP. Size=55889
[DEBUG] compress: ENTRY. num_blocks=1, size=55889
[BACKTRACK] NumSeqs: 21
[BACKTRACK] Seq[0]: Lit=11775 Match=3 Off=7493
[BACKTRACK] Seq[1]: Lit=1948 Match=3 Off=7546
[DEBUG] compress: Block 0, NumSeq=21, NumLit=55829
[DEBUG] compress_literals: NumLit=55829, HeaderLen=3, Bytes: 58 A1 0D
[DEBUG] encode_sequences_raw: NumSeq=21, HeaderSize=2, Bytes: 15 FF 00
[DEBUG] compress: Block 0 Output Readback: 58 A1 0D E2 E9 (Ptr: 0x92000a480)
[PERF] Phase 1 (LZ77): 373 ms, Phase 2 (Encode): 2 ms
[DEBUG] compress: Phase 3 Block 0 Source: 58 A1 0D E2 E9 (Ptr: 0x92000a480)
[DEBUG] compress: Phase 3 Block 0 Dest: E2 E9 C9 3D 6C
[DEBUG] decompress: Block header parsed. size=55889, compressed=0, last=1, header_size=3
[DEBUG] compress: ENTRY at TOP. Size=56690
[DEBUG] compress: ENTRY. num_blocks=1, size=56690
[BACKTRACK] NumSeqs: 23
[BACKTRACK] Seq[0]: Lit=1534 Match=3 Off=543
[BACKTRACK] Seq[1]: Lit=7768 Match=3 Off=6770
[DEBUG] compress: Block 0, NumSeq=23, NumLit=56624
[DEBUG] compress_literals: NumLit=56624, HeaderLen=3, Bytes: 08 D3 0D
[DEBUG] encode_sequences_raw: NumSeq=23, HeaderSize=2, Bytes: 17 FF 00
[DEBUG] compress: Block 0 Output Readback: 08 D3 0D 9B 94 (Ptr: 0x920415680)
[PERF] Phase 1 (LZ77): 398 ms, Phase 2 (Encode): 8 ms
[DEBUG] compress: Phase 3 Block 0 Source: 08 D3 0D 9B 94 (Ptr: 0x920415680)
[DEBUG] compress: Phase 3 Block 0 Dest: 9B 94 A8 DF 4E
[DEBUG] decompress: Block header parsed. size=56690, compressed=0, last=1, header_size=3
[DEBUG] compress: ENTRY at TOP. Size=3701
[DEBUG] compress: ENTRY. num_blocks=1, size=3701
[BACKTRACK] NumSeqs: 1
[BACKTRACK] Seq[0]: Lit=3701 Match=0 Off=0
[DEBUG] compress: Block 0, NumSeq=1, NumLit=3701
[DEBUG] compress_literals: NumLit=3701, HeaderLen=2, Bytes: 54 E7 00
[DEBUG] encode_sequences_raw: NumSeq=1, HeaderSize=2, Bytes: 01 FF 00
[DEBUG] compress: Block 0 Output Readback: 54 E7 B8 C9 9B (Ptr: 0x920333f80)
[PERF] Phase 1 (LZ77): 28 ms, Phase 2 (Encode): 4 ms
[DEBUG] compress: Phase 3 Block 0 Source: 54 E7 B8 C9 9B (Ptr: 0x920333f80)
[DEBUG] compress: Phase 3 Block 0 Dest: B8 C9 9B 95 B0
[DEBUG] decompress: Block header parsed. size=3701, compressed=0, last=1, header_size=3
[DEBUG] compress: ENTRY at TOP. Size=32399
[DEBUG] compress: ENTRY. num_blocks=1, size=32399
[BACKTRACK] NumSeqs: 6
[BACKTRACK] Seq[0]: Lit=3523 Match=3 Off=751
[BACKTRACK] Seq[1]: Lit=7574 Match=3 Off=9104
[DEBUG] compress: Block 0, NumSeq=6, NumLit=32384
[DEBUG] compress_literals: NumLit=32384, HeaderLen=3, Bytes: 08 E8 07
[DEBUG] encode_sequences_raw: NumSeq=6, HeaderSize=2, Bytes: 06 FF 00
[DEBUG] compress: Block 0 Output Readback: 08 E8 07 3A 42 (Ptr: 0x9208c3600)
[PERF] Phase 1 (LZ77): 225 ms, Phase 2 (Encode): 2 ms
[DEBUG] compress: Phase 3 Block 0 Source: 08 E8 07 3A 42 (Ptr: 0x9208c3600)
[DEBUG] compress: Phase 3 Block 0 Dest: 3A 42 30 9D E2
[DEBUG] decompress: Block header parsed. size=32399, compressed=0, last=1, header_size=3
[DEBUG] compress: ENTRY at TOP. Size=11701
[DEBUG] compress: ENTRY. num_blocks=1, size=11701
[BACKTRACK] NumSeqs: 2
[BACKTRACK] Seq[0]: Lit=2549 Match=3 Off=539
[BACKTRACK] Seq[1]: Lit=9149 Match=0 Off=0
[DEBUG] compress: Block 0, NumSeq=2, NumLit=11698
[DEBUG] compress_literals: NumLit=11698, HeaderLen=3, Bytes: 28 DB 02
[DEBUG] encode_sequences_raw: NumSeq=2, HeaderSize=2, Bytes: 02 FF 00
[DEBUG] compress: Block 0 Output Readback: 28 DB 02 36 79 (Ptr: 0x9209a3500)
[PERF] Phase 1 (LZ77): 74 ms, Phase 2 (Encode): 4 ms
[DEBUG] compress: Phase 3 Block 0 Source: 28 DB 02 36 79 (Ptr: 0x9209a3500)
[DEBUG] compress: Phase 3 Block 0 Dest: 36 79 E8 E4 D1
[DEBUG] decompress: Block header parsed. size=11701, compressed=0, last=1, header_size=3
[DEBUG] compress: ENTRY at TOP. Size=61274
[DEBUG] compress: ENTRY. num_blocks=1, size=61274
[BACKTRACK] NumSeqs: 19
[BACKTRACK] Seq[0]: Lit=10415 Match=3 Off=9433
[BACKTRACK] Seq[1]: Lit=5237 Match=3 Off=102
[DEBUG] compress: Block 0, NumSeq=19, NumLit=61220
[DEBUG] compress_literals: NumLit=61220, HeaderLen=3, Bytes: 48 F2 0E
[DEBUG] encode_sequences_raw: NumSeq=19, HeaderSize=2, Bytes: 13 FF 00
[DEBUG] compress: Block 0 Output Readback: 48 F2 0E D6 D2 (Ptr: 0x921055200)
[PERF] Phase 1 (LZ77): 403 ms, Phase 2 (Encode): 3 ms
[DEBUG] compress: Phase 3 Block 0 Source: 48 F2 0E D6 D2 (Ptr: 0x921055200)
[DEBUG] compress: Phase 3 Block 0 Dest: D6 D2 F8 AB 72
[DEBUG] decompress: Block header parsed. size=61274, compressed=0, last=1, header_size=3
[DEBUG] compress: ENTRY at TOP. Size=51413
[DEBUG] compress: ENTRY. num_blocks=1, size=51413
[BACKTRACK] NumSeqs: 18
[BACKTRACK] Seq[0]: Lit=3360 Match=3 Off=1501
[BACKTRACK] Seq[1]: Lit=2476 Match=3 Off=144
[DEBUG] compress: Block 0, NumSeq=18, NumLit=51362
[DEBUG] compress_literals: NumLit=51362, HeaderLen=3, Bytes: 28 8A 0C
[DEBUG] encode_sequences_raw: NumSeq=18, HeaderSize=2, Bytes: 12 FF 00
[DEBUG] compress: Block 0 Output Readback: 28 8A 0C BB 53 (Ptr: 0x9211cbf00)
[PERF] Phase 1 (LZ77): 305 ms, Phase 2 (Encode): 2 ms
[DEBUG] compress: Phase 3 Block 0 Source: 28 8A 0C BB 53 (Ptr: 0x9211cbf00)
[DEBUG] compress: Phase 3 Block 0 Dest: BB 53 91 00 4D
[DEBUG] decompress: Block header parsed. size=51413, compressed=0, last=1, header_size=3
[DEBUG] compress: ENTRY at TOP. Size=13436
[DEBUG] compress: ENTRY. num_blocks=1, size=13436
[BACKTRACK] NumSeqs: 2
[BACKTRACK] Seq[0]: Lit=4877 Match=3 Off=3903
[BACKTRACK] Seq[1]: Lit=8556 Match=0 Off=0
[DEBUG] compress: Block 0, NumSeq=2, NumLit=13433
[DEBUG] compress_literals: NumLit=13433, HeaderLen=3, Bytes: 98 47 03
[DEBUG] encode_sequences_raw: NumSeq=2, HeaderSize=2, Bytes: 02 FF 00
[DEBUG] compress: Block 0 Output Readback: 98 47 03 AC B8 (Ptr: 0x9213bb600)
[PERF] Phase 1 (LZ77): 94 ms, Phase 2 (Encode): 2 ms
[DEBUG] compress: Phase 3 Block 0 Source: 98 47 03 AC B8 (Ptr: 0x9213bb600)
[DEBUG] compress: Phase 3 Block 0 Dest: AC B8 7C D4 D3
[DEBUG] decompress: Block header parsed. size=13436, compressed=0, last=1, header_size=3
  [INFO] Passed: 100/100
  [PASS] Random Inputs Round-trip

[TEST] All Compression Levels (1-22)
[DEBUG] compress: ENTRY at TOP. Size=65536
[DEBUG] compress: ENTRY. num_blocks=1, size=65536

  Level | Ratio   | Status
  ------|---------|--------
[BACKTRACK] NumSeqs: 487
[BACKTRACK] Seq[0]: Lit=569 Match=128 Off=384
[BACKTRACK] Seq[1]: Lit=134 Match=128 Off=128
[DEBUG] compress: Block 0, NumSeq=487, NumLit=3254
[DEBUG] compress_literals: NumLit=3254, HeaderLen=2, Bytes: 64 CB 00
[DEBUG] encode_sequences_raw: NumSeq=487, HeaderSize=3, Bytes: 81 E7 FF
[DEBUG] compress: Block 0 Output Readback: 64 CB 00 01 02 (Ptr: 0x921a90600)
[PERF] Phase 1 (LZ77): 426 ms, Phase 2 (Encode): 3 ms
[DEBUG] compress: Phase 3 Block 0 Source: 64 CB 00 01 02 (Ptr: 0x921a90600)
[DEBUG] compress: Phase 3 Block 0 Dest: 64 CB 00 01 02
[DEBUG] decompress: Block header parsed. size=9103, compressed=1, last=1, header_size=3
[DEBUG] decompress: calling decompress_block at offset 10
[DEBUG] decompress_literals: input_size=9103, header: 64 CB 00 01 02
[DEBUG] decompress_literals: type=0
[DEBUG] decompress_block: Calling decompress_sequences, offset=3256, size=5847
[DEBUG] decompress_sequences: input_size=5847, header bytes: 81 E7 FF 39 02
[DEBUG] decompress_sequences: Parsed num_sequences=487, offset=2
[DEBUG] decompress_sequences: fse_modes=0xFF, offset=3
[DEBUG] decompress: decompress_block DONE. decompressed_size=65536
    Mismatch at byte 1: expected 1, got 0
      1 |    7.18 | FAIL
  [FAIL] test_all_compression_levels: Level 1 failed verification

[TEST] ZSTD Frame Format Validation
[DEBUG] compress: ENTRY at TOP. Size=1024
[DEBUG] compress: ENTRY. num_blocks=1, size=1024
[BACKTRACK] NumSeqs: 5
[BACKTRACK] Seq[0]: Lit=382 Match=128 Off=1
[BACKTRACK] Seq[1]: Lit=3 Match=128 Off=15
[DEBUG] compress: Block 0, NumSeq=5, NumLit=385
[DEBUG] compress_literals: NumLit=385, HeaderLen=2, Bytes: 14 18 00
[DEBUG] encode_sequences_raw: NumSeq=5, HeaderSize=2, Bytes: 05 FF 00
[DEBUG] compress: Block 0 Output Readback: 14 18 AA AA AA (Ptr: 0x92210ea00)
[PERF] Phase 1 (LZ77): 5 ms, Phase 2 (Encode): 2 ms
[DEBUG] compress: Phase 3 Block 0 Source: 14 18 AA AA AA (Ptr: 0x92210ea00)
[DEBUG] compress: Phase 3 Block 0 Dest: 14 18 AA AA AA
  [INFO] Magic number: 0x184d2a50
  [INFO] Note: Custom format magic (non-standard ZSTD)
  [INFO] Compressed size: 475 bytes
  [INFO] ✓ Frame format appears valid
  [PASS] Frame Format Validation

[TEST] Checksum Validation
[DEBUG] compress: ENTRY at TOP. Size=4096
[DEBUG] compress: ENTRY. num_blocks=1, size=4096
[BACKTRACK] NumSeqs: 27
[BACKTRACK] Seq[0]: Lit=511 Match=128 Off=256
[BACKTRACK] Seq[1]: Lit=68 Match=128 Off=256
[DEBUG] compress: Block 0, NumSeq=27, NumLit=641
[DEBUG] compress_literals: NumLit=641, HeaderLen=2, Bytes: 14 28 00
[DEBUG] encode_sequences_raw: NumSeq=27, HeaderSize=2, Bytes: 1B FF 00
[DEBUG] compress: Block 0 Output Readback: 14 28 00 01 02 (Ptr: 0x922539600)
[PERF] Phase 1 (LZ77): 22 ms, Phase 2 (Encode): 2 ms
[DEBUG] compress: Phase 3 Block 0 Source: 14 28 00 01 02 (Ptr: 0x922539600)
[DEBUG] compress: Phase 3 Block 0 Dest: 14 28 00 01 02
  [INFO] Compressed data size: 995 bytes
  [INFO] Note: Checksum validation via decompression round-trip
[DEBUG] decompress: Block header parsed. size=969, compressed=1, last=1, header_size=3
[DEBUG] decompress: calling decompress_block at offset 10
[DEBUG] decompress_literals: input_size=969, header: 14 28 00 01 02
[DEBUG] decompress_literals: type=0
[DEBUG] decompress_block: Calling decompress_sequences, offset=643, size=326
[DEBUG] decompress_sequences: input_size=326, header bytes: 1B FF FF 01 00
[DEBUG] decompress_sequences: Parsed num_sequences=27, offset=1
[DEBUG] decompress_sequences: fse_modes=0xFF, offset=2
[DEBUG] decompress: decompress_block DONE. decompressed_size=4096
  [INFO] ✓ Data integrity verified via round-trip
  [PASS] Checksum Validation

[TEST] Special Data Patterns
  [INFO] Testing: All zeros
[DEBUG] compress: ENTRY at TOP. Size=8192
[DEBUG] compress: ENTRY. num_blocks=1, size=8192
[BACKTRACK] NumSeqs: 46
[BACKTRACK] Seq[0]: Lit=383 Match=128 Off=1
[BACKTRACK] Seq[1]: Lit=384 Match=128 Off=514
[DEBUG] compress: Block 0, NumSeq=46, NumLit=2304
[DEBUG] compress_literals: NumLit=2304, HeaderLen=2, Bytes: 04 90 00
[DEBUG] encode_sequences_raw: NumSeq=46, HeaderSize=2, Bytes: 2E FF 00
[DEBUG] compress: Block 0 Output Readback: 04 90 00 00 00 (Ptr: 0x922772600)
[PERF] Phase 1 (LZ77): 51 ms, Phase 2 (Encode): 2 ms
[DEBUG] compress: Phase 3 Block 0 Source: 04 90 00 00 00 (Ptr: 0x922772600)
[DEBUG] compress: Phase 3 Block 0 Dest: 04 90 00 00 00
[DEBUG] decompress: Block header parsed. size=2860, compressed=1, last=1, header_size=3
[DEBUG] decompress: calling decompress_block at offset 10
[DEBUG] decompress_literals: input_size=2860, header: 04 90 00 00 00
[DEBUG] decompress_literals: type=0
[DEBUG] decompress_block: Calling decompress_sequences, offset=2306, size=554
[DEBUG] decompress_sequences: input_size=554, header bytes: 2E FF 7F 01 00
[DEBUG] decompress_sequences: Parsed num_sequences=46, offset=1
[DEBUG] decompress_sequences: fse_modes=0xFF, offset=2
[DEBUG] decompress: decompress_block DONE. decompressed_size=8192
    Mismatch at byte 0: expected 0, got 67
  [FAIL] test_special_patterns: All zeros verification failed

[TEST] Byte Alignment and Padding
[DEBUG] compress: ENTRY at TOP. Size=1
[DEBUG] compress: ENTRY. num_blocks=1, size=1
[BACKTRACK] NumSeqs: 1
[BACKTRACK] Seq[0]: Lit=1 Match=0 Off=0
[DEBUG] compress: Block 0, NumSeq=1, NumLit=1
[DEBUG] compress_literals: NumLit=1, HeaderLen=1, Bytes: 08 00 00
[DEBUG] encode_sequences_raw: NumSeq=1, HeaderSize=2, Bytes: 01 FF 00
[DEBUG] compress: Block 0 Output Readback: 08 00 01 FF 01 (Ptr: 0x923100b00)
[PERF] Phase 1 (LZ77): 0 ms, Phase 2 (Encode): 1 ms
[DEBUG] compress: Phase 3 Block 0 Source: 08 00 01 FF 01 (Ptr: 0x923100b00)
[DEBUG] compress: Phase 3 Block 0 Dest: 00 00 00 70 02
[DEBUG] decompress: Block header parsed. size=1, compressed=0, last=1, header_size=3
[DEBUG] compress: ENTRY at TOP. Size=3
[DEBUG] compress: ENTRY. num_blocks=1, size=3
[BACKTRACK] NumSeqs: 1
[BACKTRACK] Seq[0]: Lit=3 Match=0 Off=0
[DEBUG] compress: Block 0, NumSeq=1, NumLit=3
[DEBUG] compress_literals: NumLit=3, HeaderLen=1, Bytes: 18 00 00
[DEBUG] encode_sequences_raw: NumSeq=1, HeaderSize=2, Bytes: 01 FF 00
[DEBUG] compress: Block 0 Output Readback: 18 00 01 02 01 (Ptr: 0x923100b00)
[PERF] Phase 1 (LZ77): 0 ms, Phase 2 (Encode): 2 ms
[DEBUG] compress: Phase 3 Block 0 Source: 18 00 01 02 01 (Ptr: 0x923100b00)
[DEBUG] compress: Phase 3 Block 0 Dest: 00 01 02 70 02
[DEBUG] decompress: Block header parsed. size=3, compressed=0, last=1, header_size=3
[DEBUG] compress: ENTRY at TOP. Size=5
[DEBUG] compress: ENTRY. num_blocks=1, size=5
[BACKTRACK] NumSeqs: 1
[BACKTRACK] Seq[0]: Lit=5 Match=0 Off=0
[DEBUG] compress: Block 0, NumSeq=1, NumLit=5
[DEBUG] compress_literals: NumLit=5, HeaderLen=1, Bytes: 28 00 00
[DEBUG] encode_sequences_raw: NumSeq=1, HeaderSize=2, Bytes: 01 FF 00
[DEBUG] compress: Block 0 Output Readback: 28 00 01 02 03 (Ptr: 0x923100b00)
[PERF] Phase 1 (LZ77): 0 ms, Phase 2 (Encode): 2 ms
[DEBUG] compress: Phase 3 Block 0 Source: 28 00 01 02 03 (Ptr: 0x923100b00)
[DEBUG] compress: Phase 3 Block 0 Dest: 00 01 02 03 04
[DEBUG] decompress: Block header parsed. size=5, compressed=0, last=1, header_size=3
[DEBUG] compress: ENTRY at TOP. Size=7
[DEBUG] compress: ENTRY. num_blocks=1, size=7
[BACKTRACK] NumSeqs: 1
[BACKTRACK] Seq[0]: Lit=7 Match=0 Off=0
[DEBUG] compress: Block 0, NumSeq=1, NumLit=7
[DEBUG] compress_literals: NumLit=7, HeaderLen=1, Bytes: 38 00 00
[DEBUG] encode_sequences_raw: NumSeq=1, HeaderSize=2, Bytes: 01 FF 00
[DEBUG] compress: Block 0 Output Readback: 38 00 01 02 03 (Ptr: 0x923100b00)
[PERF] Phase 1 (LZ77): 0 ms, Phase 2 (Encode): 2 ms
[DEBUG] compress: Phase 3 Block 0 Source: 38 00 01 02 03 (Ptr: 0x923100b00)
[DEBUG] compress: Phase 3 Block 0 Dest: 00 01 02 03 04
[DEBUG] decompress: Block header parsed. size=7, compressed=0, last=1, header_size=3
[DEBUG] compress: ENTRY at TOP. Size=9
[DEBUG] compress: ENTRY. num_blocks=1, size=9
[BACKTRACK] NumSeqs: 1
[BACKTRACK] Seq[0]: Lit=9 Match=0 Off=0
[DEBUG] compress: Block 0, NumSeq=1, NumLit=9
[DEBUG] compress_literals: NumLit=9, HeaderLen=1, Bytes: 48 00 00
[DEBUG] encode_sequences_raw: NumSeq=1, HeaderSize=2, Bytes: 01 FF 00
[DEBUG] compress: Block 0 Output Readback: 48 00 01 02 03 (Ptr: 0x923100b80)
[PERF] Phase 1 (LZ77): 0 ms, Phase 2 (Encode): 2 ms
[DEBUG] compress: Phase 3 Block 0 Source: 48 00 01 02 03 (Ptr: 0x923100b80)
[DEBUG] compress: Phase 3 Block 0 Dest: 00 01 02 03 04
[DEBUG] decompress: Block header parsed. size=9, compressed=0, last=1, header_size=3
[DEBUG] compress: ENTRY at TOP. Size=11
[DEBUG] compress: ENTRY. num_blocks=1, size=11
[BACKTRACK] NumSeqs: 1
[BACKTRACK] Seq[0]: Lit=11 Match=0 Off=0
[DEBUG] compress: Block 0, NumSeq=1, NumLit=11
[DEBUG] compress_literals: NumLit=11, HeaderLen=1, Bytes: 58 00 00
[DEBUG] encode_sequences_raw: NumSeq=1, HeaderSize=2, Bytes: 01 FF 00
[DEBUG] compress: Block 0 Output Readback: 58 00 01 02 03 (Ptr: 0x923100b80)
[PERF] Phase 1 (LZ77): 0 ms, Phase 2 (Encode): 2 ms
[DEBUG] compress: Phase 3 Block 0 Source: 58 00 01 02 03 (Ptr: 0x923100b80)
[DEBUG] compress: Phase 3 Block 0 Dest: 00 01 02 03 04
[DEBUG] decompress: Block header parsed. size=11, compressed=0, last=1, header_size=3
[DEBUG] compress: ENTRY at TOP. Size=13
[DEBUG] compress: ENTRY. num_blocks=1, size=13
[BACKTRACK] NumSeqs: 1
[BACKTRACK] Seq[0]: Lit=13 Match=0 Off=0
[DEBUG] compress: Block 0, NumSeq=1, NumLit=13
[DEBUG] compress_literals: NumLit=13, HeaderLen=1, Bytes: 68 00 00
[DEBUG] encode_sequences_raw: NumSeq=1, HeaderSize=2, Bytes: 01 FF 00
[DEBUG] compress: Block 0 Output Readback: 68 00 01 02 03 (Ptr: 0x923100b80)
[PERF] Phase 1 (LZ77): 0 ms, Phase 2 (Encode): 2 ms
[DEBUG] compress: Phase 3 Block 0 Source: 68 00 01 02 03 (Ptr: 0x923100b80)
[DEBUG] compress: Phase 3 Block 0 Dest: 00 01 02 03 04
[DEBUG] decompress: Block header parsed. size=13, compressed=0, last=1, header_size=3
[DEBUG] compress: ENTRY at TOP. Size=15
[DEBUG] compress: ENTRY. num_blocks=1, size=15
[BACKTRACK] NumSeqs: 1
[BACKTRACK] Seq[0]: Lit=15 Match=0 Off=0
[DEBUG] compress: Block 0, NumSeq=1, NumLit=15
[DEBUG] compress_literals: NumLit=15, HeaderLen=1, Bytes: 78 00 00
[DEBUG] encode_sequences_raw: NumSeq=1, HeaderSize=2, Bytes: 01 FF 00
[DEBUG] compress: Block 0 Output Readback: 78 00 01 02 03 (Ptr: 0x923100b80)
[PERF] Phase 1 (LZ77): 0 ms, Phase 2 (Encode): 2 ms
[DEBUG] compress: Phase 3 Block 0 Source: 78 00 01 02 03 (Ptr: 0x923100b80)
[DEBUG] compress: Phase 3 Block 0 Dest: 00 01 02 03 04
[DEBUG] decompress: Block header parsed. size=15, compressed=0, last=1, header_size=3
[DEBUG] compress: ENTRY at TOP. Size=17
[DEBUG] compress: ENTRY. num_blocks=1, size=17
[BACKTRACK] NumSeqs: 1
[BACKTRACK] Seq[0]: Lit=17 Match=0 Off=0
[DEBUG] compress: Block 0, NumSeq=1, NumLit=17
[DEBUG] compress_literals: NumLit=17, HeaderLen=1, Bytes: 88 00 00
[DEBUG] encode_sequences_raw: NumSeq=1, HeaderSize=2, Bytes: 01 FF 00
[DEBUG] compress: Block 0 Output Readback: 88 00 01 02 03 (Ptr: 0x923100c80)
[PERF] Phase 1 (LZ77): 0 ms, Phase 2 (Encode): 2 ms
[DEBUG] compress: Phase 3 Block 0 Source: 88 00 01 02 03 (Ptr: 0x923100c80)
[DEBUG] compress: Phase 3 Block 0 Dest: 00 01 02 03 04
[DEBUG] decompress: Block header parsed. size=17, compressed=0, last=1, header_size=3
[DEBUG] compress: ENTRY at TOP. Size=19
[DEBUG] compress: ENTRY. num_blocks=1, size=19
[BACKTRACK] NumSeqs: 1
[BACKTRACK] Seq[0]: Lit=19 Match=0 Off=0
[DEBUG] compress: Block 0, NumSeq=1, NumLit=19
[DEBUG] compress_literals: NumLit=19, HeaderLen=1, Bytes: 98 00 00
[DEBUG] encode_sequences_raw: NumSeq=1, HeaderSize=2, Bytes: 01 FF 00
[DEBUG] compress: Block 0 Output Readback: 98 00 01 02 03 (Ptr: 0x923100c80)
[PERF] Phase 1 (LZ77): 0 ms, Phase 2 (Encode): 1 ms
[DEBUG] compress: Phase 3 Block 0 Source: 98 00 01 02 03 (Ptr: 0x923100c80)
[DEBUG] compress: Phase 3 Block 0 Dest: 00 01 02 03 04
[DEBUG] decompress: Block header parsed. size=19, compressed=0, last=1, header_size=3
  [INFO] Passed: 10/10 unaligned sizes
  [PASS] Byte Alignment

[TEST] Deterministic Compression
[DEBUG] compress: ENTRY at TOP. Size=32768
[DEBUG] compress: ENTRY. num_blocks=1, size=32768
[BACKTRACK] NumSeqs: 6
[BACKTRACK] Seq[0]: Lit=1624 Match=3 Off=1442
[BACKTRACK] Seq[1]: Lit=4580 Match=3 Off=6004
[DEBUG] compress: Block 0, NumSeq=6, NumLit=32753
[DEBUG] compress_literals: NumLit=32753, HeaderLen=3, Bytes: 18 FF 07
[DEBUG] encode_sequences_raw: NumSeq=6, HeaderSize=2, Bytes: 06 FF 00
[DEBUG] compress: Block 0 Output Readback: 18 FF 07 ED E3 (Ptr: 0x9236c8600)
[PERF] Phase 1 (LZ77): 209 ms, Phase 2 (Encode): 5 ms
[DEBUG] compress: Phase 3 Block 0 Source: 18 FF 07 ED E3 (Ptr: 0x9236c8600)
[DEBUG] compress: Phase 3 Block 0 Dest: ED E3 50 21 2F
[DEBUG] compress: ENTRY at TOP. Size=32768
[DEBUG] compress: ENTRY. num_blocks=1, size=32768
[BACKTRACK] NumSeqs: 6
[BACKTRACK] Seq[0]: Lit=1624 Match=3 Off=1442
[BACKTRACK] Seq[1]: Lit=4580 Match=3 Off=6004
[DEBUG] compress: Block 0, NumSeq=6, NumLit=32753
[DEBUG] compress_literals: NumLit=32753, HeaderLen=3, Bytes: 18 FF 07
[DEBUG] encode_sequences_raw: NumSeq=6, HeaderSize=2, Bytes: 06 FF 00
[DEBUG] compress: Block 0 Output Readback: 18 FF 07 ED E3 (Ptr: 0x9236c8600)
[PERF] Phase 1 (LZ77): 216 ms, Phase 2 (Encode): 2 ms
[DEBUG] compress: Phase 3 Block 0 Source: 18 FF 07 ED E3 (Ptr: 0x9236c8600)
[DEBUG] compress: Phase 3 Block 0 Dest: ED E3 50 21 2F
  [INFO] First compression: 32794 bytes
  [INFO] Second compression: 32794 bytes
  [INFO] ✓ Compression is deterministic (bit-exact)
  [PASS] Deterministic Compression
========================================
TEST RESULTS
========================================
Passed: 7/9
Failed: 2/9

✗ SOME TESTS FAILED
========================================
