========================================
CUDA ZSTD Correctness Tests
========================================
Using CUDA device: NVIDIA GeForce RTX 5080 Laptop GPU
Compute capability: 12.0
Total memory: 16302 MB

[TEST] Identity Property: decompress(compress(data)) == data
[DEBUG] compress: ENTRY at TOP. Size=4096
[DEBUG] compress: ENTRY. num_blocks=1, size=4096
[DEBUG] compress: Block 0, NumSeq=28, NumLit=553
[DEBUG] compress_literals: NumLit=553, HeaderLen=2, Bytes: 94 22 00
[DEBUG] encode_sequences_raw: NumSeq=28, HeaderSize=2, Bytes: 1C FF 00
[DEBUG] compress: Block 0 Output Readback: 94 22 00 1F 3E (Ptr: 0x90c139600)
[PERF] Phase 1 (LZ77): 152 ms, Phase 2 (Encode): 6 ms
[DEBUG] write_block: type=2, size=893, is_last=1, original=4096, compressed=893
[DEBUG] compress: Phase 3 Block 0 Source: 94 22 00 1F 3E (Ptr: 0x90c139600)
[DEBUG] compress: Phase 3 Block 0 Dest: 94 22 00 1F 3E
[DEBUG] decompress: Block header parsed. size=893, compressed=1, last=1, header_size=3
[DEBUG] decompress: calling decompress_block at offset 10
[DEBUG] decompress_literals: input_size=893, header: 94 22 00 1F 3E
[DEBUG] decompress_literals: type=0
[DEBUG] decompress_block: Calling decompress_sequences, offset=555, size=338
[DEBUG] decompress_sequences: input_size=338, header bytes: 1C FF 85 01 00
[DEBUG] decompress_sequences: Parsed num_sequences=28, offset=1
[DEBUG] decompress_sequences: fse_modes=0xFF, offset=2
[DEBUG] decompress: decompress_block DONE. decompressed_size=4096
  [INFO] ✓ Identity property holds
  [PASS] Identity Property

[TEST] Various Input Sizes Round-trip
  [INFO] Debugging specific size: 8192
  [INFO] Testing 1 different sizes
[DEBUG] compress: ENTRY at TOP. Size=8192
[DEBUG] compress: ENTRY. num_blocks=1, size=8192
[DEBUG] compress: Block 0, NumSeq=56, NumLit=1068
[DEBUG] compress_literals: NumLit=1068, HeaderLen=2, Bytes: C4 42 00
[DEBUG] encode_sequences_raw: NumSeq=56, HeaderSize=2, Bytes: 38 FF 00
[DEBUG] compress: Block 0 Output Readback: C4 42 00 01 02 (Ptr: 0x902f72600)
[PERF] Phase 1 (LZ77): 55 ms, Phase 2 (Encode): 1 ms
[DEBUG] write_block: type=2, size=1744, is_last=1, original=8192, compressed=1744
[DEBUG] compress: Phase 3 Block 0 Source: C4 42 00 01 02 (Ptr: 0x902f72600)
[DEBUG] compress: Phase 3 Block 0 Dest: C4 42 00 01 02
[DEBUG] decompress: Block header parsed. size=1744, compressed=1, last=1, header_size=3
[DEBUG] decompress: calling decompress_block at offset 10
[DEBUG] decompress_literals: input_size=1744, header: C4 42 00 01 02
[DEBUG] decompress_literals: type=0
[DEBUG] decompress_block: Calling decompress_sequences, offset=1070, size=674
[DEBUG] decompress_sequences: input_size=674, header bytes: 38 FF 7E 02 00
[DEBUG] decompress_sequences: Parsed num_sequences=56, offset=1
[DEBUG] decompress_sequences: fse_modes=0xFF, offset=2
[DEBUG] decompress: decompress_block DONE. decompressed_size=8192
  [PASS] Size 8192
  [INFO] Passed: 1/1
  [PASS] Various Sizes Round-trip

[TEST] Random Inputs Round-trip (1000 tests)
[DEBUG] compress: ENTRY at TOP. Size=2393
[DEBUG] compress: ENTRY. num_blocks=1, size=2393
[DEBUG] compress: Block 0, NumSeq=1, NumLit=2393
[DEBUG] compress_literals: NumLit=2393, HeaderLen=2, Bytes: 94 95 00
[DEBUG] encode_sequences_raw: NumSeq=1, HeaderSize=2, Bytes: 01 FF 00
[DEBUG] compress: Block 0 Output Readback: 94 95 8C 97 B7 (Ptr: 0x903121c00)
[PERF] Phase 1 (LZ77): 16 ms, Phase 2 (Encode): 2 ms
[DEBUG] write_block: type=0, size=2393, is_last=1, original=2393, compressed=2409
[DEBUG] compress: Phase 3 Block 0 Source: 94 95 8C 97 B7 (Ptr: 0x903121c00)
[DEBUG] compress: Phase 3 Block 0 Dest: 8C 97 B7 D8 9A
[DEBUG] decompress: Block header parsed. size=2393, compressed=0, last=1, header_size=3
[DEBUG] compress: ENTRY at TOP. Size=24949
[DEBUG] compress: ENTRY. num_blocks=1, size=24949
[DEBUG] compress: Block 0, NumSeq=5, NumLit=24937
[DEBUG] compress_literals: NumLit=24937, HeaderLen=3, Bytes: 98 16 06
[DEBUG] encode_sequences_raw: NumSeq=5, HeaderSize=2, Bytes: 05 FF 00
[DEBUG] compress: Block 0 Output Readback: 98 16 06 6A FF (Ptr: 0x90365ba80)
[PERF] Phase 1 (LZ77): 157 ms, Phase 2 (Encode): 3 ms
[DEBUG] write_block: type=0, size=24949, is_last=1, original=24949, compressed=25002
[DEBUG] compress: Phase 3 Block 0 Source: 98 16 06 6A FF (Ptr: 0x90365ba80)
[DEBUG] compress: Phase 3 Block 0 Dest: 6A FF B8 EE 00
[DEBUG] decompress: Block header parsed. size=24949, compressed=0, last=1, header_size=3
[DEBUG] compress: ENTRY at TOP. Size=45521
[DEBUG] compress: ENTRY. num_blocks=1, size=45521
[DEBUG] compress: Block 0, NumSeq=16, NumLit=45476
[DEBUG] compress_literals: NumLit=45476, HeaderLen=3, Bytes: 48 1A 0B
[DEBUG] encode_sequences_raw: NumSeq=16, HeaderSize=2, Bytes: 10 FF 00
[DEBUG] compress: Block 0 Output Readback: 48 1A 0B 6F 2F (Ptr: 0x90397a000)
[PERF] Phase 1 (LZ77): 312 ms, Phase 2 (Encode): 2 ms
[DEBUG] write_block: type=0, size=45521, is_last=1, original=45521, compressed=45673
[DEBUG] compress: Phase 3 Block 0 Source: 48 1A 0B 6F 2F (Ptr: 0x90397a000)
[DEBUG] compress: Phase 3 Block 0 Dest: 6F 2F 06 EE 8C
[DEBUG] decompress: Block header parsed. size=45521, compressed=0, last=1, header_size=3
[DEBUG] compress: ENTRY at TOP. Size=61338
[DEBUG] compress: ENTRY. num_blocks=1, size=61338
[DEBUG] compress: Block 0, NumSeq=21, NumLit=61278
[DEBUG] compress_literals: NumLit=61278, HeaderLen=3, Bytes: E8 F5 0E
[DEBUG] encode_sequences_raw: NumSeq=21, HeaderSize=2, Bytes: 15 FF 00
[DEBUG] compress: Block 0 Output Readback: E8 F5 0E 8D 12 (Ptr: 0x903e56080)
[PERF] Phase 1 (LZ77): 389 ms, Phase 2 (Encode): 2 ms
[DEBUG] write_block: type=0, size=61338, is_last=1, original=61338, compressed=61535
[DEBUG] compress: Phase 3 Block 0 Source: E8 F5 0E 8D 12 (Ptr: 0x903e56080)
[DEBUG] compress: Phase 3 Block 0 Dest: 8D 12 B5 D7 4A
[DEBUG] decompress: Block header parsed. size=61338, compressed=0, last=1, header_size=3
[DEBUG] compress: ENTRY at TOP. Size=45440
[DEBUG] compress: ENTRY. num_blocks=1, size=45440
[DEBUG] compress: Block 0, NumSeq=14, NumLit=45401
[DEBUG] compress_literals: NumLit=45401, HeaderLen=3, Bytes: 98 15 0B
[DEBUG] encode_sequences_raw: NumSeq=14, HeaderSize=2, Bytes: 0E FF 00
[DEBUG] compress: Block 0 Output Readback: 98 15 0B F7 E6 (Ptr: 0x904178b80)
[PERF] Phase 1 (LZ77): 258 ms, Phase 2 (Encode): 2 ms
[DEBUG] write_block: type=0, size=45440, is_last=1, original=45440, compressed=45574
[DEBUG] compress: Phase 3 Block 0 Source: 98 15 0B F7 E6 (Ptr: 0x904178b80)
[DEBUG] compress: Phase 3 Block 0 Dest: F7 E6 8C 2C F9
[DEBUG] decompress: Block header parsed. size=45440, compressed=0, last=1, header_size=3
[DEBUG] compress: ENTRY at TOP. Size=4481
[DEBUG] compress: ENTRY. num_blocks=1, size=4481
[DEBUG] compress: Block 0, NumSeq=1, NumLit=4481
[DEBUG] compress_literals: NumLit=4481, HeaderLen=3, Bytes: 18 18 01
[DEBUG] encode_sequences_raw: NumSeq=1, HeaderSize=2, Bytes: 01 FF 00
[DEBUG] compress: Block 0 Output Readback: 18 18 01 38 0E (Ptr: 0x90413f080)
[PERF] Phase 1 (LZ77): 27 ms, Phase 2 (Encode): 2 ms
[DEBUG] write_block: type=0, size=4481, is_last=1, original=4481, compressed=4498
[DEBUG] compress: Phase 3 Block 0 Source: 18 18 01 38 0E (Ptr: 0x90413f080)
[DEBUG] compress: Phase 3 Block 0 Dest: 38 0E DE D4 34
[DEBUG] decompress: Block header parsed. size=4481, compressed=0, last=1, header_size=3
[DEBUG] compress: ENTRY at TOP. Size=48459
[DEBUG] compress: ENTRY. num_blocks=1, size=48459
[DEBUG] compress: Block 0, NumSeq=6, NumLit=48444
[DEBUG] compress_literals: NumLit=48444, HeaderLen=3, Bytes: C8 D3 0B
[DEBUG] encode_sequences_raw: NumSeq=6, HeaderSize=2, Bytes: 06 FF 00
[DEBUG] compress: Block 0 Output Readback: C8 D3 0B E4 F2 (Ptr: 0x9047a2e80)
[PERF] Phase 1 (LZ77): 276 ms, Phase 2 (Encode): 3 ms
[DEBUG] write_block: type=0, size=48459, is_last=1, original=48459, compressed=48521
[DEBUG] compress: Phase 3 Block 0 Source: C8 D3 0B E4 F2 (Ptr: 0x9047a2e80)
[DEBUG] compress: Phase 3 Block 0 Dest: E4 F2 54 35 D2
[DEBUG] decompress: Block header parsed. size=48459, compressed=0, last=1, header_size=3
[DEBUG] compress: ENTRY at TOP. Size=40319
[DEBUG] compress: ENTRY. num_blocks=1, size=40319
[DEBUG] compress: Block 0, NumSeq=7, NumLit=40301
[DEBUG] compress_literals: NumLit=40301, HeaderLen=3, Bytes: D8 D6 09
[DEBUG] encode_sequences_raw: NumSeq=7, HeaderSize=2, Bytes: 07 FF 00
[DEBUG] compress: Block 0 Output Readback: D8 D6 09 13 3A (Ptr: 0x904931700)
[PERF] Phase 1 (LZ77): 232 ms, Phase 2 (Encode): 2 ms
[DEBUG] write_block: type=0, size=40319, is_last=1, original=40319, compressed=40390
[DEBUG] compress: Phase 3 Block 0 Source: D8 D6 09 13 3A (Ptr: 0x904931700)
[DEBUG] compress: Phase 3 Block 0 Dest: 13 3A C7 51 70
[DEBUG] decompress: Block header parsed. size=40319, compressed=0, last=1, header_size=3
[DEBUG] compress: ENTRY at TOP. Size=52485
[DEBUG] compress: ENTRY. num_blocks=1, size=52485
[DEBUG] compress: Block 0, NumSeq=9, NumLit=52461
[DEBUG] compress_literals: NumLit=52461, HeaderLen=3, Bytes: D8 CE 0C
[DEBUG] encode_sequences_raw: NumSeq=9, HeaderSize=2, Bytes: 09 FF 00
[DEBUG] compress: Block 0 Output Readback: D8 CE 0C DF 02 (Ptr: 0x904ddb000)
[PERF] Phase 1 (LZ77): 302 ms, Phase 2 (Encode): 2 ms
[DEBUG] write_block: type=0, size=52485, is_last=1, original=52485, compressed=52574
[DEBUG] compress: Phase 3 Block 0 Source: D8 CE 0C DF 02 (Ptr: 0x904ddb000)
[DEBUG] compress: Phase 3 Block 0 Dest: DF 02 F7 3D DE
[DEBUG] decompress: Block header parsed. size=52485, compressed=0, last=1, header_size=3
[DEBUG] compress: ENTRY at TOP. Size=36432
[DEBUG] compress: ENTRY. num_blocks=1, size=36432
[DEBUG] compress: Block 0, NumSeq=7, NumLit=36414
[DEBUG] compress_literals: NumLit=36414, HeaderLen=3, Bytes: E8 E3 08
[DEBUG] encode_sequences_raw: NumSeq=7, HeaderSize=2, Bytes: 07 FF 00
[DEBUG] compress: Block 0 Output Readback: E8 E3 08 02 5D (Ptr: 0x904efb800)
[PERF] Phase 1 (LZ77): 199 ms, Phase 2 (Encode): 2 ms
[DEBUG] write_block: type=0, size=36432, is_last=1, original=36432, compressed=36503
[DEBUG] compress: Phase 3 Block 0 Source: E8 E3 08 02 5D (Ptr: 0x904efb800)
[DEBUG] compress: Phase 3 Block 0 Dest: 02 5D 80 7F 7E
[DEBUG] decompress: Block header parsed. size=36432, compressed=0, last=1, header_size=3
[DEBUG] compress: ENTRY at TOP. Size=6422
[DEBUG] compress: ENTRY. num_blocks=1, size=6422
[DEBUG] compress: Block 0, NumSeq=1, NumLit=6422
[DEBUG] compress_literals: NumLit=6422, HeaderLen=3, Bytes: 68 91 01
[DEBUG] encode_sequences_raw: NumSeq=1, HeaderSize=2, Bytes: 01 FF 00
[DEBUG] compress: Block 0 Output Readback: 68 91 01 C5 4C (Ptr: 0x905159d80)
[PERF] Phase 1 (LZ77): 36 ms, Phase 2 (Encode): 2 ms
[DEBUG] write_block: type=0, size=6422, is_last=1, original=6422, compressed=6439
[DEBUG] compress: Phase 3 Block 0 Source: 68 91 01 C5 4C (Ptr: 0x905159d80)
[DEBUG] compress: Phase 3 Block 0 Dest: C5 4C 05 7E A2
[DEBUG] decompress: Block header parsed. size=6422, compressed=0, last=1, header_size=3
[DEBUG] compress: ENTRY at TOP. Size=41741
[DEBUG] compress: ENTRY. num_blocks=1, size=41741
[DEBUG] compress: Block 0, NumSeq=5, NumLit=41729
[DEBUG] compress_literals: NumLit=41729, HeaderLen=3, Bytes: 18 30 0A
[DEBUG] encode_sequences_raw: NumSeq=5, HeaderSize=2, Bytes: 05 FF 00
[DEBUG] compress: Block 0 Output Readback: 18 30 0A 2E 11 (Ptr: 0x905745680)
[PERF] Phase 1 (LZ77): 235 ms, Phase 2 (Encode): 2 ms
[DEBUG] write_block: type=0, size=41741, is_last=1, original=41741, compressed=41794
[DEBUG] compress: Phase 3 Block 0 Source: 18 30 0A 2E 11 (Ptr: 0x905745680)
[DEBUG] compress: Phase 3 Block 0 Dest: 2E 11 04 AA 76
[DEBUG] decompress: Block header parsed. size=41741, compressed=0, last=1, header_size=3
[DEBUG] compress: ENTRY at TOP. Size=22585
[DEBUG] compress: ENTRY. num_blocks=1, size=22585
[DEBUG] compress: Block 0, NumSeq=7, NumLit=22567
[DEBUG] compress_literals: NumLit=22567, HeaderLen=3, Bytes: 78 82 05
[DEBUG] encode_sequences_raw: NumSeq=7, HeaderSize=2, Bytes: 07 FF 00
[DEBUG] compress: Block 0 Output Readback: 78 82 05 27 72 (Ptr: 0x90583ac00)
[PERF] Phase 1 (LZ77): 124 ms, Phase 2 (Encode): 2 ms
[DEBUG] write_block: type=0, size=22585, is_last=1, original=22585, compressed=22656
[DEBUG] compress: Phase 3 Block 0 Source: 78 82 05 27 72 (Ptr: 0x90583ac00)
[DEBUG] compress: Phase 3 Block 0 Dest: 27 72 BD DF 43
[DEBUG] decompress: Block header parsed. size=22585, compressed=0, last=1, header_size=3
[DEBUG] compress: ENTRY at TOP. Size=17361
[DEBUG] compress: ENTRY. num_blocks=1, size=17361
[DEBUG] compress: Block 0, NumSeq=1, NumLit=17361
[DEBUG] compress_literals: NumLit=17361, HeaderLen=3, Bytes: 18 3D 04
[DEBUG] encode_sequences_raw: NumSeq=1, HeaderSize=2, Bytes: 01 FF 00
[DEBUG] compress: Block 0 Output Readback: 18 3D 04 C7 9B (Ptr: 0x905bf2200)
[PERF] Phase 1 (LZ77): 107 ms, Phase 2 (Encode): 3 ms
[DEBUG] write_block: type=0, size=17361, is_last=1, original=17361, compressed=17378
[DEBUG] compress: Phase 3 Block 0 Source: 18 3D 04 C7 9B (Ptr: 0x905bf2200)
[DEBUG] compress: Phase 3 Block 0 Dest: C7 9B 3C DC D3
[DEBUG] decompress: Block header parsed. size=17361, compressed=0, last=1, header_size=3
[DEBUG] compress: ENTRY at TOP. Size=51057
[DEBUG] compress: ENTRY. num_blocks=1, size=51057
[DEBUG] compress: Block 0, NumSeq=22, NumLit=50994
[DEBUG] compress_literals: NumLit=50994, HeaderLen=3, Bytes: 28 73 0C
[DEBUG] encode_sequences_raw: NumSeq=22, HeaderSize=2, Bytes: 16 FF 00
[DEBUG] compress: Block 0 Output Readback: 28 73 0C 83 EC (Ptr: 0x905fc7080)
[PERF] Phase 1 (LZ77): 291 ms, Phase 2 (Encode): 2 ms
[DEBUG] write_block: type=0, size=51057, is_last=1, original=51057, compressed=51263
[DEBUG] compress: Phase 3 Block 0 Source: 28 73 0C 83 EC (Ptr: 0x905fc7080)
[DEBUG] compress: Phase 3 Block 0 Dest: 83 EC C5 A8 DE
[DEBUG] decompress: Block header parsed. size=51057, compressed=0, last=1, header_size=3
[DEBUG] compress: ENTRY at TOP. Size=5693
[DEBUG] compress: ENTRY. num_blocks=1, size=5693
[DEBUG] compress: Block 0, NumSeq=1, NumLit=5693
[DEBUG] compress_literals: NumLit=5693, HeaderLen=3, Bytes: D8 63 01
[DEBUG] encode_sequences_raw: NumSeq=1, HeaderSize=2, Bytes: 01 FF 00
[DEBUG] compress: Block 0 Output Readback: D8 63 01 D9 D0 (Ptr: 0x90614fa00)
[PERF] Phase 1 (LZ77): 32 ms, Phase 2 (Encode): 1 ms
[DEBUG] write_block: type=0, size=5693, is_last=1, original=5693, compressed=5710
[DEBUG] compress: Phase 3 Block 0 Source: D8 63 01 D9 D0 (Ptr: 0x90614fa00)
[DEBUG] compress: Phase 3 Block 0 Dest: D9 D0 2D 97 0D
[DEBUG] decompress: Block header parsed. size=5693, compressed=0, last=1, header_size=3
[DEBUG] compress: ENTRY at TOP. Size=64772
[DEBUG] compress: ENTRY. num_blocks=1, size=64772
[DEBUG] compress: Block 0, NumSeq=16, NumLit=64727
[DEBUG] compress_literals: NumLit=64727, HeaderLen=3, Bytes: 78 CD 0F
[DEBUG] encode_sequences_raw: NumSeq=16, HeaderSize=2, Bytes: 10 FF 00
[DEBUG] compress: Block 0 Output Readback: 78 CD 0F 39 53 (Ptr: 0x906686000)
[PERF] Phase 1 (LZ77): 371 ms, Phase 2 (Encode): 3 ms
[DEBUG] write_block: type=0, size=64772, is_last=1, original=64772, compressed=64924
[DEBUG] compress: Phase 3 Block 0 Source: 78 CD 0F 39 53 (Ptr: 0x906686000)
[DEBUG] compress: Phase 3 Block 0 Dest: 39 53 85 0E 8C
[DEBUG] decompress: Block header parsed. size=64772, compressed=0, last=1, header_size=3
[DEBUG] compress: ENTRY at TOP. Size=10263
[DEBUG] compress: ENTRY. num_blocks=1, size=10263
[DEBUG] compress: Block 0, NumSeq=1, NumLit=10263
[DEBUG] compress_literals: NumLit=10263, HeaderLen=3, Bytes: 78 81 02
[DEBUG] encode_sequences_raw: NumSeq=1, HeaderSize=2, Bytes: 01 FF 00
[DEBUG] compress: Block 0 Output Readback: 78 81 02 4B 2E (Ptr: 0x90678f480)
[PERF] Phase 1 (LZ77): 59 ms, Phase 2 (Encode): 2 ms
[DEBUG] write_block: type=0, size=10263, is_last=1, original=10263, compressed=10280
[DEBUG] compress: Phase 3 Block 0 Source: 78 81 02 4B 2E (Ptr: 0x90678f480)
[DEBUG] compress: Phase 3 Block 0 Dest: 4B 2E 87 D8 31
[DEBUG] decompress: Block header parsed. size=10263, compressed=0, last=1, header_size=3
[DEBUG] compress: ENTRY at TOP. Size=50862
[DEBUG] compress: ENTRY. num_blocks=1, size=50862
[DEBUG] compress: Block 0, NumSeq=18, NumLit=50811
[DEBUG] compress_literals: NumLit=50811, HeaderLen=3, Bytes: B8 67 0C
[DEBUG] encode_sequences_raw: NumSeq=18, HeaderSize=2, Bytes: 12 FF 00
[DEBUG] compress: Block 0 Output Readback: B8 67 0C A6 13 (Ptr: 0x906dc4500)
[PERF] Phase 1 (LZ77): 280 ms, Phase 2 (Encode): 5 ms
[DEBUG] write_block: type=0, size=50862, is_last=1, original=50862, compressed=51032
[DEBUG] compress: Phase 3 Block 0 Source: B8 67 0C A6 13 (Ptr: 0x906dc4500)
[DEBUG] compress: Phase 3 Block 0 Dest: A6 13 81 6E E0
[DEBUG] decompress: Block header parsed. size=50862, compressed=0, last=1, header_size=3
[DEBUG] compress: ENTRY at TOP. Size=38972
[DEBUG] compress: ENTRY. num_blocks=1, size=38972
[DEBUG] compress: Block 0, NumSeq=8, NumLit=38951
[DEBUG] compress_literals: NumLit=38951, HeaderLen=3, Bytes: 78 82 09
[DEBUG] encode_sequences_raw: NumSeq=8, HeaderSize=2, Bytes: 08 FF 00
[DEBUG] compress: Block 0 Output Readback: 78 82 09 18 6E (Ptr: 0x906f1ec00)
[PERF] Phase 1 (LZ77): 235 ms, Phase 2 (Encode): 3 ms
[DEBUG] write_block: type=0, size=38972, is_last=1, original=38972, compressed=39052
[DEBUG] compress: Phase 3 Block 0 Source: 78 82 09 18 6E (Ptr: 0x906f1ec00)
[DEBUG] compress: Phase 3 Block 0 Dest: 18 6E C2 69 3F
[DEBUG] decompress: Block header parsed. size=38972, compressed=0, last=1, header_size=3
[DEBUG] compress: ENTRY at TOP. Size=18707
[DEBUG] compress: ENTRY. num_blocks=1, size=18707
[DEBUG] compress: Block 0, NumSeq=1, NumLit=18707
[DEBUG] compress_literals: NumLit=18707, HeaderLen=3, Bytes: 38 91 04
[DEBUG] encode_sequences_raw: NumSeq=1, HeaderSize=2, Bytes: 01 FF 00
[DEBUG] compress: Block 0 Output Readback: 38 91 04 96 E3 (Ptr: 0x907204d80)
[PERF] Phase 1 (LZ77): 103 ms, Phase 2 (Encode): 2 ms
[DEBUG] write_block: type=0, size=18707, is_last=1, original=18707, compressed=18724
[DEBUG] compress: Phase 3 Block 0 Source: 38 91 04 96 E3 (Ptr: 0x907204d80)
[DEBUG] compress: Phase 3 Block 0 Dest: 96 E3 E5 F4 E4
[DEBUG] decompress: Block header parsed. size=18707, compressed=0, last=1, header_size=3
[DEBUG] compress: ENTRY at TOP. Size=57362
[DEBUG] compress: ENTRY. num_blocks=1, size=57362
[DEBUG] compress: Block 0, NumSeq=18, NumLit=57311
[DEBUG] compress_literals: NumLit=57311, HeaderLen=3, Bytes: F8 FD 0D
[DEBUG] encode_sequences_raw: NumSeq=18, HeaderSize=2, Bytes: 12 FF 00
[DEBUG] compress: Block 0 Output Readback: F8 FD 0D 0C CC (Ptr: 0x90761ec80)
[PERF] Phase 1 (LZ77): 335 ms, Phase 2 (Encode): 3 ms
[DEBUG] write_block: type=0, size=57362, is_last=1, original=57362, compressed=57532
[DEBUG] compress: Phase 3 Block 0 Source: F8 FD 0D 0C CC (Ptr: 0x90761ec80)
[DEBUG] compress: Phase 3 Block 0 Dest: 0C CC 4A AE B8
[DEBUG] decompress: Block header parsed. size=57362, compressed=0, last=1, header_size=3
[DEBUG] compress: ENTRY at TOP. Size=4623
[DEBUG] compress: ENTRY. num_blocks=1, size=4623
[DEBUG] compress: Block 0, NumSeq=3, NumLit=4617
[DEBUG] compress_literals: NumLit=4617, HeaderLen=3, Bytes: 98 20 01
[DEBUG] encode_sequences_raw: NumSeq=3, HeaderSize=2, Bytes: 03 FF 00
[DEBUG] compress: Block 0 Output Readback: 98 20 01 35 B3 (Ptr: 0x907740d80)
[PERF] Phase 1 (LZ77): 28 ms, Phase 2 (Encode): 2 ms
[DEBUG] write_block: type=0, size=4623, is_last=1, original=4623, compressed=4658
[DEBUG] compress: Phase 3 Block 0 Source: 98 20 01 35 B3 (Ptr: 0x907740d80)
[DEBUG] compress: Phase 3 Block 0 Dest: 35 B3 7B BB 6B
[DEBUG] decompress: Block header parsed. size=4623, compressed=0, last=1, header_size=3
[DEBUG] compress: ENTRY at TOP. Size=50178
[DEBUG] compress: ENTRY. num_blocks=1, size=50178
[DEBUG] compress: Block 0, NumSeq=17, NumLit=50130
[DEBUG] compress_literals: NumLit=50130, HeaderLen=3, Bytes: 28 3D 0C
[DEBUG] encode_sequences_raw: NumSeq=17, HeaderSize=2, Bytes: 11 FF 00
[DEBUG] compress: Block 0 Output Readback: 28 3D 0C 84 AB (Ptr: 0x907bbaf00)
[PERF] Phase 1 (LZ77): 316 ms, Phase 2 (Encode): 2 ms
[DEBUG] write_block: type=0, size=50178, is_last=1, original=50178, compressed=50339
[DEBUG] compress: Phase 3 Block 0 Source: 28 3D 0C 84 AB (Ptr: 0x907bbaf00)
[DEBUG] compress: Phase 3 Block 0 Dest: 84 AB F2 2F C3
[DEBUG] decompress: Block header parsed. size=50178, compressed=0, last=1, header_size=3
[DEBUG] compress: ENTRY at TOP. Size=43218
[DEBUG] compress: ENTRY. num_blocks=1, size=43218
[DEBUG] compress: Block 0, NumSeq=11, NumLit=43188
[DEBUG] compress_literals: NumLit=43188, HeaderLen=3, Bytes: 48 8B 0A
[DEBUG] encode_sequences_raw: NumSeq=11, HeaderSize=2, Bytes: 0B FF 00
[DEBUG] compress: Block 0 Output Readback: 48 8B 0A F5 4B (Ptr: 0x907f59f00)
[PERF] Phase 1 (LZ77): 265 ms, Phase 2 (Encode): 2 ms
[DEBUG] write_block: type=0, size=43218, is_last=1, original=43218, compressed=43325
[DEBUG] compress: Phase 3 Block 0 Source: 48 8B 0A F5 4B (Ptr: 0x907f59f00)
[DEBUG] compress: Phase 3 Block 0 Dest: F5 4B B3 0D FF
[DEBUG] decompress: Block header parsed. size=43218, compressed=0, last=1, header_size=3
[DEBUG] compress: ENTRY at TOP. Size=59772
[DEBUG] compress: ENTRY. num_blocks=1, size=59772
[DEBUG] compress: Block 0, NumSeq=23, NumLit=59706
[DEBUG] compress_literals: NumLit=59706, HeaderLen=3, Bytes: A8 93 0E
[DEBUG] encode_sequences_raw: NumSeq=23, HeaderSize=2, Bytes: 17 FF 00
[DEBUG] compress: Block 0 Output Readback: A8 93 0E DE B2 (Ptr: 0x908240300)
[PERF] Phase 1 (LZ77): 382 ms, Phase 2 (Encode): 3 ms
[DEBUG] write_block: type=0, size=59772, is_last=1, original=59772, compressed=59987
[DEBUG] compress: Phase 3 Block 0 Source: A8 93 0E DE B2 (Ptr: 0x908240300)
[DEBUG] compress: Phase 3 Block 0 Dest: DE B2 95 6E 47
[DEBUG] decompress: Block header parsed. size=59772, compressed=0, last=1, header_size=3
[DEBUG] compress: ENTRY at TOP. Size=39069
[DEBUG] compress: ENTRY. num_blocks=1, size=39069
[DEBUG] compress: Block 0, NumSeq=7, NumLit=39051
[DEBUG] compress_literals: NumLit=39051, HeaderLen=3, Bytes: B8 88 09
[DEBUG] encode_sequences_raw: NumSeq=7, HeaderSize=2, Bytes: 07 FF 00
[DEBUG] compress: Block 0 Output Readback: B8 88 09 4E B6 (Ptr: 0x908520180)
[PERF] Phase 1 (LZ77): 213 ms, Phase 2 (Encode): 1 ms
[DEBUG] write_block: type=0, size=39069, is_last=1, original=39069, compressed=39140
[DEBUG] compress: Phase 3 Block 0 Source: B8 88 09 4E B6 (Ptr: 0x908520180)
[DEBUG] compress: Phase 3 Block 0 Dest: 4E B6 84 4B C4
[DEBUG] decompress: Block header parsed. size=39069, compressed=0, last=1, header_size=3
[DEBUG] compress: ENTRY at TOP. Size=10894
[DEBUG] compress: ENTRY. num_blocks=1, size=10894
[DEBUG] compress: Block 0, NumSeq=1, NumLit=10894
[DEBUG] compress_literals: NumLit=10894, HeaderLen=3, Bytes: E8 A8 02
[DEBUG] encode_sequences_raw: NumSeq=1, HeaderSize=2, Bytes: 01 FF 00
[DEBUG] compress: Block 0 Output Readback: E8 A8 02 6C 7B (Ptr: 0x908798200)
[PERF] Phase 1 (LZ77): 69 ms, Phase 2 (Encode): 2 ms
[DEBUG] write_block: type=0, size=10894, is_last=1, original=10894, compressed=10911
[DEBUG] compress: Phase 3 Block 0 Source: E8 A8 02 6C 7B (Ptr: 0x908798200)
[DEBUG] compress: Phase 3 Block 0 Dest: 6C 7B D0 EA BC
[DEBUG] decompress: Block header parsed. size=10894, compressed=0, last=1, header_size=3
[DEBUG] compress: ENTRY at TOP. Size=61097
[DEBUG] compress: ENTRY. num_blocks=1, size=61097
[DEBUG] compress: Block 0, NumSeq=12, NumLit=61064
[DEBUG] compress_literals: NumLit=61064, HeaderLen=3, Bytes: 88 E8 0E
[DEBUG] encode_sequences_raw: NumSeq=12, HeaderSize=2, Bytes: 0C FF 00
[DEBUG] compress: Block 0 Output Readback: 88 E8 0E BA 2B (Ptr: 0x908c52d00)
[PERF] Phase 1 (LZ77): 378 ms, Phase 2 (Encode): 2 ms
[DEBUG] write_block: type=0, size=61097, is_last=1, original=61097, compressed=61213
[DEBUG] compress: Phase 3 Block 0 Source: 88 E8 0E BA 2B (Ptr: 0x908c52d00)
[DEBUG] compress: Phase 3 Block 0 Dest: BA 2B 8F 49 1F
[DEBUG] decompress: Block header parsed. size=61097, compressed=0, last=1, header_size=3
[DEBUG] compress: ENTRY at TOP. Size=37658
[DEBUG] compress: ENTRY. num_blocks=1, size=37658
[DEBUG] compress: Block 0, NumSeq=6, NumLit=37643
[DEBUG] compress_literals: NumLit=37643, HeaderLen=3, Bytes: B8 30 09
[DEBUG] encode_sequences_raw: NumSeq=6, HeaderSize=2, Bytes: 06 FF 00
[DEBUG] compress: Block 0 Output Readback: B8 30 09 DD CC (Ptr: 0x908f0c800)
[PERF] Phase 1 (LZ77): 215 ms, Phase 2 (Encode): 2 ms
[DEBUG] write_block: type=0, size=37658, is_last=1, original=37658, compressed=37720
[DEBUG] compress: Phase 3 Block 0 Source: B8 30 09 DD CC (Ptr: 0x908f0c800)
[DEBUG] compress: Phase 3 Block 0 Dest: DD CC 48 58 12
[DEBUG] decompress: Block header parsed. size=37658, compressed=0, last=1, header_size=3
[DEBUG] compress: ENTRY at TOP. Size=58601
[DEBUG] compress: ENTRY. num_blocks=1, size=58601
[DEBUG] compress: Block 0, NumSeq=21, NumLit=58541
[DEBUG] compress_literals: NumLit=58541, HeaderLen=3, Bytes: D8 4A 0E
[DEBUG] encode_sequences_raw: NumSeq=21, HeaderSize=2, Bytes: 15 FF 00
[DEBUG] compress: Block 0 Output Readback: D8 4A 0E A4 EA (Ptr: 0x909230100)
[PERF] Phase 1 (LZ77): 352 ms, Phase 2 (Encode): 2 ms
[DEBUG] write_block: type=0, size=58601, is_last=1, original=58601, compressed=58798
[DEBUG] compress: Phase 3 Block 0 Source: D8 4A 0E A4 EA (Ptr: 0x909230100)
[DEBUG] compress: Phase 3 Block 0 Dest: A4 EA 61 37 A9
[DEBUG] decompress: Block header parsed. size=58601, compressed=0, last=1, header_size=3
[DEBUG] compress: ENTRY at TOP. Size=16867
[DEBUG] compress: ENTRY. num_blocks=1, size=16867
[DEBUG] compress: Block 0, NumSeq=2, NumLit=16864
[DEBUG] compress_literals: NumLit=16864, HeaderLen=3, Bytes: 08 1E 04
[DEBUG] encode_sequences_raw: NumSeq=2, HeaderSize=2, Bytes: 02 FF 00
[DEBUG] compress: Block 0 Output Readback: 08 1E 04 49 07 (Ptr: 0x9093eb580)
[PERF] Phase 1 (LZ77): 132 ms, Phase 2 (Encode): 3 ms
[DEBUG] write_block: type=0, size=16867, is_last=1, original=16867, compressed=16893
[DEBUG] compress: Phase 3 Block 0 Source: 08 1E 04 49 07 (Ptr: 0x9093eb580)
[DEBUG] compress: Phase 3 Block 0 Dest: 49 07 F5 52 C5
[DEBUG] decompress: Block header parsed. size=16867, compressed=0, last=1, header_size=3
[DEBUG] compress: ENTRY at TOP. Size=22333
[DEBUG] compress: ENTRY. num_blocks=1, size=22333
[DEBUG] compress: Block 0, NumSeq=3, NumLit=22327
[DEBUG] compress_literals: NumLit=22327, HeaderLen=3, Bytes: 78 73 05
[DEBUG] encode_sequences_raw: NumSeq=3, HeaderSize=2, Bytes: 03 FF 00
[DEBUG] compress: Block 0 Output Readback: 78 73 05 DB 0F (Ptr: 0x909637300)
[PERF] Phase 1 (LZ77): 132 ms, Phase 2 (Encode): 2 ms
[DEBUG] write_block: type=0, size=22333, is_last=1, original=22333, compressed=22368
[DEBUG] compress: Phase 3 Block 0 Source: 78 73 05 DB 0F (Ptr: 0x909637300)
[DEBUG] compress: Phase 3 Block 0 Dest: DB 0F 5F 6B 8E
[DEBUG] decompress: Block header parsed. size=22333, compressed=0, last=1, header_size=3
[DEBUG] compress: ENTRY at TOP. Size=4513
[DEBUG] compress: ENTRY. num_blocks=1, size=4513
[DEBUG] compress: Block 0, NumSeq=1, NumLit=4513
[DEBUG] compress_literals: NumLit=4513, HeaderLen=3, Bytes: 18 1A 01
[DEBUG] encode_sequences_raw: NumSeq=1, HeaderSize=2, Bytes: 01 FF 00
[DEBUG] compress: Block 0 Output Readback: 18 1A 01 3F B0 (Ptr: 0x90993f780)
[PERF] Phase 1 (LZ77): 28 ms, Phase 2 (Encode): 2 ms
[DEBUG] write_block: type=0, size=4513, is_last=1, original=4513, compressed=4530
[DEBUG] compress: Phase 3 Block 0 Source: 18 1A 01 3F B0 (Ptr: 0x90993f780)
[DEBUG] compress: Phase 3 Block 0 Dest: 3F B0 73 AB 69
[DEBUG] decompress: Block header parsed. size=4513, compressed=0, last=1, header_size=3
[DEBUG] compress: ENTRY at TOP. Size=44777
[DEBUG] compress: ENTRY. num_blocks=1, size=44777
[DEBUG] compress: Block 0, NumSeq=10, NumLit=44750
[DEBUG] compress_literals: NumLit=44750, HeaderLen=3, Bytes: E8 EC 0A
[DEBUG] encode_sequences_raw: NumSeq=10, HeaderSize=2, Bytes: 0A FF 00
[DEBUG] compress: Block 0 Output Readback: E8 EC 0A 09 32 (Ptr: 0x909f6fb00)
[PERF] Phase 1 (LZ77): 272 ms, Phase 2 (Encode): 2 ms
[DEBUG] write_block: type=0, size=44777, is_last=1, original=44777, compressed=44875
[DEBUG] compress: Phase 3 Block 0 Source: E8 EC 0A 09 32 (Ptr: 0x909f6fb00)
[DEBUG] compress: Phase 3 Block 0 Dest: 09 32 C7 6C 17
[DEBUG] decompress: Block header parsed. size=44777, compressed=0, last=1, header_size=3
[DEBUG] compress: ENTRY at TOP. Size=5660
[DEBUG] compress: ENTRY. num_blocks=1, size=5660
[DEBUG] compress: Block 0, NumSeq=1, NumLit=5660
[DEBUG] compress_literals: NumLit=5660, HeaderLen=3, Bytes: C8 61 01
[DEBUG] encode_sequences_raw: NumSeq=1, HeaderSize=2, Bytes: 01 FF 00
[DEBUG] compress: Block 0 Output Readback: C8 61 01 75 73 (Ptr: 0x909f4f300)
[PERF] Phase 1 (LZ77): 33 ms, Phase 2 (Encode): 2 ms
[DEBUG] write_block: type=0, size=5660, is_last=1, original=5660, compressed=5677
[DEBUG] compress: Phase 3 Block 0 Source: C8 61 01 75 73 (Ptr: 0x909f4f300)
[DEBUG] compress: Phase 3 Block 0 Dest: 75 73 4E AD 3B
[DEBUG] decompress: Block header parsed. size=5660, compressed=0, last=1, header_size=3
[DEBUG] compress: ENTRY at TOP. Size=48370
[DEBUG] compress: ENTRY. num_blocks=1, size=48370
[DEBUG] compress: Block 0, NumSeq=16, NumLit=48325
[DEBUG] compress_literals: NumLit=48325, HeaderLen=3, Bytes: 58 CC 0B
[DEBUG] encode_sequences_raw: NumSeq=16, HeaderSize=2, Bytes: 10 FF 00
[DEBUG] compress: Block 0 Output Readback: 58 CC 0B BA 16 (Ptr: 0x90a5a1a00)
[PERF] Phase 1 (LZ77): 281 ms, Phase 2 (Encode): 3 ms
[DEBUG] write_block: type=0, size=48370, is_last=1, original=48370, compressed=48522
[DEBUG] compress: Phase 3 Block 0 Source: 58 CC 0B BA 16 (Ptr: 0x90a5a1a00)
[DEBUG] compress: Phase 3 Block 0 Dest: BA 16 9A B7 F3
[DEBUG] decompress: Block header parsed. size=48370, compressed=0, last=1, header_size=3
[DEBUG] compress: ENTRY at TOP. Size=10449
[DEBUG] compress: ENTRY. num_blocks=1, size=10449
[DEBUG] compress: Block 0, NumSeq=1, NumLit=10449
[DEBUG] compress_literals: NumLit=10449, HeaderLen=3, Bytes: 18 8D 02
[DEBUG] encode_sequences_raw: NumSeq=1, HeaderSize=2, Bytes: 01 FF 00
[DEBUG] compress: Block 0 Output Readback: 18 8D 02 F1 23 (Ptr: 0x90a591f00)
[PERF] Phase 1 (LZ77): 58 ms, Phase 2 (Encode): 2 ms
[DEBUG] write_block: type=0, size=10449, is_last=1, original=10449, compressed=10466
[DEBUG] compress: Phase 3 Block 0 Source: 18 8D 02 F1 23 (Ptr: 0x90a591f00)
[DEBUG] compress: Phase 3 Block 0 Dest: F1 23 76 86 31
[DEBUG] decompress: Block header parsed. size=10449, compressed=0, last=1, header_size=3
[DEBUG] compress: ENTRY at TOP. Size=9763
[DEBUG] compress: ENTRY. num_blocks=1, size=9763
[DEBUG] compress: Block 0, NumSeq=1, NumLit=9763
[DEBUG] compress_literals: NumLit=9763, HeaderLen=3, Bytes: 38 62 02
[DEBUG] encode_sequences_raw: NumSeq=1, HeaderSize=2, Bytes: 01 FF 00
[DEBUG] compress: Block 0 Output Readback: 38 62 02 62 E5 (Ptr: 0x90a988800)
[PERF] Phase 1 (LZ77): 54 ms, Phase 2 (Encode): 2 ms
[DEBUG] write_block: type=0, size=9763, is_last=1, original=9763, compressed=9780
[DEBUG] compress: Phase 3 Block 0 Source: 38 62 02 62 E5 (Ptr: 0x90a988800)
[DEBUG] compress: Phase 3 Block 0 Dest: 62 E5 DC E9 F1
[DEBUG] decompress: Block header parsed. size=9763, compressed=0, last=1, header_size=3
[DEBUG] compress: ENTRY at TOP. Size=23831
[DEBUG] compress: ENTRY. num_blocks=1, size=23831
[DEBUG] compress: Block 0, NumSeq=2, NumLit=23828
[DEBUG] compress_literals: NumLit=23828, HeaderLen=3, Bytes: 48 D1 05
[DEBUG] encode_sequences_raw: NumSeq=2, HeaderSize=2, Bytes: 02 FF 00
[DEBUG] compress: Block 0 Output Readback: 48 D1 05 8C 01 (Ptr: 0x90ac4c180)
[PERF] Phase 1 (LZ77): 135 ms, Phase 2 (Encode): 2 ms
[DEBUG] write_block: type=0, size=23831, is_last=1, original=23831, compressed=23857
[DEBUG] compress: Phase 3 Block 0 Source: 48 D1 05 8C 01 (Ptr: 0x90ac4c180)
[DEBUG] compress: Phase 3 Block 0 Dest: 8C 01 CC CF D2
[DEBUG] decompress: Block header parsed. size=23831, compressed=0, last=1, header_size=3
[DEBUG] compress: ENTRY at TOP. Size=46805
[DEBUG] compress: ENTRY. num_blocks=1, size=46805
[DEBUG] compress: Block 0, NumSeq=9, NumLit=46781
[DEBUG] compress_literals: NumLit=46781, HeaderLen=3, Bytes: D8 6B 0B
[DEBUG] encode_sequences_raw: NumSeq=9, HeaderSize=2, Bytes: 09 FF 00
[DEBUG] compress: Block 0 Output Readback: D8 6B 0B 68 A4 (Ptr: 0x90b18bd00)
[PERF] Phase 1 (LZ77): 262 ms, Phase 2 (Encode): 2 ms
[DEBUG] write_block: type=0, size=46805, is_last=1, original=46805, compressed=46894
[DEBUG] compress: Phase 3 Block 0 Source: D8 6B 0B 68 A4 (Ptr: 0x90b18bd00)
[DEBUG] compress: Phase 3 Block 0 Dest: 68 A4 0E 1C C9
[DEBUG] decompress: Block header parsed. size=46805, compressed=0, last=1, header_size=3
[DEBUG] compress: ENTRY at TOP. Size=57688
[DEBUG] compress: ENTRY. num_blocks=1, size=57688
[DEBUG] compress: Block 0, NumSeq=17, NumLit=57640
[DEBUG] compress_literals: NumLit=57640, HeaderLen=3, Bytes: 88 12 0E
[DEBUG] encode_sequences_raw: NumSeq=17, HeaderSize=2, Bytes: 11 FF 00
[DEBUG] compress: Block 0 Output Readback: 88 12 0E 40 AE (Ptr: 0x90b423380)
[PERF] Phase 1 (LZ77): 316 ms, Phase 2 (Encode): 2 ms
[DEBUG] write_block: type=0, size=57688, is_last=1, original=57688, compressed=57849
[DEBUG] compress: Phase 3 Block 0 Source: 88 12 0E 40 AE (Ptr: 0x90b423380)
[DEBUG] compress: Phase 3 Block 0 Dest: 40 AE 0B 52 AD
[DEBUG] decompress: Block header parsed. size=57688, compressed=0, last=1, header_size=3
[DEBUG] compress: ENTRY at TOP. Size=16350
[DEBUG] compress: ENTRY. num_blocks=1, size=16350
[DEBUG] compress: Block 0, NumSeq=1, NumLit=16350
[DEBUG] compress_literals: NumLit=16350, HeaderLen=3, Bytes: E8 FD 03
[DEBUG] encode_sequences_raw: NumSeq=1, HeaderSize=2, Bytes: 01 FF 00
[DEBUG] compress: Block 0 Output Readback: E8 FD 03 5F CB (Ptr: 0x90b5e3e80)
[PERF] Phase 1 (LZ77): 87 ms, Phase 2 (Encode): 2 ms
[DEBUG] write_block: type=0, size=16350, is_last=1, original=16350, compressed=16367
[DEBUG] compress: Phase 3 Block 0 Source: E8 FD 03 5F CB (Ptr: 0x90b5e3e80)
[DEBUG] compress: Phase 3 Block 0 Dest: 5F CB F3 2E BB
[DEBUG] decompress: Block header parsed. size=16350, compressed=0, last=1, header_size=3
[DEBUG] compress: ENTRY at TOP. Size=9757
[DEBUG] compress: ENTRY. num_blocks=1, size=9757
[DEBUG] compress: Block 0, NumSeq=1, NumLit=9757
[DEBUG] compress_literals: NumLit=9757, HeaderLen=3, Bytes: D8 61 02
[DEBUG] encode_sequences_raw: NumSeq=1, HeaderSize=2, Bytes: 01 FF 00
[DEBUG] compress: Block 0 Output Readback: D8 61 02 1D 7F (Ptr: 0x916988300)
[PERF] Phase 1 (LZ77): 56 ms, Phase 2 (Encode): 2 ms
[DEBUG] write_block: type=0, size=9757, is_last=1, original=9757, compressed=9774
[DEBUG] compress: Phase 3 Block 0 Source: D8 61 02 1D 7F (Ptr: 0x916988300)
[DEBUG] compress: Phase 3 Block 0 Dest: 1D 7F 9B 1A 22
[DEBUG] decompress: Block header parsed. size=9757, compressed=0, last=1, header_size=3
[DEBUG] compress: ENTRY at TOP. Size=7121
[DEBUG] compress: ENTRY. num_blocks=1, size=7121
[DEBUG] compress: Block 0, NumSeq=1, NumLit=7121
[DEBUG] compress_literals: NumLit=7121, HeaderLen=3, Bytes: 18 BD 01
[DEBUG] encode_sequences_raw: NumSeq=1, HeaderSize=2, Bytes: 01 FF 00
[DEBUG] compress: Block 0 Output Readback: 18 BD 01 D5 6E (Ptr: 0x916963a00)
[PERF] Phase 1 (LZ77): 40 ms, Phase 2 (Encode): 2 ms
[DEBUG] write_block: type=0, size=7121, is_last=1, original=7121, compressed=7138
[DEBUG] compress: Phase 3 Block 0 Source: 18 BD 01 D5 6E (Ptr: 0x916963a00)
[DEBUG] compress: Phase 3 Block 0 Dest: D5 6E 1A 08 BE
[DEBUG] decompress: Block header parsed. size=7121, compressed=0, last=1, header_size=3
[DEBUG] compress: ENTRY at TOP. Size=38026
[DEBUG] compress: ENTRY. num_blocks=1, size=38026
[DEBUG] compress: Block 0, NumSeq=9, NumLit=38002
[DEBUG] compress_literals: NumLit=38002, HeaderLen=3, Bytes: 28 47 09
[DEBUG] encode_sequences_raw: NumSeq=9, HeaderSize=2, Bytes: 09 FF 00
[DEBUG] compress: Block 0 Output Readback: 28 47 09 FD 4D (Ptr: 0x916d11c00)
[PERF] Phase 1 (LZ77): 231 ms, Phase 2 (Encode): 2 ms
[DEBUG] write_block: type=0, size=38026, is_last=1, original=38026, compressed=38115
[DEBUG] compress: Phase 3 Block 0 Source: 28 47 09 FD 4D (Ptr: 0x916d11c00)
[DEBUG] compress: Phase 3 Block 0 Dest: FD 4D 8C AB 48
[DEBUG] decompress: Block header parsed. size=38026, compressed=0, last=1, header_size=3
[DEBUG] compress: ENTRY at TOP. Size=44878
[DEBUG] compress: ENTRY. num_blocks=1, size=44878
[DEBUG] compress: Block 0, NumSeq=5, NumLit=44866
[DEBUG] compress_literals: NumLit=44866, HeaderLen=3, Bytes: 28 F4 0A
[DEBUG] encode_sequences_raw: NumSeq=5, HeaderSize=2, Bytes: 05 FF 00
[DEBUG] compress: Block 0 Output Readback: 28 F4 0A C8 42 (Ptr: 0x916f71080)
[PERF] Phase 1 (LZ77): 262 ms, Phase 2 (Encode): 2 ms
[DEBUG] write_block: type=0, size=44878, is_last=1, original=44878, compressed=44931
[DEBUG] compress: Phase 3 Block 0 Source: 28 F4 0A C8 42 (Ptr: 0x916f71080)
[DEBUG] compress: Phase 3 Block 0 Dest: C8 42 A2 AF 3F
[DEBUG] decompress: Block header parsed. size=44878, compressed=0, last=1, header_size=3
[DEBUG] compress: ENTRY at TOP. Size=41392
[DEBUG] compress: ENTRY. num_blocks=1, size=41392
[DEBUG] compress: Block 0, NumSeq=11, NumLit=41362
[DEBUG] compress_literals: NumLit=41362, HeaderLen=3, Bytes: 28 19 0A
[DEBUG] encode_sequences_raw: NumSeq=11, HeaderSize=2, Bytes: 0B FF 00
[DEBUG] compress: Block 0 Output Readback: 28 19 0A 1D DA (Ptr: 0x917340880)
[PERF] Phase 1 (LZ77): 248 ms, Phase 2 (Encode): 3 ms
[DEBUG] write_block: type=0, size=41392, is_last=1, original=41392, compressed=41499
[DEBUG] compress: Phase 3 Block 0 Source: 28 19 0A 1D DA (Ptr: 0x917340880)
[DEBUG] compress: Phase 3 Block 0 Dest: 1D DA F9 E8 BA
[DEBUG] decompress: Block header parsed. size=41392, compressed=0, last=1, header_size=3
[DEBUG] compress: ENTRY at TOP. Size=29579
[DEBUG] compress: ENTRY. num_blocks=1, size=29579
[DEBUG] compress: Block 0, NumSeq=3, NumLit=29573
[DEBUG] compress_literals: NumLit=29573, HeaderLen=3, Bytes: 58 38 07
[DEBUG] encode_sequences_raw: NumSeq=3, HeaderSize=2, Bytes: 03 FF 00
[DEBUG] compress: Block 0 Output Readback: 58 38 07 04 6D (Ptr: 0x91749c300)
[PERF] Phase 1 (LZ77): 179 ms, Phase 2 (Encode): 2 ms
[DEBUG] write_block: type=0, size=29579, is_last=1, original=29579, compressed=29614
[DEBUG] compress: Phase 3 Block 0 Source: 58 38 07 04 6D (Ptr: 0x91749c300)
[DEBUG] compress: Phase 3 Block 0 Dest: 04 6D E4 44 48
[DEBUG] decompress: Block header parsed. size=29579, compressed=0, last=1, header_size=3
[DEBUG] compress: ENTRY at TOP. Size=10452
[DEBUG] compress: ENTRY. num_blocks=1, size=10452
[DEBUG] compress: Block 0, NumSeq=2, NumLit=10449
[DEBUG] compress_literals: NumLit=10449, HeaderLen=3, Bytes: 18 8D 02
[DEBUG] encode_sequences_raw: NumSeq=2, HeaderSize=2, Bytes: 02 FF 00
[DEBUG] compress: Block 0 Output Readback: 18 8D 02 4D 79 (Ptr: 0x917791f00)
[PERF] Phase 1 (LZ77): 56 ms, Phase 2 (Encode): 3 ms
[DEBUG] write_block: type=0, size=10452, is_last=1, original=10452, compressed=10478
[DEBUG] compress: Phase 3 Block 0 Source: 18 8D 02 4D 79 (Ptr: 0x917791f00)
[DEBUG] compress: Phase 3 Block 0 Dest: 4D 79 3F C2 ED
[DEBUG] decompress: Block header parsed. size=10452, compressed=0, last=1, header_size=3
[DEBUG] compress: ENTRY at TOP. Size=13097
[DEBUG] compress: ENTRY. num_blocks=1, size=13097
[DEBUG] compress: Block 0, NumSeq=1, NumLit=13097
[DEBUG] compress_literals: NumLit=13097, HeaderLen=3, Bytes: 98 32 03
[DEBUG] encode_sequences_raw: NumSeq=1, HeaderSize=2, Bytes: 01 FF 00
[DEBUG] compress: Block 0 Output Readback: 98 32 03 7E 21 (Ptr: 0x917bb6d80)
[PERF] Phase 1 (LZ77): 77 ms, Phase 2 (Encode): 2 ms
[DEBUG] write_block: type=0, size=13097, is_last=1, original=13097, compressed=13114
[DEBUG] compress: Phase 3 Block 0 Source: 98 32 03 7E 21 (Ptr: 0x917bb6d80)
[DEBUG] compress: Phase 3 Block 0 Dest: 7E 21 3A 13 41
[DEBUG] decompress: Block header parsed. size=13097, compressed=0, last=1, header_size=3
[DEBUG] compress: ENTRY at TOP. Size=63302
[DEBUG] compress: ENTRY. num_blocks=1, size=63302
[DEBUG] compress: Block 0, NumSeq=22, NumLit=63239
[DEBUG] compress_literals: NumLit=63239, HeaderLen=3, Bytes: 78 70 0F
[DEBUG] encode_sequences_raw: NumSeq=22, HeaderSize=2, Bytes: 16 FF 00
[DEBUG] compress: Block 0 Output Readback: 78 70 0F AC 53 (Ptr: 0x918071800)
[PERF] Phase 1 (LZ77): 371 ms, Phase 2 (Encode): 1 ms
[DEBUG] write_block: type=0, size=63302, is_last=1, original=63302, compressed=63508
[DEBUG] compress: Phase 3 Block 0 Source: 78 70 0F AC 53 (Ptr: 0x918071800)
[DEBUG] compress: Phase 3 Block 0 Dest: AC 53 0B 82 57
[DEBUG] decompress: Block header parsed. size=63302, compressed=0, last=1, header_size=3
[DEBUG] compress: ENTRY at TOP. Size=60307
[DEBUG] compress: ENTRY. num_blocks=1, size=60307
[DEBUG] compress: Block 0, NumSeq=22, NumLit=60244
[DEBUG] compress_literals: NumLit=60244, HeaderLen=3, Bytes: 48 B5 0E
[DEBUG] encode_sequences_raw: NumSeq=22, HeaderSize=2, Bytes: 16 FF 00
[DEBUG] compress: Block 0 Output Readback: 48 B5 0E D2 D2 (Ptr: 0x918447c00)
[PERF] Phase 1 (LZ77): 355 ms, Phase 2 (Encode): 2 ms
[DEBUG] write_block: type=0, size=60307, is_last=1, original=60307, compressed=60513
[DEBUG] compress: Phase 3 Block 0 Source: 48 B5 0E D2 D2 (Ptr: 0x918447c00)
[DEBUG] compress: Phase 3 Block 0 Dest: D2 D2 06 25 35
[DEBUG] decompress: Block header parsed. size=60307, compressed=0, last=1, header_size=3
[DEBUG] compress: ENTRY at TOP. Size=3285
[DEBUG] compress: ENTRY. num_blocks=1, size=3285
[DEBUG] compress: Block 0, NumSeq=1, NumLit=3285
[DEBUG] compress_literals: NumLit=3285, HeaderLen=2, Bytes: 54 CD 00
[DEBUG] encode_sequences_raw: NumSeq=1, HeaderSize=2, Bytes: 01 FF 00
[DEBUG] compress: Block 0 Output Readback: 54 CD D8 AD 8F (Ptr: 0x91832e300)
[PERF] Phase 1 (LZ77): 19 ms, Phase 2 (Encode): 2 ms
[DEBUG] write_block: type=0, size=3285, is_last=1, original=3285, compressed=3301
[DEBUG] compress: Phase 3 Block 0 Source: 54 CD D8 AD 8F (Ptr: 0x91832e300)
[DEBUG] compress: Phase 3 Block 0 Dest: D8 AD 8F D8 74
[DEBUG] decompress: Block header parsed. size=3285, compressed=0, last=1, header_size=3
[DEBUG] compress: ENTRY at TOP. Size=53404
[DEBUG] compress: ENTRY. num_blocks=1, size=53404
[DEBUG] compress: Block 0, NumSeq=12, NumLit=53371
[DEBUG] compress_literals: NumLit=53371, HeaderLen=3, Bytes: B8 07 0D
[DEBUG] encode_sequences_raw: NumSeq=12, HeaderSize=2, Bytes: 0C FF 00
[DEBUG] compress: Block 0 Output Readback: B8 07 0D 6B 31 (Ptr: 0x9189e7980)
[PERF] Phase 1 (LZ77): 312 ms, Phase 2 (Encode): 3 ms
[DEBUG] write_block: type=0, size=53404, is_last=1, original=53404, compressed=53520
[DEBUG] compress: Phase 3 Block 0 Source: B8 07 0D 6B 31 (Ptr: 0x9189e7980)
[DEBUG] compress: Phase 3 Block 0 Dest: 6B 31 5C 00 2F
[DEBUG] decompress: Block header parsed. size=53404, compressed=0, last=1, header_size=3
[DEBUG] compress: ENTRY at TOP. Size=64724
[DEBUG] compress: ENTRY. num_blocks=1, size=64724
[DEBUG] compress: Block 0, NumSeq=21, NumLit=64664
[DEBUG] compress_literals: NumLit=64664, HeaderLen=3, Bytes: 88 C9 0F
[DEBUG] encode_sequences_raw: NumSeq=21, HeaderSize=2, Bytes: 15 FF 00
[DEBUG] compress: Block 0 Output Readback: 88 C9 0F 17 B1 (Ptr: 0x918c85300)
[PERF] Phase 1 (LZ77): 384 ms, Phase 2 (Encode): 3 ms
[DEBUG] write_block: type=0, size=64724, is_last=1, original=64724, compressed=64921
[DEBUG] compress: Phase 3 Block 0 Source: 88 C9 0F 17 B1 (Ptr: 0x918c85300)
[DEBUG] compress: Phase 3 Block 0 Dest: 17 B1 F8 FA 7B
[DEBUG] decompress: Block header parsed. size=64724, compressed=0, last=1, header_size=3
[DEBUG] compress: ENTRY at TOP. Size=54161
[DEBUG] compress: ENTRY. num_blocks=1, size=54161
[DEBUG] compress: Block 0, NumSeq=17, NumLit=54113
[DEBUG] compress_literals: NumLit=54113, HeaderLen=3, Bytes: 18 36 0D
[DEBUG] encode_sequences_raw: NumSeq=17, HeaderSize=2, Bytes: 11 FF 00
[DEBUG] compress: Block 0 Output Readback: 18 36 0D FB 18 (Ptr: 0x918ff2400)
[PERF] Phase 1 (LZ77): 344 ms, Phase 2 (Encode): 2 ms
[DEBUG] write_block: type=0, size=54161, is_last=1, original=54161, compressed=54322
[DEBUG] compress: Phase 3 Block 0 Source: 18 36 0D FB 18 (Ptr: 0x918ff2400)
[DEBUG] compress: Phase 3 Block 0 Dest: FB 18 55 D4 AC
[DEBUG] decompress: Block header parsed. size=54161, compressed=0, last=1, header_size=3
[DEBUG] compress: ENTRY at TOP. Size=11569
[DEBUG] compress: ENTRY. num_blocks=1, size=11569
[DEBUG] compress: Block 0, NumSeq=2, NumLit=11566
[DEBUG] compress_literals: NumLit=11566, HeaderLen=3, Bytes: E8 D2 02
[DEBUG] encode_sequences_raw: NumSeq=2, HeaderSize=2, Bytes: 02 FF 00
[DEBUG] compress: Block 0 Output Readback: E8 D2 02 16 9C (Ptr: 0x918fa1880)
[PERF] Phase 1 (LZ77): 63 ms, Phase 2 (Encode): 5 ms
[DEBUG] write_block: type=0, size=11569, is_last=1, original=11569, compressed=11595
[DEBUG] compress: Phase 3 Block 0 Source: E8 D2 02 16 9C (Ptr: 0x918fa1880)
[DEBUG] compress: Phase 3 Block 0 Dest: 16 9C 3B A8 69
[DEBUG] decompress: Block header parsed. size=11569, compressed=0, last=1, header_size=3
[DEBUG] compress: ENTRY at TOP. Size=46849
[DEBUG] compress: ENTRY. num_blocks=1, size=46849
[DEBUG] compress: Block 0, NumSeq=19, NumLit=46795
[DEBUG] compress_literals: NumLit=46795, HeaderLen=3, Bytes: B8 6C 0B
[DEBUG] encode_sequences_raw: NumSeq=19, HeaderSize=2, Bytes: 13 FF 00
[DEBUG] compress: Block 0 Output Readback: B8 6C 0B 5D D5 (Ptr: 0x91958ca00)
[PERF] Phase 1 (LZ77): 496 ms, Phase 2 (Encode): 2 ms
[DEBUG] write_block: type=0, size=46849, is_last=1, original=46849, compressed=47028
[DEBUG] compress: Phase 3 Block 0 Source: B8 6C 0B 5D D5 (Ptr: 0x91958ca00)
[DEBUG] compress: Phase 3 Block 0 Dest: 5D D5 73 E4 7E
[DEBUG] decompress: Block header parsed. size=46849, compressed=0, last=1, header_size=3
[DEBUG] compress: ENTRY at TOP. Size=5916
[DEBUG] compress: ENTRY. num_blocks=1, size=5916
[DEBUG] compress: Block 0, NumSeq=1, NumLit=5916
[DEBUG] compress_literals: NumLit=5916, HeaderLen=3, Bytes: C8 71 01
[DEBUG] encode_sequences_raw: NumSeq=1, HeaderSize=2, Bytes: 01 FF 00
[DEBUG] compress: Block 0 Output Readback: C8 71 01 EC CD (Ptr: 0x919752c00)
[PERF] Phase 1 (LZ77): 31 ms, Phase 2 (Encode): 3 ms
[DEBUG] write_block: type=0, size=5916, is_last=1, original=5916, compressed=5933
[DEBUG] compress: Phase 3 Block 0 Source: C8 71 01 EC CD (Ptr: 0x919752c00)
[DEBUG] compress: Phase 3 Block 0 Dest: EC CD 28 A3 DD
[DEBUG] decompress: Block header parsed. size=5916, compressed=0, last=1, header_size=3
[DEBUG] compress: ENTRY at TOP. Size=7620
[DEBUG] compress: ENTRY. num_blocks=1, size=7620
[DEBUG] compress: Block 0, NumSeq=1, NumLit=7620
[DEBUG] compress_literals: NumLit=7620, HeaderLen=3, Bytes: 48 DC 01
[DEBUG] encode_sequences_raw: NumSeq=1, HeaderSize=2, Bytes: 01 FF 00
[DEBUG] compress: Block 0 Output Readback: 48 DC 01 4D C6 (Ptr: 0x91996aa80)
[PERF] Phase 1 (LZ77): 71 ms, Phase 2 (Encode): 3 ms
[DEBUG] write_block: type=0, size=7620, is_last=1, original=7620, compressed=7637
[DEBUG] compress: Phase 3 Block 0 Source: 48 DC 01 4D C6 (Ptr: 0x91996aa80)
[DEBUG] compress: Phase 3 Block 0 Dest: 4D C6 2F BA 52
[DEBUG] decompress: Block header parsed. size=7620, compressed=0, last=1, header_size=3
[DEBUG] compress: ENTRY at TOP. Size=23457
[DEBUG] compress: ENTRY. num_blocks=1, size=23457
[DEBUG] compress: Block 0, NumSeq=4, NumLit=23448
[DEBUG] compress_literals: NumLit=23448, HeaderLen=3, Bytes: 88 B9 05
[DEBUG] encode_sequences_raw: NumSeq=4, HeaderSize=2, Bytes: 04 FF 00
[DEBUG] compress: Block 0 Output Readback: 88 B9 05 D3 DC (Ptr: 0x919e47180)
[PERF] Phase 1 (LZ77): 147 ms, Phase 2 (Encode): 2 ms
[DEBUG] write_block: type=0, size=23457, is_last=1, original=23457, compressed=23501
[DEBUG] compress: Phase 3 Block 0 Source: 88 B9 05 D3 DC (Ptr: 0x919e47180)
[DEBUG] compress: Phase 3 Block 0 Dest: D3 DC 2E 11 E0
[DEBUG] decompress: Block header parsed. size=23457, compressed=0, last=1, header_size=3
[DEBUG] compress: ENTRY at TOP. Size=48910
[DEBUG] compress: ENTRY. num_blocks=1, size=48910
[DEBUG] compress: Block 0, NumSeq=9, NumLit=48886
[DEBUG] compress_literals: NumLit=48886, HeaderLen=3, Bytes: 68 EF 0B
[DEBUG] encode_sequences_raw: NumSeq=9, HeaderSize=2, Bytes: 09 FF 00
[DEBUG] compress: Block 0 Output Readback: 68 EF 0B 08 8A (Ptr: 0x91a1a9280)
[PERF] Phase 1 (LZ77): 292 ms, Phase 2 (Encode): 2 ms
[DEBUG] write_block: type=0, size=48910, is_last=1, original=48910, compressed=48999
[DEBUG] compress: Phase 3 Block 0 Source: 68 EF 0B 08 8A (Ptr: 0x91a1a9280)
[DEBUG] compress: Phase 3 Block 0 Dest: 08 8A 7D 77 D8
[DEBUG] decompress: Block header parsed. size=48910, compressed=0, last=1, header_size=3
[DEBUG] compress: ENTRY at TOP. Size=34985
[DEBUG] compress: ENTRY. num_blocks=1, size=34985
[DEBUG] compress: Block 0, NumSeq=10, NumLit=34958
[DEBUG] compress_literals: NumLit=34958, HeaderLen=3, Bytes: E8 88 08
[DEBUG] encode_sequences_raw: NumSeq=10, HeaderSize=2, Bytes: 0A FF 00
[DEBUG] compress: Block 0 Output Readback: E8 88 08 8D 7C (Ptr: 0x91a4e7700)
[PERF] Phase 1 (LZ77): 211 ms, Phase 2 (Encode): 3 ms
[DEBUG] write_block: type=0, size=34985, is_last=1, original=34985, compressed=35083
[DEBUG] compress: Phase 3 Block 0 Source: E8 88 08 8D 7C (Ptr: 0x91a4e7700)
[DEBUG] compress: Phase 3 Block 0 Dest: 8D 7C 65 04 0C
[DEBUG] decompress: Block header parsed. size=34985, compressed=0, last=1, header_size=3
[DEBUG] compress: ENTRY at TOP. Size=6419
[DEBUG] compress: ENTRY. num_blocks=1, size=6419
[DEBUG] compress: Block 0, NumSeq=1, NumLit=6419
[DEBUG] compress_literals: NumLit=6419, HeaderLen=3, Bytes: 38 91 01
[DEBUG] encode_sequences_raw: NumSeq=1, HeaderSize=2, Bytes: 01 FF 00
[DEBUG] compress: Block 0 Output Readback: 38 91 01 61 C5 (Ptr: 0x91a559d80)
[PERF] Phase 1 (LZ77): 37 ms, Phase 2 (Encode): 2 ms
[DEBUG] write_block: type=0, size=6419, is_last=1, original=6419, compressed=6436
[DEBUG] compress: Phase 3 Block 0 Source: 38 91 01 61 C5 (Ptr: 0x91a559d80)
[DEBUG] compress: Phase 3 Block 0 Dest: 61 C5 91 8D 98
[DEBUG] decompress: Block header parsed. size=6419, compressed=0, last=1, header_size=3
[DEBUG] compress: ENTRY at TOP. Size=40378
[DEBUG] compress: ENTRY. num_blocks=1, size=40378
[DEBUG] compress: Block 0, NumSeq=11, NumLit=40348
[DEBUG] compress_literals: NumLit=40348, HeaderLen=3, Bytes: C8 D9 09
[DEBUG] encode_sequences_raw: NumSeq=11, HeaderSize=2, Bytes: 0B FF 00
[DEBUG] compress: Block 0 Output Readback: C8 D9 09 37 DE (Ptr: 0x91ab32580)
[PERF] Phase 1 (LZ77): 241 ms, Phase 2 (Encode): 2 ms
[DEBUG] write_block: type=0, size=40378, is_last=1, original=40378, compressed=40485
[DEBUG] compress: Phase 3 Block 0 Source: C8 D9 09 37 DE (Ptr: 0x91ab32580)
[DEBUG] compress: Phase 3 Block 0 Dest: 37 DE 08 AA 49
[DEBUG] decompress: Block header parsed. size=40378, compressed=0, last=1, header_size=3
[DEBUG] compress: ENTRY at TOP. Size=12527
[DEBUG] compress: ENTRY. num_blocks=1, size=12527
[DEBUG] compress: Block 0, NumSeq=1, NumLit=12527
[DEBUG] compress_literals: NumLit=12527, HeaderLen=3, Bytes: F8 0E 03
[DEBUG] encode_sequences_raw: NumSeq=1, HeaderSize=2, Bytes: 01 FF 00
[DEBUG] compress: Block 0 Output Readback: F8 0E 03 27 32 (Ptr: 0x91adaed00)
[PERF] Phase 1 (LZ77): 79 ms, Phase 2 (Encode): 2 ms
[DEBUG] write_block: type=0, size=12527, is_last=1, original=12527, compressed=12544
[DEBUG] compress: Phase 3 Block 0 Source: F8 0E 03 27 32 (Ptr: 0x91adaed00)
[DEBUG] compress: Phase 3 Block 0 Dest: 27 32 22 45 5C
[DEBUG] decompress: Block header parsed. size=12527, compressed=0, last=1, header_size=3
[DEBUG] compress: ENTRY at TOP. Size=2789
[DEBUG] compress: ENTRY. num_blocks=1, size=2789
[DEBUG] compress: Block 0, NumSeq=1, NumLit=2789
[DEBUG] compress_literals: NumLit=2789, HeaderLen=2, Bytes: 54 AE 00
[DEBUG] encode_sequences_raw: NumSeq=1, HeaderSize=2, Bytes: 01 FF 00
[DEBUG] compress: Block 0 Output Readback: 54 AE 8B C0 DB (Ptr: 0x91af27680)
[PERF] Phase 1 (LZ77): 18 ms, Phase 2 (Encode): 2 ms
[DEBUG] write_block: type=0, size=2789, is_last=1, original=2789, compressed=2805
[DEBUG] compress: Phase 3 Block 0 Source: 54 AE 8B C0 DB (Ptr: 0x91af27680)
[DEBUG] compress: Phase 3 Block 0 Dest: 8B C0 DB F3 AF
[DEBUG] decompress: Block header parsed. size=2789, compressed=0, last=1, header_size=3
[DEBUG] compress: ENTRY at TOP. Size=42960
[DEBUG] compress: ENTRY. num_blocks=1, size=42960
[DEBUG] compress: Block 0, NumSeq=16, NumLit=42915
[DEBUG] compress_literals: NumLit=42915, HeaderLen=3, Bytes: 38 7A 0A
[DEBUG] encode_sequences_raw: NumSeq=16, HeaderSize=2, Bytes: 10 FF 00
[DEBUG] compress: Block 0 Output Readback: 38 7A 0A 42 67 (Ptr: 0x91b556580)
[PERF] Phase 1 (LZ77): 295 ms, Phase 2 (Encode): 2 ms
[DEBUG] write_block: type=0, size=42960, is_last=1, original=42960, compressed=43112
[DEBUG] compress: Phase 3 Block 0 Source: 38 7A 0A 42 67 (Ptr: 0x91b556580)
[DEBUG] compress: Phase 3 Block 0 Dest: 42 67 0B C5 94
[DEBUG] decompress: Block header parsed. size=42960, compressed=0, last=1, header_size=3
[DEBUG] compress: ENTRY at TOP. Size=34387
[DEBUG] compress: ENTRY. num_blocks=1, size=34387
[DEBUG] compress: Block 0, NumSeq=7, NumLit=34369
[DEBUG] compress_literals: NumLit=34369, HeaderLen=3, Bytes: 18 64 08
[DEBUG] encode_sequences_raw: NumSeq=7, HeaderSize=2, Bytes: 07 FF 00
[DEBUG] compress: Block 0 Output Readback: 18 64 08 4B 66 (Ptr: 0x91b6df080)
[PERF] Phase 1 (LZ77): 195 ms, Phase 2 (Encode): 1 ms
[DEBUG] write_block: type=0, size=34387, is_last=1, original=34387, compressed=34458
[DEBUG] compress: Phase 3 Block 0 Source: 18 64 08 4B 66 (Ptr: 0x91b6df080)
[DEBUG] compress: Phase 3 Block 0 Dest: 4B 66 CF 98 59
[DEBUG] decompress: Block header parsed. size=34387, compressed=0, last=1, header_size=3
[DEBUG] compress: ENTRY at TOP. Size=50509
[DEBUG] compress: ENTRY. num_blocks=1, size=50509
[DEBUG] compress: Block 0, NumSeq=13, NumLit=50473
[DEBUG] compress_literals: NumLit=50473, HeaderLen=3, Bytes: 98 52 0C
[DEBUG] encode_sequences_raw: NumSeq=13, HeaderSize=2, Bytes: 0D FF 00
[DEBUG] compress: Block 0 Output Readback: 98 52 0C ED A8 (Ptr: 0x91bbbf680)
[PERF] Phase 1 (LZ77): 318 ms, Phase 2 (Encode): 3 ms
[DEBUG] write_block: type=0, size=50509, is_last=1, original=50509, compressed=50634
[DEBUG] compress: Phase 3 Block 0 Source: 98 52 0C ED A8 (Ptr: 0x91bbbf680)
[DEBUG] compress: Phase 3 Block 0 Dest: ED A8 DF 15 95
[DEBUG] decompress: Block header parsed. size=50509, compressed=0, last=1, header_size=3
[DEBUG] compress: ENTRY at TOP. Size=10721
[DEBUG] compress: ENTRY. num_blocks=1, size=10721
[DEBUG] compress: Block 0, NumSeq=2, NumLit=10718
[DEBUG] compress_literals: NumLit=10718, HeaderLen=3, Bytes: E8 9D 02
[DEBUG] encode_sequences_raw: NumSeq=2, HeaderSize=2, Bytes: 02 FF 00
[DEBUG] compress: Block 0 Output Readback: E8 9D 02 2F C2 (Ptr: 0x91bb95d80)
[PERF] Phase 1 (LZ77): 71 ms, Phase 2 (Encode): 3 ms
[DEBUG] write_block: type=0, size=10721, is_last=1, original=10721, compressed=10747
[DEBUG] compress: Phase 3 Block 0 Source: E8 9D 02 2F C2 (Ptr: 0x91bb95d80)
[DEBUG] compress: Phase 3 Block 0 Dest: 2F C2 62 19 D4
[DEBUG] decompress: Block header parsed. size=10721, compressed=0, last=1, header_size=3
[DEBUG] compress: ENTRY at TOP. Size=58419
[DEBUG] compress: ENTRY. num_blocks=1, size=58419
[DEBUG] compress: Block 0, NumSeq=19, NumLit=58365
[DEBUG] compress_literals: NumLit=58365, HeaderLen=3, Bytes: D8 3F 0E
[DEBUG] encode_sequences_raw: NumSeq=19, HeaderSize=2, Bytes: 13 FF 00
[DEBUG] compress: Block 0 Output Readback: D8 3F 0E 1B FF (Ptr: 0x91c22d780)
[PERF] Phase 1 (LZ77): 368 ms, Phase 2 (Encode): 2 ms
[DEBUG] write_block: type=0, size=58419, is_last=1, original=58419, compressed=58598
[DEBUG] compress: Phase 3 Block 0 Source: D8 3F 0E 1B FF (Ptr: 0x91c22d780)
[DEBUG] compress: Phase 3 Block 0 Dest: 1B FF AF 69 88
[DEBUG] decompress: Block header parsed. size=58419, compressed=0, last=1, header_size=3
[DEBUG] compress: ENTRY at TOP. Size=42553
[DEBUG] compress: ENTRY. num_blocks=1, size=42553
[DEBUG] compress: Block 0, NumSeq=13, NumLit=42517
[DEBUG] compress_literals: NumLit=42517, HeaderLen=3, Bytes: 58 61 0A
[DEBUG] encode_sequences_raw: NumSeq=13, HeaderSize=2, Bytes: 0D FF 00
[DEBUG] compress: Block 0 Output Readback: 58 61 0A A4 4E (Ptr: 0x91c350a00)
[PERF] Phase 1 (LZ77): 265 ms, Phase 2 (Encode): 4 ms
[DEBUG] write_block: type=0, size=42553, is_last=1, original=42553, compressed=42678
[DEBUG] compress: Phase 3 Block 0 Source: 58 61 0A A4 4E (Ptr: 0x91c350a00)
[DEBUG] compress: Phase 3 Block 0 Dest: A4 4E 89 9B 83
[DEBUG] decompress: Block header parsed. size=42553, compressed=0, last=1, header_size=3
[DEBUG] compress: ENTRY at TOP. Size=36446
[DEBUG] compress: ENTRY. num_blocks=1, size=36446
[DEBUG] compress: Block 0, NumSeq=5, NumLit=36434
[DEBUG] compress_literals: NumLit=36434, HeaderLen=3, Bytes: 28 E5 08
[DEBUG] encode_sequences_raw: NumSeq=5, HeaderSize=2, Bytes: 05 FF 00
[DEBUG] compress: Block 0 Output Readback: 28 E5 08 33 6B (Ptr: 0x91c6fb900)
[PERF] Phase 1 (LZ77): 220 ms, Phase 2 (Encode): 2 ms
[DEBUG] write_block: type=0, size=36446, is_last=1, original=36446, compressed=36499
[DEBUG] compress: Phase 3 Block 0 Source: 28 E5 08 33 6B (Ptr: 0x91c6fb900)
[DEBUG] compress: Phase 3 Block 0 Dest: 33 6B C8 EE DC
[DEBUG] decompress: Block header parsed. size=36446, compressed=0, last=1, header_size=3
[DEBUG] compress: ENTRY at TOP. Size=61381
[DEBUG] compress: ENTRY. num_blocks=1, size=61381
[DEBUG] compress: Block 0, NumSeq=19, NumLit=61327
[DEBUG] compress_literals: NumLit=61327, HeaderLen=3, Bytes: F8 F8 0E
[DEBUG] encode_sequences_raw: NumSeq=19, HeaderSize=2, Bytes: 13 FF 00
[DEBUG] compress: Block 0 Output Readback: F8 F8 0E 91 B6 (Ptr: 0x91cc56c80)
[PERF] Phase 1 (LZ77): 383 ms, Phase 2 (Encode): 5 ms
[DEBUG] write_block: type=0, size=61381, is_last=1, original=61381, compressed=61560
[DEBUG] compress: Phase 3 Block 0 Source: F8 F8 0E 91 B6 (Ptr: 0x91cc56c80)
[DEBUG] compress: Phase 3 Block 0 Dest: 91 B6 10 C1 E3
[DEBUG] decompress: Block header parsed. size=61381, compressed=0, last=1, header_size=3
[DEBUG] compress: ENTRY at TOP. Size=29252
[DEBUG] compress: ENTRY. num_blocks=1, size=29252
[DEBUG] compress: Block 0, NumSeq=3, NumLit=29246
[DEBUG] compress_literals: NumLit=29246, HeaderLen=3, Bytes: E8 23 07
[DEBUG] encode_sequences_raw: NumSeq=3, HeaderSize=2, Bytes: 03 FF 00
[DEBUG] compress: Block 0 Output Readback: E8 23 07 4F 84 (Ptr: 0x91cc97b00)
[PERF] Phase 1 (LZ77): 177 ms, Phase 2 (Encode): 2 ms
[DEBUG] write_block: type=0, size=29252, is_last=1, original=29252, compressed=29287
[DEBUG] compress: Phase 3 Block 0 Source: E8 23 07 4F 84 (Ptr: 0x91cc97b00)
[DEBUG] compress: Phase 3 Block 0 Dest: 4F 84 D1 06 55
[DEBUG] decompress: Block header parsed. size=29252, compressed=0, last=1, header_size=3
[DEBUG] compress: ENTRY at TOP. Size=1903
[DEBUG] compress: ENTRY. num_blocks=1, size=1903
[DEBUG] compress: Block 0, NumSeq=1, NumLit=1903
[DEBUG] compress_literals: NumLit=1903, HeaderLen=2, Bytes: F4 76 00
[DEBUG] encode_sequences_raw: NumSeq=1, HeaderSize=2, Bytes: 01 FF 00
[DEBUG] compress: Block 0 Output Readback: F4 76 EB 08 A4 (Ptr: 0x91cf1af80)
[PERF] Phase 1 (LZ77): 13 ms, Phase 2 (Encode): 2 ms
[DEBUG] write_block: type=0, size=1903, is_last=1, original=1903, compressed=1919
[DEBUG] compress: Phase 3 Block 0 Source: F4 76 EB 08 A4 (Ptr: 0x91cf1af80)
[DEBUG] compress: Phase 3 Block 0 Dest: EB 08 A4 5A C0
[DEBUG] decompress: Block header parsed. size=1903, compressed=0, last=1, header_size=3
[DEBUG] compress: ENTRY at TOP. Size=26498
[DEBUG] compress: ENTRY. num_blocks=1, size=26498
[DEBUG] compress: Block 0, NumSeq=1, NumLit=26498
[DEBUG] compress_literals: NumLit=26498, HeaderLen=3, Bytes: 28 78 06
[DEBUG] encode_sequences_raw: NumSeq=1, HeaderSize=2, Bytes: 01 FF 00
[DEBUG] compress: Block 0 Output Readback: 28 78 06 0C E3 (Ptr: 0x91d271680)
[PERF] Phase 1 (LZ77): 159 ms, Phase 2 (Encode): 5 ms
[DEBUG] write_block: type=0, size=26498, is_last=1, original=26498, compressed=26515
[DEBUG] compress: Phase 3 Block 0 Source: 28 78 06 0C E3 (Ptr: 0x91d271680)
[DEBUG] compress: Phase 3 Block 0 Dest: 0C E3 AE 92 CC
[DEBUG] decompress: Block header parsed. size=26498, compressed=0, last=1, header_size=3
[DEBUG] compress: ENTRY at TOP. Size=29832
[DEBUG] compress: ENTRY. num_blocks=1, size=29832
[DEBUG] compress: Block 0, NumSeq=5, NumLit=29820
[DEBUG] compress_literals: NumLit=29820, HeaderLen=3, Bytes: C8 47 07
[DEBUG] encode_sequences_raw: NumSeq=5, HeaderSize=2, Bytes: 05 FF 00
[DEBUG] compress: Block 0 Output Readback: C8 47 07 80 66 (Ptr: 0x91d69fb80)
[PERF] Phase 1 (LZ77): 251 ms, Phase 2 (Encode): 2 ms
[DEBUG] write_block: type=0, size=29832, is_last=1, original=29832, compressed=29885
[DEBUG] compress: Phase 3 Block 0 Source: C8 47 07 80 66 (Ptr: 0x91d69fb80)
[DEBUG] compress: Phase 3 Block 0 Dest: 80 66 77 76 80
[DEBUG] decompress: Block header parsed. size=29832, compressed=0, last=1, header_size=3
[DEBUG] compress: ENTRY at TOP. Size=8058
[DEBUG] compress: ENTRY. num_blocks=1, size=8058
[DEBUG] compress: Block 0, NumSeq=1, NumLit=8058
[DEBUG] compress_literals: NumLit=8058, HeaderLen=3, Bytes: A8 F7 01
[DEBUG] encode_sequences_raw: NumSeq=1, HeaderSize=2, Bytes: 01 FF 00
[DEBUG] compress: Block 0 Output Readback: A8 F7 01 85 AD (Ptr: 0x91d770900)
[PERF] Phase 1 (LZ77): 46 ms, Phase 2 (Encode): 1 ms
[DEBUG] write_block: type=0, size=8058, is_last=1, original=8058, compressed=8075
[DEBUG] compress: Phase 3 Block 0 Source: A8 F7 01 85 AD (Ptr: 0x91d770900)
[DEBUG] compress: Phase 3 Block 0 Dest: 85 AD B3 87 45
[DEBUG] decompress: Block header parsed. size=8058, compressed=0, last=1, header_size=3
[DEBUG] compress: ENTRY at TOP. Size=31293
[DEBUG] compress: ENTRY. num_blocks=1, size=31293
[DEBUG] compress: Block 0, NumSeq=5, NumLit=31281
[DEBUG] compress_literals: NumLit=31281, HeaderLen=3, Bytes: 18 A3 07
[DEBUG] encode_sequences_raw: NumSeq=5, HeaderSize=2, Bytes: 05 FF 00
[DEBUG] compress: Block 0 Output Readback: 18 A3 07 5A 7A (Ptr: 0x91dcb3e00)
[PERF] Phase 1 (LZ77): 179 ms, Phase 2 (Encode): 3 ms
[DEBUG] write_block: type=0, size=31293, is_last=1, original=31293, compressed=31346
[DEBUG] compress: Phase 3 Block 0 Source: 18 A3 07 5A 7A (Ptr: 0x91dcb3e00)
[DEBUG] compress: Phase 3 Block 0 Dest: 5A 7A 57 D2 EE
[DEBUG] decompress: Block header parsed. size=31293, compressed=0, last=1, header_size=3
[DEBUG] compress: ENTRY at TOP. Size=23453
[DEBUG] compress: ENTRY. num_blocks=1, size=23453
[DEBUG] compress: Block 0, NumSeq=5, NumLit=23441
[DEBUG] compress_literals: NumLit=23441, HeaderLen=3, Bytes: 18 B9 05
[DEBUG] encode_sequences_raw: NumSeq=5, HeaderSize=2, Bytes: 05 FF 00
[DEBUG] compress: Block 0 Output Readback: 18 B9 05 46 16 (Ptr: 0x91e046c80)
[PERF] Phase 1 (LZ77): 139 ms, Phase 2 (Encode): 2 ms
[DEBUG] write_block: type=0, size=23453, is_last=1, original=23453, compressed=23506
[DEBUG] compress: Phase 3 Block 0 Source: 18 B9 05 46 16 (Ptr: 0x91e046c80)
[DEBUG] compress: Phase 3 Block 0 Dest: 46 16 A3 66 9F
[DEBUG] decompress: Block header parsed. size=23453, compressed=0, last=1, header_size=3
[DEBUG] compress: ENTRY at TOP. Size=46707
[DEBUG] compress: ENTRY. num_blocks=1, size=46707
[DEBUG] compress: Block 0, NumSeq=15, NumLit=46665
[DEBUG] compress_literals: NumLit=46665, HeaderLen=3, Bytes: 98 64 0B
[DEBUG] encode_sequences_raw: NumSeq=15, HeaderSize=2, Bytes: 0F FF 00
[DEBUG] compress: Block 0 Output Readback: 98 64 0B 41 90 (Ptr: 0x91e38a780)
[PERF] Phase 1 (LZ77): 290 ms, Phase 2 (Encode): 2 ms
[DEBUG] write_block: type=0, size=46707, is_last=1, original=46707, compressed=46850
[DEBUG] compress: Phase 3 Block 0 Source: 98 64 0B 41 90 (Ptr: 0x91e38a780)
[DEBUG] compress: Phase 3 Block 0 Dest: 41 90 AF D5 A9
[DEBUG] decompress: Block header parsed. size=46707, compressed=0, last=1, header_size=3
[DEBUG] compress: ENTRY at TOP. Size=32576
[DEBUG] compress: ENTRY. num_blocks=1, size=32576
[DEBUG] compress: Block 0, NumSeq=8, NumLit=32555
[DEBUG] compress_literals: NumLit=32555, HeaderLen=3, Bytes: B8 F2 07
[DEBUG] encode_sequences_raw: NumSeq=8, HeaderSize=2, Bytes: 08 FF 00
[DEBUG] compress: Block 0 Output Readback: B8 F2 07 0B 8F (Ptr: 0x91e6c5b80)
[PERF] Phase 1 (LZ77): 180 ms, Phase 2 (Encode): 2 ms
[DEBUG] write_block: type=0, size=32576, is_last=1, original=32576, compressed=32656
[DEBUG] compress: Phase 3 Block 0 Source: B8 F2 07 0B 8F (Ptr: 0x91e6c5b80)
[DEBUG] compress: Phase 3 Block 0 Dest: 0B 8F 5E 7A 3E
[DEBUG] decompress: Block header parsed. size=32576, compressed=0, last=1, header_size=3
[DEBUG] compress: ENTRY at TOP. Size=8332
[DEBUG] compress: ENTRY. num_blocks=1, size=8332
[DEBUG] compress: Block 0, NumSeq=1, NumLit=8332
[DEBUG] compress_literals: NumLit=8332, HeaderLen=3, Bytes: C8 08 02
[DEBUG] encode_sequences_raw: NumSeq=1, HeaderSize=2, Bytes: 01 FF 00
[DEBUG] compress: Block 0 Output Readback: C8 08 02 9E E6 (Ptr: 0x91e774800)
[PERF] Phase 1 (LZ77): 46 ms, Phase 2 (Encode): 2 ms
[DEBUG] write_block: type=0, size=8332, is_last=1, original=8332, compressed=8349
[DEBUG] compress: Phase 3 Block 0 Source: C8 08 02 9E E6 (Ptr: 0x91e774800)
[DEBUG] compress: Phase 3 Block 0 Dest: 9E E6 82 88 4C
[DEBUG] decompress: Block header parsed. size=8332, compressed=0, last=1, header_size=3
[DEBUG] compress: ENTRY at TOP. Size=30980
[DEBUG] compress: ENTRY. num_blocks=1, size=30980
[DEBUG] compress: Block 0, NumSeq=7, NumLit=30962
[DEBUG] compress_literals: NumLit=30962, HeaderLen=3, Bytes: 28 8F 07
[DEBUG] encode_sequences_raw: NumSeq=7, HeaderSize=2, Bytes: 07 FF 00
[DEBUG] compress: Block 0 Output Readback: 28 8F 07 33 FE (Ptr: 0x91ecafc00)
[PERF] Phase 1 (LZ77): 174 ms, Phase 2 (Encode): 3 ms
[DEBUG] write_block: type=0, size=30980, is_last=1, original=30980, compressed=31051
[DEBUG] compress: Phase 3 Block 0 Source: 28 8F 07 33 FE (Ptr: 0x91ecafc00)
[DEBUG] compress: Phase 3 Block 0 Dest: 33 FE 35 E9 27
[DEBUG] decompress: Block header parsed. size=30980, compressed=0, last=1, header_size=3
[DEBUG] compress: ENTRY at TOP. Size=62754
[DEBUG] compress: ENTRY. num_blocks=1, size=62754
[DEBUG] compress: Block 0, NumSeq=27, NumLit=62676
[DEBUG] compress_literals: NumLit=62676, HeaderLen=3, Bytes: 48 4D 0F
[DEBUG] encode_sequences_raw: NumSeq=27, HeaderSize=2, Bytes: 1B FF 00
[DEBUG] compress: Block 0 Output Readback: 48 4D 0F A8 E8 (Ptr: 0x91f069f00)
[PERF] Phase 1 (LZ77): 385 ms, Phase 2 (Encode): 2 ms
[DEBUG] write_block: type=0, size=62754, is_last=1, original=62754, compressed=63005
[DEBUG] compress: Phase 3 Block 0 Source: 48 4D 0F A8 E8 (Ptr: 0x91f069f00)
[DEBUG] compress: Phase 3 Block 0 Dest: A8 E8 F4 45 F8
[DEBUG] decompress: Block header parsed. size=62754, compressed=0, last=1, header_size=3
[DEBUG] compress: ENTRY at TOP. Size=50131
[DEBUG] compress: ENTRY. num_blocks=1, size=50131
[DEBUG] compress: Block 0, NumSeq=7, NumLit=50113
[DEBUG] compress_literals: NumLit=50113, HeaderLen=3, Bytes: 18 3C 0C
[DEBUG] encode_sequences_raw: NumSeq=7, HeaderSize=2, Bytes: 07 FF 00
[DEBUG] compress: Block 0 Output Readback: 18 3C 0C A5 9B (Ptr: 0x91f3ba200)
[PERF] Phase 1 (LZ77): 323 ms, Phase 2 (Encode): 2 ms
[DEBUG] write_block: type=0, size=50131, is_last=1, original=50131, compressed=50202
[DEBUG] compress: Phase 3 Block 0 Source: 18 3C 0C A5 9B (Ptr: 0x91f3ba200)
[DEBUG] compress: Phase 3 Block 0 Dest: A5 9B 81 E8 87
[DEBUG] decompress: Block header parsed. size=50131, compressed=0, last=1, header_size=3
[DEBUG] compress: ENTRY at TOP. Size=22893
[DEBUG] compress: ENTRY. num_blocks=1, size=22893
[DEBUG] compress: Block 0, NumSeq=2, NumLit=22890
[DEBUG] compress_literals: NumLit=22890, HeaderLen=3, Bytes: A8 96 05
[DEBUG] encode_sequences_raw: NumSeq=2, HeaderSize=2, Bytes: 02 FF 00
[DEBUG] compress: Block 0 Output Readback: A8 96 05 7F 63 (Ptr: 0x91f43f180)
[PERF] Phase 1 (LZ77): 144 ms, Phase 2 (Encode): 2 ms
[DEBUG] write_block: type=0, size=22893, is_last=1, original=22893, compressed=22919
[DEBUG] compress: Phase 3 Block 0 Source: A8 96 05 7F 63 (Ptr: 0x91f43f180)
[DEBUG] compress: Phase 3 Block 0 Dest: 7F 63 41 AD 42
[DEBUG] decompress: Block header parsed. size=22893, compressed=0, last=1, header_size=3
[DEBUG] compress: ENTRY at TOP. Size=23065
[DEBUG] compress: ENTRY. num_blocks=1, size=23065
[DEBUG] compress: Block 0, NumSeq=2, NumLit=23062
[DEBUG] compress_literals: NumLit=23062, HeaderLen=3, Bytes: 68 A1 05
[DEBUG] encode_sequences_raw: NumSeq=2, HeaderSize=2, Bytes: 02 FF 00
[DEBUG] compress: Block 0 Output Readback: 68 A1 05 27 D1 (Ptr: 0x91f841700)
[PERF] Phase 1 (LZ77): 148 ms, Phase 2 (Encode): 2 ms
[DEBUG] write_block: type=0, size=23065, is_last=1, original=23065, compressed=23091
[DEBUG] compress: Phase 3 Block 0 Source: 68 A1 05 27 D1 (Ptr: 0x91f841700)
[DEBUG] compress: Phase 3 Block 0 Dest: 27 D1 28 28 FC
[DEBUG] decompress: Block header parsed. size=23065, compressed=0, last=1, header_size=3
[DEBUG] compress: ENTRY at TOP. Size=56616
[DEBUG] compress: ENTRY. num_blocks=1, size=56616
[DEBUG] compress: Block 0, NumSeq=16, NumLit=56571
[DEBUG] compress_literals: NumLit=56571, HeaderLen=3, Bytes: B8 CF 0D
[DEBUG] encode_sequences_raw: NumSeq=16, HeaderSize=2, Bytes: 10 FF 00
[DEBUG] compress: Block 0 Output Readback: B8 CF 0D 33 FD (Ptr: 0x91fe14700)
[PERF] Phase 1 (LZ77): 356 ms, Phase 2 (Encode): 2 ms
[DEBUG] write_block: type=0, size=56616, is_last=1, original=56616, compressed=56768
[DEBUG] compress: Phase 3 Block 0 Source: B8 CF 0D 33 FD (Ptr: 0x91fe14700)
[DEBUG] compress: Phase 3 Block 0 Dest: 33 FD 54 7A 4B
[DEBUG] decompress: Block header parsed. size=56616, compressed=0, last=1, header_size=3
[DEBUG] compress: ENTRY at TOP. Size=31033
[DEBUG] compress: ENTRY. num_blocks=1, size=31033
[DEBUG] compress: Block 0, NumSeq=4, NumLit=31024
[DEBUG] compress_literals: NumLit=31024, HeaderLen=3, Bytes: 08 93 07
[DEBUG] encode_sequences_raw: NumSeq=4, HeaderSize=2, Bytes: 04 FF 00
[DEBUG] compress: Block 0 Output Readback: 08 93 07 E2 E9 (Ptr: 0x91feb0500)
[PERF] Phase 1 (LZ77): 184 ms, Phase 2 (Encode): 3 ms
[DEBUG] write_block: type=0, size=31033, is_last=1, original=31033, compressed=31077
[DEBUG] compress: Phase 3 Block 0 Source: 08 93 07 E2 E9 (Ptr: 0x91feb0500)
[DEBUG] compress: Phase 3 Block 0 Dest: E2 E9 C9 3D 6C
[DEBUG] decompress: Block header parsed. size=31033, compressed=0, last=1, header_size=3
[DEBUG] compress: ENTRY at TOP. Size=24198
[DEBUG] compress: ENTRY. num_blocks=1, size=24198
[DEBUG] compress: Block 0, NumSeq=3, NumLit=24192
[DEBUG] compress_literals: NumLit=24192, HeaderLen=3, Bytes: 08 E8 05
[DEBUG] encode_sequences_raw: NumSeq=3, HeaderSize=2, Bytes: 03 FF 00
[DEBUG] compress: Block 0 Output Readback: 08 E8 05 9B 94 (Ptr: 0x920251580)
[PERF] Phase 1 (LZ77): 155 ms, Phase 2 (Encode): 2 ms
[DEBUG] write_block: type=0, size=24198, is_last=1, original=24198, compressed=24233
[DEBUG] compress: Phase 3 Block 0 Source: 08 E8 05 9B 94 (Ptr: 0x920251580)
[DEBUG] compress: Phase 3 Block 0 Dest: 9B 94 A8 DF 4E
[DEBUG] decompress: Block header parsed. size=24198, compressed=0, last=1, header_size=3
[DEBUG] compress: ENTRY at TOP. Size=35109
[DEBUG] compress: ENTRY. num_blocks=1, size=35109
[DEBUG] compress: Block 0, NumSeq=8, NumLit=35088
[DEBUG] compress_literals: NumLit=35088, HeaderLen=3, Bytes: 08 91 08
[DEBUG] encode_sequences_raw: NumSeq=8, HeaderSize=2, Bytes: 08 FF 00
[DEBUG] compress: Block 0 Output Readback: 08 91 08 B8 C9 (Ptr: 0x9204e9300)
[PERF] Phase 1 (LZ77): 220 ms, Phase 2 (Encode): 2 ms
[DEBUG] write_block: type=0, size=35109, is_last=1, original=35109, compressed=35189
[DEBUG] compress: Phase 3 Block 0 Source: 08 91 08 B8 C9 (Ptr: 0x9204e9300)
[DEBUG] compress: Phase 3 Block 0 Dest: B8 C9 9B 95 B0
[DEBUG] decompress: Block header parsed. size=35109, compressed=0, last=1, header_size=3
[DEBUG] compress: ENTRY at TOP. Size=38907
[DEBUG] compress: ENTRY. num_blocks=1, size=38907
[DEBUG] compress: Block 0, NumSeq=9, NumLit=38883
[DEBUG] compress_literals: NumLit=38883, HeaderLen=3, Bytes: 38 7E 09
[DEBUG] encode_sequences_raw: NumSeq=9, HeaderSize=2, Bytes: 09 FF 00
[DEBUG] compress: Block 0 Output Readback: 38 7E 09 3A 42 (Ptr: 0x92091dd80)
[PERF] Phase 1 (LZ77): 231 ms, Phase 2 (Encode): 3 ms
[DEBUG] write_block: type=0, size=38907, is_last=1, original=38907, compressed=38996
[DEBUG] compress: Phase 3 Block 0 Source: 38 7E 09 3A 42 (Ptr: 0x92091dd80)
[DEBUG] compress: Phase 3 Block 0 Dest: 3A 42 30 9D E2
[DEBUG] decompress: Block header parsed. size=38907, compressed=0, last=1, header_size=3
[DEBUG] compress: ENTRY at TOP. Size=37496
[DEBUG] compress: ENTRY. num_blocks=1, size=37496
[DEBUG] compress: Block 0, NumSeq=11, NumLit=37466
[DEBUG] compress_literals: NumLit=37466, HeaderLen=3, Bytes: A8 25 09
[DEBUG] encode_sequences_raw: NumSeq=11, HeaderSize=2, Bytes: 0B FF 00
[DEBUG] compress: Block 0 Output Readback: A8 25 09 36 79 (Ptr: 0x920b0a380)
[PERF] Phase 1 (LZ77): 228 ms, Phase 2 (Encode): 2 ms
[DEBUG] write_block: type=0, size=37496, is_last=1, original=37496, compressed=37603
[DEBUG] compress: Phase 3 Block 0 Source: A8 25 09 36 79 (Ptr: 0x920b0a380)
[DEBUG] compress: Phase 3 Block 0 Dest: 36 79 E8 E4 D1
[DEBUG] decompress: Block header parsed. size=37496, compressed=0, last=1, header_size=3
[DEBUG] compress: ENTRY at TOP. Size=60975
[DEBUG] compress: ENTRY. num_blocks=1, size=60975
[DEBUG] compress: Block 0, NumSeq=18, NumLit=60924
[DEBUG] compress_literals: NumLit=60924, HeaderLen=3, Bytes: C8 DF 0E
[DEBUG] encode_sequences_raw: NumSeq=18, HeaderSize=2, Bytes: 12 FF 00
[DEBUG] compress: Block 0 Output Readback: C8 DF 0E D6 D2 (Ptr: 0x921051080)
[PERF] Phase 1 (LZ77): 343 ms, Phase 2 (Encode): 2 ms
[DEBUG] write_block: type=0, size=60975, is_last=1, original=60975, compressed=61145
[DEBUG] compress: Phase 3 Block 0 Source: C8 DF 0E D6 D2 (Ptr: 0x921051080)
[DEBUG] compress: Phase 3 Block 0 Dest: D6 D2 F8 AB 72
[DEBUG] decompress: Block header parsed. size=60975, compressed=0, last=1, header_size=3
[DEBUG] compress: ENTRY at TOP. Size=62537
[DEBUG] compress: ENTRY. num_blocks=1, size=62537
[DEBUG] compress: Block 0, NumSeq=14, NumLit=62497
[DEBUG] compress_literals: NumLit=62497, HeaderLen=3, Bytes: 18 42 0F
[DEBUG] encode_sequences_raw: NumSeq=14, HeaderSize=2, Bytes: 0E FF 00
[DEBUG] compress: Block 0 Output Readback: 18 42 0F BB 53 (Ptr: 0x921466d80)
[PERF] Phase 1 (LZ77): 370 ms, Phase 2 (Encode): 2 ms
[DEBUG] write_block: type=0, size=62537, is_last=1, original=62537, compressed=62670
[DEBUG] compress: Phase 3 Block 0 Source: 18 42 0F BB 53 (Ptr: 0x921466d80)
[DEBUG] compress: Phase 3 Block 0 Dest: BB 53 91 00 4D
[DEBUG] decompress: Block header parsed. size=62537, compressed=0, last=1, header_size=3
[DEBUG] compress: ENTRY at TOP. Size=19737
[DEBUG] compress: ENTRY. num_blocks=1, size=19737
[DEBUG] compress: Block 0, NumSeq=2, NumLit=19734
[DEBUG] compress_literals: NumLit=19734, HeaderLen=3, Bytes: 68 D1 04
[DEBUG] encode_sequences_raw: NumSeq=2, HeaderSize=2, Bytes: 02 FF 00
[DEBUG] compress: Block 0 Output Readback: 68 D1 04 AC B8 (Ptr: 0x921413200)
[PERF] Phase 1 (LZ77): 112 ms, Phase 2 (Encode): 3 ms
[DEBUG] write_block: type=0, size=19737, is_last=1, original=19737, compressed=19763
[DEBUG] compress: Phase 3 Block 0 Source: 68 D1 04 AC B8 (Ptr: 0x921413200)
[DEBUG] compress: Phase 3 Block 0 Dest: AC B8 7C D4 D3
[DEBUG] decompress: Block header parsed. size=19737, compressed=0, last=1, header_size=3
  [INFO] Passed: 100/100
  [PASS] Random Inputs Round-trip

[TEST] All Compression Levels (1-22)
[DEBUG] compress: ENTRY at TOP. Size=65536
[DEBUG] compress: ENTRY. num_blocks=1, size=65536

  Level | Ratio   | Status
  ------|---------|--------
[DEBUG] compress: Block 0, NumSeq=487, NumLit=3221
[DEBUG] compress_literals: NumLit=3221, HeaderLen=2, Bytes: 54 C9 00
[DEBUG] encode_sequences_raw: NumSeq=487, HeaderSize=3, Bytes: 81 E7 FF
[DEBUG] compress: Block 0 Output Readback: 54 C9 00 01 02 (Ptr: 0x921a90600)
[PERF] Phase 1 (LZ77): 391 ms, Phase 2 (Encode): 2 ms
[DEBUG] write_block: type=2, size=9070, is_last=1, original=65536, compressed=9070
[DEBUG] compress: Phase 3 Block 0 Source: 54 C9 00 01 02 (Ptr: 0x921a90600)
[DEBUG] compress: Phase 3 Block 0 Dest: 54 C9 00 01 02
[DEBUG] decompress: Block header parsed. size=9070, compressed=1, last=1, header_size=3
[DEBUG] decompress: calling decompress_block at offset 10
[DEBUG] decompress_literals: input_size=9070, header: 54 C9 00 01 02
[DEBUG] decompress_literals: type=0
[DEBUG] decompress_block: Calling decompress_sequences, offset=3223, size=5847
[DEBUG] decompress_sequences: input_size=5847, header bytes: 81 E7 FF 72 01
[DEBUG] decompress_sequences: Parsed num_sequences=487, offset=2
[DEBUG] decompress_sequences: fse_modes=0xFF, offset=3
[DEBUG] decompress: decompress_block DONE. decompressed_size=65536
    Mismatch at byte 4: expected 4, got 0
      1 |    7.20 | FAIL
  [FAIL] test_all_compression_levels: Level 1 failed verification

[TEST] ZSTD Frame Format Validation
[DEBUG] compress: ENTRY at TOP. Size=1024
[DEBUG] compress: ENTRY. num_blocks=1, size=1024
[DEBUG] compress: Block 0, NumSeq=6, NumLit=256
[DEBUG] compress_literals: NumLit=256, HeaderLen=2, Bytes: 04 10 00
[DEBUG] encode_sequences_raw: NumSeq=6, HeaderSize=2, Bytes: 06 FF 00
[DEBUG] compress: Block 0 Output Readback: 04 10 AA AA AA (Ptr: 0x92210ea00)
[PERF] Phase 1 (LZ77): 9 ms, Phase 2 (Encode): 2 ms
[DEBUG] write_block: type=2, size=332, is_last=1, original=1024, compressed=332
[DEBUG] compress: Phase 3 Block 0 Source: 04 10 AA AA AA (Ptr: 0x92210ea00)
[DEBUG] compress: Phase 3 Block 0 Dest: 04 10 AA AA AA
  [INFO] Magic number: 0x184d2a50
  [INFO] Note: Custom format magic (non-standard ZSTD)
  [INFO] Compressed size: 358 bytes
  [INFO] ✓ Frame format appears valid
  [PASS] Frame Format Validation

[TEST] Checksum Validation
[DEBUG] compress: ENTRY at TOP. Size=4096
[DEBUG] compress: ENTRY. num_blocks=1, size=4096
[DEBUG] compress: Block 0, NumSeq=25, NumLit=928
[DEBUG] compress_literals: NumLit=928, HeaderLen=2, Bytes: 04 3A 00
[DEBUG] encode_sequences_raw: NumSeq=25, HeaderSize=2, Bytes: 19 FF 00
[DEBUG] compress: Block 0 Output Readback: 04 3A 00 01 02 (Ptr: 0x922539600)
[PERF] Phase 1 (LZ77): 27 ms, Phase 2 (Encode): 2 ms
[DEBUG] write_block: type=2, size=1232, is_last=1, original=4096, compressed=1232
[DEBUG] compress: Phase 3 Block 0 Source: 04 3A 00 01 02 (Ptr: 0x922539600)
[DEBUG] compress: Phase 3 Block 0 Dest: 04 3A 00 01 02
  [INFO] Compressed data size: 1258 bytes
  [INFO] Note: Checksum validation via decompression round-trip
[DEBUG] decompress: Block header parsed. size=1232, compressed=1, last=1, header_size=3
[DEBUG] decompress: calling decompress_block at offset 10
[DEBUG] decompress_literals: input_size=1232, header: 04 3A 00 01 02
[DEBUG] decompress_literals: type=0
[DEBUG] decompress_block: Calling decompress_sequences, offset=930, size=302
[DEBUG] decompress_sequences: input_size=302, header bytes: 19 FF DF 02 00
[DEBUG] decompress_sequences: Parsed num_sequences=25, offset=1
[DEBUG] decompress_sequences: fse_modes=0xFF, offset=2
[DEBUG] decompress: decompress_block DONE. decompressed_size=4096
  [INFO] ✓ Data integrity verified via round-trip
  [PASS] Checksum Validation

[TEST] Special Data Patterns
  [INFO] Testing: All zeros
[DEBUG] compress: ENTRY at TOP. Size=8192
[DEBUG] compress: ENTRY. num_blocks=1, size=8192
[DEBUG] compress: Block 0, NumSeq=39, NumLit=3270
[DEBUG] compress_literals: NumLit=3270, HeaderLen=2, Bytes: 64 CC 00
[DEBUG] encode_sequences_raw: NumSeq=39, HeaderSize=2, Bytes: 27 FF 00
[DEBUG] compress: Block 0 Output Readback: 64 CC 00 00 00 (Ptr: 0x922772600)
[PERF] Phase 1 (LZ77): 48 ms, Phase 2 (Encode): 2 ms
[DEBUG] write_block: type=2, size=3742, is_last=1, original=8192, compressed=3742
[DEBUG] compress: Phase 3 Block 0 Source: 64 CC 00 00 00 (Ptr: 0x922772600)
[DEBUG] compress: Phase 3 Block 0 Dest: 64 CC 00 00 00
[DEBUG] decompress: Block header parsed. size=3742, compressed=1, last=1, header_size=3
[DEBUG] decompress: calling decompress_block at offset 10
[DEBUG] decompress_literals: input_size=3742, header: 64 CC 00 00 00
[DEBUG] decompress_literals: type=0
[DEBUG] decompress_block: Calling decompress_sequences, offset=3272, size=470
[DEBUG] decompress_sequences: input_size=470, header bytes: 27 FF 5F 03 00
[DEBUG] decompress_sequences: Parsed num_sequences=39, offset=1
[DEBUG] decompress_sequences: fse_modes=0xFF, offset=2
[DEBUG] decompress: decompress_block DONE. decompressed_size=8192
  [INFO]   All zeros: 2.17:1 ratio
  [INFO] Testing: All ones
[DEBUG] compress: ENTRY at TOP. Size=8192
[DEBUG] compress: ENTRY. num_blocks=1, size=8192
[DEBUG] compress: Block 0, NumSeq=48, NumLit=2048
[DEBUG] compress_literals: NumLit=2048, HeaderLen=2, Bytes: 04 80 00
[DEBUG] encode_sequences_raw: NumSeq=48, HeaderSize=2, Bytes: 30 FF 00
[DEBUG] compress: Block 0 Output Readback: 04 80 FF FF FF (Ptr: 0x922772600)
[PERF] Phase 1 (LZ77): 53 ms, Phase 2 (Encode): 1 ms
[DEBUG] write_block: type=2, size=2628, is_last=1, original=8192, compressed=2628
[DEBUG] compress: Phase 3 Block 0 Source: 04 80 FF FF FF (Ptr: 0x922772600)
[DEBUG] compress: Phase 3 Block 0 Dest: 04 80 FF FF FF
[DEBUG] decompress: Block header parsed. size=2628, compressed=1, last=1, header_size=3
[DEBUG] decompress: calling decompress_block at offset 10
[DEBUG] decompress_literals: input_size=2628, header: 04 80 FF FF FF
[DEBUG] decompress_literals: type=0
[DEBUG] decompress_block: Calling decompress_sequences, offset=2050, size=578
[DEBUG] decompress_sequences: input_size=578, header bytes: 30 FF 08 06 00
[DEBUG] decompress_sequences: Parsed num_sequences=48, offset=1
[DEBUG] decompress_sequences: fse_modes=0xFF, offset=2
[DEBUG] decompress: decompress_block DONE. decompressed_size=8192
  [INFO]   All ones: 3.09:1 ratio
  [INFO] Testing: All 0xAA
[DEBUG] compress: ENTRY at TOP. Size=8192
[DEBUG] compress: ENTRY. num_blocks=1, size=8192
[DEBUG] compress: Block 0, NumSeq=41, NumLit=2944
[DEBUG] compress_literals: NumLit=2944, HeaderLen=2, Bytes: 04 B8 00
[DEBUG] encode_sequences_raw: NumSeq=41, HeaderSize=2, Bytes: 29 FF 00
[DEBUG] compress: Block 0 Output Readback: 04 B8 AA AA AA (Ptr: 0x922772600)
[PERF] Phase 1 (LZ77): 50 ms, Phase 2 (Encode): 2 ms
[DEBUG] write_block: type=2, size=3440, is_last=1, original=8192, compressed=3440
[DEBUG] compress: Phase 3 Block 0 Source: 04 B8 AA AA AA (Ptr: 0x922772600)
[DEBUG] compress: Phase 3 Block 0 Dest: 04 B8 AA AA AA
[DEBUG] decompress: Block header parsed. size=3440, compressed=1, last=1, header_size=3
[DEBUG] decompress: calling decompress_block at offset 10
[DEBUG] decompress_literals: input_size=3440, header: 04 B8 AA AA AA
[DEBUG] decompress_literals: type=0
[DEBUG] decompress_block: Calling decompress_sequences, offset=2946, size=494
[DEBUG] decompress_sequences: input_size=494, header bytes: 29 FF 4A 04 00
[DEBUG] decompress_sequences: Parsed num_sequences=41, offset=1
[DEBUG] decompress_sequences: fse_modes=0xFF, offset=2
[DEBUG] decompress: decompress_block DONE. decompressed_size=8192
  [INFO]   All 0xAA: 2.36:1 ratio
  [INFO] Testing: All 0x55
[DEBUG] compress: ENTRY at TOP. Size=8192
[DEBUG] compress: ENTRY. num_blocks=1, size=8192
[DEBUG] compress: Block 0, NumSeq=48, NumLit=2048
[DEBUG] compress_literals: NumLit=2048, HeaderLen=2, Bytes: 04 80 00
[DEBUG] encode_sequences_raw: NumSeq=48, HeaderSize=2, Bytes: 30 FF 00
[DEBUG] compress: Block 0 Output Readback: 04 80 55 55 55 (Ptr: 0x922772600)
[PERF] Phase 1 (LZ77): 46 ms, Phase 2 (Encode): 3 ms
[DEBUG] write_block: type=2, size=2628, is_last=1, original=8192, compressed=2628
[DEBUG] compress: Phase 3 Block 0 Source: 04 80 55 55 55 (Ptr: 0x922772600)
[DEBUG] compress: Phase 3 Block 0 Dest: 04 80 55 55 55
[DEBUG] decompress: Block header parsed. size=2628, compressed=1, last=1, header_size=3
[DEBUG] decompress: calling decompress_block at offset 10
[DEBUG] decompress_literals: input_size=2628, header: 04 80 55 55 55
[DEBUG] decompress_literals: type=0
[DEBUG] decompress_block: Calling decompress_sequences, offset=2050, size=578
[DEBUG] decompress_sequences: input_size=578, header bytes: 30 FF 7F 00 00
[DEBUG] decompress_sequences: Parsed num_sequences=48, offset=1
[DEBUG] decompress_sequences: fse_modes=0xFF, offset=2
[DEBUG] decompress: decompress_block DONE. decompressed_size=8192
  [INFO]   All 0x55: 3.09:1 ratio
  [INFO] Testing: Sequential
[DEBUG] compress: ENTRY at TOP. Size=8192
[DEBUG] compress: ENTRY. num_blocks=1, size=8192
[DEBUG] compress: Block 0, NumSeq=58, NumLit=863
[DEBUG] compress_literals: NumLit=863, HeaderLen=2, Bytes: F4 35 00
[DEBUG] encode_sequences_raw: NumSeq=58, HeaderSize=2, Bytes: 3A FF 00
[DEBUG] compress: Block 0 Output Readback: F4 35 00 01 02 (Ptr: 0x922772600)
[PERF] Phase 1 (LZ77): 54 ms, Phase 2 (Encode): 2 ms
[DEBUG] write_block: type=2, size=1563, is_last=1, original=8192, compressed=1563
[DEBUG] compress: Phase 3 Block 0 Source: F4 35 00 01 02 (Ptr: 0x922772600)
[DEBUG] compress: Phase 3 Block 0 Dest: F4 35 00 01 02
[DEBUG] decompress: Block header parsed. size=1563, compressed=1, last=1, header_size=3
[DEBUG] decompress: calling decompress_block at offset 10
[DEBUG] decompress_literals: input_size=1563, header: F4 35 00 01 02
[DEBUG] decompress_literals: type=0
[DEBUG] decompress_block: Calling decompress_sequences, offset=865, size=698
[DEBUG] decompress_sequences: input_size=698, header bytes: 3A FF 4E 02 00
[DEBUG] decompress_sequences: Parsed num_sequences=58, offset=1
[DEBUG] decompress_sequences: fse_modes=0xFF, offset=2
[DEBUG] decompress: decompress_block DONE. decompressed_size=8192
  [INFO]   Sequential: 5.16:1 ratio
  [INFO] Testing: Random
[DEBUG] compress: ENTRY at TOP. Size=8192
[DEBUG] compress: ENTRY. num_blocks=1, size=8192
[DEBUG] compress: Block 0, NumSeq=1, NumLit=8192
[DEBUG] compress_literals: NumLit=8192, HeaderLen=3, Bytes: 08 00 02
[DEBUG] encode_sequences_raw: NumSeq=1, HeaderSize=2, Bytes: 01 FF 00
[DEBUG] compress: Block 0 Output Readback: 08 00 02 5F CB (Ptr: 0x922772600)
[PERF] Phase 1 (LZ77): 46 ms, Phase 2 (Encode): 1 ms
[DEBUG] write_block: type=0, size=8192, is_last=1, original=8192, compressed=8209
[DEBUG] compress: Phase 3 Block 0 Source: 08 00 02 5F CB (Ptr: 0x922772600)
[DEBUG] compress: Phase 3 Block 0 Dest: 5F CB F3 2E BB
[DEBUG] decompress: Block header parsed. size=8192, compressed=0, last=1, header_size=3
  [INFO]   Random: 1.00:1 ratio
  [PASS] Special Patterns

[TEST] Byte Alignment and Padding
[DEBUG] compress: ENTRY at TOP. Size=1
[DEBUG] compress: ENTRY. num_blocks=1, size=1
[DEBUG] compress: Block 0, NumSeq=1, NumLit=1
[DEBUG] compress_literals: NumLit=1, HeaderLen=1, Bytes: 08 00 00
[DEBUG] encode_sequences_raw: NumSeq=1, HeaderSize=2, Bytes: 01 FF 00
[DEBUG] compress: Block 0 Output Readback: 08 00 01 FF 01 (Ptr: 0x922b00b00)
[PERF] Phase 1 (LZ77): 1 ms, Phase 2 (Encode): 2 ms
[DEBUG] write_block: type=0, size=1, is_last=1, original=1, compressed=16
[DEBUG] compress: Phase 3 Block 0 Source: 08 00 01 FF 01 (Ptr: 0x922b00b00)
[DEBUG] compress: Phase 3 Block 0 Dest: 00 77 09 6A 22
[DEBUG] decompress: Block header parsed. size=1, compressed=0, last=1, header_size=3
[DEBUG] compress: ENTRY at TOP. Size=3
[DEBUG] compress: ENTRY. num_blocks=1, size=3
[DEBUG] compress: Block 0, NumSeq=1, NumLit=3
[DEBUG] compress_literals: NumLit=3, HeaderLen=1, Bytes: 18 00 00
[DEBUG] encode_sequences_raw: NumSeq=1, HeaderSize=2, Bytes: 01 FF 00
[DEBUG] compress: Block 0 Output Readback: 18 00 01 02 01 (Ptr: 0x922b00b00)
[PERF] Phase 1 (LZ77): 0 ms, Phase 2 (Encode): 1 ms
[DEBUG] write_block: type=0, size=3, is_last=1, original=3, compressed=18
[DEBUG] compress: Phase 3 Block 0 Source: 18 00 01 02 01 (Ptr: 0x922b00b00)
[DEBUG] compress: Phase 3 Block 0 Dest: 00 01 02 6A 22
[DEBUG] decompress: Block header parsed. size=3, compressed=0, last=1, header_size=3
[DEBUG] compress: ENTRY at TOP. Size=5
[DEBUG] compress: ENTRY. num_blocks=1, size=5
[DEBUG] compress: Block 0, NumSeq=1, NumLit=5
[DEBUG] compress_literals: NumLit=5, HeaderLen=1, Bytes: 28 00 00
[DEBUG] encode_sequences_raw: NumSeq=1, HeaderSize=2, Bytes: 01 FF 00
[DEBUG] compress: Block 0 Output Readback: 28 00 01 02 03 (Ptr: 0x922b00b00)
[PERF] Phase 1 (LZ77): 1 ms, Phase 2 (Encode): 2 ms
[DEBUG] write_block: type=0, size=5, is_last=1, original=5, compressed=20
[DEBUG] compress: Phase 3 Block 0 Source: 28 00 01 02 03 (Ptr: 0x922b00b00)
[DEBUG] compress: Phase 3 Block 0 Dest: 00 01 02 03 04
[DEBUG] decompress: Block header parsed. size=5, compressed=0, last=1, header_size=3
[DEBUG] compress: ENTRY at TOP. Size=7
[DEBUG] compress: ENTRY. num_blocks=1, size=7
[DEBUG] compress: Block 0, NumSeq=1, NumLit=7
[DEBUG] compress_literals: NumLit=7, HeaderLen=1, Bytes: 38 00 00
[DEBUG] encode_sequences_raw: NumSeq=1, HeaderSize=2, Bytes: 01 FF 00
[DEBUG] compress: Block 0 Output Readback: 38 00 01 02 03 (Ptr: 0x922b00b00)
[PERF] Phase 1 (LZ77): 0 ms, Phase 2 (Encode): 1 ms
[DEBUG] write_block: type=0, size=7, is_last=1, original=7, compressed=22
[DEBUG] compress: Phase 3 Block 0 Source: 38 00 01 02 03 (Ptr: 0x922b00b00)
[DEBUG] compress: Phase 3 Block 0 Dest: 00 01 02 03 04
[DEBUG] decompress: Block header parsed. size=7, compressed=0, last=1, header_size=3
[DEBUG] compress: ENTRY at TOP. Size=9
[DEBUG] compress: ENTRY. num_blocks=1, size=9
[DEBUG] compress: Block 0, NumSeq=1, NumLit=9
[DEBUG] compress_literals: NumLit=9, HeaderLen=1, Bytes: 48 00 00
[DEBUG] encode_sequences_raw: NumSeq=1, HeaderSize=2, Bytes: 01 FF 00
[DEBUG] compress: Block 0 Output Readback: 48 00 01 02 03 (Ptr: 0x922b00b80)
[PERF] Phase 1 (LZ77): 0 ms, Phase 2 (Encode): 2 ms
[DEBUG] write_block: type=0, size=9, is_last=1, original=9, compressed=24
[DEBUG] compress: Phase 3 Block 0 Source: 48 00 01 02 03 (Ptr: 0x922b00b80)
[DEBUG] compress: Phase 3 Block 0 Dest: 00 01 02 03 04
[DEBUG] decompress: Block header parsed. size=9, compressed=0, last=1, header_size=3
[DEBUG] compress: ENTRY at TOP. Size=11
[DEBUG] compress: ENTRY. num_blocks=1, size=11
[DEBUG] compress: Block 0, NumSeq=1, NumLit=11
[DEBUG] compress_literals: NumLit=11, HeaderLen=1, Bytes: 58 00 00
[DEBUG] encode_sequences_raw: NumSeq=1, HeaderSize=2, Bytes: 01 FF 00
[DEBUG] compress: Block 0 Output Readback: 58 00 01 02 03 (Ptr: 0x922b00b80)
[PERF] Phase 1 (LZ77): 0 ms, Phase 2 (Encode): 2 ms
[DEBUG] write_block: type=0, size=11, is_last=1, original=11, compressed=26
[DEBUG] compress: Phase 3 Block 0 Source: 58 00 01 02 03 (Ptr: 0x922b00b80)
[DEBUG] compress: Phase 3 Block 0 Dest: 00 01 02 03 04
[DEBUG] decompress: Block header parsed. size=11, compressed=0, last=1, header_size=3
[DEBUG] compress: ENTRY at TOP. Size=13
[DEBUG] compress: ENTRY. num_blocks=1, size=13
[DEBUG] compress: Block 0, NumSeq=1, NumLit=13
[DEBUG] compress_literals: NumLit=13, HeaderLen=1, Bytes: 68 00 00
[DEBUG] encode_sequences_raw: NumSeq=1, HeaderSize=2, Bytes: 01 FF 00
[DEBUG] compress: Block 0 Output Readback: 68 00 01 02 03 (Ptr: 0x922b00b80)
[PERF] Phase 1 (LZ77): 0 ms, Phase 2 (Encode): 1 ms
[DEBUG] write_block: type=0, size=13, is_last=1, original=13, compressed=28
[DEBUG] compress: Phase 3 Block 0 Source: 68 00 01 02 03 (Ptr: 0x922b00b80)
[DEBUG] compress: Phase 3 Block 0 Dest: 00 01 02 03 04
[DEBUG] decompress: Block header parsed. size=13, compressed=0, last=1, header_size=3
[DEBUG] compress: ENTRY at TOP. Size=15
[DEBUG] compress: ENTRY. num_blocks=1, size=15
[DEBUG] compress: Block 0, NumSeq=1, NumLit=15
[DEBUG] compress_literals: NumLit=15, HeaderLen=1, Bytes: 78 00 00
[DEBUG] encode_sequences_raw: NumSeq=1, HeaderSize=2, Bytes: 01 FF 00
[DEBUG] compress: Block 0 Output Readback: 78 00 01 02 03 (Ptr: 0x922b00b80)
[PERF] Phase 1 (LZ77): 0 ms, Phase 2 (Encode): 1 ms
[DEBUG] write_block: type=0, size=15, is_last=1, original=15, compressed=30
[DEBUG] compress: Phase 3 Block 0 Source: 78 00 01 02 03 (Ptr: 0x922b00b80)
[DEBUG] compress: Phase 3 Block 0 Dest: 00 01 02 03 04
[DEBUG] decompress: Block header parsed. size=15, compressed=0, last=1, header_size=3
[DEBUG] compress: ENTRY at TOP. Size=17
[DEBUG] compress: ENTRY. num_blocks=1, size=17
[DEBUG] compress: Block 0, NumSeq=1, NumLit=17
[DEBUG] compress_literals: NumLit=17, HeaderLen=1, Bytes: 88 00 00
[DEBUG] encode_sequences_raw: NumSeq=1, HeaderSize=2, Bytes: 01 FF 00
[DEBUG] compress: Block 0 Output Readback: 88 00 01 02 03 (Ptr: 0x922b00c80)
[PERF] Phase 1 (LZ77): 1 ms, Phase 2 (Encode): 1 ms
[DEBUG] write_block: type=0, size=17, is_last=1, original=17, compressed=32
[DEBUG] compress: Phase 3 Block 0 Source: 88 00 01 02 03 (Ptr: 0x922b00c80)
[DEBUG] compress: Phase 3 Block 0 Dest: 00 01 02 03 04
[DEBUG] decompress: Block header parsed. size=17, compressed=0, last=1, header_size=3
[DEBUG] compress: ENTRY at TOP. Size=19
[DEBUG] compress: ENTRY. num_blocks=1, size=19
[DEBUG] compress: Block 0, NumSeq=1, NumLit=19
[DEBUG] compress_literals: NumLit=19, HeaderLen=1, Bytes: 98 00 00
[DEBUG] encode_sequences_raw: NumSeq=1, HeaderSize=2, Bytes: 01 FF 00
[DEBUG] compress: Block 0 Output Readback: 98 00 01 02 03 (Ptr: 0x922b00c80)
[PERF] Phase 1 (LZ77): 0 ms, Phase 2 (Encode): 1 ms
[DEBUG] write_block: type=0, size=19, is_last=1, original=19, compressed=34
[DEBUG] compress: Phase 3 Block 0 Source: 98 00 01 02 03 (Ptr: 0x922b00c80)
[DEBUG] compress: Phase 3 Block 0 Dest: 00 01 02 03 04
[DEBUG] decompress: Block header parsed. size=19, compressed=0, last=1, header_size=3
  [INFO] Passed: 10/10 unaligned sizes
  [PASS] Byte Alignment

[TEST] Deterministic Compression
[DEBUG] compress: ENTRY at TOP. Size=32768
[DEBUG] compress: ENTRY. num_blocks=1, size=32768
[DEBUG] compress: Block 0, NumSeq=6, NumLit=32753
[DEBUG] compress_literals: NumLit=32753, HeaderLen=3, Bytes: 18 FF 07
[DEBUG] encode_sequences_raw: NumSeq=6, HeaderSize=2, Bytes: 06 FF 00
[DEBUG] compress: Block 0 Output Readback: 18 FF 07 ED E3 (Ptr: 0x9230c8600)
[PERF] Phase 1 (LZ77): 189 ms, Phase 2 (Encode): 2 ms
[DEBUG] write_block: type=0, size=32768, is_last=1, original=32768, compressed=32830
[DEBUG] compress: Phase 3 Block 0 Source: 18 FF 07 ED E3 (Ptr: 0x9230c8600)
[DEBUG] compress: Phase 3 Block 0 Dest: ED E3 50 21 2F
[DEBUG] compress: ENTRY at TOP. Size=32768
[DEBUG] compress: ENTRY. num_blocks=1, size=32768
[DEBUG] compress: Block 0, NumSeq=5, NumLit=32756
[DEBUG] compress_literals: NumLit=32756, HeaderLen=3, Bytes: 48 FF 07
[DEBUG] encode_sequences_raw: NumSeq=5, HeaderSize=2, Bytes: 05 FF 00
[DEBUG] compress: Block 0 Output Readback: 48 FF 07 ED E3 (Ptr: 0x9230c8600)
[PERF] Phase 1 (LZ77): 185 ms, Phase 2 (Encode): 3 ms
[DEBUG] write_block: type=0, size=32768, is_last=1, original=32768, compressed=32821
[DEBUG] compress: Phase 3 Block 0 Source: 48 FF 07 ED E3 (Ptr: 0x9230c8600)
[DEBUG] compress: Phase 3 Block 0 Dest: ED E3 50 21 2F
  [INFO] First compression: 32794 bytes
  [INFO] Second compression: 32794 bytes
  [INFO] ✓ Compression is deterministic (bit-exact)
  [PASS] Deterministic Compression
========================================
TEST RESULTS
========================================
Passed: 8/9
Failed: 1/9

✗ SOME TESTS FAILED
========================================
