========================================
CUDA ZSTD Correctness Tests
========================================
Using CUDA device: NVIDIA GeForce RTX 5080 Laptop GPU
Compute capability: 12.0
Total memory: 16302 MB

[TEST] Identity Property: decompress(compress(data)) == data
[DEBUG] compress: ENTRY at TOP. Size=4096
[DEBUG] compress: ENTRY. num_blocks=1, size=4096
[DEBUG] compress: Block 0, NumSeq=28, NumLit=538
[DEBUG] compress_literals: NumLit=538, HeaderLen=2, Bytes: A4 21 00
[DEBUG] encode_sequences_raw: NumSeq=28, HeaderSize=2, Bytes: 1C FF 00
[DEBUG] compress: Block 0 Output Readback: A4 21 00 1F 3E (Ptr: 0x90c139600)
[PERF] Phase 1 (LZ77): 369 ms, Phase 2 (Encode): 2 ms
[DEBUG] write_block: type=2, size=878, is_last=1, original=4096, compressed=878
[DEBUG] compress: Phase 3 Block 0 Source: A4 21 00 1F 3E (Ptr: 0x90c139600)
[DEBUG] compress: Phase 3 Block 0 Dest: A4 21 00 1F 3E
[DEBUG] decompress: Block header parsed. size=878, compressed=1, last=1, header_size=3
[DEBUG] decompress: calling decompress_block at offset 10
[DEBUG] decompress_literals: input_size=878, header: A4 21 00 1F 3E
[DEBUG] decompress_literals: type=0
[DEBUG] decompress_block: Calling decompress_sequences, offset=540, size=338
[DEBUG] decompress_sequences: input_size=338, header bytes: 1C FF 7B 01 00
[DEBUG] decompress_sequences: Parsed num_sequences=28, offset=1
[DEBUG] decompress_sequences: fse_modes=0xFF, offset=2
[DEBUG] decompress: decompress_block DONE. decompressed_size=4096
  [INFO] ✓ Identity property holds
  [PASS] Identity Property

[TEST] Various Input Sizes Round-trip
  [INFO] Debugging specific size: 8192
  [INFO] Testing 1 different sizes
[DEBUG] compress: ENTRY at TOP. Size=8192
[DEBUG] compress: ENTRY. num_blocks=1, size=8192
[DEBUG] compress: Block 0, NumSeq=57, NumLit=919
[DEBUG] compress_literals: NumLit=919, HeaderLen=2, Bytes: 74 39 00
[DEBUG] encode_sequences_raw: NumSeq=57, HeaderSize=2, Bytes: 39 FF 00
[DEBUG] compress: Block 0 Output Readback: 74 39 00 01 02 (Ptr: 0x902f72600)
[PERF] Phase 1 (LZ77): 53 ms, Phase 2 (Encode): 3 ms
[DEBUG] write_block: type=2, size=1607, is_last=1, original=8192, compressed=1607
[DEBUG] compress: Phase 3 Block 0 Source: 74 39 00 01 02 (Ptr: 0x902f72600)
[DEBUG] compress: Phase 3 Block 0 Dest: 74 39 00 01 02
[DEBUG] decompress: Block header parsed. size=1607, compressed=1, last=1, header_size=3
[DEBUG] decompress: calling decompress_block at offset 10
[DEBUG] decompress_literals: input_size=1607, header: 74 39 00 01 02
[DEBUG] decompress_literals: type=0
[DEBUG] decompress_block: Calling decompress_sequences, offset=921, size=686
[DEBUG] decompress_sequences: input_size=686, header bytes: 39 FF 7E 02 00
[DEBUG] decompress_sequences: Parsed num_sequences=57, offset=1
[DEBUG] decompress_sequences: fse_modes=0xFF, offset=2
[DEBUG] decompress: decompress_block DONE. decompressed_size=8192
    Mismatch at byte 1: expected 1, got 0
  [FAIL] Size 8192 (Data Mismatch)
  [INFO] Passed: 0/1
  [FAIL] test_various_sizes_roundtrip: Some size tests failed

[TEST] Random Inputs Round-trip (1000 tests)
[DEBUG] compress: ENTRY at TOP. Size=8221
[DEBUG] compress: ENTRY. num_blocks=1, size=8221
[DEBUG] compress: Block 0, NumSeq=1, NumLit=8221
[DEBUG] compress_literals: NumLit=8221, HeaderLen=3, Bytes: D8 01 02
[DEBUG] encode_sequences_raw: NumSeq=1, HeaderSize=2, Bytes: 01 FF 00
[DEBUG] compress: Block 0 Output Readback: D8 01 02 8C 97 (Ptr: 0x903172d00)
[PERF] Phase 1 (LZ77): 54 ms, Phase 2 (Encode): 2 ms
[DEBUG] write_block: type=0, size=8221, is_last=1, original=8221, compressed=8238
[DEBUG] compress: Phase 3 Block 0 Source: D8 01 02 8C 97 (Ptr: 0x903172d00)
[DEBUG] compress: Phase 3 Block 0 Dest: 8C 97 B7 D8 9A
[DEBUG] decompress: Block header parsed. size=8221, compressed=0, last=1, header_size=3
[DEBUG] compress: ENTRY at TOP. Size=45658
[DEBUG] compress: ENTRY. num_blocks=1, size=45658
[DEBUG] compress: Block 0, NumSeq=10, NumLit=45631
[DEBUG] compress_literals: NumLit=45631, HeaderLen=3, Bytes: F8 23 0B
[DEBUG] encode_sequences_raw: NumSeq=10, HeaderSize=2, Bytes: 0A FF 00
[DEBUG] compress: Block 0 Output Readback: F8 23 0B 6A FF (Ptr: 0x90377bd00)
[PERF] Phase 1 (LZ77): 330 ms, Phase 2 (Encode): 3 ms
[DEBUG] write_block: type=0, size=45658, is_last=1, original=45658, compressed=45756
[DEBUG] compress: Phase 3 Block 0 Source: F8 23 0B 6A FF (Ptr: 0x90377bd00)
[DEBUG] compress: Phase 3 Block 0 Dest: 6A FF B8 EE 00
[DEBUG] decompress: Block header parsed. size=45658, compressed=0, last=1, header_size=3
[DEBUG] compress: ENTRY at TOP. Size=42873
[DEBUG] compress: ENTRY. num_blocks=1, size=42873
[DEBUG] compress: Block 0, NumSeq=12, NumLit=42840
[DEBUG] compress_literals: NumLit=42840, HeaderLen=3, Bytes: 88 75 0A
[DEBUG] encode_sequences_raw: NumSeq=12, HeaderSize=2, Bytes: 0C FF 00
[DEBUG] compress: Block 0 Output Readback: 88 75 0A 6F 2F (Ptr: 0x903955100)
[PERF] Phase 1 (LZ77): 274 ms, Phase 2 (Encode): 2 ms
[DEBUG] write_block: type=0, size=42873, is_last=1, original=42873, compressed=42989
[DEBUG] compress: Phase 3 Block 0 Source: 88 75 0A 6F 2F (Ptr: 0x903955100)
[DEBUG] compress: Phase 3 Block 0 Dest: 6F 2F 06 EE 8C
[DEBUG] decompress: Block header parsed. size=42873, compressed=0, last=1, header_size=3
[DEBUG] compress: ENTRY at TOP. Size=15760
[DEBUG] compress: ENTRY. num_blocks=1, size=15760
[DEBUG] compress: Block 0, NumSeq=3, NumLit=15754
[DEBUG] compress_literals: NumLit=15754, HeaderLen=3, Bytes: A8 D8 03
[DEBUG] encode_sequences_raw: NumSeq=3, HeaderSize=2, Bytes: 03 FF 00
[DEBUG] compress: Block 0 Output Readback: A8 D8 03 8D 12 (Ptr: 0x903bdbd80)
[PERF] Phase 1 (LZ77): 94 ms, Phase 2 (Encode): 3 ms
[DEBUG] write_block: type=0, size=15760, is_last=1, original=15760, compressed=15795
[DEBUG] compress: Phase 3 Block 0 Source: A8 D8 03 8D 12 (Ptr: 0x903bdbd80)
[DEBUG] compress: Phase 3 Block 0 Dest: 8D 12 B5 D7 4A
[DEBUG] decompress: Block header parsed. size=15760, compressed=0, last=1, header_size=3
[DEBUG] compress: ENTRY at TOP. Size=21593
[DEBUG] compress: ENTRY. num_blocks=1, size=21593
[DEBUG] compress: Block 0, NumSeq=3, NumLit=21587
[DEBUG] compress_literals: NumLit=21587, HeaderLen=3, Bytes: 38 45 05
[DEBUG] encode_sequences_raw: NumSeq=3, HeaderSize=2, Bytes: 03 FF 00
[DEBUG] compress: Block 0 Output Readback: 38 45 05 F7 E6 (Ptr: 0x90402cf00)
[PERF] Phase 1 (LZ77): 135 ms, Phase 2 (Encode): 2 ms
[DEBUG] write_block: type=0, size=21593, is_last=1, original=21593, compressed=21628
[DEBUG] compress: Phase 3 Block 0 Source: 38 45 05 F7 E6 (Ptr: 0x90402cf00)
[DEBUG] compress: Phase 3 Block 0 Dest: F7 E6 8C 2C F9
[DEBUG] decompress: Block header parsed. size=21593, compressed=0, last=1, header_size=3
[DEBUG] compress: ENTRY at TOP. Size=25620
[DEBUG] compress: ENTRY. num_blocks=1, size=25620
[DEBUG] compress: Block 0, NumSeq=3, NumLit=25614
[DEBUG] compress_literals: NumLit=25614, HeaderLen=3, Bytes: E8 40 06
[DEBUG] encode_sequences_raw: NumSeq=3, HeaderSize=2, Bytes: 03 FF 00
[DEBUG] compress: Block 0 Output Readback: E8 40 06 38 0E (Ptr: 0x904265080)
[PERF] Phase 1 (LZ77): 160 ms, Phase 2 (Encode): 3 ms
[DEBUG] write_block: type=0, size=25620, is_last=1, original=25620, compressed=25655
[DEBUG] compress: Phase 3 Block 0 Source: E8 40 06 38 0E (Ptr: 0x904265080)
[DEBUG] compress: Phase 3 Block 0 Dest: 38 0E DE D4 34
[DEBUG] decompress: Block header parsed. size=25620, compressed=0, last=1, header_size=3
[DEBUG] compress: ENTRY at TOP. Size=58397
[DEBUG] compress: ENTRY. num_blocks=1, size=58397
[DEBUG] compress: Block 0, NumSeq=14, NumLit=58358
[DEBUG] compress_literals: NumLit=58358, HeaderLen=3, Bytes: 68 3F 0E
[DEBUG] encode_sequences_raw: NumSeq=14, HeaderSize=2, Bytes: 0E FF 00
[DEBUG] compress: Block 0 Output Readback: 68 3F 0E E4 F2 (Ptr: 0x90482d100)
[PERF] Phase 1 (LZ77): 360 ms, Phase 2 (Encode): 2 ms
[DEBUG] write_block: type=0, size=58397, is_last=1, original=58397, compressed=58531
[DEBUG] compress: Phase 3 Block 0 Source: 68 3F 0E E4 F2 (Ptr: 0x90482d100)
[DEBUG] compress: Phase 3 Block 0 Dest: E4 F2 54 35 D2
[DEBUG] decompress: Block header parsed. size=58397, compressed=0, last=1, header_size=3
[DEBUG] compress: ENTRY at TOP. Size=41650
[DEBUG] compress: ENTRY. num_blocks=1, size=41650
[DEBUG] compress: Block 0, NumSeq=9, NumLit=41626
[DEBUG] compress_literals: NumLit=41626, HeaderLen=3, Bytes: A8 29 0A
[DEBUG] encode_sequences_raw: NumSeq=9, HeaderSize=2, Bytes: 09 FF 00
[DEBUG] compress: Block 0 Output Readback: A8 29 0A 13 3A (Ptr: 0x904944200)
[PERF] Phase 1 (LZ77): 268 ms, Phase 2 (Encode): 2 ms
[DEBUG] write_block: type=0, size=41650, is_last=1, original=41650, compressed=41739
[DEBUG] compress: Phase 3 Block 0 Source: A8 29 0A 13 3A (Ptr: 0x904944200)
[DEBUG] compress: Phase 3 Block 0 Dest: 13 3A C7 51 70
[DEBUG] decompress: Block header parsed. size=41650, compressed=0, last=1, header_size=3
[DEBUG] compress: ENTRY at TOP. Size=20849
[DEBUG] compress: ENTRY. num_blocks=1, size=20849
[DEBUG] compress: Block 0, NumSeq=2, NumLit=20846
[DEBUG] compress_literals: NumLit=20846, HeaderLen=3, Bytes: E8 16 05
[DEBUG] encode_sequences_raw: NumSeq=2, HeaderSize=2, Bytes: 02 FF 00
[DEBUG] compress: Block 0 Output Readback: E8 16 05 DF 02 (Ptr: 0x904c22a80)
[PERF] Phase 1 (LZ77): 131 ms, Phase 2 (Encode): 2 ms
[DEBUG] write_block: type=0, size=20849, is_last=1, original=20849, compressed=20875
[DEBUG] compress: Phase 3 Block 0 Source: E8 16 05 DF 02 (Ptr: 0x904c22a80)
[DEBUG] compress: Phase 3 Block 0 Dest: DF 02 F7 3D DE
[DEBUG] decompress: Block header parsed. size=20849, compressed=0, last=1, header_size=3
[DEBUG] compress: ENTRY at TOP. Size=8993
[DEBUG] compress: ENTRY. num_blocks=1, size=8993
[DEBUG] compress: Block 0, NumSeq=1, NumLit=8993
[DEBUG] compress_literals: NumLit=8993, HeaderLen=3, Bytes: 18 32 02
[DEBUG] encode_sequences_raw: NumSeq=1, HeaderSize=2, Bytes: 01 FF 00
[DEBUG] compress: Block 0 Output Readback: 18 32 02 02 5D (Ptr: 0x904d7dd00)
[PERF] Phase 1 (LZ77): 59 ms, Phase 2 (Encode): 2 ms
[DEBUG] write_block: type=0, size=8993, is_last=1, original=8993, compressed=9010
[DEBUG] compress: Phase 3 Block 0 Source: 18 32 02 02 5D (Ptr: 0x904d7dd00)
[DEBUG] compress: Phase 3 Block 0 Dest: 02 5D 80 7F 7E
[DEBUG] decompress: Block header parsed. size=8993, compressed=0, last=1, header_size=3
[DEBUG] compress: ENTRY at TOP. Size=49991
[DEBUG] compress: ENTRY. num_blocks=1, size=49991
[DEBUG] compress: Block 0, NumSeq=12, NumLit=49958
[DEBUG] compress_literals: NumLit=49958, HeaderLen=3, Bytes: 68 32 0C
[DEBUG] encode_sequences_raw: NumSeq=12, HeaderSize=2, Bytes: 0C FF 00
[DEBUG] compress: Block 0 Output Readback: 68 32 0C C5 4C (Ptr: 0x9053b8400)
[PERF] Phase 1 (LZ77): 312 ms, Phase 2 (Encode): 2 ms
[DEBUG] write_block: type=0, size=49991, is_last=1, original=49991, compressed=50107
[DEBUG] compress: Phase 3 Block 0 Source: 68 32 0C C5 4C (Ptr: 0x9053b8400)
[DEBUG] compress: Phase 3 Block 0 Dest: C5 4C 05 7E A2
[DEBUG] decompress: Block header parsed. size=49991, compressed=0, last=1, header_size=3
[DEBUG] compress: ENTRY at TOP. Size=48720
[DEBUG] compress: ENTRY. num_blocks=1, size=48720
[DEBUG] compress: Block 0, NumSeq=8, NumLit=48699
[DEBUG] compress_literals: NumLit=48699, HeaderLen=3, Bytes: B8 E3 0B
[DEBUG] encode_sequences_raw: NumSeq=8, HeaderSize=2, Bytes: 08 FF 00
[DEBUG] compress: Block 0 Output Readback: B8 E3 0B 2E 11 (Ptr: 0x9057a6800)
[PERF] Phase 1 (LZ77): 302 ms, Phase 2 (Encode): 2 ms
[DEBUG] write_block: type=0, size=48720, is_last=1, original=48720, compressed=48800
[DEBUG] compress: Phase 3 Block 0 Source: B8 E3 0B 2E 11 (Ptr: 0x9057a6800)
[DEBUG] compress: Phase 3 Block 0 Dest: 2E 11 04 AA 76
[DEBUG] decompress: Block header parsed. size=48720, compressed=0, last=1, header_size=3
[DEBUG] compress: ENTRY at TOP. Size=37657
[DEBUG] compress: ENTRY. num_blocks=1, size=37657
[DEBUG] compress: Block 0, NumSeq=10, NumLit=37630
[DEBUG] compress_literals: NumLit=37630, HeaderLen=3, Bytes: E8 2F 09
[DEBUG] encode_sequences_raw: NumSeq=10, HeaderSize=2, Bytes: 0A FF 00
[DEBUG] compress: Block 0 Output Readback: E8 2F 09 27 72 (Ptr: 0x90590c800)
[PERF] Phase 1 (LZ77): 246 ms, Phase 2 (Encode): 2 ms
[DEBUG] write_block: type=0, size=37657, is_last=1, original=37657, compressed=37755
[DEBUG] compress: Phase 3 Block 0 Source: E8 2F 09 27 72 (Ptr: 0x90590c800)
[DEBUG] compress: Phase 3 Block 0 Dest: 27 72 BD DF 43
[DEBUG] decompress: Block header parsed. size=37657, compressed=0, last=1, header_size=3
[DEBUG] compress: ENTRY at TOP. Size=60669
[DEBUG] compress: ENTRY. num_blocks=1, size=60669
[DEBUG] compress: Block 0, NumSeq=20, NumLit=60612
[DEBUG] compress_literals: NumLit=60612, HeaderLen=3, Bytes: 48 CC 0E
[DEBUG] encode_sequences_raw: NumSeq=20, HeaderSize=2, Bytes: 14 FF 00
[DEBUG] compress: Block 0 Output Readback: 48 CC 0E C7 9B (Ptr: 0x905e4ca80)
[PERF] Phase 1 (LZ77): 370 ms, Phase 2 (Encode): 2 ms
[DEBUG] write_block: type=0, size=60669, is_last=1, original=60669, compressed=60857
[DEBUG] compress: Phase 3 Block 0 Source: 48 CC 0E C7 9B (Ptr: 0x905e4ca80)
[DEBUG] compress: Phase 3 Block 0 Dest: C7 9B 3C DC D3
[DEBUG] decompress: Block header parsed. size=60669, compressed=0, last=1, header_size=3
[DEBUG] compress: ENTRY at TOP. Size=30097
[DEBUG] compress: ENTRY. num_blocks=1, size=30097
[DEBUG] compress: Block 0, NumSeq=8, NumLit=30076
[DEBUG] compress_literals: NumLit=30076, HeaderLen=3, Bytes: C8 57 07
[DEBUG] encode_sequences_raw: NumSeq=8, HeaderSize=2, Bytes: 08 FF 00
[DEBUG] compress: Block 0 Output Readback: C8 57 07 83 EC (Ptr: 0x905ea3600)
[PERF] Phase 1 (LZ77): 190 ms, Phase 2 (Encode): 2 ms
[DEBUG] write_block: type=0, size=30097, is_last=1, original=30097, compressed=30177
[DEBUG] compress: Phase 3 Block 0 Source: C8 57 07 83 EC (Ptr: 0x905ea3600)
[DEBUG] compress: Phase 3 Block 0 Dest: 83 EC C5 A8 DE
[DEBUG] decompress: Block header parsed. size=30097, compressed=0, last=1, header_size=3
[DEBUG] compress: ENTRY at TOP. Size=40069
[DEBUG] compress: ENTRY. num_blocks=1, size=40069
[DEBUG] compress: Block 0, NumSeq=4, NumLit=40060
[DEBUG] compress_literals: NumLit=40060, HeaderLen=3, Bytes: C8 C7 09
[DEBUG] encode_sequences_raw: NumSeq=4, HeaderSize=2, Bytes: 04 FF 00
[DEBUG] compress: Block 0 Output Readback: C8 C7 09 D9 D0 (Ptr: 0x90632e380)
[PERF] Phase 1 (LZ77): 240 ms, Phase 2 (Encode): 2 ms
[DEBUG] write_block: type=0, size=40069, is_last=1, original=40069, compressed=40113
[DEBUG] compress: Phase 3 Block 0 Source: C8 C7 09 D9 D0 (Ptr: 0x90632e380)
[DEBUG] compress: Phase 3 Block 0 Dest: D9 D0 2D 97 0D
[DEBUG] decompress: Block header parsed. size=40069, compressed=0, last=1, header_size=3
[DEBUG] compress: ENTRY at TOP. Size=28482
[DEBUG] compress: ENTRY. num_blocks=1, size=28482
[DEBUG] compress: Block 0, NumSeq=5, NumLit=28470
[DEBUG] compress_literals: NumLit=28470, HeaderLen=3, Bytes: 68 F3 06
[DEBUG] encode_sequences_raw: NumSeq=5, HeaderSize=2, Bytes: 05 FF 00
[DEBUG] compress: Block 0 Output Readback: 68 F3 06 39 53 (Ptr: 0x90648d000)
[PERF] Phase 1 (LZ77): 162 ms, Phase 2 (Encode): 2 ms
[DEBUG] write_block: type=0, size=28482, is_last=1, original=28482, compressed=28535
[DEBUG] compress: Phase 3 Block 0 Source: 68 F3 06 39 53 (Ptr: 0x90648d000)
[DEBUG] compress: Phase 3 Block 0 Dest: 39 53 85 0E 8C
[DEBUG] decompress: Block header parsed. size=28482, compressed=0, last=1, header_size=3
[DEBUG] compress: ENTRY at TOP. Size=53147
[DEBUG] compress: ENTRY. num_blocks=1, size=53147
[DEBUG] compress: Block 0, NumSeq=16, NumLit=53102
[DEBUG] compress_literals: NumLit=53102, HeaderLen=3, Bytes: E8 F6 0C
[DEBUG] encode_sequences_raw: NumSeq=16, HeaderSize=2, Bytes: 10 FF 00
[DEBUG] compress: Block 0 Output Readback: E8 F6 0C 4B 2E (Ptr: 0x9069e4080)
[PERF] Phase 1 (LZ77): 320 ms, Phase 2 (Encode): 2 ms
[DEBUG] write_block: type=0, size=53147, is_last=1, original=53147, compressed=53299
[DEBUG] compress: Phase 3 Block 0 Source: E8 F6 0C 4B 2E (Ptr: 0x9069e4080)
[DEBUG] compress: Phase 3 Block 0 Dest: 4B 2E 87 D8 31
[DEBUG] decompress: Block header parsed. size=53147, compressed=0, last=1, header_size=3
[DEBUG] compress: ENTRY at TOP. Size=39279
[DEBUG] compress: ENTRY. num_blocks=1, size=39279
[DEBUG] compress: Block 0, NumSeq=11, NumLit=39249
[DEBUG] compress_literals: NumLit=39249, HeaderLen=3, Bytes: 18 95 09
[DEBUG] encode_sequences_raw: NumSeq=11, HeaderSize=2, Bytes: 0B FF 00
[DEBUG] compress: Block 0 Output Readback: 18 95 09 A6 13 (Ptr: 0x906b23180)
[PERF] Phase 1 (LZ77): 246 ms, Phase 2 (Encode): 1 ms
[DEBUG] write_block: type=0, size=39279, is_last=1, original=39279, compressed=39386
[DEBUG] compress: Phase 3 Block 0 Source: 18 95 09 A6 13 (Ptr: 0x906b23180)
[DEBUG] compress: Phase 3 Block 0 Dest: A6 13 81 6E E0
[DEBUG] decompress: Block header parsed. size=39279, compressed=0, last=1, header_size=3
[DEBUG] compress: ENTRY at TOP. Size=37844
[DEBUG] compress: ENTRY. num_blocks=1, size=37844
[DEBUG] compress: Block 0, NumSeq=8, NumLit=37823
[DEBUG] compress_literals: NumLit=37823, HeaderLen=3, Bytes: F8 3B 09
[DEBUG] encode_sequences_raw: NumSeq=8, HeaderSize=2, Bytes: 08 FF 00
[DEBUG] compress: Block 0 Output Readback: F8 3B 09 18 6E (Ptr: 0x906f0f200)
[PERF] Phase 1 (LZ77): 224 ms, Phase 2 (Encode): 2 ms
[DEBUG] write_block: type=0, size=37844, is_last=1, original=37844, compressed=37924
[DEBUG] compress: Phase 3 Block 0 Source: F8 3B 09 18 6E (Ptr: 0x906f0f200)
[DEBUG] compress: Phase 3 Block 0 Dest: 18 6E C2 69 3F
[DEBUG] decompress: Block header parsed. size=37844, compressed=0, last=1, header_size=3
[DEBUG] compress: ENTRY at TOP. Size=2989
[DEBUG] compress: ENTRY. num_blocks=1, size=2989
[DEBUG] compress: Block 0, NumSeq=1, NumLit=2989
[DEBUG] compress_literals: NumLit=2989, HeaderLen=2, Bytes: D4 BA 00
[DEBUG] encode_sequences_raw: NumSeq=1, HeaderSize=2, Bytes: 01 FF 00
[DEBUG] compress: Block 0 Output Readback: D4 BA 96 E3 E5 (Ptr: 0x90712a200)
[PERF] Phase 1 (LZ77): 21 ms, Phase 2 (Encode): 1 ms
[DEBUG] write_block: type=0, size=2989, is_last=1, original=2989, compressed=3005
[DEBUG] compress: Phase 3 Block 0 Source: D4 BA 96 E3 E5 (Ptr: 0x90712a200)
[DEBUG] compress: Phase 3 Block 0 Dest: 96 E3 E5 F4 E4
[DEBUG] decompress: Block header parsed. size=2989, compressed=0, last=1, header_size=3
[DEBUG] compress: ENTRY at TOP. Size=33664
[DEBUG] compress: ENTRY. num_blocks=1, size=33664
[DEBUG] compress: Block 0, NumSeq=6, NumLit=33649
[DEBUG] compress_literals: NumLit=33649, HeaderLen=3, Bytes: 18 37 08
[DEBUG] encode_sequences_raw: NumSeq=6, HeaderSize=2, Bytes: 06 FF 00
[DEBUG] compress: Block 0 Output Readback: 18 37 08 0C CC (Ptr: 0x9074d4d80)
[PERF] Phase 1 (LZ77): 192 ms, Phase 2 (Encode): 2 ms
[DEBUG] write_block: type=0, size=33664, is_last=1, original=33664, compressed=33726
[DEBUG] compress: Phase 3 Block 0 Source: 18 37 08 0C CC (Ptr: 0x9074d4d80)
[DEBUG] compress: Phase 3 Block 0 Dest: 0C CC 4A AE B8
[DEBUG] decompress: Block header parsed. size=33664, compressed=0, last=1, header_size=3
[DEBUG] compress: ENTRY at TOP. Size=55642
[DEBUG] compress: ENTRY. num_blocks=1, size=55642
[DEBUG] compress: Block 0, NumSeq=21, NumLit=55582
[DEBUG] compress_literals: NumLit=55582, HeaderLen=3, Bytes: E8 91 0D
[DEBUG] encode_sequences_raw: NumSeq=21, HeaderSize=2, Bytes: 15 FF 00
[DEBUG] compress: Block 0 Output Readback: E8 91 0D 35 B3 (Ptr: 0x907a06c00)
[PERF] Phase 1 (LZ77): 310 ms, Phase 2 (Encode): 2 ms
[DEBUG] write_block: type=0, size=55642, is_last=1, original=55642, compressed=55839
[DEBUG] compress: Phase 3 Block 0 Source: E8 91 0D 35 B3 (Ptr: 0x907a06c00)
[DEBUG] compress: Phase 3 Block 0 Dest: 35 B3 7B BB 6B
[DEBUG] decompress: Block header parsed. size=55642, compressed=0, last=1, header_size=3
[DEBUG] compress: ENTRY at TOP. Size=56964
[DEBUG] compress: ENTRY. num_blocks=1, size=56964
[DEBUG] compress: Block 0, NumSeq=19, NumLit=56910
[DEBUG] compress_literals: NumLit=56910, HeaderLen=3, Bytes: E8 E4 0D
[DEBUG] encode_sequences_raw: NumSeq=19, HeaderSize=2, Bytes: 13 FF 00
[DEBUG] compress: Block 0 Output Readback: E8 E4 0D 84 AB (Ptr: 0x907c19580)
[PERF] Phase 1 (LZ77): 340 ms, Phase 2 (Encode): 2 ms
[DEBUG] write_block: type=0, size=56964, is_last=1, original=56964, compressed=57143
[DEBUG] compress: Phase 3 Block 0 Source: E8 E4 0D 84 AB (Ptr: 0x907c19580)
[DEBUG] compress: Phase 3 Block 0 Dest: 84 AB F2 2F C3
[DEBUG] decompress: Block header parsed. size=56964, compressed=0, last=1, header_size=3
[DEBUG] compress: ENTRY at TOP. Size=56710
[DEBUG] compress: ENTRY. num_blocks=1, size=56710
[DEBUG] compress: Block 0, NumSeq=15, NumLit=56668
[DEBUG] compress_literals: NumLit=56668, HeaderLen=3, Bytes: C8 D5 0D
[DEBUG] encode_sequences_raw: NumSeq=15, HeaderSize=2, Bytes: 0F FF 00
[DEBUG] compress: Block 0 Output Readback: C8 D5 0D F5 4B (Ptr: 0x908015c80)
[PERF] Phase 1 (LZ77): 350 ms, Phase 2 (Encode): 3 ms
[DEBUG] write_block: type=0, size=56710, is_last=1, original=56710, compressed=56853
[DEBUG] compress: Phase 3 Block 0 Source: C8 D5 0D F5 4B (Ptr: 0x908015c80)
[DEBUG] compress: Phase 3 Block 0 Dest: F5 4B B3 0D FF
[DEBUG] decompress: Block header parsed. size=56710, compressed=0, last=1, header_size=3
[DEBUG] compress: ENTRY at TOP. Size=18227
[DEBUG] compress: ENTRY. num_blocks=1, size=18227
[DEBUG] compress: Block 0, NumSeq=2, NumLit=18224
[DEBUG] compress_literals: NumLit=18224, HeaderLen=3, Bytes: 08 73 04
[DEBUG] encode_sequences_raw: NumSeq=2, HeaderSize=2, Bytes: 02 FF 00
[DEBUG] compress: Block 0 Output Readback: 08 73 04 DE B2 (Ptr: 0x907ffe280)
[PERF] Phase 1 (LZ77): 113 ms, Phase 2 (Encode): 1 ms
[DEBUG] write_block: type=0, size=18227, is_last=1, original=18227, compressed=18253
[DEBUG] compress: Phase 3 Block 0 Source: 08 73 04 DE B2 (Ptr: 0x907ffe280)
[DEBUG] compress: Phase 3 Block 0 Dest: DE B2 95 6E 47
[DEBUG] decompress: Block header parsed. size=18227, compressed=0, last=1, header_size=3
[DEBUG] compress: ENTRY at TOP. Size=53828
[DEBUG] compress: ENTRY. num_blocks=1, size=53828
[DEBUG] compress: Block 0, NumSeq=15, NumLit=53785
[DEBUG] compress_literals: NumLit=53785, HeaderLen=3, Bytes: 98 21 0D
[DEBUG] encode_sequences_raw: NumSeq=15, HeaderSize=2, Bytes: 0F FF 00
[DEBUG] compress: Block 0 Output Readback: 98 21 0D 4E B6 (Ptr: 0x9085edb00)
[PERF] Phase 1 (LZ77): 320 ms, Phase 2 (Encode): 2 ms
[DEBUG] write_block: type=0, size=53828, is_last=1, original=53828, compressed=53970
[DEBUG] compress: Phase 3 Block 0 Source: 98 21 0D 4E B6 (Ptr: 0x9085edb00)
[DEBUG] compress: Phase 3 Block 0 Dest: 4E B6 84 4B C4
[DEBUG] decompress: Block header parsed. size=53828, compressed=0, last=1, header_size=3
[DEBUG] compress: ENTRY at TOP. Size=920
[DEBUG] compress: ENTRY. num_blocks=1, size=920
[DEBUG] compress: Block 0, NumSeq=1, NumLit=920
[DEBUG] compress_literals: NumLit=920, HeaderLen=2, Bytes: 84 39 00
[DEBUG] encode_sequences_raw: NumSeq=1, HeaderSize=2, Bytes: 01 FF 00
[DEBUG] compress: Block 0 Output Readback: 84 39 6C 7B D0 (Ptr: 0x90870d400)
[PERF] Phase 1 (LZ77): 5 ms, Phase 2 (Encode): 2 ms
[DEBUG] write_block: type=0, size=920, is_last=1, original=920, compressed=936
[DEBUG] compress: Phase 3 Block 0 Source: 84 39 6C 7B D0 (Ptr: 0x90870d400)
[DEBUG] compress: Phase 3 Block 0 Dest: 6C 7B D0 EA BC
[DEBUG] decompress: Block header parsed. size=920, compressed=0, last=1, header_size=3
[DEBUG] compress: ENTRY at TOP. Size=63631
[DEBUG] compress: ENTRY. num_blocks=1, size=63631
[DEBUG] compress: Block 0, NumSeq=17, NumLit=63583
[DEBUG] compress_literals: NumLit=63583, HeaderLen=3, Bytes: F8 85 0F
[DEBUG] encode_sequences_raw: NumSeq=17, HeaderSize=2, Bytes: 11 FF 00
[DEBUG] compress: Block 0 Output Readback: F8 85 0F BA 2B (Ptr: 0x908c76000)
[PERF] Phase 1 (LZ77): 367 ms, Phase 2 (Encode): 2 ms
[DEBUG] write_block: type=0, size=63631, is_last=1, original=63631, compressed=63792
[DEBUG] compress: Phase 3 Block 0 Source: F8 85 0F BA 2B (Ptr: 0x908c76000)
[DEBUG] compress: Phase 3 Block 0 Dest: BA 2B 8F 49 1F
[DEBUG] decompress: Block header parsed. size=63631, compressed=0, last=1, header_size=3
[DEBUG] compress: ENTRY at TOP. Size=28184
[DEBUG] compress: ENTRY. num_blocks=1, size=28184
[DEBUG] compress: Block 0, NumSeq=4, NumLit=28175
[DEBUG] compress_literals: NumLit=28175, HeaderLen=3, Bytes: F8 E0 06
[DEBUG] encode_sequences_raw: NumSeq=4, HeaderSize=2, Bytes: 04 FF 00
[DEBUG] compress: Block 0 Output Readback: F8 E0 06 DD CC (Ptr: 0x908e88a80)
[PERF] Phase 1 (LZ77): 169 ms, Phase 2 (Encode): 2 ms
[DEBUG] write_block: type=0, size=28184, is_last=1, original=28184, compressed=28228
[DEBUG] compress: Phase 3 Block 0 Source: F8 E0 06 DD CC (Ptr: 0x908e88a80)
[DEBUG] compress: Phase 3 Block 0 Dest: DD CC 48 58 12
[DEBUG] decompress: Block header parsed. size=28184, compressed=0, last=1, header_size=3
[DEBUG] compress: ENTRY at TOP. Size=21956
[DEBUG] compress: ENTRY. num_blocks=1, size=21956
[DEBUG] compress: Block 0, NumSeq=2, NumLit=21953
[DEBUG] compress_literals: NumLit=21953, HeaderLen=3, Bytes: 18 5C 05
[DEBUG] encode_sequences_raw: NumSeq=2, HeaderSize=2, Bytes: 02 FF 00
[DEBUG] compress: Block 0 Output Readback: 18 5C 05 A4 EA (Ptr: 0x909032280)
[PERF] Phase 1 (LZ77): 134 ms, Phase 2 (Encode): 2 ms
[DEBUG] write_block: type=0, size=21956, is_last=1, original=21956, compressed=21982
[DEBUG] compress: Phase 3 Block 0 Source: 18 5C 05 A4 EA (Ptr: 0x909032280)
[DEBUG] compress: Phase 3 Block 0 Dest: A4 EA 61 37 A9
[DEBUG] decompress: Block header parsed. size=21956, compressed=0, last=1, header_size=3
[DEBUG] compress: ENTRY at TOP. Size=49268
[DEBUG] compress: ENTRY. num_blocks=1, size=49268
[DEBUG] compress: Block 0, NumSeq=8, NumLit=49247
[DEBUG] compress_literals: NumLit=49247, HeaderLen=3, Bytes: F8 05 0C
[DEBUG] encode_sequences_raw: NumSeq=8, HeaderSize=2, Bytes: 08 FF 00
[DEBUG] compress: Block 0 Output Readback: F8 05 0C 49 07 (Ptr: 0x9095ae180)
[PERF] Phase 1 (LZ77): 288 ms, Phase 2 (Encode): 2 ms
[DEBUG] write_block: type=0, size=49268, is_last=1, original=49268, compressed=49348
[DEBUG] compress: Phase 3 Block 0 Source: F8 05 0C 49 07 (Ptr: 0x9095ae180)
[DEBUG] compress: Phase 3 Block 0 Dest: 49 07 F5 52 C5
[DEBUG] decompress: Block header parsed. size=49268, compressed=0, last=1, header_size=3
[DEBUG] compress: ENTRY at TOP. Size=38712
[DEBUG] compress: ENTRY. num_blocks=1, size=38712
[DEBUG] compress: Block 0, NumSeq=7, NumLit=38694
[DEBUG] compress_literals: NumLit=38694, HeaderLen=3, Bytes: 68 72 09
[DEBUG] encode_sequences_raw: NumSeq=7, HeaderSize=2, Bytes: 07 FF 00
[DEBUG] compress: Block 0 Output Readback: 68 72 09 DB 0F (Ptr: 0x90971b280)
[PERF] Phase 1 (LZ77): 224 ms, Phase 2 (Encode): 2 ms
[DEBUG] write_block: type=0, size=38712, is_last=1, original=38712, compressed=38783
[DEBUG] compress: Phase 3 Block 0 Source: 68 72 09 DB 0F (Ptr: 0x90971b280)
[DEBUG] compress: Phase 3 Block 0 Dest: DB 0F 5F 6B 8E
[DEBUG] decompress: Block header parsed. size=38712, compressed=0, last=1, header_size=3
[DEBUG] compress: ENTRY at TOP. Size=54307
[DEBUG] compress: ENTRY. num_blocks=1, size=54307
[DEBUG] compress: Block 0, NumSeq=15, NumLit=54265
[DEBUG] compress_literals: NumLit=54265, HeaderLen=3, Bytes: 98 3F 0D
[DEBUG] encode_sequences_raw: NumSeq=15, HeaderSize=2, Bytes: 0F FF 00
[DEBUG] compress: Block 0 Output Readback: 98 3F 0D 3F B0 (Ptr: 0x909bf4600)
[PERF] Phase 1 (LZ77): 326 ms, Phase 2 (Encode): 2 ms
[DEBUG] write_block: type=0, size=54307, is_last=1, original=54307, compressed=54450
[DEBUG] compress: Phase 3 Block 0 Source: 98 3F 0D 3F B0 (Ptr: 0x909bf4600)
[DEBUG] compress: Phase 3 Block 0 Dest: 3F B0 73 AB 69
[DEBUG] decompress: Block header parsed. size=54307, compressed=0, last=1, header_size=3
[DEBUG] compress: ENTRY at TOP. Size=64377
[DEBUG] compress: ENTRY. num_blocks=1, size=64377
[DEBUG] compress: Block 0, NumSeq=30, NumLit=64289
[DEBUG] compress_literals: NumLit=64289, HeaderLen=3, Bytes: 18 B2 0F
[DEBUG] encode_sequences_raw: NumSeq=30, HeaderSize=2, Bytes: 1E FF 00
[DEBUG] compress: Block 0 Output Readback: 18 B2 0F 09 32 (Ptr: 0x90a080500)
[PERF] Phase 1 (LZ77): 375 ms, Phase 2 (Encode): 2 ms
[DEBUG] write_block: type=0, size=64377, is_last=1, original=64377, compressed=64654
[DEBUG] compress: Phase 3 Block 0 Source: 18 B2 0F 09 32 (Ptr: 0x90a080500)
[DEBUG] compress: Phase 3 Block 0 Dest: 09 32 C7 6C 17
[DEBUG] decompress: Block header parsed. size=64377, compressed=0, last=1, header_size=3
[DEBUG] compress: ENTRY at TOP. Size=48373
[DEBUG] compress: ENTRY. num_blocks=1, size=48373
[DEBUG] compress: Block 0, NumSeq=21, NumLit=48313
[DEBUG] compress_literals: NumLit=48313, HeaderLen=3, Bytes: 98 CB 0B
[DEBUG] encode_sequences_raw: NumSeq=21, HeaderSize=2, Bytes: 15 FF 00
[DEBUG] compress: Block 0 Output Readback: 98 CB 0B 75 73 (Ptr: 0x90a1a1a00)
[PERF] Phase 1 (LZ77): 285 ms, Phase 2 (Encode): 2 ms
[DEBUG] write_block: type=0, size=48373, is_last=1, original=48373, compressed=48570
[DEBUG] compress: Phase 3 Block 0 Source: 98 CB 0B 75 73 (Ptr: 0x90a1a1a00)
[DEBUG] compress: Phase 3 Block 0 Dest: 75 73 4E AD 3B
[DEBUG] decompress: Block header parsed. size=48373, compressed=0, last=1, header_size=3
[DEBUG] compress: ENTRY at TOP. Size=38564
[DEBUG] compress: ENTRY. num_blocks=1, size=38564
[DEBUG] compress: Block 0, NumSeq=8, NumLit=38543
[DEBUG] compress_literals: NumLit=38543, HeaderLen=3, Bytes: F8 68 09
[DEBUG] encode_sequences_raw: NumSeq=8, HeaderSize=2, Bytes: 08 FF 00
[DEBUG] compress: Block 0 Output Readback: F8 68 09 BA 16 (Ptr: 0x90a519480)
[PERF] Phase 1 (LZ77): 226 ms, Phase 2 (Encode): 2 ms
[DEBUG] write_block: type=0, size=38564, is_last=1, original=38564, compressed=38644
[DEBUG] compress: Phase 3 Block 0 Source: F8 68 09 BA 16 (Ptr: 0x90a519480)
[DEBUG] compress: Phase 3 Block 0 Dest: BA 16 9A B7 F3
[DEBUG] decompress: Block header parsed. size=38564, compressed=0, last=1, header_size=3
[DEBUG] compress: ENTRY at TOP. Size=47527
[DEBUG] compress: ENTRY. num_blocks=1, size=47527
[DEBUG] compress: Block 0, NumSeq=7, NumLit=47509
[DEBUG] compress_literals: NumLit=47509, HeaderLen=3, Bytes: 58 99 0B
[DEBUG] encode_sequences_raw: NumSeq=7, HeaderSize=2, Bytes: 07 FF 00
[DEBUG] compress: Block 0 Output Readback: 58 99 0B F1 23 (Ptr: 0x90a795f80)
[PERF] Phase 1 (LZ77): 268 ms, Phase 2 (Encode): 2 ms
[DEBUG] write_block: type=0, size=47527, is_last=1, original=47527, compressed=47598
[DEBUG] compress: Phase 3 Block 0 Source: 58 99 0B F1 23 (Ptr: 0x90a795f80)
[DEBUG] compress: Phase 3 Block 0 Dest: F1 23 76 86 31
[DEBUG] decompress: Block header parsed. size=47527, compressed=0, last=1, header_size=3
[DEBUG] compress: ENTRY at TOP. Size=60033
[DEBUG] compress: ENTRY. num_blocks=1, size=60033
[DEBUG] compress: Block 0, NumSeq=30, NumLit=59946
[DEBUG] compress_literals: NumLit=59946, HeaderLen=3, Bytes: A8 A2 0E
[DEBUG] encode_sequences_raw: NumSeq=30, HeaderSize=2, Bytes: 1E FF 00
[DEBUG] compress: Block 0 Output Readback: A8 A2 0E 62 E5 (Ptr: 0x90ac44180)
[PERF] Phase 1 (LZ77): 352 ms, Phase 2 (Encode): 2 ms
[DEBUG] write_block: type=0, size=60033, is_last=1, original=60033, compressed=60311
[DEBUG] compress: Phase 3 Block 0 Source: A8 A2 0E 62 E5 (Ptr: 0x90ac44180)
[DEBUG] compress: Phase 3 Block 0 Dest: 62 E5 DC E9 F1
[DEBUG] decompress: Block header parsed. size=60033, compressed=0, last=1, header_size=3
[DEBUG] compress: ENTRY at TOP. Size=24927
[DEBUG] compress: ENTRY. num_blocks=1, size=24927
[DEBUG] compress: Block 0, NumSeq=2, NumLit=24924
[DEBUG] compress_literals: NumLit=24924, HeaderLen=3, Bytes: C8 15 06
[DEBUG] encode_sequences_raw: NumSeq=2, HeaderSize=2, Bytes: 02 FF 00
[DEBUG] compress: Block 0 Output Readback: C8 15 06 8C 01 (Ptr: 0x90ac5b400)
[PERF] Phase 1 (LZ77): 143 ms, Phase 2 (Encode): 2 ms
[DEBUG] write_block: type=0, size=24927, is_last=1, original=24927, compressed=24953
[DEBUG] compress: Phase 3 Block 0 Source: C8 15 06 8C 01 (Ptr: 0x90ac5b400)
[DEBUG] compress: Phase 3 Block 0 Dest: 8C 01 CC CF D2
[DEBUG] decompress: Block header parsed. size=24927, compressed=0, last=1, header_size=3
[DEBUG] compress: ENTRY at TOP. Size=59734
[DEBUG] compress: ENTRY. num_blocks=1, size=59734
[DEBUG] compress: Block 0, NumSeq=17, NumLit=59686
[DEBUG] compress_literals: NumLit=59686, HeaderLen=3, Bytes: 68 92 0E
[DEBUG] encode_sequences_raw: NumSeq=17, HeaderSize=2, Bytes: 11 FF 00
[DEBUG] compress: Block 0 Output Readback: 68 92 0E 68 A4 (Ptr: 0x90b23fb80)
[PERF] Phase 1 (LZ77): 350 ms, Phase 2 (Encode): 2 ms
[DEBUG] write_block: type=0, size=59734, is_last=1, original=59734, compressed=59895
[DEBUG] compress: Phase 3 Block 0 Source: 68 92 0E 68 A4 (Ptr: 0x90b23fb80)
[DEBUG] compress: Phase 3 Block 0 Dest: 68 A4 0E 1C C9
[DEBUG] decompress: Block header parsed. size=59734, compressed=0, last=1, header_size=3
[DEBUG] compress: ENTRY at TOP. Size=56013
[DEBUG] compress: ENTRY. num_blocks=1, size=56013
[DEBUG] compress: Block 0, NumSeq=17, NumLit=55965
[DEBUG] compress_literals: NumLit=55965, HeaderLen=3, Bytes: D8 A9 0D
[DEBUG] encode_sequences_raw: NumSeq=17, HeaderSize=2, Bytes: 11 FF 00
[DEBUG] compress: Block 0 Output Readback: D8 A9 0D 40 AE (Ptr: 0x90b60c000)
[PERF] Phase 1 (LZ77): 330 ms, Phase 2 (Encode): 2 ms
[DEBUG] write_block: type=0, size=56013, is_last=1, original=56013, compressed=56174
[DEBUG] compress: Phase 3 Block 0 Source: D8 A9 0D 40 AE (Ptr: 0x90b60c000)
[DEBUG] compress: Phase 3 Block 0 Dest: 40 AE 0B 52 AD
[DEBUG] decompress: Block header parsed. size=56013, compressed=0, last=1, header_size=3
[DEBUG] compress: ENTRY at TOP. Size=7067
[DEBUG] compress: ENTRY. num_blocks=1, size=7067
[DEBUG] compress: Block 0, NumSeq=1, NumLit=7067
[DEBUG] compress_literals: NumLit=7067, HeaderLen=3, Bytes: B8 B9 01
[DEBUG] encode_sequences_raw: NumSeq=1, HeaderSize=2, Bytes: 01 FF 00
[DEBUG] compress: Block 0 Output Readback: B8 B9 01 5F CB (Ptr: 0x90b562c80)
[PERF] Phase 1 (LZ77): 40 ms, Phase 2 (Encode): 2 ms
[DEBUG] write_block: type=0, size=7067, is_last=1, original=7067, compressed=7084
[DEBUG] compress: Phase 3 Block 0 Source: B8 B9 01 5F CB (Ptr: 0x90b562c80)
[DEBUG] compress: Phase 3 Block 0 Dest: 5F CB F3 2E BB
[DEBUG] decompress: Block header parsed. size=7067, compressed=0, last=1, header_size=3
[DEBUG] compress: ENTRY at TOP. Size=41303
[DEBUG] compress: ENTRY. num_blocks=1, size=41303
[DEBUG] compress: Block 0, NumSeq=14, NumLit=41264
[DEBUG] compress_literals: NumLit=41264, HeaderLen=3, Bytes: 08 13 0A
[DEBUG] encode_sequences_raw: NumSeq=14, HeaderSize=2, Bytes: 0E FF 00
[DEBUG] compress: Block 0 Output Readback: 08 13 0A 1D 7F (Ptr: 0x916b3f380)
[PERF] Phase 1 (LZ77): 271 ms, Phase 2 (Encode): 1 ms
[DEBUG] write_block: type=0, size=41303, is_last=1, original=41303, compressed=41437
[DEBUG] compress: Phase 3 Block 0 Source: 08 13 0A 1D 7F (Ptr: 0x916b3f380)
[DEBUG] compress: Phase 3 Block 0 Dest: 1D 7F 9B 1A 22
[DEBUG] decompress: Block header parsed. size=41303, compressed=0, last=1, header_size=3
[DEBUG] compress: ENTRY at TOP. Size=32193
[DEBUG] compress: ENTRY. num_blocks=1, size=32193
[DEBUG] compress: Block 0, NumSeq=4, NumLit=32184
[DEBUG] compress_literals: NumLit=32184, HeaderLen=3, Bytes: 88 DB 07
[DEBUG] encode_sequences_raw: NumSeq=4, HeaderSize=2, Bytes: 04 FF 00
[DEBUG] compress: Block 0 Output Readback: 88 DB 07 D5 6E (Ptr: 0x916ac0a80)
[PERF] Phase 1 (LZ77): 203 ms, Phase 2 (Encode): 2 ms
[DEBUG] write_block: type=0, size=32193, is_last=1, original=32193, compressed=32237
[DEBUG] compress: Phase 3 Block 0 Source: 88 DB 07 D5 6E (Ptr: 0x916ac0a80)
[DEBUG] compress: Phase 3 Block 0 Dest: D5 6E 1A 08 BE
[DEBUG] decompress: Block header parsed. size=32193, compressed=0, last=1, header_size=3
[DEBUG] compress: ENTRY at TOP. Size=21550
[DEBUG] compress: ENTRY. num_blocks=1, size=21550
[DEBUG] compress: Block 0, NumSeq=6, NumLit=21535
[DEBUG] compress_literals: NumLit=21535, HeaderLen=3, Bytes: F8 41 05
[DEBUG] encode_sequences_raw: NumSeq=6, HeaderSize=2, Bytes: 06 FF 00
[DEBUG] compress: Block 0 Output Readback: F8 41 05 FD 4D (Ptr: 0x916c2c680)
[PERF] Phase 1 (LZ77): 126 ms, Phase 2 (Encode): 2 ms
[DEBUG] write_block: type=0, size=21550, is_last=1, original=21550, compressed=21612
[DEBUG] compress: Phase 3 Block 0 Source: F8 41 05 FD 4D (Ptr: 0x916c2c680)
[DEBUG] compress: Phase 3 Block 0 Dest: FD 4D 8C AB 48
[DEBUG] decompress: Block header parsed. size=21550, compressed=0, last=1, header_size=3
[DEBUG] compress: ENTRY at TOP. Size=48411
[DEBUG] compress: ENTRY. num_blocks=1, size=48411
[DEBUG] compress: Block 0, NumSeq=11, NumLit=48381
[DEBUG] compress_literals: NumLit=48381, HeaderLen=3, Bytes: D8 CF 0B
[DEBUG] encode_sequences_raw: NumSeq=11, HeaderSize=2, Bytes: 0B FF 00
[DEBUG] compress: Block 0 Output Readback: D8 CF 0B C8 42 (Ptr: 0x916fa2200)
[PERF] Phase 1 (LZ77): 281 ms, Phase 2 (Encode): 2 ms
[DEBUG] write_block: type=0, size=48411, is_last=1, original=48411, compressed=48518
[DEBUG] compress: Phase 3 Block 0 Source: D8 CF 0B C8 42 (Ptr: 0x916fa2200)
[DEBUG] compress: Phase 3 Block 0 Dest: C8 42 A2 AF 3F
[DEBUG] decompress: Block header parsed. size=48411, compressed=0, last=1, header_size=3
[DEBUG] compress: ENTRY at TOP. Size=56358
[DEBUG] compress: ENTRY. num_blocks=1, size=56358
[DEBUG] compress: Block 0, NumSeq=24, NumLit=56289
[DEBUG] compress_literals: NumLit=56289, HeaderLen=3, Bytes: 18 BE 0D
[DEBUG] encode_sequences_raw: NumSeq=24, HeaderSize=2, Bytes: 18 FF 00
[DEBUG] compress: Block 0 Output Readback: 18 BE 0D 1D DA (Ptr: 0x917410e00)
[PERF] Phase 1 (LZ77): 333 ms, Phase 2 (Encode): 2 ms
[DEBUG] write_block: type=0, size=56358, is_last=1, original=56358, compressed=56582
[DEBUG] compress: Phase 3 Block 0 Source: 18 BE 0D 1D DA (Ptr: 0x917410e00)
[DEBUG] compress: Phase 3 Block 0 Dest: 1D DA F9 E8 BA
[DEBUG] decompress: Block header parsed. size=56358, compressed=0, last=1, header_size=3
[DEBUG] compress: ENTRY at TOP. Size=9504
[DEBUG] compress: ENTRY. num_blocks=1, size=9504
[DEBUG] compress: Block 0, NumSeq=1, NumLit=9504
[DEBUG] compress_literals: NumLit=9504, HeaderLen=3, Bytes: 08 52 02
[DEBUG] encode_sequences_raw: NumSeq=1, HeaderSize=2, Bytes: 01 FF 00
[DEBUG] compress: Block 0 Output Readback: 08 52 02 04 6D (Ptr: 0x917384a80)
[PERF] Phase 1 (LZ77): 63 ms, Phase 2 (Encode): 2 ms
[DEBUG] write_block: type=0, size=9504, is_last=1, original=9504, compressed=9521
[DEBUG] compress: Phase 3 Block 0 Source: 08 52 02 04 6D (Ptr: 0x917384a80)
[DEBUG] compress: Phase 3 Block 0 Dest: 04 6D E4 44 48
[DEBUG] decompress: Block header parsed. size=9504, compressed=0, last=1, header_size=3
[DEBUG] compress: ENTRY at TOP. Size=27054
[DEBUG] compress: ENTRY. num_blocks=1, size=27054
[DEBUG] compress: Block 0, NumSeq=3, NumLit=27048
[DEBUG] compress_literals: NumLit=27048, HeaderLen=3, Bytes: 88 9A 06
[DEBUG] encode_sequences_raw: NumSeq=3, HeaderSize=2, Bytes: 03 FF 00
[DEBUG] compress: Block 0 Output Readback: 88 9A 06 4D 79 (Ptr: 0x917879000)
[PERF] Phase 1 (LZ77): 168 ms, Phase 2 (Encode): 2 ms
[DEBUG] write_block: type=0, size=27054, is_last=1, original=27054, compressed=27089
[DEBUG] compress: Phase 3 Block 0 Source: 88 9A 06 4D 79 (Ptr: 0x917879000)
[DEBUG] compress: Phase 3 Block 0 Dest: 4D 79 3F C2 ED
[DEBUG] decompress: Block header parsed. size=27054, compressed=0, last=1, header_size=3
[DEBUG] compress: ENTRY at TOP. Size=41027
[DEBUG] compress: ENTRY. num_blocks=1, size=41027
[DEBUG] compress: Block 0, NumSeq=16, NumLit=40982
[DEBUG] compress_literals: NumLit=40982, HeaderLen=3, Bytes: 68 01 0A
[DEBUG] encode_sequences_raw: NumSeq=16, HeaderSize=2, Bytes: 10 FF 00
[DEBUG] compress: Block 0 Output Readback: 68 01 0A 7E 21 (Ptr: 0x917d3b900)
[PERF] Phase 1 (LZ77): 240 ms, Phase 2 (Encode): 3 ms
[DEBUG] write_block: type=0, size=41027, is_last=1, original=41027, compressed=41179
[DEBUG] compress: Phase 3 Block 0 Source: 68 01 0A 7E 21 (Ptr: 0x917d3b900)
[DEBUG] compress: Phase 3 Block 0 Dest: 7E 21 3A 13 41
[DEBUG] decompress: Block header parsed. size=41027, compressed=0, last=1, header_size=3
[DEBUG] compress: ENTRY at TOP. Size=32211
[DEBUG] compress: ENTRY. num_blocks=1, size=32211
[DEBUG] compress: Block 0, NumSeq=5, NumLit=32199
[DEBUG] compress_literals: NumLit=32199, HeaderLen=3, Bytes: 78 DC 07
[DEBUG] encode_sequences_raw: NumSeq=5, HeaderSize=2, Bytes: 05 FF 00
[DEBUG] compress: Block 0 Output Readback: 78 DC 07 AC 53 (Ptr: 0x917ec0c00)
[PERF] Phase 1 (LZ77): 200 ms, Phase 2 (Encode): 1 ms
[DEBUG] write_block: type=0, size=32211, is_last=1, original=32211, compressed=32264
[DEBUG] compress: Phase 3 Block 0 Source: 78 DC 07 AC 53 (Ptr: 0x917ec0c00)
[DEBUG] compress: Phase 3 Block 0 Dest: AC 53 0B 82 57
[DEBUG] decompress: Block header parsed. size=32211, compressed=0, last=1, header_size=3
[DEBUG] compress: ENTRY at TOP. Size=33415
[DEBUG] compress: ENTRY. num_blocks=1, size=33415
[DEBUG] compress: Block 0, NumSeq=8, NumLit=33394
[DEBUG] compress_literals: NumLit=33394, HeaderLen=3, Bytes: 28 27 08
[DEBUG] encode_sequences_raw: NumSeq=8, HeaderSize=2, Bytes: 08 FF 00
[DEBUG] compress: Block 0 Output Readback: 28 27 08 D2 D2 (Ptr: 0x9182d1980)
[PERF] Phase 1 (LZ77): 194 ms, Phase 2 (Encode): 1 ms
[DEBUG] write_block: type=0, size=33415, is_last=1, original=33415, compressed=33495
[DEBUG] compress: Phase 3 Block 0 Source: 28 27 08 D2 D2 (Ptr: 0x9182d1980)
[DEBUG] compress: Phase 3 Block 0 Dest: D2 D2 06 25 35
[DEBUG] decompress: Block header parsed. size=33415, compressed=0, last=1, header_size=3
[DEBUG] compress: ENTRY at TOP. Size=30615
[DEBUG] compress: ENTRY. num_blocks=1, size=30615
[DEBUG] compress: Block 0, NumSeq=4, NumLit=30606
[DEBUG] compress_literals: NumLit=30606, HeaderLen=3, Bytes: E8 78 07
[DEBUG] encode_sequences_raw: NumSeq=4, HeaderSize=2, Bytes: 04 FF 00
[DEBUG] compress: Block 0 Output Readback: E8 78 07 D8 AD (Ptr: 0x9184aa800)
[PERF] Phase 1 (LZ77): 167 ms, Phase 2 (Encode): 2 ms
[DEBUG] write_block: type=0, size=30615, is_last=1, original=30615, compressed=30659
[DEBUG] compress: Phase 3 Block 0 Source: E8 78 07 D8 AD (Ptr: 0x9184aa800)
[DEBUG] compress: Phase 3 Block 0 Dest: D8 AD 8F D8 74
[DEBUG] decompress: Block header parsed. size=30615, compressed=0, last=1, header_size=3
[DEBUG] compress: ENTRY at TOP. Size=47255
[DEBUG] compress: ENTRY. num_blocks=1, size=47255
[DEBUG] compress: Block 0, NumSeq=8, NumLit=47234
[DEBUG] compress_literals: NumLit=47234, HeaderLen=3, Bytes: 28 88 0B
[DEBUG] encode_sequences_raw: NumSeq=8, HeaderSize=2, Bytes: 08 FF 00
[DEBUG] compress: Block 0 Output Readback: 28 88 0B 6B 31 (Ptr: 0x918992100)
[PERF] Phase 1 (LZ77): 256 ms, Phase 2 (Encode): 2 ms
[DEBUG] write_block: type=0, size=47255, is_last=1, original=47255, compressed=47335
[DEBUG] compress: Phase 3 Block 0 Source: 28 88 0B 6B 31 (Ptr: 0x918992100)
[DEBUG] compress: Phase 3 Block 0 Dest: 6B 31 5C 00 2F
[DEBUG] decompress: Block header parsed. size=47255, compressed=0, last=1, header_size=3
[DEBUG] compress: ENTRY at TOP. Size=21815
[DEBUG] compress: ENTRY. num_blocks=1, size=21815
[DEBUG] compress: Block 0, NumSeq=5, NumLit=21803
[DEBUG] compress_literals: NumLit=21803, HeaderLen=3, Bytes: B8 52 05
[DEBUG] encode_sequences_raw: NumSeq=5, HeaderSize=2, Bytes: 05 FF 00
[DEBUG] compress: Block 0 Output Readback: B8 52 05 17 B1 (Ptr: 0x918a30080)
[PERF] Phase 1 (LZ77): 123 ms, Phase 2 (Encode): 2 ms
[DEBUG] write_block: type=0, size=21815, is_last=1, original=21815, compressed=21868
[DEBUG] compress: Phase 3 Block 0 Source: B8 52 05 17 B1 (Ptr: 0x918a30080)
[DEBUG] compress: Phase 3 Block 0 Dest: 17 B1 F8 FA 7B
[DEBUG] decompress: Block header parsed. size=21815, compressed=0, last=1, header_size=3
[DEBUG] compress: ENTRY at TOP. Size=39967
[DEBUG] compress: ENTRY. num_blocks=1, size=39967
[DEBUG] compress: Block 0, NumSeq=9, NumLit=39942
[DEBUG] compress_literals: NumLit=39942, HeaderLen=3, Bytes: 68 C0 09
[DEBUG] encode_sequences_raw: NumSeq=9, HeaderSize=2, Bytes: 09 FF 00
[DEBUG] compress: Block 0 Output Readback: 68 C0 09 FB 18 (Ptr: 0x918f2c900)
[PERF] Phase 1 (LZ77): 215 ms, Phase 2 (Encode): 1 ms
[DEBUG] write_block: type=0, size=39967, is_last=1, original=39967, compressed=40055
[DEBUG] compress: Phase 3 Block 0 Source: 68 C0 09 FB 18 (Ptr: 0x918f2c900)
[DEBUG] compress: Phase 3 Block 0 Dest: FB 18 55 D4 AC
[DEBUG] decompress: Block header parsed. size=39967, compressed=0, last=1, header_size=3
[DEBUG] compress: ENTRY at TOP. Size=65211
[DEBUG] compress: ENTRY. num_blocks=1, size=65211
[DEBUG] compress: Block 0, NumSeq=22, NumLit=65148
[DEBUG] compress_literals: NumLit=65148, HeaderLen=3, Bytes: C8 E7 0F
[DEBUG] encode_sequences_raw: NumSeq=22, HeaderSize=2, Bytes: 16 FF 00
[DEBUG] compress: Block 0 Output Readback: C8 E7 0F 16 9C (Ptr: 0x91948be80)
[PERF] Phase 1 (LZ77): 390 ms, Phase 2 (Encode): 2 ms
[DEBUG] write_block: type=0, size=65211, is_last=1, original=65211, compressed=65417
[DEBUG] compress: Phase 3 Block 0 Source: C8 E7 0F 16 9C (Ptr: 0x91948be80)
[DEBUG] compress: Phase 3 Block 0 Dest: 16 9C 3B A8 69
[DEBUG] decompress: Block header parsed. size=65211, compressed=0, last=1, header_size=3
[DEBUG] compress: ENTRY at TOP. Size=10259
[DEBUG] compress: ENTRY. num_blocks=1, size=10259
[DEBUG] compress: Block 0, NumSeq=2, NumLit=10256
[DEBUG] compress_literals: NumLit=10256, HeaderLen=3, Bytes: 08 81 02
[DEBUG] encode_sequences_raw: NumSeq=2, HeaderSize=2, Bytes: 02 FF 00
[DEBUG] compress: Block 0 Output Readback: 08 81 02 5D D5 (Ptr: 0x91938f480)
[PERF] Phase 1 (LZ77): 58 ms, Phase 2 (Encode): 2 ms
[DEBUG] write_block: type=0, size=10259, is_last=1, original=10259, compressed=10285
[DEBUG] compress: Phase 3 Block 0 Source: 08 81 02 5D D5 (Ptr: 0x91938f480)
[DEBUG] compress: Phase 3 Block 0 Dest: 5D D5 73 E4 7E
[DEBUG] decompress: Block header parsed. size=10259, compressed=0, last=1, header_size=3
[DEBUG] compress: ENTRY at TOP. Size=6985
[DEBUG] compress: ENTRY. num_blocks=1, size=6985
[DEBUG] compress: Block 0, NumSeq=1, NumLit=6985
[DEBUG] compress_literals: NumLit=6985, HeaderLen=3, Bytes: 98 B4 01
[DEBUG] encode_sequences_raw: NumSeq=1, HeaderSize=2, Bytes: 01 FF 00
[DEBUG] compress: Block 0 Output Readback: 98 B4 01 EC CD (Ptr: 0x919761c80)
[PERF] Phase 1 (LZ77): 39 ms, Phase 2 (Encode): 3 ms
[DEBUG] write_block: type=0, size=6985, is_last=1, original=6985, compressed=7002
[DEBUG] compress: Phase 3 Block 0 Source: 98 B4 01 EC CD (Ptr: 0x919761c80)
[DEBUG] compress: Phase 3 Block 0 Dest: EC CD 28 A3 DD
[DEBUG] decompress: Block header parsed. size=6985, compressed=0, last=1, header_size=3
[DEBUG] compress: ENTRY at TOP. Size=35562
[DEBUG] compress: ENTRY. num_blocks=1, size=35562
[DEBUG] compress: Block 0, NumSeq=10, NumLit=35535
[DEBUG] compress_literals: NumLit=35535, HeaderLen=3, Bytes: F8 AC 08
[DEBUG] encode_sequences_raw: NumSeq=10, HeaderSize=2, Bytes: 0A FF 00
[DEBUG] compress: Block 0 Output Readback: F8 AC 08 4D C6 (Ptr: 0x919aef700)
[PERF] Phase 1 (LZ77): 209 ms, Phase 2 (Encode): 2 ms
[DEBUG] write_block: type=0, size=35562, is_last=1, original=35562, compressed=35660
[DEBUG] compress: Phase 3 Block 0 Source: F8 AC 08 4D C6 (Ptr: 0x919aef700)
[DEBUG] compress: Phase 3 Block 0 Dest: 4D C6 2F BA 52
[DEBUG] decompress: Block header parsed. size=35562, compressed=0, last=1, header_size=3
[DEBUG] compress: ENTRY at TOP. Size=49297
[DEBUG] compress: ENTRY. num_blocks=1, size=49297
[DEBUG] compress: Block 0, NumSeq=14, NumLit=49258
[DEBUG] compress_literals: NumLit=49258, HeaderLen=3, Bytes: A8 06 0C
[DEBUG] encode_sequences_raw: NumSeq=14, HeaderSize=2, Bytes: 0E FF 00
[DEBUG] compress: Block 0 Output Readback: A8 06 0C D3 DC (Ptr: 0x919fae900)
[PERF] Phase 1 (LZ77): 301 ms, Phase 2 (Encode): 2 ms
[DEBUG] write_block: type=0, size=49297, is_last=1, original=49297, compressed=49431
[DEBUG] compress: Phase 3 Block 0 Source: A8 06 0C D3 DC (Ptr: 0x919fae900)
[DEBUG] compress: Phase 3 Block 0 Dest: D3 DC 2E 11 E0
[DEBUG] decompress: Block header parsed. size=49297, compressed=0, last=1, header_size=3
[DEBUG] compress: ENTRY at TOP. Size=25740
[DEBUG] compress: ENTRY. num_blocks=1, size=25740
[DEBUG] compress: Block 0, NumSeq=2, NumLit=25737
[DEBUG] compress_literals: NumLit=25737, HeaderLen=3, Bytes: 98 48 06
[DEBUG] encode_sequences_raw: NumSeq=2, HeaderSize=2, Bytes: 02 FF 00
[DEBUG] compress: Block 0 Output Readback: 98 48 06 08 8A (Ptr: 0x91a066c00)
[PERF] Phase 1 (LZ77): 168 ms, Phase 2 (Encode): 2 ms
[DEBUG] write_block: type=0, size=25740, is_last=1, original=25740, compressed=25766
[DEBUG] compress: Phase 3 Block 0 Source: 98 48 06 08 8A (Ptr: 0x91a066c00)
[DEBUG] compress: Phase 3 Block 0 Dest: 08 8A 7D 77 D8
[DEBUG] decompress: Block header parsed. size=25740, compressed=0, last=1, header_size=3
[DEBUG] compress: ENTRY at TOP. Size=54409
[DEBUG] compress: ENTRY. num_blocks=1, size=54409
[DEBUG] compress: Block 0, NumSeq=20, NumLit=54352
[DEBUG] compress_literals: NumLit=54352, HeaderLen=3, Bytes: 08 45 0D
[DEBUG] encode_sequences_raw: NumSeq=20, HeaderSize=2, Bytes: 14 FF 00
[DEBUG] compress: Block 0 Output Readback: 08 45 0D 8D 7C (Ptr: 0x91a5f5c00)
[PERF] Phase 1 (LZ77): 330 ms, Phase 2 (Encode): 2 ms
[DEBUG] write_block: type=0, size=54409, is_last=1, original=54409, compressed=54597
[DEBUG] compress: Phase 3 Block 0 Source: 08 45 0D 8D 7C (Ptr: 0x91a5f5c00)
[DEBUG] compress: Phase 3 Block 0 Dest: 8D 7C 65 04 0C
[DEBUG] decompress: Block header parsed. size=54409, compressed=0, last=1, header_size=3
[DEBUG] compress: ENTRY at TOP. Size=57955
[DEBUG] compress: ENTRY. num_blocks=1, size=57955
[DEBUG] compress: Block 0, NumSeq=21, NumLit=57895
[DEBUG] compress_literals: NumLit=57895, HeaderLen=3, Bytes: 78 22 0E
[DEBUG] encode_sequences_raw: NumSeq=21, HeaderSize=2, Bytes: 15 FF 00
[DEBUG] compress: Block 0 Output Readback: 78 22 0E 61 C5 (Ptr: 0x91aa27200)
[PERF] Phase 1 (LZ77): 330 ms, Phase 2 (Encode): 1 ms
[DEBUG] write_block: type=0, size=57955, is_last=1, original=57955, compressed=58152
[DEBUG] compress: Phase 3 Block 0 Source: 78 22 0E 61 C5 (Ptr: 0x91aa27200)
[DEBUG] compress: Phase 3 Block 0 Dest: 61 C5 91 8D 98
[DEBUG] decompress: Block header parsed. size=57955, compressed=0, last=1, header_size=3
[DEBUG] compress: ENTRY at TOP. Size=27233
[DEBUG] compress: ENTRY. num_blocks=1, size=27233
[DEBUG] compress: Block 0, NumSeq=2, NumLit=27230
[DEBUG] compress_literals: NumLit=27230, HeaderLen=3, Bytes: E8 A5 06
[DEBUG] encode_sequences_raw: NumSeq=2, HeaderSize=2, Bytes: 02 FF 00
[DEBUG] compress: Block 0 Output Readback: E8 A5 06 37 DE (Ptr: 0x91aa7ba00)
[PERF] Phase 1 (LZ77): 150 ms, Phase 2 (Encode): 2 ms
[DEBUG] write_block: type=0, size=27233, is_last=1, original=27233, compressed=27259
[DEBUG] compress: Phase 3 Block 0 Source: E8 A5 06 37 DE (Ptr: 0x91aa7ba00)
[DEBUG] compress: Phase 3 Block 0 Dest: 37 DE 08 AA 49
[DEBUG] decompress: Block header parsed. size=27233, compressed=0, last=1, header_size=3
[DEBUG] compress: ENTRY at TOP. Size=38680
[DEBUG] compress: ENTRY. num_blocks=1, size=38680
[DEBUG] compress: Block 0, NumSeq=13, NumLit=38644
[DEBUG] compress_literals: NumLit=38644, HeaderLen=3, Bytes: 48 6F 09
[DEBUG] encode_sequences_raw: NumSeq=13, HeaderSize=2, Bytes: 0D FF 00
[DEBUG] compress: Block 0 Output Readback: 48 6F 09 27 32 (Ptr: 0x91af1ab80)
[PERF] Phase 1 (LZ77): 220 ms, Phase 2 (Encode): 2 ms
[DEBUG] write_block: type=0, size=38680, is_last=1, original=38680, compressed=38805
[DEBUG] compress: Phase 3 Block 0 Source: 48 6F 09 27 32 (Ptr: 0x91af1ab80)
[DEBUG] compress: Phase 3 Block 0 Dest: 27 32 22 45 5C
[DEBUG] decompress: Block header parsed. size=38680, compressed=0, last=1, header_size=3
[DEBUG] compress: ENTRY at TOP. Size=48587
[DEBUG] compress: ENTRY. num_blocks=1, size=48587
[DEBUG] compress: Block 0, NumSeq=9, NumLit=48563
[DEBUG] compress_literals: NumLit=48563, HeaderLen=3, Bytes: 38 DB 0B
[DEBUG] encode_sequences_raw: NumSeq=9, HeaderSize=2, Bytes: 09 FF 00
[DEBUG] compress: Block 0 Output Readback: 38 DB 0B 8B C0 (Ptr: 0x91b1a4b00)
[PERF] Phase 1 (LZ77): 295 ms, Phase 2 (Encode): 2 ms
[DEBUG] write_block: type=0, size=48587, is_last=1, original=48587, compressed=48676
[DEBUG] compress: Phase 3 Block 0 Source: 38 DB 0B 8B C0 (Ptr: 0x91b1a4b00)
[DEBUG] compress: Phase 3 Block 0 Dest: 8B C0 DB F3 AF
[DEBUG] decompress: Block header parsed. size=48587, compressed=0, last=1, header_size=3
[DEBUG] compress: ENTRY at TOP. Size=58014
[DEBUG] compress: ENTRY. num_blocks=1, size=58014
[DEBUG] compress: Block 0, NumSeq=21, NumLit=57954
[DEBUG] compress_literals: NumLit=57954, HeaderLen=3, Bytes: 28 26 0E
[DEBUG] encode_sequences_raw: NumSeq=21, HeaderSize=2, Bytes: 15 FF 00
[DEBUG] compress: Block 0 Output Readback: 28 26 0E 42 67 (Ptr: 0x91b627b80)
[PERF] Phase 1 (LZ77): 350 ms, Phase 2 (Encode): 2 ms
[DEBUG] write_block: type=0, size=58014, is_last=1, original=58014, compressed=58211
[DEBUG] compress: Phase 3 Block 0 Source: 28 26 0E 42 67 (Ptr: 0x91b627b80)
[DEBUG] compress: Phase 3 Block 0 Dest: 42 67 0B C5 94
[DEBUG] decompress: Block header parsed. size=58014, compressed=0, last=1, header_size=3
[DEBUG] compress: ENTRY at TOP. Size=43651
[DEBUG] compress: ENTRY. num_blocks=1, size=43651
[DEBUG] compress: Block 0, NumSeq=16, NumLit=43606
[DEBUG] compress_literals: NumLit=43606, HeaderLen=3, Bytes: 68 A5 0A
[DEBUG] encode_sequences_raw: NumSeq=16, HeaderSize=2, Bytes: 10 FF 00
[DEBUG] compress: Block 0 Output Readback: 68 A5 0A 4B 66 (Ptr: 0x91b760180)
[PERF] Phase 1 (LZ77): 248 ms, Phase 2 (Encode): 1 ms
[DEBUG] write_block: type=0, size=43651, is_last=1, original=43651, compressed=43803
[DEBUG] compress: Phase 3 Block 0 Source: 68 A5 0A 4B 66 (Ptr: 0x91b760180)
[DEBUG] compress: Phase 3 Block 0 Dest: 4B 66 CF 98 59
[DEBUG] decompress: Block header parsed. size=43651, compressed=0, last=1, header_size=3
[DEBUG] compress: ENTRY at TOP. Size=40903
[DEBUG] compress: ENTRY. num_blocks=1, size=40903
[DEBUG] compress: Block 0, NumSeq=12, NumLit=40870
[DEBUG] compress_literals: NumLit=40870, HeaderLen=3, Bytes: 68 FA 09
[DEBUG] encode_sequences_raw: NumSeq=12, HeaderSize=2, Bytes: 0C FF 00
[DEBUG] compress: Block 0 Output Readback: 68 FA 09 ED A8 (Ptr: 0x91bb39c80)
[PERF] Phase 1 (LZ77): 228 ms, Phase 2 (Encode): 2 ms
[DEBUG] write_block: type=0, size=40903, is_last=1, original=40903, compressed=41019
[DEBUG] compress: Phase 3 Block 0 Source: 68 FA 09 ED A8 (Ptr: 0x91bb39c80)
[DEBUG] compress: Phase 3 Block 0 Dest: ED A8 DF 15 95
[DEBUG] decompress: Block header parsed. size=40903, compressed=0, last=1, header_size=3
[DEBUG] compress: ENTRY at TOP. Size=37889
[DEBUG] compress: ENTRY. num_blocks=1, size=37889
[DEBUG] compress: Block 0, NumSeq=10, NumLit=37862
[DEBUG] compress_literals: NumLit=37862, HeaderLen=3, Bytes: 68 3E 09
[DEBUG] encode_sequences_raw: NumSeq=10, HeaderSize=2, Bytes: 0A FF 00
[DEBUG] compress: Block 0 Output Readback: 68 3E 09 2F C2 (Ptr: 0x91bd0ff00)
[PERF] Phase 1 (LZ77): 215 ms, Phase 2 (Encode): 2 ms
[DEBUG] write_block: type=0, size=37889, is_last=1, original=37889, compressed=37987
[DEBUG] compress: Phase 3 Block 0 Source: 68 3E 09 2F C2 (Ptr: 0x91bd0ff00)
[DEBUG] compress: Phase 3 Block 0 Dest: 2F C2 62 19 D4
[DEBUG] decompress: Block header parsed. size=37889, compressed=0, last=1, header_size=3
[DEBUG] compress: ENTRY at TOP. Size=36946
[DEBUG] compress: ENTRY. num_blocks=1, size=36946
[DEBUG] compress: Block 0, NumSeq=6, NumLit=36931
[DEBUG] compress_literals: NumLit=36931, HeaderLen=3, Bytes: 38 04 09
[DEBUG] encode_sequences_raw: NumSeq=6, HeaderSize=2, Bytes: 06 FF 00
[DEBUG] compress: Block 0 Output Readback: 38 04 09 1B FF (Ptr: 0x91c102a80)
[PERF] Phase 1 (LZ77): 216 ms, Phase 2 (Encode): 2 ms
[DEBUG] write_block: type=0, size=36946, is_last=1, original=36946, compressed=37008
[DEBUG] compress: Phase 3 Block 0 Source: 38 04 09 1B FF (Ptr: 0x91c102a80)
[DEBUG] compress: Phase 3 Block 0 Dest: 1B FF AF 69 88
[DEBUG] decompress: Block header parsed. size=36946, compressed=0, last=1, header_size=3
[DEBUG] compress: ENTRY at TOP. Size=58025
[DEBUG] compress: ENTRY. num_blocks=1, size=58025
[DEBUG] compress: Block 0, NumSeq=16, NumLit=57980
[DEBUG] compress_literals: NumLit=57980, HeaderLen=3, Bytes: C8 27 0E
[DEBUG] encode_sequences_raw: NumSeq=16, HeaderSize=2, Bytes: 10 FF 00
[DEBUG] compress: Block 0 Output Readback: C8 27 0E A4 4E (Ptr: 0x91c628100)
[PERF] Phase 1 (LZ77): 340 ms, Phase 2 (Encode): 2 ms
[DEBUG] write_block: type=0, size=58025, is_last=1, original=58025, compressed=58177
[DEBUG] compress: Phase 3 Block 0 Source: C8 27 0E A4 4E (Ptr: 0x91c628100)
[DEBUG] compress: Phase 3 Block 0 Dest: A4 4E 89 9B 83
[DEBUG] decompress: Block header parsed. size=58025, compressed=0, last=1, header_size=3
[DEBUG] compress: ENTRY at TOP. Size=48208
[DEBUG] compress: ENTRY. num_blocks=1, size=48208
[DEBUG] compress: Block 0, NumSeq=8, NumLit=48187
[DEBUG] compress_literals: NumLit=48187, HeaderLen=3, Bytes: B8 C3 0B
[DEBUG] encode_sequences_raw: NumSeq=8, HeaderSize=2, Bytes: 08 FF 00
[DEBUG] compress: Block 0 Output Readback: B8 C3 0B 33 6B (Ptr: 0x91c79f600)
[PERF] Phase 1 (LZ77): 264 ms, Phase 2 (Encode): 1 ms
[DEBUG] write_block: type=0, size=48208, is_last=1, original=48208, compressed=48288
[DEBUG] compress: Phase 3 Block 0 Source: B8 C3 0B 33 6B (Ptr: 0x91c79f600)
[DEBUG] compress: Phase 3 Block 0 Dest: 33 6B C8 EE DC
[DEBUG] decompress: Block header parsed. size=48208, compressed=0, last=1, header_size=3
[DEBUG] compress: ENTRY at TOP. Size=64059
[DEBUG] compress: ENTRY. num_blocks=1, size=64059
[DEBUG] compress: Block 0, NumSeq=19, NumLit=64005
[DEBUG] compress_literals: NumLit=64005, HeaderLen=3, Bytes: 58 A0 0F
[DEBUG] encode_sequences_raw: NumSeq=19, HeaderSize=2, Bytes: 13 FF 00
[DEBUG] compress: Block 0 Output Readback: 58 A0 0F 91 B6 (Ptr: 0x91cc7be00)
[PERF] Phase 1 (LZ77): 392 ms, Phase 2 (Encode): 2 ms
[DEBUG] write_block: type=0, size=64059, is_last=1, original=64059, compressed=64238
[DEBUG] compress: Phase 3 Block 0 Source: 58 A0 0F 91 B6 (Ptr: 0x91cc7be00)
[DEBUG] compress: Phase 3 Block 0 Dest: 91 B6 10 C1 E3
[DEBUG] decompress: Block header parsed. size=64059, compressed=0, last=1, header_size=3
[DEBUG] compress: ENTRY at TOP. Size=16243
[DEBUG] compress: ENTRY. num_blocks=1, size=16243
[DEBUG] compress: Block 0, NumSeq=2, NumLit=16240
[DEBUG] compress_literals: NumLit=16240, HeaderLen=3, Bytes: 08 F7 03
[DEBUG] encode_sequences_raw: NumSeq=2, HeaderSize=2, Bytes: 02 FF 00
[DEBUG] compress: Block 0 Output Readback: 08 F7 03 4F 84 (Ptr: 0x91cbe2880)
[PERF] Phase 1 (LZ77): 98 ms, Phase 2 (Encode): 2 ms
[DEBUG] write_block: type=0, size=16243, is_last=1, original=16243, compressed=16269
[DEBUG] compress: Phase 3 Block 0 Source: 08 F7 03 4F 84 (Ptr: 0x91cbe2880)
[DEBUG] compress: Phase 3 Block 0 Dest: 4F 84 D1 06 55
[DEBUG] decompress: Block header parsed. size=16243, compressed=0, last=1, header_size=3
[DEBUG] compress: ENTRY at TOP. Size=35821
[DEBUG] compress: ENTRY. num_blocks=1, size=35821
[DEBUG] compress: Block 0, NumSeq=10, NumLit=35794
[DEBUG] compress_literals: NumLit=35794, HeaderLen=3, Bytes: 28 BD 08
[DEBUG] encode_sequences_raw: NumSeq=10, HeaderSize=2, Bytes: 0A FF 00
[DEBUG] compress: Block 0 Output Readback: 28 BD 08 EB 08 (Ptr: 0x91d0f3000)
[PERF] Phase 1 (LZ77): 230 ms, Phase 2 (Encode): 2 ms
[DEBUG] write_block: type=0, size=35821, is_last=1, original=35821, compressed=35919
[DEBUG] compress: Phase 3 Block 0 Source: 28 BD 08 EB 08 (Ptr: 0x91d0f3000)
[DEBUG] compress: Phase 3 Block 0 Dest: EB 08 A4 5A C0
[DEBUG] decompress: Block header parsed. size=35821, compressed=0, last=1, header_size=3
[DEBUG] compress: ENTRY at TOP. Size=1420
[DEBUG] compress: ENTRY. num_blocks=1, size=1420
[DEBUG] compress: Block 0, NumSeq=1, NumLit=1420
[DEBUG] compress_literals: NumLit=1420, HeaderLen=2, Bytes: C4 58 00
[DEBUG] encode_sequences_raw: NumSeq=1, HeaderSize=2, Bytes: 01 FF 00
[DEBUG] compress: Block 0 Output Readback: C4 58 0C E3 AE (Ptr: 0x91d114500)
[PERF] Phase 1 (LZ77): 10 ms, Phase 2 (Encode): 2 ms
[DEBUG] write_block: type=0, size=1420, is_last=1, original=1420, compressed=1436
[DEBUG] compress: Phase 3 Block 0 Source: C4 58 0C E3 AE (Ptr: 0x91d114500)
[DEBUG] compress: Phase 3 Block 0 Dest: 0C E3 AE 92 CC
[DEBUG] decompress: Block header parsed. size=1420, compressed=0, last=1, header_size=3
[DEBUG] compress: ENTRY at TOP. Size=4271
[DEBUG] compress: ENTRY. num_blocks=1, size=4271
[DEBUG] compress: Block 0, NumSeq=1, NumLit=4271
[DEBUG] compress_literals: NumLit=4271, HeaderLen=3, Bytes: F8 0A 01
[DEBUG] encode_sequences_raw: NumSeq=1, HeaderSize=2, Bytes: 01 FF 00
[DEBUG] compress: Block 0 Output Readback: F8 0A 01 80 66 (Ptr: 0x91d53bf00)
[PERF] Phase 1 (LZ77): 26 ms, Phase 2 (Encode): 2 ms
[DEBUG] write_block: type=0, size=4271, is_last=1, original=4271, compressed=4288
[DEBUG] compress: Phase 3 Block 0 Source: F8 0A 01 80 66 (Ptr: 0x91d53bf00)
[DEBUG] compress: Phase 3 Block 0 Dest: 80 66 77 76 80
[DEBUG] decompress: Block header parsed. size=4271, compressed=0, last=1, header_size=3
[DEBUG] compress: ENTRY at TOP. Size=34539
[DEBUG] compress: ENTRY. num_blocks=1, size=34539
[DEBUG] compress: Block 0, NumSeq=5, NumLit=34527
[DEBUG] compress_literals: NumLit=34527, HeaderLen=3, Bytes: F8 6D 08
[DEBUG] encode_sequences_raw: NumSeq=5, HeaderSize=2, Bytes: 05 FF 00
[DEBUG] compress: Block 0 Output Readback: F8 6D 08 85 AD (Ptr: 0x91dae1300)
[PERF] Phase 1 (LZ77): 213 ms, Phase 2 (Encode): 2 ms
[DEBUG] write_block: type=0, size=34539, is_last=1, original=34539, compressed=34592
[DEBUG] compress: Phase 3 Block 0 Source: F8 6D 08 85 AD (Ptr: 0x91dae1300)
[DEBUG] compress: Phase 3 Block 0 Dest: 85 AD B3 87 45
[DEBUG] decompress: Block header parsed. size=34539, compressed=0, last=1, header_size=3
[DEBUG] compress: ENTRY at TOP. Size=31611
[DEBUG] compress: ENTRY. num_blocks=1, size=31611
[DEBUG] compress: Block 0, NumSeq=4, NumLit=31602
[DEBUG] compress_literals: NumLit=31602, HeaderLen=3, Bytes: 28 B7 07
[DEBUG] encode_sequences_raw: NumSeq=4, HeaderSize=2, Bytes: 04 FF 00
[DEBUG] compress: Block 0 Output Readback: 28 B7 07 5A 7A (Ptr: 0x91dcb8500)
[PERF] Phase 1 (LZ77): 203 ms, Phase 2 (Encode): 2 ms
[DEBUG] write_block: type=0, size=31611, is_last=1, original=31611, compressed=31655
[DEBUG] compress: Phase 3 Block 0 Source: 28 B7 07 5A 7A (Ptr: 0x91dcb8500)
[DEBUG] compress: Phase 3 Block 0 Dest: 5A 7A 57 D2 EE
[DEBUG] decompress: Block header parsed. size=31611, compressed=0, last=1, header_size=3
[DEBUG] compress: ENTRY at TOP. Size=36816
[DEBUG] compress: ENTRY. num_blocks=1, size=36816
[DEBUG] compress: Block 0, NumSeq=12, NumLit=36783
[DEBUG] compress_literals: NumLit=36783, HeaderLen=3, Bytes: F8 FA 08
[DEBUG] encode_sequences_raw: NumSeq=12, HeaderSize=2, Bytes: 0C FF 00
[DEBUG] compress: Block 0 Output Readback: F8 FA 08 46 16 (Ptr: 0x91e100d80)
[PERF] Phase 1 (LZ77): 213 ms, Phase 2 (Encode): 2 ms
[DEBUG] write_block: type=0, size=36816, is_last=1, original=36816, compressed=36932
[DEBUG] compress: Phase 3 Block 0 Source: F8 FA 08 46 16 (Ptr: 0x91e100d80)
[DEBUG] compress: Phase 3 Block 0 Dest: 46 16 A3 66 9F
[DEBUG] decompress: Block header parsed. size=36816, compressed=0, last=1, header_size=3
[DEBUG] compress: ENTRY at TOP. Size=48283
[DEBUG] compress: ENTRY. num_blocks=1, size=48283
[DEBUG] compress: Block 0, NumSeq=15, NumLit=48241
[DEBUG] compress_literals: NumLit=48241, HeaderLen=3, Bytes: 18 C7 0B
[DEBUG] encode_sequences_raw: NumSeq=15, HeaderSize=2, Bytes: 0F FF 00
[DEBUG] compress: Block 0 Output Readback: 18 C7 0B 41 90 (Ptr: 0x91e3a0580)
[PERF] Phase 1 (LZ77): 291 ms, Phase 2 (Encode): 2 ms
[DEBUG] write_block: type=0, size=48283, is_last=1, original=48283, compressed=48426
[DEBUG] compress: Phase 3 Block 0 Source: 18 C7 0B 41 90 (Ptr: 0x91e3a0580)
[DEBUG] compress: Phase 3 Block 0 Dest: 41 90 AF D5 A9
[DEBUG] decompress: Block header parsed. size=48283, compressed=0, last=1, header_size=3
[DEBUG] compress: ENTRY at TOP. Size=11423
[DEBUG] compress: ENTRY. num_blocks=1, size=11423
[DEBUG] compress: Block 0, NumSeq=1, NumLit=11423
[DEBUG] compress_literals: NumLit=11423, HeaderLen=3, Bytes: F8 C9 02
[DEBUG] encode_sequences_raw: NumSeq=1, HeaderSize=2, Bytes: 01 FF 00
[DEBUG] compress: Block 0 Output Readback: F8 C9 02 0B 8F (Ptr: 0x91e59f580)
[PERF] Phase 1 (LZ77): 67 ms, Phase 2 (Encode): 2 ms
[DEBUG] write_block: type=0, size=11423, is_last=1, original=11423, compressed=11440
[DEBUG] compress: Phase 3 Block 0 Source: F8 C9 02 0B 8F (Ptr: 0x91e59f580)
[DEBUG] compress: Phase 3 Block 0 Dest: 0B 8F 5E 7A 3E
[DEBUG] decompress: Block header parsed. size=11423, compressed=0, last=1, header_size=3
[DEBUG] compress: ENTRY at TOP. Size=20322
[DEBUG] compress: ENTRY. num_blocks=1, size=20322
[DEBUG] compress: Block 0, NumSeq=2, NumLit=20319
[DEBUG] compress_literals: NumLit=20319, HeaderLen=3, Bytes: F8 F5 04
[DEBUG] encode_sequences_raw: NumSeq=2, HeaderSize=2, Bytes: 02 FF 00
[DEBUG] compress: Block 0 Output Readback: F8 F5 04 9E E6 (Ptr: 0x91e81b700)
[PERF] Phase 1 (LZ77): 121 ms, Phase 2 (Encode): 2 ms
[DEBUG] write_block: type=0, size=20322, is_last=1, original=20322, compressed=20348
[DEBUG] compress: Phase 3 Block 0 Source: F8 F5 04 9E E6 (Ptr: 0x91e81b700)
[DEBUG] compress: Phase 3 Block 0 Dest: 9E E6 82 88 4C
[DEBUG] decompress: Block header parsed. size=20322, compressed=0, last=1, header_size=3
[DEBUG] compress: ENTRY at TOP. Size=53929
[DEBUG] compress: ENTRY. num_blocks=1, size=53929
[DEBUG] compress: Block 0, NumSeq=11, NumLit=53899
[DEBUG] compress_literals: NumLit=53899, HeaderLen=3, Bytes: B8 28 0D
[DEBUG] encode_sequences_raw: NumSeq=11, HeaderSize=2, Bytes: 0B FF 00
[DEBUG] compress: Block 0 Output Readback: B8 28 0D 33 FE (Ptr: 0x91edef100)
[PERF] Phase 1 (LZ77): 331 ms, Phase 2 (Encode): 2 ms
[DEBUG] write_block: type=0, size=53929, is_last=1, original=53929, compressed=54036
[DEBUG] compress: Phase 3 Block 0 Source: B8 28 0D 33 FE (Ptr: 0x91edef100)
[DEBUG] compress: Phase 3 Block 0 Dest: 33 FE 35 E9 27
[DEBUG] decompress: Block header parsed. size=53929, compressed=0, last=1, header_size=3
[DEBUG] compress: ENTRY at TOP. Size=44998
[DEBUG] compress: ENTRY. num_blocks=1, size=44998
[DEBUG] compress: Block 0, NumSeq=13, NumLit=44962
[DEBUG] compress_literals: NumLit=44962, HeaderLen=3, Bytes: 28 FA 0A
[DEBUG] encode_sequences_raw: NumSeq=13, HeaderSize=2, Bytes: 0D FF 00
[DEBUG] compress: Block 0 Output Readback: 28 FA 0A A8 E8 (Ptr: 0x91ef72c80)
[PERF] Phase 1 (LZ77): 297 ms, Phase 2 (Encode): 3 ms
[DEBUG] write_block: type=0, size=44998, is_last=1, original=44998, compressed=45123
[DEBUG] compress: Phase 3 Block 0 Source: 28 FA 0A A8 E8 (Ptr: 0x91ef72c80)
[DEBUG] compress: Phase 3 Block 0 Dest: A8 E8 F4 45 F8
[DEBUG] decompress: Block header parsed. size=44998, compressed=0, last=1, header_size=3
[DEBUG] compress: ENTRY at TOP. Size=63604
[DEBUG] compress: ENTRY. num_blocks=1, size=63604
[DEBUG] compress: Block 0, NumSeq=22, NumLit=63541
[DEBUG] compress_literals: NumLit=63541, HeaderLen=3, Bytes: 58 83 0F
[DEBUG] encode_sequences_raw: NumSeq=22, HeaderSize=2, Bytes: 16 FF 00
[DEBUG] compress: Block 0 Output Readback: 58 83 0F A5 9B (Ptr: 0x91f475980)
[PERF] Phase 1 (LZ77): 358 ms, Phase 2 (Encode): 1 ms
[DEBUG] write_block: type=0, size=63604, is_last=1, original=63604, compressed=63810
[DEBUG] compress: Phase 3 Block 0 Source: 58 83 0F A5 9B (Ptr: 0x91f475980)
[DEBUG] compress: Phase 3 Block 0 Dest: A5 9B 81 E8 87
[DEBUG] decompress: Block header parsed. size=63604, compressed=0, last=1, header_size=3
[DEBUG] compress: ENTRY at TOP. Size=23980
[DEBUG] compress: ENTRY. num_blocks=1, size=23980
[DEBUG] compress: Block 0, NumSeq=3, NumLit=23974
[DEBUG] compress_literals: NumLit=23974, HeaderLen=3, Bytes: 68 DA 05
[DEBUG] encode_sequences_raw: NumSeq=3, HeaderSize=2, Bytes: 03 FF 00
[DEBUG] compress: Block 0 Output Readback: 68 DA 05 7F 63 (Ptr: 0x91f64e400)
[PERF] Phase 1 (LZ77): 140 ms, Phase 2 (Encode): 2 ms
[DEBUG] write_block: type=0, size=23980, is_last=1, original=23980, compressed=24015
[DEBUG] compress: Phase 3 Block 0 Source: 68 DA 05 7F 63 (Ptr: 0x91f64e400)
[DEBUG] compress: Phase 3 Block 0 Dest: 7F 63 41 AD 42
[DEBUG] decompress: Block header parsed. size=23980, compressed=0, last=1, header_size=3
[DEBUG] compress: ENTRY at TOP. Size=32741
[DEBUG] compress: ENTRY. num_blocks=1, size=32741
[DEBUG] compress: Block 0, NumSeq=7, NumLit=32723
[DEBUG] compress_literals: NumLit=32723, HeaderLen=3, Bytes: 38 FD 07
[DEBUG] encode_sequences_raw: NumSeq=7, HeaderSize=2, Bytes: 07 FF 00
[DEBUG] compress: Block 0 Output Readback: 38 FD 07 27 D1 (Ptr: 0x91f8c8380)
[PERF] Phase 1 (LZ77): 206 ms, Phase 2 (Encode): 2 ms
[DEBUG] write_block: type=0, size=32741, is_last=1, original=32741, compressed=32812
[DEBUG] compress: Phase 3 Block 0 Source: 38 FD 07 27 D1 (Ptr: 0x91f8c8380)
[DEBUG] compress: Phase 3 Block 0 Dest: 27 D1 28 28 FC
[DEBUG] decompress: Block header parsed. size=32741, compressed=0, last=1, header_size=3
[DEBUG] compress: ENTRY at TOP. Size=22921
[DEBUG] compress: ENTRY. num_blocks=1, size=22921
[DEBUG] compress: Block 0, NumSeq=5, NumLit=22909
[DEBUG] compress_literals: NumLit=22909, HeaderLen=3, Bytes: D8 97 05
[DEBUG] encode_sequences_raw: NumSeq=5, HeaderSize=2, Bytes: 05 FF 00
[DEBUG] compress: Block 0 Output Readback: D8 97 05 33 FD (Ptr: 0x91fc3f900)
[PERF] Phase 1 (LZ77): 142 ms, Phase 2 (Encode): 3 ms
[DEBUG] write_block: type=0, size=22921, is_last=1, original=22921, compressed=22974
[DEBUG] compress: Phase 3 Block 0 Source: D8 97 05 33 FD (Ptr: 0x91fc3f900)
[DEBUG] compress: Phase 3 Block 0 Dest: 33 FD 54 7A 4B
[DEBUG] decompress: Block header parsed. size=22921, compressed=0, last=1, header_size=3
[DEBUG] compress: ENTRY at TOP. Size=36835
[DEBUG] compress: ENTRY. num_blocks=1, size=36835
[DEBUG] compress: Block 0, NumSeq=12, NumLit=36802
[DEBUG] compress_literals: NumLit=36802, HeaderLen=3, Bytes: 28 FC 08
[DEBUG] encode_sequences_raw: NumSeq=12, HeaderSize=2, Bytes: 0C FF 00
[DEBUG] compress: Block 0 Output Readback: 28 FC 08 E2 E9 (Ptr: 0x91ff01380)
[PERF] Phase 1 (LZ77): 235 ms, Phase 2 (Encode): 3 ms
[DEBUG] write_block: type=0, size=36835, is_last=1, original=36835, compressed=36951
[DEBUG] compress: Phase 3 Block 0 Source: 28 FC 08 E2 E9 (Ptr: 0x91ff01380)
[DEBUG] compress: Phase 3 Block 0 Dest: E2 E9 C9 3D 6C
[DEBUG] decompress: Block header parsed. size=36835, compressed=0, last=1, header_size=3
[DEBUG] compress: ENTRY at TOP. Size=13276
[DEBUG] compress: ENTRY. num_blocks=1, size=13276
[DEBUG] compress: Block 0, NumSeq=2, NumLit=13273
[DEBUG] compress_literals: NumLit=13273, HeaderLen=3, Bytes: 98 3D 03
[DEBUG] encode_sequences_raw: NumSeq=2, HeaderSize=2, Bytes: 02 FF 00
[DEBUG] compress: Block 0 Output Readback: 98 3D 03 9B 94 (Ptr: 0x9201b9280)
[PERF] Phase 1 (LZ77): 86 ms, Phase 2 (Encode): 2 ms
[DEBUG] write_block: type=0, size=13276, is_last=1, original=13276, compressed=13302
[DEBUG] compress: Phase 3 Block 0 Source: 98 3D 03 9B 94 (Ptr: 0x9201b9280)
[DEBUG] compress: Phase 3 Block 0 Dest: 9B 94 A8 DF 4E
[DEBUG] decompress: Block header parsed. size=13276, compressed=0, last=1, header_size=3
[DEBUG] compress: ENTRY at TOP. Size=5098
[DEBUG] compress: ENTRY. num_blocks=1, size=5098
[DEBUG] compress: Block 0, NumSeq=1, NumLit=5098
[DEBUG] compress_literals: NumLit=5098, HeaderLen=3, Bytes: A8 3E 01
[DEBUG] encode_sequences_raw: NumSeq=1, HeaderSize=2, Bytes: 01 FF 00
[DEBUG] compress: Block 0 Output Readback: A8 3E 01 B8 C9 (Ptr: 0x920347800)
[PERF] Phase 1 (LZ77): 31 ms, Phase 2 (Encode): 1 ms
[DEBUG] write_block: type=0, size=5098, is_last=1, original=5098, compressed=5115
[DEBUG] compress: Phase 3 Block 0 Source: A8 3E 01 B8 C9 (Ptr: 0x920347800)
[DEBUG] compress: Phase 3 Block 0 Dest: B8 C9 9B 95 B0
[DEBUG] decompress: Block header parsed. size=5098, compressed=0, last=1, header_size=3
[DEBUG] compress: ENTRY at TOP. Size=14410
[DEBUG] compress: ENTRY. num_blocks=1, size=14410
[DEBUG] compress: Block 0, NumSeq=3, NumLit=14404
[DEBUG] compress_literals: NumLit=14404, HeaderLen=3, Bytes: 48 84 03
[DEBUG] encode_sequences_raw: NumSeq=3, HeaderSize=2, Bytes: 03 FF 00
[DEBUG] compress: Block 0 Output Readback: 48 84 03 3A 42 (Ptr: 0x9207c9180)
[PERF] Phase 1 (LZ77): 484 ms, Phase 2 (Encode): 2 ms
[DEBUG] write_block: type=0, size=14410, is_last=1, original=14410, compressed=14445
[DEBUG] compress: Phase 3 Block 0 Source: 48 84 03 3A 42 (Ptr: 0x9207c9180)
[DEBUG] compress: Phase 3 Block 0 Dest: 3A 42 30 9D E2
[DEBUG] decompress: Block header parsed. size=14410, compressed=0, last=1, header_size=3
[DEBUG] compress: ENTRY at TOP. Size=24420
[DEBUG] compress: ENTRY. num_blocks=1, size=24420
[DEBUG] compress: Block 0, NumSeq=4, NumLit=24411
[DEBUG] compress_literals: NumLit=24411, HeaderLen=3, Bytes: B8 F5 05
[DEBUG] encode_sequences_raw: NumSeq=4, HeaderSize=2, Bytes: 04 FF 00
[DEBUG] compress: Block 0 Output Readback: B8 F5 05 36 79 (Ptr: 0x920c54700)
[PERF] Phase 1 (LZ77): 143 ms, Phase 2 (Encode): 2 ms
[DEBUG] write_block: type=0, size=24420, is_last=1, original=24420, compressed=24464
[DEBUG] compress: Phase 3 Block 0 Source: B8 F5 05 36 79 (Ptr: 0x920c54700)
[DEBUG] compress: Phase 3 Block 0 Dest: 36 79 E8 E4 D1
[DEBUG] decompress: Block header parsed. size=24420, compressed=0, last=1, header_size=3
[DEBUG] compress: ENTRY at TOP. Size=14779
[DEBUG] compress: ENTRY. num_blocks=1, size=14779
[DEBUG] compress: Block 0, NumSeq=1, NumLit=14779
[DEBUG] compress_literals: NumLit=14779, HeaderLen=3, Bytes: B8 9B 03
[DEBUG] encode_sequences_raw: NumSeq=1, HeaderSize=2, Bytes: 01 FF 00
[DEBUG] compress: Block 0 Output Readback: B8 9B 03 D6 D2 (Ptr: 0x920dce180)
[PERF] Phase 1 (LZ77): 96 ms, Phase 2 (Encode): 2 ms
[DEBUG] write_block: type=0, size=14779, is_last=1, original=14779, compressed=14796
[DEBUG] compress: Phase 3 Block 0 Source: B8 9B 03 D6 D2 (Ptr: 0x920dce180)
[DEBUG] compress: Phase 3 Block 0 Dest: D6 D2 F8 AB 72
[DEBUG] decompress: Block header parsed. size=14779, compressed=0, last=1, header_size=3
[DEBUG] compress: ENTRY at TOP. Size=27067
[DEBUG] compress: ENTRY. num_blocks=1, size=27067
[DEBUG] compress: Block 0, NumSeq=3, NumLit=27061
[DEBUG] compress_literals: NumLit=27061, HeaderLen=3, Bytes: 58 9B 06
[DEBUG] encode_sequences_raw: NumSeq=3, HeaderSize=2, Bytes: 03 FF 00
[DEBUG] compress: Block 0 Output Readback: 58 9B 06 BB 53 (Ptr: 0x921279180)
[PERF] Phase 1 (LZ77): 169 ms, Phase 2 (Encode): 2 ms
[DEBUG] write_block: type=0, size=27067, is_last=1, original=27067, compressed=27102
[DEBUG] compress: Phase 3 Block 0 Source: 58 9B 06 BB 53 (Ptr: 0x921279180)
[DEBUG] compress: Phase 3 Block 0 Dest: BB 53 91 00 4D
[DEBUG] decompress: Block header parsed. size=27067, compressed=0, last=1, header_size=3
[DEBUG] compress: ENTRY at TOP. Size=59956
[DEBUG] compress: ENTRY. num_blocks=1, size=59956
[DEBUG] compress: Block 0, NumSeq=21, NumLit=59896
[DEBUG] compress_literals: NumLit=59896, HeaderLen=3, Bytes: 88 9F 0E
[DEBUG] encode_sequences_raw: NumSeq=21, HeaderSize=2, Bytes: 15 FF 00
[DEBUG] compress: Block 0 Output Readback: 88 9F 0E AC B8 (Ptr: 0x921642d80)
[PERF] Phase 1 (LZ77): 368 ms, Phase 2 (Encode): 2 ms
[DEBUG] write_block: type=0, size=59956, is_last=1, original=59956, compressed=60153
[DEBUG] compress: Phase 3 Block 0 Source: 88 9F 0E AC B8 (Ptr: 0x921642d80)
[DEBUG] compress: Phase 3 Block 0 Dest: AC B8 7C D4 D3
[DEBUG] decompress: Block header parsed. size=59956, compressed=0, last=1, header_size=3
  [INFO] Passed: 100/100
  [PASS] Random Inputs Round-trip

[TEST] All Compression Levels (1-22)
[DEBUG] compress: ENTRY at TOP. Size=65536
[DEBUG] compress: ENTRY. num_blocks=1, size=65536

  Level | Ratio   | Status
  ------|---------|--------
[DEBUG] compress: Block 0, NumSeq=485, NumLit=3496
[DEBUG] compress_literals: NumLit=3496, HeaderLen=2, Bytes: 84 DA 00
[DEBUG] encode_sequences_raw: NumSeq=485, HeaderSize=3, Bytes: 81 E5 FF
[DEBUG] compress: Block 0 Output Readback: 84 DA 00 01 02 (Ptr: 0x921a90600)
[PERF] Phase 1 (LZ77): 421 ms, Phase 2 (Encode): 3 ms
[DEBUG] write_block: type=2, size=9321, is_last=1, original=65536, compressed=9321
[DEBUG] compress: Phase 3 Block 0 Source: 84 DA 00 01 02 (Ptr: 0x921a90600)
[DEBUG] compress: Phase 3 Block 0 Dest: 84 DA 00 01 02
[DEBUG] decompress: Block header parsed. size=9321, compressed=1, last=1, header_size=3
[DEBUG] decompress: calling decompress_block at offset 10
[DEBUG] decompress_literals: input_size=9321, header: 84 DA 00 01 02
[DEBUG] decompress_literals: type=0
[DEBUG] decompress_block: Calling decompress_sequences, offset=3498, size=5823
[DEBUG] decompress_sequences: input_size=5823, header bytes: 81 E5 FF 2F 02
[DEBUG] decompress_sequences: Parsed num_sequences=485, offset=2
[DEBUG] decompress_sequences: fse_modes=0xFF, offset=3
[DEBUG] decompress: decompress_block DONE. decompressed_size=65536
    Mismatch at byte 2: expected 2, got 0
      1 |    7.01 | FAIL
  [FAIL] test_all_compression_levels: Level 1 failed verification

[TEST] ZSTD Frame Format Validation
[DEBUG] compress: ENTRY at TOP. Size=1024
[DEBUG] compress: ENTRY. num_blocks=1, size=1024
[DEBUG] compress: Block 0, NumSeq=6, NumLit=266
[DEBUG] compress_literals: NumLit=266, HeaderLen=2, Bytes: A4 10 00
[DEBUG] encode_sequences_raw: NumSeq=6, HeaderSize=2, Bytes: 06 FF 00
[DEBUG] compress: Block 0 Output Readback: A4 10 AA AA AA (Ptr: 0x92210ea00)
[PERF] Phase 1 (LZ77): 7 ms, Phase 2 (Encode): 1 ms
[DEBUG] write_block: type=2, size=342, is_last=1, original=1024, compressed=342
[DEBUG] compress: Phase 3 Block 0 Source: A4 10 AA AA AA (Ptr: 0x92210ea00)
[DEBUG] compress: Phase 3 Block 0 Dest: A4 10 AA AA AA
  [INFO] Magic number: 0x184d2a50
  [INFO] Note: Custom format magic (non-standard ZSTD)
  [INFO] Compressed size: 368 bytes
  [INFO] ✓ Frame format appears valid
  [PASS] Frame Format Validation

[TEST] Checksum Validation
[DEBUG] compress: ENTRY at TOP. Size=4096
[DEBUG] compress: ENTRY. num_blocks=1, size=4096
[DEBUG] compress: Block 0, NumSeq=28, NumLit=573
[DEBUG] compress_literals: NumLit=573, HeaderLen=2, Bytes: D4 23 00
[DEBUG] encode_sequences_raw: NumSeq=28, HeaderSize=2, Bytes: 1C FF 00
[DEBUG] compress: Block 0 Output Readback: D4 23 00 01 02 (Ptr: 0x922539600)
[PERF] Phase 1 (LZ77): 23 ms, Phase 2 (Encode): 2 ms
[DEBUG] write_block: type=2, size=913, is_last=1, original=4096, compressed=913
[DEBUG] compress: Phase 3 Block 0 Source: D4 23 00 01 02 (Ptr: 0x922539600)
[DEBUG] compress: Phase 3 Block 0 Dest: D4 23 00 01 02
  [INFO] Compressed data size: 939 bytes
  [INFO] Note: Checksum validation via decompression round-trip
[DEBUG] decompress: Block header parsed. size=913, compressed=1, last=1, header_size=3
[DEBUG] decompress: calling decompress_block at offset 10
[DEBUG] decompress_literals: input_size=913, header: D4 23 00 01 02
[DEBUG] decompress_literals: type=0
[DEBUG] decompress_block: Calling decompress_sequences, offset=575, size=338
[DEBUG] decompress_sequences: input_size=338, header bytes: 1C FF 58 01 00
[DEBUG] decompress_sequences: Parsed num_sequences=28, offset=1
[DEBUG] decompress_sequences: fse_modes=0xFF, offset=2
[DEBUG] decompress: decompress_block DONE. decompressed_size=4096
  [INFO] ✓ Data integrity verified via round-trip
  [PASS] Checksum Validation

[TEST] Special Data Patterns
  [INFO] Testing: All zeros
[DEBUG] compress: ENTRY at TOP. Size=8192
[DEBUG] compress: ENTRY. num_blocks=1, size=8192
[DEBUG] compress: Block 0, NumSeq=55, NumLit=1152
[DEBUG] compress_literals: NumLit=1152, HeaderLen=2, Bytes: 04 48 00
[DEBUG] encode_sequences_raw: NumSeq=55, HeaderSize=2, Bytes: 37 FF 00
[DEBUG] compress: Block 0 Output Readback: 04 48 00 00 00 (Ptr: 0x922972600)
[PERF] Phase 1 (LZ77): 53 ms, Phase 2 (Encode): 7 ms
[DEBUG] write_block: type=2, size=1816, is_last=1, original=8192, compressed=1816
[DEBUG] compress: Phase 3 Block 0 Source: 04 48 00 00 00 (Ptr: 0x922972600)
[DEBUG] compress: Phase 3 Block 0 Dest: 04 48 00 00 00
[DEBUG] decompress: Block header parsed. size=1816, compressed=1, last=1, header_size=3
[DEBUG] decompress: calling decompress_block at offset 10
[DEBUG] decompress_literals: input_size=1816, header: 04 48 00 00 00
[DEBUG] decompress_literals: type=0
[DEBUG] decompress_block: Calling decompress_sequences, offset=1154, size=662
[DEBUG] decompress_sequences: input_size=662, header bytes: 37 FF 14 02 00
[DEBUG] decompress_sequences: Parsed num_sequences=55, offset=1
[DEBUG] decompress_sequences: fse_modes=0xFF, offset=2
[DEBUG] decompress: decompress_block DONE. decompressed_size=8192
  [INFO]   All zeros: 4.45:1 ratio
  [INFO] Testing: All ones
[DEBUG] compress: ENTRY at TOP. Size=8192
[DEBUG] compress: ENTRY. num_blocks=1, size=8192
[DEBUG] compress: Block 0, NumSeq=57, NumLit=896
[DEBUG] compress_literals: NumLit=896, HeaderLen=2, Bytes: 04 38 00
[DEBUG] encode_sequences_raw: NumSeq=57, HeaderSize=2, Bytes: 39 FF 00
[DEBUG] compress: Block 0 Output Readback: 04 38 FF FF FF (Ptr: 0x922972600)
[PERF] Phase 1 (LZ77): 43 ms, Phase 2 (Encode): 1 ms
[DEBUG] write_block: type=2, size=1584, is_last=1, original=8192, compressed=1584
[DEBUG] compress: Phase 3 Block 0 Source: 04 38 FF FF FF (Ptr: 0x922972600)
[DEBUG] compress: Phase 3 Block 0 Dest: 04 38 FF FF FF
[DEBUG] decompress: Block header parsed. size=1584, compressed=1, last=1, header_size=3
[DEBUG] decompress: calling decompress_block at offset 10
[DEBUG] decompress_literals: input_size=1584, header: 04 38 FF FF FF
[DEBUG] decompress_literals: type=0
[DEBUG] decompress_block: Calling decompress_sequences, offset=898, size=686
[DEBUG] decompress_sequences: input_size=686, header bytes: 39 FF 1F 01 00
[DEBUG] decompress_sequences: Parsed num_sequences=57, offset=1
[DEBUG] decompress_sequences: fse_modes=0xFF, offset=2
[DEBUG] decompress: decompress_block DONE. decompressed_size=8192
  [INFO]   All ones: 5.09:1 ratio
  [INFO] Testing: All 0xAA
[DEBUG] compress: ENTRY at TOP. Size=8192
[DEBUG] compress: ENTRY. num_blocks=1, size=8192
[DEBUG] compress: Block 0, NumSeq=43, NumLit=2688
[DEBUG] compress_literals: NumLit=2688, HeaderLen=2, Bytes: 04 A8 00
[DEBUG] encode_sequences_raw: NumSeq=43, HeaderSize=2, Bytes: 2B FF 00
[DEBUG] compress: Block 0 Output Readback: 04 A8 AA AA AA (Ptr: 0x922972600)
[PERF] Phase 1 (LZ77): 47 ms, Phase 2 (Encode): 2 ms
[DEBUG] write_block: type=2, size=3208, is_last=1, original=8192, compressed=3208
[DEBUG] compress: Phase 3 Block 0 Source: 04 A8 AA AA AA (Ptr: 0x922972600)
[DEBUG] compress: Phase 3 Block 0 Dest: 04 A8 AA AA AA
[DEBUG] decompress: Block header parsed. size=3208, compressed=1, last=1, header_size=3
[DEBUG] decompress: calling decompress_block at offset 10
[DEBUG] decompress_literals: input_size=3208, header: 04 A8 AA AA AA
[DEBUG] decompress_literals: type=0
[DEBUG] decompress_block: Calling decompress_sequences, offset=2690, size=518
[DEBUG] decompress_sequences: input_size=518, header bytes: 2B FF 3F 03 00
[DEBUG] decompress_sequences: Parsed num_sequences=43, offset=1
[DEBUG] decompress_sequences: fse_modes=0xFF, offset=2
[DEBUG] decompress: decompress_block DONE. decompressed_size=8192
  [INFO]   All 0xAA: 2.53:1 ratio
  [INFO] Testing: All 0x55
[DEBUG] compress: ENTRY at TOP. Size=8192
[DEBUG] compress: ENTRY. num_blocks=1, size=8192
[DEBUG] compress: Block 0, NumSeq=55, NumLit=1158
[DEBUG] compress_literals: NumLit=1158, HeaderLen=2, Bytes: 64 48 00
[DEBUG] encode_sequences_raw: NumSeq=55, HeaderSize=2, Bytes: 37 FF 00
[DEBUG] compress: Block 0 Output Readback: 64 48 55 55 55 (Ptr: 0x922972600)
[PERF] Phase 1 (LZ77): 53 ms, Phase 2 (Encode): 3 ms
[DEBUG] write_block: type=2, size=1822, is_last=1, original=8192, compressed=1822
[DEBUG] compress: Phase 3 Block 0 Source: 64 48 55 55 55 (Ptr: 0x922972600)
[DEBUG] compress: Phase 3 Block 0 Dest: 64 48 55 55 55
[DEBUG] decompress: Block header parsed. size=1822, compressed=1, last=1, header_size=3
[DEBUG] decompress: calling decompress_block at offset 10
[DEBUG] decompress_literals: input_size=1822, header: 64 48 55 55 55
[DEBUG] decompress_literals: type=0
[DEBUG] decompress_block: Calling decompress_sequences, offset=1160, size=662
[DEBUG] decompress_sequences: input_size=662, header bytes: 37 FF 75 02 00
[DEBUG] decompress_sequences: Parsed num_sequences=55, offset=1
[DEBUG] decompress_sequences: fse_modes=0xFF, offset=2
[DEBUG] decompress: decompress_block DONE. decompressed_size=8192
  [INFO]   All 0x55: 4.43:1 ratio
  [INFO] Testing: Sequential
[DEBUG] compress: ENTRY at TOP. Size=8192
[DEBUG] compress: ENTRY. num_blocks=1, size=8192
[DEBUG] compress: Block 0, NumSeq=58, NumLit=768
[DEBUG] compress_literals: NumLit=768, HeaderLen=2, Bytes: 04 30 00
[DEBUG] encode_sequences_raw: NumSeq=58, HeaderSize=2, Bytes: 3A FF 00
[DEBUG] compress: Block 0 Output Readback: 04 30 00 01 02 (Ptr: 0x922972600)
[PERF] Phase 1 (LZ77): 57 ms, Phase 2 (Encode): 2 ms
[DEBUG] write_block: type=2, size=1468, is_last=1, original=8192, compressed=1468
[DEBUG] compress: Phase 3 Block 0 Source: 04 30 00 01 02 (Ptr: 0x922972600)
[DEBUG] compress: Phase 3 Block 0 Dest: 04 30 00 01 02
[DEBUG] decompress: Block header parsed. size=1468, compressed=1, last=1, header_size=3
[DEBUG] decompress: calling decompress_block at offset 10
[DEBUG] decompress_literals: input_size=1468, header: 04 30 00 01 02
[DEBUG] decompress_literals: type=0
[DEBUG] decompress_block: Calling decompress_sequences, offset=770, size=698
[DEBUG] decompress_sequences: input_size=698, header bytes: 3A FF 1E 01 00
[DEBUG] decompress_sequences: Parsed num_sequences=58, offset=1
[DEBUG] decompress_sequences: fse_modes=0xFF, offset=2
[DEBUG] decompress: decompress_block DONE. decompressed_size=8192
    Mismatch at byte 648: expected 136, got 8
  [FAIL] test_special_patterns: Sequential verification failed

[TEST] Byte Alignment and Padding
[DEBUG] compress: ENTRY at TOP. Size=1
[DEBUG] compress: ENTRY. num_blocks=1, size=1
[DEBUG] compress: Block 0, NumSeq=1, NumLit=1
[DEBUG] compress_literals: NumLit=1, HeaderLen=1, Bytes: 08 00 00
[DEBUG] encode_sequences_raw: NumSeq=1, HeaderSize=2, Bytes: 01 FF 00
[DEBUG] compress: Block 0 Output Readback: 08 00 01 FF 01 (Ptr: 0x923100b00)
[PERF] Phase 1 (LZ77): 0 ms, Phase 2 (Encode): 1 ms
[DEBUG] write_block: type=0, size=1, is_last=1, original=1, compressed=16
[DEBUG] compress: Phase 3 Block 0 Source: 08 00 01 FF 01 (Ptr: 0x923100b00)
[DEBUG] compress: Phase 3 Block 0 Dest: 00 00 00 04 00
[DEBUG] decompress: Block header parsed. size=1, compressed=0, last=1, header_size=3
[DEBUG] compress: ENTRY at TOP. Size=3
[DEBUG] compress: ENTRY. num_blocks=1, size=3
[DEBUG] compress: Block 0, NumSeq=1, NumLit=3
[DEBUG] compress_literals: NumLit=3, HeaderLen=1, Bytes: 18 00 00
[DEBUG] encode_sequences_raw: NumSeq=1, HeaderSize=2, Bytes: 01 FF 00
[DEBUG] compress: Block 0 Output Readback: 18 00 01 02 01 (Ptr: 0x923100b00)
[PERF] Phase 1 (LZ77): 1 ms, Phase 2 (Encode): 1 ms
[DEBUG] write_block: type=0, size=3, is_last=1, original=3, compressed=18
[DEBUG] compress: Phase 3 Block 0 Source: 18 00 01 02 01 (Ptr: 0x923100b00)
[DEBUG] compress: Phase 3 Block 0 Dest: 00 01 02 04 00
[DEBUG] decompress: Block header parsed. size=3, compressed=0, last=1, header_size=3
[DEBUG] compress: ENTRY at TOP. Size=5
[DEBUG] compress: ENTRY. num_blocks=1, size=5
[DEBUG] compress: Block 0, NumSeq=1, NumLit=5
[DEBUG] compress_literals: NumLit=5, HeaderLen=1, Bytes: 28 00 00
[DEBUG] encode_sequences_raw: NumSeq=1, HeaderSize=2, Bytes: 01 FF 00
[DEBUG] compress: Block 0 Output Readback: 28 00 01 02 03 (Ptr: 0x923100b00)
[PERF] Phase 1 (LZ77): 1 ms, Phase 2 (Encode): 1 ms
[DEBUG] write_block: type=0, size=5, is_last=1, original=5, compressed=20
[DEBUG] compress: Phase 3 Block 0 Source: 28 00 01 02 03 (Ptr: 0x923100b00)
[DEBUG] compress: Phase 3 Block 0 Dest: 00 01 02 03 04
[DEBUG] decompress: Block header parsed. size=5, compressed=0, last=1, header_size=3
[DEBUG] compress: ENTRY at TOP. Size=7
[DEBUG] compress: ENTRY. num_blocks=1, size=7
[DEBUG] compress: Block 0, NumSeq=1, NumLit=7
[DEBUG] compress_literals: NumLit=7, HeaderLen=1, Bytes: 38 00 00
[DEBUG] encode_sequences_raw: NumSeq=1, HeaderSize=2, Bytes: 01 FF 00
[DEBUG] compress: Block 0 Output Readback: 38 00 01 02 03 (Ptr: 0x923100b00)
[PERF] Phase 1 (LZ77): 0 ms, Phase 2 (Encode): 2 ms
[DEBUG] write_block: type=0, size=7, is_last=1, original=7, compressed=22
[DEBUG] compress: Phase 3 Block 0 Source: 38 00 01 02 03 (Ptr: 0x923100b00)
[DEBUG] compress: Phase 3 Block 0 Dest: 00 01 02 03 04
[DEBUG] decompress: Block header parsed. size=7, compressed=0, last=1, header_size=3
[DEBUG] compress: ENTRY at TOP. Size=9
[DEBUG] compress: ENTRY. num_blocks=1, size=9
[DEBUG] compress: Block 0, NumSeq=1, NumLit=9
[DEBUG] compress_literals: NumLit=9, HeaderLen=1, Bytes: 48 00 00
[DEBUG] encode_sequences_raw: NumSeq=1, HeaderSize=2, Bytes: 01 FF 00
[DEBUG] compress: Block 0 Output Readback: 48 00 01 02 03 (Ptr: 0x923100b80)
[PERF] Phase 1 (LZ77): 0 ms, Phase 2 (Encode): 2 ms
[DEBUG] write_block: type=0, size=9, is_last=1, original=9, compressed=24
[DEBUG] compress: Phase 3 Block 0 Source: 48 00 01 02 03 (Ptr: 0x923100b80)
[DEBUG] compress: Phase 3 Block 0 Dest: 00 01 02 03 04
[DEBUG] decompress: Block header parsed. size=9, compressed=0, last=1, header_size=3
[DEBUG] compress: ENTRY at TOP. Size=11
[DEBUG] compress: ENTRY. num_blocks=1, size=11
[DEBUG] compress: Block 0, NumSeq=1, NumLit=11
[DEBUG] compress_literals: NumLit=11, HeaderLen=1, Bytes: 58 00 00
[DEBUG] encode_sequences_raw: NumSeq=1, HeaderSize=2, Bytes: 01 FF 00
[DEBUG] compress: Block 0 Output Readback: 58 00 01 02 03 (Ptr: 0x923100b80)
[PERF] Phase 1 (LZ77): 0 ms, Phase 2 (Encode): 2 ms
[DEBUG] write_block: type=0, size=11, is_last=1, original=11, compressed=26
[DEBUG] compress: Phase 3 Block 0 Source: 58 00 01 02 03 (Ptr: 0x923100b80)
[DEBUG] compress: Phase 3 Block 0 Dest: 00 01 02 03 04
[DEBUG] decompress: Block header parsed. size=11, compressed=0, last=1, header_size=3
[DEBUG] compress: ENTRY at TOP. Size=13
[DEBUG] compress: ENTRY. num_blocks=1, size=13
[DEBUG] compress: Block 0, NumSeq=1, NumLit=13
[DEBUG] compress_literals: NumLit=13, HeaderLen=1, Bytes: 68 00 00
[DEBUG] encode_sequences_raw: NumSeq=1, HeaderSize=2, Bytes: 01 FF 00
[DEBUG] compress: Block 0 Output Readback: 68 00 01 02 03 (Ptr: 0x923100b80)
[PERF] Phase 1 (LZ77): 0 ms, Phase 2 (Encode): 1 ms
[DEBUG] write_block: type=0, size=13, is_last=1, original=13, compressed=28
[DEBUG] compress: Phase 3 Block 0 Source: 68 00 01 02 03 (Ptr: 0x923100b80)
[DEBUG] compress: Phase 3 Block 0 Dest: 00 01 02 03 04
[DEBUG] decompress: Block header parsed. size=13, compressed=0, last=1, header_size=3
[DEBUG] compress: ENTRY at TOP. Size=15
[DEBUG] compress: ENTRY. num_blocks=1, size=15
[DEBUG] compress: Block 0, NumSeq=1, NumLit=15
[DEBUG] compress_literals: NumLit=15, HeaderLen=1, Bytes: 78 00 00
[DEBUG] encode_sequences_raw: NumSeq=1, HeaderSize=2, Bytes: 01 FF 00
[DEBUG] compress: Block 0 Output Readback: 78 00 01 02 03 (Ptr: 0x923100b80)
[PERF] Phase 1 (LZ77): 0 ms, Phase 2 (Encode): 2 ms
[DEBUG] write_block: type=0, size=15, is_last=1, original=15, compressed=30
[DEBUG] compress: Phase 3 Block 0 Source: 78 00 01 02 03 (Ptr: 0x923100b80)
[DEBUG] compress: Phase 3 Block 0 Dest: 00 01 02 03 04
[DEBUG] decompress: Block header parsed. size=15, compressed=0, last=1, header_size=3
[DEBUG] compress: ENTRY at TOP. Size=17
[DEBUG] compress: ENTRY. num_blocks=1, size=17
[DEBUG] compress: Block 0, NumSeq=1, NumLit=17
[DEBUG] compress_literals: NumLit=17, HeaderLen=1, Bytes: 88 00 00
[DEBUG] encode_sequences_raw: NumSeq=1, HeaderSize=2, Bytes: 01 FF 00
[DEBUG] compress: Block 0 Output Readback: 88 00 01 02 03 (Ptr: 0x923100c80)
[PERF] Phase 1 (LZ77): 0 ms, Phase 2 (Encode): 2 ms
[DEBUG] write_block: type=0, size=17, is_last=1, original=17, compressed=32
[DEBUG] compress: Phase 3 Block 0 Source: 88 00 01 02 03 (Ptr: 0x923100c80)
[DEBUG] compress: Phase 3 Block 0 Dest: 00 01 02 03 04
[DEBUG] decompress: Block header parsed. size=17, compressed=0, last=1, header_size=3
[DEBUG] compress: ENTRY at TOP. Size=19
[DEBUG] compress: ENTRY. num_blocks=1, size=19
[DEBUG] compress: Block 0, NumSeq=1, NumLit=19
[DEBUG] compress_literals: NumLit=19, HeaderLen=1, Bytes: 98 00 00
[DEBUG] encode_sequences_raw: NumSeq=1, HeaderSize=2, Bytes: 01 FF 00
[DEBUG] compress: Block 0 Output Readback: 98 00 01 02 03 (Ptr: 0x923100c80)
[PERF] Phase 1 (LZ77): 0 ms, Phase 2 (Encode): 2 ms
[DEBUG] write_block: type=0, size=19, is_last=1, original=19, compressed=34
[DEBUG] compress: Phase 3 Block 0 Source: 98 00 01 02 03 (Ptr: 0x923100c80)
[DEBUG] compress: Phase 3 Block 0 Dest: 00 01 02 03 04
[DEBUG] decompress: Block header parsed. size=19, compressed=0, last=1, header_size=3
  [INFO] Passed: 10/10 unaligned sizes
  [PASS] Byte Alignment

[TEST] Deterministic Compression
[DEBUG] compress: ENTRY at TOP. Size=32768
[DEBUG] compress: ENTRY. num_blocks=1, size=32768
[DEBUG] compress: Block 0, NumSeq=7, NumLit=32750
[DEBUG] compress_literals: NumLit=32750, HeaderLen=3, Bytes: E8 FE 07
[DEBUG] encode_sequences_raw: NumSeq=7, HeaderSize=2, Bytes: 07 FF 00
[DEBUG] compress: Block 0 Output Readback: E8 FE 07 ED E3 (Ptr: 0x9236c8600)
[PERF] Phase 1 (LZ77): 198 ms, Phase 2 (Encode): 2 ms
[DEBUG] write_block: type=0, size=32768, is_last=1, original=32768, compressed=32839
[DEBUG] compress: Phase 3 Block 0 Source: E8 FE 07 ED E3 (Ptr: 0x9236c8600)
[DEBUG] compress: Phase 3 Block 0 Dest: ED E3 50 21 2F
[DEBUG] compress: ENTRY at TOP. Size=32768
[DEBUG] compress: ENTRY. num_blocks=1, size=32768
[DEBUG] compress: Block 0, NumSeq=7, NumLit=32750
[DEBUG] compress_literals: NumLit=32750, HeaderLen=3, Bytes: E8 FE 07
[DEBUG] encode_sequences_raw: NumSeq=7, HeaderSize=2, Bytes: 07 FF 00
[DEBUG] compress: Block 0 Output Readback: E8 FE 07 ED E3 (Ptr: 0x9236c8600)
[PERF] Phase 1 (LZ77): 210 ms, Phase 2 (Encode): 1 ms
[DEBUG] write_block: type=0, size=32768, is_last=1, original=32768, compressed=32839
[DEBUG] compress: Phase 3 Block 0 Source: E8 FE 07 ED E3 (Ptr: 0x9236c8600)
[DEBUG] compress: Phase 3 Block 0 Dest: ED E3 50 21 2F
  [INFO] First compression: 32794 bytes
  [INFO] Second compression: 32794 bytes
  [INFO] ✓ Compression is deterministic (bit-exact)
  [PASS] Deterministic Compression
========================================
TEST RESULTS
========================================
Passed: 6/9
Failed: 3/9

✗ SOME TESTS FAILED
========================================
