========================================
CUDA ZSTD Correctness Tests
========================================
Using CUDA device: NVIDIA GeForce RTX 5080 Laptop GPU
Compute capability: 12.0
Total memory: 16302 MB

[TEST] Identity Property: decompress(compress(data)) == data
[DEBUG] compress: ENTRY at TOP. Size=4096
[DEBUG] compress: ENTRY. num_blocks=1, size=4096
[DEBUG] compress: Block 0, NumSeq=26, NumLit=768
[DEBUG] compress_literals: NumLit=768, HeaderLen=2, Bytes: 04 30 00
[DEBUG] encode_sequences_raw: NumSeq=26, HeaderSize=2, Bytes: 1A FF 00
[DEBUG] compress: Block 0 Output Readback: 04 30 00 1F 3E (Ptr: 0x90c139600)
[PERF] Phase 1 (LZ77): 516 ms, Phase 2 (Encode): 2 ms
[DEBUG] compress: Phase 3 Block 0 Source: 04 30 00 1F 3E (Ptr: 0x90c139600)
[DEBUG] compress: Phase 3 Block 0 Dest: 04 30 00 1F 3E
[DEBUG] decompress: Block header parsed. size=1084, compressed=1, last=1, header_size=3
[DEBUG] decompress: calling decompress_block at offset 10
[DEBUG] decompress_literals: input_size=1084, header: 04 30 00 1F 3E
[DEBUG] decompress_literals: type=0
[DEBUG] decompress_block: Calling decompress_sequences, offset=770, size=314
[DEBUG] decompress_sequences: input_size=314, header bytes: 1A FF 0E 02 00
[DEBUG] decompress_sequences: Parsed num_sequences=26, offset=1
[DEBUG] decompress_sequences: fse_modes=0xFF, offset=2
[DEBUG] decompress: decompress_block DONE. decompressed_size=4096
  [INFO] ✓ Identity property holds
  [PASS] Identity Property

[TEST] Various Input Sizes Round-trip
terminate called after throwing an instance of 'std::invalid_argument'
  what():  stoul
